        {
          "_index": "winlogbeat-9.1.2",
          "_id": "Lk7xDJoBUQc08OI1YwLY",
          "_score": null,
          "_ignored": [
            "event.original.keyword",
            "message.keyword",
            "winlog.event_data.param2.keyword"
          ],
          "_source": {
            "tags": [
              "beats_input_codec_plain_applied"
            ],
            "log": {
              "level": "information"
            },
            "event": {
              "created": "2025-10-22T17:22:06.649Z",
              "action": "None",
              "kind": "event",
              "code": "1003",
              "provider": "Microsoft-Windows-Security-SPP"
            },
            "agent": {
              "name": "DESKTOP-48ASLS3",
              "version": "9.1.2",
              "id": "b9ca19fd-2ebb-4d9b-8451-77ab948619b0",
              "ephemeral_id": "ce18a4b4-9459-4943-bda8-1823b9bbb362",
              "type": "winlogbeat"
            },
            "winlog": {
              "provider_name": "Microsoft-Windows-Security-SPP",
              "computer_name": "DESKTOP-48ASLS3",
              "event_id": "1003",
              "keywords": [
                "Classic"
              ],
              "record_id": 6612,
              "channel": "Application",
              "provider_guid": "{E23B33B0-C8C9-472C-A5F9-F2BDFEA0F156}",
              "opcode": "Info",
              "task": "None",
              "event_data": {
                "param2": """
1: 040fa323-92b1-4baf-97a2-5b67feaefddb, 1, 0 [(0 [0xC004F014, 0, 0], [(?)(?)(?)(?)(?)(?)(?)(?)])(1 )(2 )(3 )]
2: 0724cb7d-3437-4cb7-93cb-830375d0079d, 1, 0 [(0 [0xC004F014, 0, 0], [(?)(?)(?)(?)(?)(?)(?)(?)])(1 )(2 )(3 )]
3: 0ad2ac98-7bb9-4201-8d92-312299201369, 1, 0 [(0 [0xC004F014, 0, 0], [(?)(?)(?)(?)(?)(?)(?)(?)])(1 )(2 )(3 )]
4: 1a9a717a-cf13-4ba5-83c3-0fe25fa868d5, 1, 0 [(0 [0xC004F014, 0, 0], [(?)(?)(?)(?)(?)(?)(?)(?)])(1 )(2 )(3 )]
5: 221a02da-e2a1-4b75-864c-0a4410a33fdf, 1, 0 [(0 [0xC004F014, 0, 0], [(?)(?)(?)(?)(?)(?)(?)(?)])(1 )(2 )(3 )]
6: 291ece0e-9c38-40ca-a9e1-32cc7ec19507, 1, 0 [(0 [0xC004F014, 0, 0], [(?)(?)(?)(?)(?)(?)(?)(?)])(1 )(2 )(3 )]
7: 2936d1d2-913a-4542-b54e-ce5a602a2a38, 1, 0 [(0 [0xC004F014, 0, 0], [(?)(?)(?)(?)(?)(?)(?)(?)])(1 )(2 )(3 )]
8: 2c293c26-a45a-4a2a-a350-c69a67097529, 1, 0 [(0 [0xC004F014, 0, 0], [(?)(?)(?)(?)(?)(?)(?)(?)])(1 )(2 )(3 )]
9: 2de67392-b7a7-462a-b1ca-108dd189f588, 1, 0 [(0 [0xC004F014, 0, 0], [(?)(?)(?)(?)(?)(?)(?)(?)])(1 )(2 )(3 )]
10: 2ffd8952-423e-4903-b993-72a1aa44cf82, 1, 0 [(0 [0xC004F014, 0, 0], [(?)(?)(?)(?)(?)(?)(?)(?)])(1 )(2 )(3 )]
11: 30a42c86-b7a0-4a34-8c90-ff177cb2acb7, 1, 0 [(0 [0xC004F014, 0, 0], [(?)(?)(?)(?)(?)(?)(?)(?)])(1 )(2 )(3 )]
12: 345a5db0-d94f-4e3b-a0c0-7c42f7bc3ebf, 1, 0 [(0 [0xC004F014, 0, 0], [(?)(?)(?)(?)(?)(?)(?)(?)])(1 )(2 )(3 )]
13: 3502365a-f88a-4ba4-822a-5769d3073b65, 1, 0 [(0 [0xC004F014, 0, 0], [(?)(?)(?)(?)(?)(?)(?)(?)])(1 )(2 )(3 )]
14: 377333b1-8b5d-48d6-9679-1225c872d37c, 1, 0 [(0 [0xC004F014, 0, 0], [(?)(?)(?)(?)(?)(?)(?)(?)])(1 )(2 )(3 )]
15: 3df374ef-d444-4494-a5a1-4b0d9fd0e203, 1, 0 [(0 [0xC004F014, 0, 0], [(?)(?)(?)(?)(?)(?)(?)(?)])(1 )(2 )(3 )]
16: 3f1afc82-f8ac-4f6c-8005-1d233e606eee, 1, 0 [(0 [0xC004F014, 0, 0], [(?)(?)(?)(?)(?)(?)(?)(?)])(1 )(2 )(3 )]
17: 49cd895b-53b2-4dc4-a5f7-b18aa019ad37, 1, 0 [(0 [0xC004F014, 0, 0], [(?)(?)(?)(?)(?)(?)(?)(?)])(1 )(2 )(3 )]
18: 4de7cb65-cdf1-4de9-8ae8-e3cce27b9f2c, 1, 0 [(0 [0xC004F014, 0, 0], [(?)(?)(?)(?)(?)(?)(?)(?)])(1 )(2 )(3 )]
19: 4f3da0d2-271d-4508-ae81-626b60809a38, 1, 0 [(0 [0xC004F014, 0, 0], [(?)(?)(?)(?)(?)(?)(?)(?)])(1 )(2 )(3 )]
20: 60b3ec1b-9545-4921-821f-311b129dd6f6, 1, 0 [(0 [0xC004F014, 0, 0], [(?)(?)(?)(?)(?)(?)(?)(?)])(1 )(2 )(3 )]
21: 613d217f-7f13-4268-9907-1662339531cd, 1, 0 [(0 [0xC004F014, 0, 0], [(?)(?)(?)(?)(?)(?)(?)(?)])(1 )(2 )(3 )]
22: 62f0c100-9c53-4e02-b886-a3528ddfe7f6, 1, 0 [(0 [0xC004F014, 0, 0], [(?)(?)(?)(?)(?)(?)(?)(?)])(1 )(2 )(3 )]
23: 6365275e-368d-46ca-a0ef-fc0404119333, 1, 0 [(0 [0xC004F014, 0, 0], [(?)(?)(?)(?)(?)(?)(?)(?)])(1 )(2 )(3 )]
24: 721f9237-9341-4453-a661-09e8baa6cca5, 1, 0 [(0 [0xC004F014, 0, 0], [(?)(?)(?)(?)(?)(?)(?)(?)])(1 )(2 )(3 )]
25: 73111121-5638-40f6-bc11-f1d7b0d64300, 1, 0 [(0 [0xC004F014, 0, 0], [(?)(?)(?)(?)(?)(?)(?)(?)])(1 )(2 )(3 )]
26: 7a802526-4c94-4bd1-ba14-835a1aca2120, 1, 0 [(0 [0xC004F014, 0, 0], [(?)(?)(?)(?)(?)(?)(?)(?)])(1 )(2 )(3 )]
27: 7cb546c0-c7d5-44d8-9a5c-69ecdd782b69, 1, 0 [(0 [0xC004F014, 0, 0], [(?)(?)(?)(?)(?)(?)(?)(?)])(1 )(2 )(3 )]
28: 82bbc092-bc50-4e16-8e18-b74fc486aec3, 1, 0 [(0 [0xC004F014, 0, 0], [(?)(?)(?)(?)(?)(?)(?)(?)])(1 )(2 )(3 )]
29: 8ab9bdd1-1f67-4997-82d9-8878520837d9, 1, 0 [(0 [0xC004F014, 0, 0], [(?)(?)(?)(?)(?)(?)(?)(?)])(1 )(2 )(3 )]
30: 8b351c9c-f398-4515-9900-09df49427262, 1, 0 [(0 [0xC004F014, 0, 0], [(?)(?)(?)(?)(?)(?)(?)(?)])(1 )(2 )(3 )]
31: 90da7373-1c51-430b-bf26-c97e9c5cdc31, 1, 0 [(0 [0xC004F014, 0, 0], [(?)(?)(?)(?)(?)(?)(?)(?)])(1 )(2 )(3 )]
32: 95dca82f-385d-4d39-b85b-5c73fa285d6f, 1, 0 [(0 [0xC004F014, 0, 0], [(?)(?)(?)(?)(?)(?)(?)(?)])(1 )(2 )(3 )]
33: a48938aa-62fa-4966-9d44-9f04da3f72f2, 1, 0 [(0 [0xC004F014, 0, 0], [(?)(?)(?)(?)(?)(?)(?)(?)])(1 )(2 )(3 )]
34: b0773a15-df3a-4312-9ad2-83d69648e356, 1, 0 [(0 [0xC004F014, 0, 0], [(?)(?)(?)(?)(?)(?)(?)(?)])(1 )(2 )(3 )]
35: b4bfe195-541e-4e64-ad23-6177f19e395e, 1, 0 [(0 [0xC004F014, 0, 0], [(?)(?)(?)(?)(?)(?)(?)(?)])(1 )(2 )(3 )]
36: b68e61d2-68ca-4757-be45-0cc2f3e68eee, 1, 0 [(0 [0xC004F014, 0, 0], [(?)(?)(?)(?)(?)(?)(?)(?)])(1 )(2 )(3 )]
37: bd3762d7-270d-4760-8fb3-d829ca45278a, 1, 0 [(0 [0xC004F014, 0, 0], [(?)(?)(?)(?)(?)(?)(?)(?)])(1 )(2 )(3 )]
38: c86d5194-4840-4dae-9c1c-0301003a5ab0, 1, 0 [(0 [0xC004F014, 0, 0], [(?)(?)(?)(?)(?)(?)(?)(?)])(1 )(2 )(3 )]
39: d552befb-48cc-4327-8f39-47d2d94f987c, 1, 0 [(0 [0xC004F014, 0, 0], [(?)(?)(?)(?)(?)(?)(?)(?)])(1 )(2 )(3 )]
40: d6eadb3b-5ca8-4a6b-986e-35b550756111, 1, 0 [(0 [0xC004F014, 0, 0], [(?)(?)(?)(?)(?)(?)(?)(?)])(1 )(2 )(3 )]
41: df96023b-dcd9-4be2-afa0-c6c871159ebe, 1, 0 [(0 [0xC004F014, 0, 0], [(?)(?)(?)(?)(?)(?)(?)(?)])(1 )(2 )(3 )]
42: e0c42288-980c-4788-a014-c080d2e1926e, 1, 0 [(0 [0xC004F014, 0, 0], [(?)(?)(?)(?)(?)(?)(?)(?)])(1 )(2 )(3 )]
43: e4db50ea-bda1-4566-b047-0ca50abc6f07, 1, 0 [(0 [0xC004F014, 0, 0], [(?)(?)(?)(?)(?)(?)(?)(?)])(1 )(2 )(3 )]
44: e558417a-5123-4f6f-91e7-385c1c7ca9d4, 1, 1 [(0 )(1 )(2 [0xC004E003, 0, 0], [( 1 0xC004F034)( 1 0xC004F034)(?)(?)(?)(?)(?)(?)])(3 [0x00000000, 0, 0], [( 6 0xC004F009 0 0)( 1 0x00000000)( 6 0xC004F009 0 0)(?)(?)(?)( 10 0x00000000 msft:rm/algorithm/flags/1.0)( 11 0x00000000 0xC004F034)])]
45: e7a950a2-e548-4f10-bf16-02ec848e0643, 1, 0 [(0 [0xC004F014, 0, 0], [(?)(?)(?)(?)(?)(?)(?)(?)])(1 )(2 )(3 )]
46: eb6d346f-1c60-4643-b960-40ec31596c45, 1, 0 [(0 [0xC004F014, 0, 0], [(?)(?)(?)(?)(?)(?)(?)(?)])(1 )(2 )(3 )]
47: ec868e65-fadf-4759-b23e-93fe37f2cc29, 1, 0 [(0 [0xC004F014, 0, 0], [(?)(?)(?)(?)(?)(?)(?)(?)])(1 )(2 )(3 )]
48: ef51e000-2659-4f25-8345-3de70a9cf4c4, 1, 0 [(0 [0xC004F014, 0, 0], [(?)(?)(?)(?)(?)(?)(?)(?)])(1 )(2 )(3 )]
49: f7af7d09-40e4-419c-a49b-eae366689ebd, 1, 0 [(0 [0xC004F014, 0, 0], [(?)(?)(?)(?)(?)(?)(?)(?)])(1 )(2 )(3 )]
50: fa755fe6-6739-40b9-8d84-6d0ea3b6d1ab, 1, 0 [(0 [0xC004F014, 0, 0], [(?)(?)(?)(?)(?)(?)(?)(?)])(1 )(2 )(3 )]
51: fe74f55b-0338-41d6-b267-4a201abe7285, 1, 0 [(0 [0xC004F014, 0, 0], [(?)(?)(?)(?)(?)(?)(?)(?)])(1 )(2 )(3 )]
52: 0427ae42-b454-442d-b69a-d938b6a3bcdc, 1, 0 [(0 [0xC004F014, 0, 0], [(?)(?)(?)(?)(?)(?)(?)(?)])(1 )(2 )(3 )]
53: 0b533b5e-08b6-44f9-b885-c2de291ba456, 1, 0 [(0 [0xC004F014, 0, 0], [(?)(?)(?)(?)(?)(?)(?)(?)])(1 )(2 )(3 )]
54: 0c2ce8ac-7989-4e40-b934-068d8d71dd72, 1, 0 [(0 [0xC004F014, 0, 0], [(?)(?)(?)(?)(?)(?)(?)(?)])(1 )(2 )(3 )]
55: 1043add5-23b1-4afb-9a0f-64343c8f3f8d, 1, 0 [(0 [0xC004F014, 0, 0], [(?)(?)(?)(?)(?)(?)(?)(?)])(1 )(2 )(3 )]
56: 14240489-7c2d-42ee-a167-4913ca4672da, 1, 0 [(0 [0xC004F014, 0, 0], [(?)(?)(?)(?)(?)(?)(?)(?)])(1 )(2 )(3 )]
57: 1d9c9529-17be-48f7-bba5-a16ed636cfcb, 0, 0 [0xC004F055]
58: 2bd41139-19ec-49e9-8271-db6f9fe0052d, 1, 0 [(0 [0xC004F014, 0, 0], [(?)(?)(?)(?)(?)(?)(?)(?)])(1 )(2 )(3 )]
59: 4acda200-3f2b-4b73-9839-f3603f99e7cd, 0, 0 [0xC004F055]
60: 4dac5a0c-5709-4595-a32c-14a56a4a6b31, 0, 0 [0xC004F055]
61: 5f1b1317-625e-4b1c-8d22-4bd93e3ae14e, 1, 0 [(0 [0xC004F014, 0, 0], [(?)(?)(?)(?)(?)(?)(?)(?)])(1 )(2 )(3 )]
62: 75863c7d-946f-4ff2-a07c-5551dedd1e15, 1, 0 [(0 [0xC004F014, 0, 0], [(?)(?)(?)(?)(?)(?)(?)(?)])(1 )(2 )(3 )]
63: 7b76ee02-0a75-4f08-85d5-bd0feadad0c0, 0, 0 [0xC004F055]
64: 83d49986-add3-41d7-ba33-87c7bfb5c0fb, 1, 0 [(0 [0xC004F014, 0, 0], [(?)(?)(?)(?)(?)(?)(?)(?)])(1 )(2 )(3 )]
65: 84b9b0fc-b69d-42a6-a21d-9e0ce4125f7e, 0, 0 [0xC004F055]
66: 8fe12eb1-a7ab-4410-83fb-9f6dbcb4a574, 0, 0 [0xC004F055]
67: 909aa75d-43ee-413c-9030-c62e43287cf8, 0, 0 [0xC004F055]
68: a6da5617-cb89-4acb-beb5-ccdbb871c922, 1, 0 [(0 [0xC004F014, 0, 0], [(?)(?)(?)(?)(?)(?)(?)(?)])(1 )(2 )(3 )]
69: a9fa3c71-7f63-4ea0-94be-1de2eab0a4d1, 0, 0 [0xC004F055]
70: b705d67e-527a-4f11-b904-7be441066a22, 1, 0 [(0 [0xC004F014, 0, 0], [(?)(?)(?)(?)(?)(?)(?)(?)])(1 )(2 )(3 )]
71: b8527af1-5389-447c-9a88-2d1691ea33d3, 0, 0 [0xC004F055]
72: e5fbdd17-c03d-4bed-9567-c60dee82f47e, 0, 0 [0xC004F055]
73: ed6568de-daeb-4b01-9c4a-5f89018125d8, 0, 0 [0xC004F055]
74: f520e45e-7413-4a34-a497-d2765967d094, 1, 0 [(0 [0xC004F014, 0, 0], [(?)(?)(?)(?)(?)(?)(?)(?)])(1 )(2 )(3 )]
75: f69e2d51-3bbd-4ddf-8da7-a145e9dca597, 0, 0 [0xC004F055]""",
                "param1": "55c92734-d682-4d71-983e-d6ec3f16059f"
              }
            },
            "@version": "1",
            "host": {
              "hostname": "DESKTOP-48ASLS3",
              "ip": [
                "fe80::7885:d3a2:905b:4597",
                "192.168.89.133"
              ],
              "name": "desktop-48asls3",
              "id": "681a4ddb-9712-4c88-b038-3cfc4aa5a83b",
              "mac": [
                "00-0C-29-DE-2F-B8"
              ],
              "architecture": "x86_64",
              "os": {
                "platform": "windows",
                "build": "19045.6456",
                "family": "windows",
                "version": "10.0",
                "name": "Windows 10 Education",
                "type": "windows",
                "kernel": "10.0.19041.6456 (WinBuild.160101.0800)"
              }
            },
            "@timestamp": "2025-10-22T17:22:04.135Z",
            "ecs": {
              "version": "8.0.0"
            }
          },
          "sort": [
            "2025-10-22T17:22:04.135Z",
            399
          ]
        },
        {
          "_index": "winlogbeat-9.1.2",
          "_id": "4E7xDJoBUQc08OI1YwHS",
          "_score": null,
          "_ignored": [
            "event.original.keyword",
            "message.keyword"
          ],
          "_source": {
            "tags": [
              "beats_input_codec_plain_applied"
            ],
            "winlog": {
              "user": {
                "name": "NETWORK SERVICE",
                "domain": "NT AUTHORITY",
                "type": "Well Known Group",
                "identifier": "S-1-5-20"
              },
              "event_id": "10016",
              "process": {
                "thread": {
                  "id": 1156
                },
                "pid": 944
              },
              "opcode": "Info",
              "task": "None",
              "provider_name": "Microsoft-Windows-DistributedCOM",
              "computer_name": "DESKTOP-48ASLS3",
              "keywords": [
                "Classic"
              ],
              "channel": "System",
              "record_id": 7581,
              "activity_id": "{97A15822-5A5C-49E9-82B5-3297713C8A3A}",
              "provider_guid": "{1B562E86-B7AA-4131-BADC-B6F3A001407E}",
              "event_data": {
                "param4": "{F87B28F1-DA9A-4F35-8EC0-800EFCF26B83}",
                "param3": "Activation",
                "param7": "NETWORK SERVICE",
                "param2": "Local",
                "param5": "{0868DC9B-D9A2-4F64-9362-133CEA201299}",
                "param9": "LocalHost (Using LRPC)",
                "param11": "Unavailable",
                "param1": "machine-default",
                "param6": "NT AUTHORITY",
                "param10": "Unavailable",
                "param8": "S-1-5-20"
              }
            },
            "event": {
              "action": "None",
              "created": "2025-10-22T17:22:06.650Z",
              "kind": "event",
              "code": "10016",
              "provider": "Microsoft-Windows-DistributedCOM"
            },
            "log": {
              "level": "warning"
            },
            "agent": {
              "name": "DESKTOP-48ASLS3",
              "version": "9.1.2",
              "id": "b9ca19fd-2ebb-4d9b-8451-77ab948619b0",
              "type": "winlogbeat",
              "ephemeral_id": "ce18a4b4-9459-4943-bda8-1823b9bbb362"
            },
            "@version": "1",
            "host": {
              "hostname": "DESKTOP-48ASLS3",
              "ip": [
                "fe80::7885:d3a2:905b:4597",
                "192.168.89.133"
              ],
              "name": "desktop-48asls3",
              "mac": [
                "00-0C-29-DE-2F-B8"
              ],
              "architecture": "x86_64",
              "id": "681a4ddb-9712-4c88-b038-3cfc4aa5a83b",
              "os": {
                "build": "19045.6456",
                "platform": "windows",
                "family": "windows",
                "version": "10.0",
                "name": "Windows 10 Education",
                "type": "windows",
                "kernel": "10.0.19041.6456 (WinBuild.160101.0800)"
              }
            },
            "@timestamp": "2025-10-22T17:22:03.857Z",
            "ecs": {
              "version": "8.0.0"
            }
          },
          "sort": [
            "2025-10-22T17:22:03.857Z",
            442
          ]
        },
        {
          "_index": "winlogbeat-9.1.2",
          "_id": "DE7xDJoBUQc08OI1ZAMt",
          "_score": null,
          "_ignored": [
            "event.original.keyword",
            "message.keyword"
          ],
          "_source": {
            "tags": [
              "beats_input_codec_plain_applied"
            ],
            "winlog": {
              "event_id": "4688",
              "process": {
                "thread": {
                  "id": 116
                },
                "pid": 4
              },
              "opcode": "Info",
              "task": "Process Creation",
              "provider_name": "Microsoft-Windows-Security-Auditing",
              "computer_name": "DESKTOP-48ASLS3",
              "keywords": [
                "Audit Success"
              ],
              "provider_guid": "{54849625-5478-4994-A5BA-3E3B0328C30D}",
              "version": 2,
              "record_id": 77583,
              "channel": "Security",
              "event_data": {
                "TargetDomainName": "-",
                "TokenElevationType": "TokenElevationTypeDefault (1)",
                "ParentProcessName": """C:\Windows\System32\SppExtComObj.Exe""",
                "SubjectDomainName": "WORKGROUP",
                "NewProcessName": """C:\Windows\System32\slui.exe""",
                "TargetLogonId": "0x0",
                "TargetUserSid": "S-1-0-0",
                "TargetUserName": "-",
                "SubjectUserSid": "S-1-5-20",
                "ProcessId": "0x1918",
                "SubjectUserName": "DESKTOP-48ASLS3$",
                "MandatoryLabel": "S-1-16-16384",
                "SubjectLogonId": "0x3e4",
                "NewProcessId": "0x1938"
              }
            },
            "event": {
              "created": "2025-10-22T17:22:06.656Z",
              "action": "Process Creation",
              "kind": "event",
              "code": "4688",
              "outcome": "success",
              "provider": "Microsoft-Windows-Security-Auditing"
            },
            "agent": {
              "version": "9.1.2",
              "name": "DESKTOP-48ASLS3",
              "id": "b9ca19fd-2ebb-4d9b-8451-77ab948619b0",
              "ephemeral_id": "ce18a4b4-9459-4943-bda8-1823b9bbb362",
              "type": "winlogbeat"
            },
            "log": {
              "level": "information"
            },
            "@version": "1",
            "host": {
              "hostname": "DESKTOP-48ASLS3",
              "ip": [
                "fe80::7885:d3a2:905b:4597",
                "192.168.89.133"
              ],
              "name": "desktop-48asls3",
              "mac": [
                "00-0C-29-DE-2F-B8"
              ],
              "architecture": "x86_64",
              "id": "681a4ddb-9712-4c88-b038-3cfc4aa5a83b",
              "os": {
                "build": "19045.6456",
                "platform": "windows",
                "family": "windows",
                "version": "10.0",
                "name": "Windows 10 Education",
                "type": "windows",
                "kernel": "10.0.19041.6456 (WinBuild.160101.0800)"
              }
            },
            "@timestamp": "2025-10-22T17:22:03.836Z",
            "ecs": {
              "version": "8.0.0"
            }
          },
          "sort": [
            "2025-10-22T17:22:03.836Z",
            339
          ]
        },
        {
          "_index": "winlogbeat-9.1.2",
          "_id": "C07xDJoBUQc08OI1ZAMt",
          "_score": null,
          "_ignored": [
            "event.original.keyword",
            "message.keyword"
          ],
          "_source": {
            "tags": [
              "beats_input_codec_plain_applied"
            ],
            "log": {
              "level": "information"
            },
            "event": {
              "action": "Process Creation",
              "created": "2025-10-22T17:22:06.656Z",
              "kind": "event",
              "code": "4688",
              "outcome": "success",
              "provider": "Microsoft-Windows-Security-Auditing"
            },
            "agent": {
              "version": "9.1.2",
              "name": "DESKTOP-48ASLS3",
              "id": "b9ca19fd-2ebb-4d9b-8451-77ab948619b0",
              "ephemeral_id": "ce18a4b4-9459-4943-bda8-1823b9bbb362",
              "type": "winlogbeat"
            },
            "winlog": {
              "event_id": "4688",
              "process": {
                "thread": {
                  "id": 116
                },
                "pid": 4
              },
              "opcode": "Info",
              "task": "Process Creation",
              "provider_name": "Microsoft-Windows-Security-Auditing",
              "computer_name": "DESKTOP-48ASLS3",
              "keywords": [
                "Audit Success"
              ],
              "provider_guid": "{54849625-5478-4994-A5BA-3E3B0328C30D}",
              "version": 2,
              "record_id": 77582,
              "channel": "Security",
              "event_data": {
                "TargetDomainName": "WORKGROUP",
                "TokenElevationType": "TokenElevationTypeDefault (1)",
                "ParentProcessName": """C:\Windows\System32\svchost.exe""",
                "SubjectDomainName": "WORKGROUP",
                "NewProcessName": """C:\Windows\System32\SppExtComObj.Exe""",
                "TargetLogonId": "0x3e4",
                "TargetUserSid": "S-1-0-0",
                "TargetUserName": "DESKTOP-48ASLS3$",
                "SubjectUserSid": "S-1-5-18",
                "ProcessId": "0x330",
                "SubjectUserName": "DESKTOP-48ASLS3$",
                "MandatoryLabel": "S-1-16-16384",
                "SubjectLogonId": "0x3e7",
                "NewProcessId": "0x1918"
              }
            },
            "@version": "1",
            "host": {
              "hostname": "DESKTOP-48ASLS3",
              "ip": [
                "fe80::7885:d3a2:905b:4597",
                "192.168.89.133"
              ],
              "name": "desktop-48asls3",
              "mac": [
                "00-0C-29-DE-2F-B8"
              ],
              "architecture": "x86_64",
              "id": "681a4ddb-9712-4c88-b038-3cfc4aa5a83b",
              "os": {
                "build": "19045.6456",
                "platform": "windows",
                "family": "windows",
                "version": "10.0",
                "name": "Windows 10 Education",
                "type": "windows",
                "kernel": "10.0.19041.6456 (WinBuild.160101.0800)"
              }
            },
            "@timestamp": "2025-10-22T17:22:03.814Z",
            "ecs": {
              "version": "8.0.0"
            }
          },
          "sort": [
            "2025-10-22T17:22:03.814Z",
            338
          ]
        },
        {
          "_index": "winlogbeat-9.1.2",
          "_id": "307xDJoBUQc08OI1YwHS",
          "_score": null,
          "_source": {
            "tags": [
              "beats_input_codec_plain_applied"
            ],
            "log": {
              "level": "information"
            },
            "event": {
              "created": "2025-10-22T17:22:06.650Z",
              "action": "None",
              "kind": "event",
              "code": "7026",
              "provider": "Service Control Manager"
            },
            "agent": {
              "name": "DESKTOP-48ASLS3",
              "version": "9.1.2",
              "id": "b9ca19fd-2ebb-4d9b-8451-77ab948619b0",
              "type": "winlogbeat",
              "ephemeral_id": "ce18a4b4-9459-4943-bda8-1823b9bbb362"
            },
            "winlog": {
              "event_id": "7026",
              "process": {
                "thread": {
                  "id": 620
                },
                "pid": 616
              },
              "opcode": "Info",
              "task": "None",
              "provider_name": "Service Control Manager",
              "computer_name": "DESKTOP-48ASLS3",
              "provider_guid": "{555908D1-A6D7-4695-8E1E-26931D2012F4}",
              "keywords": [
                "Classic"
              ],
              "record_id": 7580,
              "channel": "System",
              "event_data": {
                "param1": """
dam"""
              }
            },
            "@version": "1",
            "host": {
              "hostname": "DESKTOP-48ASLS3",
              "ip": [
                "fe80::7885:d3a2:905b:4597",
                "192.168.89.133"
              ],
              "name": "desktop-48asls3",
              "id": "681a4ddb-9712-4c88-b038-3cfc4aa5a83b",
              "architecture": "x86_64",
              "mac": [
                "00-0C-29-DE-2F-B8"
              ],
              "os": {
                "platform": "windows",
                "build": "19045.6456",
                "family": "windows",
                "version": "10.0",
                "name": "Windows 10 Education",
                "type": "windows",
                "kernel": "10.0.19041.6456 (WinBuild.160101.0800)"
              }
            },
            "@timestamp": "2025-10-22T17:22:03.724Z",
            "ecs": {
              "version": "8.0.0"
            }
          },
          "sort": [
            "2025-10-22T17:22:03.724Z",
            441
          ]
        },
        {
          "_index": "winlogbeat-9.1.2",
          "_id": "LU7xDJoBUQc08OI1YwLY",
          "_score": null,
          "_source": {
            "tags": [
              "beats_input_codec_plain_applied"
            ],
            "log": {
              "level": "information"
            },
            "event": {
              "action": "None",
              "created": "2025-10-22T17:22:06.649Z",
              "kind": "event",
              "code": "902",
              "provider": "Microsoft-Windows-Security-SPP"
            },
            "agent": {
              "name": "DESKTOP-48ASLS3",
              "version": "9.1.2",
              "id": "b9ca19fd-2ebb-4d9b-8451-77ab948619b0",
              "type": "winlogbeat",
              "ephemeral_id": "ce18a4b4-9459-4943-bda8-1823b9bbb362"
            },
            "winlog": {
              "provider_name": "Microsoft-Windows-Security-SPP",
              "computer_name": "DESKTOP-48ASLS3",
              "provider_guid": "{E23B33B0-C8C9-472C-A5F9-F2BDFEA0F156}",
              "channel": "Application",
              "keywords": [
                "Classic"
              ],
              "event_id": "902",
              "record_id": 6611,
              "opcode": "Info",
              "event_data": {
                "param1": "10.0.19041.6456"
              },
              "task": "None"
            },
            "@version": "1",
            "host": {
              "hostname": "DESKTOP-48ASLS3",
              "ip": [
                "fe80::7885:d3a2:905b:4597",
                "192.168.89.133"
              ],
              "name": "desktop-48asls3",
              "id": "681a4ddb-9712-4c88-b038-3cfc4aa5a83b",
              "mac": [
                "00-0C-29-DE-2F-B8"
              ],
              "architecture": "x86_64",
              "os": {
                "build": "19045.6456",
                "platform": "windows",
                "family": "windows",
                "version": "10.0",
                "name": "Windows 10 Education",
                "type": "windows",
                "kernel": "10.0.19041.6456 (WinBuild.160101.0800)"
              }
            },
            "@timestamp": "2025-10-22T17:22:03.627Z",
            "ecs": {
              "version": "8.0.0"
            }
          },
          "sort": [
            "2025-10-22T17:22:03.627Z",
            398
          ]
        },
        {
          "_index": "winlogbeat-9.1.2",
          "_id": "Ck7xDJoBUQc08OI1ZAMt",
          "_score": null,
          "_ignored": [
            "event.original.keyword",
            "message.keyword"
          ],
          "_source": {
            "tags": [
              "beats_input_codec_plain_applied"
            ],
            "winlog": {
              "event_id": "4688",
              "process": {
                "thread": {
                  "id": 116
                },
                "pid": 4
              },
              "opcode": "Info",
              "task": "Process Creation",
              "provider_name": "Microsoft-Windows-Security-Auditing",
              "computer_name": "DESKTOP-48ASLS3",
              "provider_guid": "{54849625-5478-4994-A5BA-3E3B0328C30D}",
              "channel": "Security",
              "record_id": 77581,
              "version": 2,
              "keywords": [
                "Audit Success"
              ],
              "event_data": {
                "TargetDomainName": "-",
                "TokenElevationType": "TokenElevationTypeDefault (1)",
                "ParentProcessName": """C:\Windows\System32\services.exe""",
                "SubjectDomainName": "WORKGROUP",
                "NewProcessName": """C:\Windows\System32\svchost.exe""",
                "TargetLogonId": "0x0",
                "TargetUserSid": "S-1-0-0",
                "TargetUserName": "-",
                "SubjectUserSid": "S-1-5-18",
                "ProcessId": "0x268",
                "MandatoryLabel": "S-1-16-16384",
                "SubjectUserName": "DESKTOP-48ASLS3$",
                "NewProcessId": "0x1888",
                "SubjectLogonId": "0x3e7"
              }
            },
            "event": {
              "created": "2025-10-22T17:22:06.656Z",
              "action": "Process Creation",
              "kind": "event",
              "code": "4688",
              "outcome": "success",
              "provider": "Microsoft-Windows-Security-Auditing"
            },
            "agent": {
              "name": "DESKTOP-48ASLS3",
              "version": "9.1.2",
              "id": "b9ca19fd-2ebb-4d9b-8451-77ab948619b0",
              "ephemeral_id": "ce18a4b4-9459-4943-bda8-1823b9bbb362",
              "type": "winlogbeat"
            },
            "log": {
              "level": "information"
            },
            "@version": "1",
            "host": {
              "hostname": "DESKTOP-48ASLS3",
              "ip": [
                "fe80::7885:d3a2:905b:4597",
                "192.168.89.133"
              ],
              "name": "desktop-48asls3",
              "id": "681a4ddb-9712-4c88-b038-3cfc4aa5a83b",
              "mac": [
                "00-0C-29-DE-2F-B8"
              ],
              "architecture": "x86_64",
              "os": {
                "build": "19045.6456",
                "platform": "windows",
                "family": "windows",
                "version": "10.0",
                "name": "Windows 10 Education",
                "type": "windows",
                "kernel": "10.0.19041.6456 (WinBuild.160101.0800)"
              }
            },
            "@timestamp": "2025-10-22T17:22:03.576Z",
            "ecs": {
              "version": "8.0.0"
            }
          },
          "sort": [
            "2025-10-22T17:22:03.576Z",
            337
          ]
        },
        {
          "_index": "winlogbeat-9.1.2",
          "_id": "CU7xDJoBUQc08OI1ZAMt",
          "_score": null,
          "_ignored": [
            "event.original.keyword",
            "message.keyword",
            "winlog.event_data.PrivilegeList.keyword"
          ],
          "_source": {
            "tags": [
              "beats_input_codec_plain_applied"
            ],
            "log": {
              "level": "information"
            },
            "event": {
              "action": "Special Logon",
              "created": "2025-10-22T17:22:06.656Z",
              "kind": "event",
              "code": "4672",
              "outcome": "success",
              "provider": "Microsoft-Windows-Security-Auditing"
            },
            "agent": {
              "name": "DESKTOP-48ASLS3",
              "version": "9.1.2",
              "id": "b9ca19fd-2ebb-4d9b-8451-77ab948619b0",
              "ephemeral_id": "ce18a4b4-9459-4943-bda8-1823b9bbb362",
              "type": "winlogbeat"
            },
            "winlog": {
              "event_id": "4672",
              "process": {
                "thread": {
                  "id": 812
                },
                "pid": 640
              },
              "opcode": "Info",
              "task": "Special Logon",
              "provider_name": "Microsoft-Windows-Security-Auditing",
              "computer_name": "DESKTOP-48ASLS3",
              "provider_guid": "{54849625-5478-4994-A5BA-3E3B0328C30D}",
              "channel": "Security",
              "record_id": 77580,
              "activity_id": "{5C6CA50B-4378-0003-9BA5-6C5C7843DC01}",
              "keywords": [
                "Audit Success"
              ],
              "event_data": {
                "SubjectUserSid": "S-1-5-18",
                "PrivilegeList": """SeAssignPrimaryTokenPrivilege
			SeTcbPrivilege
			SeSecurityPrivilege
			SeTakeOwnershipPrivilege
			SeLoadDriverPrivilege
			SeBackupPrivilege
			SeRestorePrivilege
			SeDebugPrivilege
			SeAuditPrivilege
			SeSystemEnvironmentPrivilege
			SeImpersonatePrivilege
			SeDelegateSessionUserImpersonatePrivilege""",
                "SubjectUserName": "SYSTEM",
                "SubjectDomainName": "NT AUTHORITY",
                "SubjectLogonId": "0x3e7"
              }
            },
            "@version": "1",
            "host": {
              "hostname": "DESKTOP-48ASLS3",
              "ip": [
                "fe80::7885:d3a2:905b:4597",
                "192.168.89.133"
              ],
              "name": "desktop-48asls3",
              "id": "681a4ddb-9712-4c88-b038-3cfc4aa5a83b",
              "mac": [
                "00-0C-29-DE-2F-B8"
              ],
              "architecture": "x86_64",
              "os": {
                "platform": "windows",
                "build": "19045.6456",
                "family": "windows",
                "version": "10.0",
                "name": "Windows 10 Education",
                "type": "windows",
                "kernel": "10.0.19041.6456 (WinBuild.160101.0800)"
              }
            },
            "@timestamp": "2025-10-22T17:22:03.576Z",
            "ecs": {
              "version": "8.0.0"
            }
          },
          "sort": [
            "2025-10-22T17:22:03.576Z",
            336
          ]
        },
        {
          "_index": "winlogbeat-9.1.2",
          "_id": "CE7xDJoBUQc08OI1ZAMt",
          "_score": null,
          "_ignored": [
            "event.original.keyword",
            "message.keyword"
          ],
          "_source": {
            "tags": [
              "beats_input_codec_plain_applied"
            ],
            "winlog": {
              "event_id": "4624",
              "process": {
                "thread": {
                  "id": 812
                },
                "pid": 640
              },
              "opcode": "Info",
              "task": "Logon",
              "provider_name": "Microsoft-Windows-Security-Auditing",
              "computer_name": "DESKTOP-48ASLS3",
              "provider_guid": "{54849625-5478-4994-A5BA-3E3B0328C30D}",
              "channel": "Security",
              "record_id": 77579,
              "version": 2,
              "keywords": [
                "Audit Success"
              ],
              "activity_id": "{5C6CA50B-4378-0003-9BA5-6C5C7843DC01}",
              "event_data": {
                "LogonType": "5",
                "RestrictedAdminMode": "-",
                "VirtualAccount": "No",
                "TransmittedServices": "-",
                "TargetOutboundUserName": "-",
                "TargetLogonId": "0x3e7",
                "KeyLength": "0",
                "WorkstationName": "-",
                "TargetLinkedLogonId": "0x0",
                "LmPackageName": "-",
                "IpAddress": "-",
                "IpPort": "-",
                "TargetUserSid": "S-1-5-18",
                "TargetUserName": "SYSTEM",
                "LogonProcessName": "Advapi  ",
                "SubjectUserName": "DESKTOP-48ASLS3$",
                "SubjectLogonId": "0x3e7",
                "TargetDomainName": "NT AUTHORITY",
                "ElevatedToken": "Yes",
                "SubjectDomainName": "WORKGROUP",
                "ProcessName": """C:\Windows\System32\services.exe""",
                "LogonGuid": "{00000000-0000-0000-0000-000000000000}",
                "TargetOutboundDomainName": "-",
                "SubjectUserSid": "S-1-5-18",
                "ProcessId": "0x268",
                "ImpersonationLevel": "Impersonation",
                "AuthenticationPackageName": "Negotiate"
              }
            },
            "event": {
              "created": "2025-10-22T17:22:06.656Z",
              "provider": "Microsoft-Windows-Security-Auditing",
              "kind": "event",
              "code": "4624",
              "outcome": "success",
              "action": "Logon"
            },
            "agent": {
              "name": "DESKTOP-48ASLS3",
              "version": "9.1.2",
              "id": "b9ca19fd-2ebb-4d9b-8451-77ab948619b0",
              "type": "winlogbeat",
              "ephemeral_id": "ce18a4b4-9459-4943-bda8-1823b9bbb362"
            },
            "log": {
              "level": "information"
            },
            "@version": "1",
            "host": {
              "hostname": "DESKTOP-48ASLS3",
              "ip": [
                "fe80::7885:d3a2:905b:4597",
                "192.168.89.133"
              ],
              "name": "desktop-48asls3",
              "id": "681a4ddb-9712-4c88-b038-3cfc4aa5a83b",
              "architecture": "x86_64",
              "mac": [
                "00-0C-29-DE-2F-B8"
              ],
              "os": {
                "build": "19045.6456",
                "platform": "windows",
                "family": "windows",
                "version": "10.0",
                "name": "Windows 10 Education",
                "type": "windows",
                "kernel": "10.0.19041.6456 (WinBuild.160101.0800)"
              }
            },
            "@timestamp": "2025-10-22T17:22:03.576Z",
            "ecs": {
              "version": "8.0.0"
            }
          },
          "sort": [
            "2025-10-22T17:22:03.576Z",
            335
          ]
        },
        {
          "_index": "winlogbeat-9.1.2",
          "_id": "B07xDJoBUQc08OI1ZAMt",
          "_score": null,
          "_ignored": [
            "event.original.keyword",
            "message.keyword"
          ],
          "_source": {
            "tags": [
              "beats_input_codec_plain_applied"
            ],
            "log": {
              "level": "information"
            },
            "event": {
              "action": "Process Termination",
              "created": "2025-10-22T17:22:06.656Z",
              "kind": "event",
              "code": "4689",
              "outcome": "success",
              "provider": "Microsoft-Windows-Security-Auditing"
            },
            "agent": {
              "version": "9.1.2",
              "name": "DESKTOP-48ASLS3",
              "id": "b9ca19fd-2ebb-4d9b-8451-77ab948619b0",
              "ephemeral_id": "ce18a4b4-9459-4943-bda8-1823b9bbb362",
              "type": "winlogbeat"
            },
            "winlog": {
              "event_id": "4689",
              "process": {
                "thread": {
                  "id": 116
                },
                "pid": 4
              },
              "opcode": "Info",
              "task": "Process Termination",
              "provider_name": "Microsoft-Windows-Security-Auditing",
              "computer_name": "DESKTOP-48ASLS3",
              "keywords": [
                "Audit Success"
              ],
              "channel": "Security",
              "record_id": 77578,
              "provider_guid": "{54849625-5478-4994-A5BA-3E3B0328C30D}",
              "event_data": {
                "ProcessId": "0x16f0",
                "SubjectUserSid": "S-1-5-21-2565546577-2149564376-132263907-1000",
                "SubjectDomainName": "DESKTOP-48ASLS3",
                "Status": "0x0",
                "ProcessName": """C:\Windows\System32\taskhostw.exe""",
                "SubjectUserName": "konoha",
                "SubjectLogonId": "0x28eb1"
              }
            },
            "@version": "1",
            "host": {
              "hostname": "DESKTOP-48ASLS3",
              "ip": [
                "fe80::7885:d3a2:905b:4597",
                "192.168.89.133"
              ],
              "name": "desktop-48asls3",
              "mac": [
                "00-0C-29-DE-2F-B8"
              ],
              "architecture": "x86_64",
              "id": "681a4ddb-9712-4c88-b038-3cfc4aa5a83b",
              "os": {
                "platform": "windows",
                "build": "19045.6456",
                "family": "windows",
                "version": "10.0",
                "name": "Windows 10 Education",
                "type": "windows",
                "kernel": "10.0.19041.6456 (WinBuild.160101.0800)"
              }
            },
            "@timestamp": "2025-10-22T17:22:03.549Z",
            "ecs": {
              "version": "8.0.0"
            }
          },
          "sort": [
            "2025-10-22T17:22:03.549Z",
            334
          ]
        },
