        {
          "_index": "winlogbeat-9.1.2",
          "_id": "gU7xDJoBUQc08OI1YwLZ",
          "_score": null,
          "_ignored": [
            "event.original.keyword",
            "message.keyword"
          ],
          "_source": {
            "tags": [
              "beats_input_codec_plain_applied"
            ],
            "winlog": {
              "event_id": "4624",
              "process": {
                "thread": {
                  "id": 752
                },
                "pid": 640
              },
              "opcode": "Info",
              "task": "Logon",
              "provider_name": "Microsoft-Windows-Security-Auditing",
              "computer_name": "DESKTOP-48ASLS3",
              "provider_guid": "{54849625-5478-4994-A5BA-3E3B0328C30D}",
              "channel": "Security",
              "record_id": 77435,
              "activity_id": "{5C6CA50B-4378-0003-9BA5-6C5C7843DC01}",
              "keywords": [
                "Audit Success"
              ],
              "version": 2,
              "event_data": {
                "LogonType": "5",
                "RestrictedAdminMode": "-",
                "TargetOutboundUserName": "-",
                "TransmittedServices": "-",
                "TargetLogonId": "0x3e7",
                "WorkstationName": "-",
                "KeyLength": "0",
                "VirtualAccount": "No",
                "TargetLinkedLogonId": "0x0",
                "TargetUserSid": "S-1-5-18",
                "IpAddress": "-",
                "IpPort": "-",
                "LmPackageName": "-",
                "TargetUserName": "SYSTEM",
                "LogonProcessName": "Advapi  ",
                "SubjectUserName": "DESKTOP-48ASLS3$",
                "SubjectLogonId": "0x3e7",
                "ElevatedToken": "Yes",
                "TargetDomainName": "NT AUTHORITY",
                "SubjectDomainName": "WORKGROUP",
                "ProcessName": """C:\Windows\System32\services.exe""",
                "LogonGuid": "{00000000-0000-0000-0000-000000000000}",
                "TargetOutboundDomainName": "-",
                "ProcessId": "0x268",
                "SubjectUserSid": "S-1-5-18",
                "ImpersonationLevel": "Impersonation",
                "AuthenticationPackageName": "Negotiate"
              }
            },
            "event": {
              "action": "Logon",
              "created": "2025-10-22T17:22:06.653Z",
              "kind": "event",
              "code": "4624",
              "outcome": "success",
              "provider": "Microsoft-Windows-Security-Auditing"
            },
            "agent": {
              "name": "DESKTOP-48ASLS3",
              "version": "9.1.2",
              "id": "b9ca19fd-2ebb-4d9b-8451-77ab948619b0",
              "type": "winlogbeat",
              "ephemeral_id": "ce18a4b4-9459-4943-bda8-1823b9bbb362"
            },
            "log": {
              "level": "information"
            },
            "@version": "1",
            "host": {
              "hostname": "DESKTOP-48ASLS3",
              "ip": [
                "fe80::7885:d3a2:905b:4597",
                "192.168.89.133"
              ],
              "name": "desktop-48asls3",
              "id": "681a4ddb-9712-4c88-b038-3cfc4aa5a83b",
              "architecture": "x86_64",
              "mac": [
                "00-0C-29-DE-2F-B8"
              ],
              "os": {
                "platform": "windows",
                "build": "19045.6456",
                "family": "windows",
                "version": "10.0",
                "name": "Windows 10 Education",
                "type": "windows",
                "kernel": "10.0.19041.6456 (WinBuild.160101.0800)"
              }
            },
            "@timestamp": "2025-10-22T17:22:00.485Z",
            "ecs": {
              "version": "8.0.0"
            }
          },
          "sort": [
            "2025-10-22T17:22:00.485Z",
            508
          ]
        },
        {
          "_index": "winlogbeat-9.1.2",
          "_id": "FU7xDJoBUQc08OI1YwLS",
          "_score": null,
          "_ignored": [
            "event.original.keyword",
            "message.keyword"
          ],
          "_source": {
            "tags": [
              "beats_input_codec_plain_applied"
            ],
            "winlog": {
              "event_id": "4688",
              "process": {
                "thread": {
                  "id": 32
                },
                "pid": 4
              },
              "opcode": "Info",
              "task": "Process Creation",
              "provider_name": "Microsoft-Windows-Security-Auditing",
              "computer_name": "DESKTOP-48ASLS3",
              "provider_guid": "{54849625-5478-4994-A5BA-3E3B0328C30D}",
              "channel": "Security",
              "version": 2,
              "keywords": [
                "Audit Success"
              ],
              "record_id": 77434,
              "event_data": {
                "TargetDomainName": "-",
                "TokenElevationType": "TokenElevationTypeDefault (1)",
                "ParentProcessName": """C:\Windows\System32\services.exe""",
                "SubjectDomainName": "WORKGROUP",
                "NewProcessName": """C:\Windows\System32\svchost.exe""",
                "TargetLogonId": "0x0",
                "TargetUserSid": "S-1-0-0",
                "TargetUserName": "-",
                "SubjectUserSid": "S-1-5-18",
                "ProcessId": "0x268",
                "SubjectUserName": "DESKTOP-48ASLS3$",
                "MandatoryLabel": "S-1-16-16384",
                "SubjectLogonId": "0x3e7",
                "NewProcessId": "0x61c"
              }
            },
            "event": {
              "action": "Process Creation",
              "created": "2025-10-22T17:22:06.653Z",
              "kind": "event",
              "code": "4688",
              "outcome": "success",
              "provider": "Microsoft-Windows-Security-Auditing"
            },
            "agent": {
              "name": "DESKTOP-48ASLS3",
              "version": "9.1.2",
              "id": "b9ca19fd-2ebb-4d9b-8451-77ab948619b0",
              "type": "winlogbeat",
              "ephemeral_id": "ce18a4b4-9459-4943-bda8-1823b9bbb362"
            },
            "log": {
              "level": "information"
            },
            "@version": "1",
            "host": {
              "hostname": "DESKTOP-48ASLS3",
              "ip": [
                "fe80::7885:d3a2:905b:4597",
                "192.168.89.133"
              ],
              "name": "desktop-48asls3",
              "mac": [
                "00-0C-29-DE-2F-B8"
              ],
              "architecture": "x86_64",
              "id": "681a4ddb-9712-4c88-b038-3cfc4aa5a83b",
              "os": {
                "build": "19045.6456",
                "platform": "windows",
                "family": "windows",
                "version": "10.0",
                "name": "Windows 10 Education",
                "type": "windows",
                "kernel": "10.0.19041.6456 (WinBuild.160101.0800)"
              }
            },
            "@timestamp": "2025-10-22T17:22:00.482Z",
            "ecs": {
              "version": "8.0.0"
            }
          },
          "sort": [
            "2025-10-22T17:22:00.482Z",
            606
          ]
        },
        {
          "_index": "winlogbeat-9.1.2",
          "_id": "gE7xDJoBUQc08OI1YwLZ",
          "_score": null,
          "_ignored": [
            "event.original.keyword",
            "message.keyword",
            "winlog.event_data.PrivilegeList.keyword"
          ],
          "_source": {
            "tags": [
              "beats_input_codec_plain_applied"
            ],
            "winlog": {
              "event_id": "4672",
              "process": {
                "thread": {
                  "id": 752
                },
                "pid": 640
              },
              "opcode": "Info",
              "task": "Special Logon",
              "provider_name": "Microsoft-Windows-Security-Auditing",
              "computer_name": "DESKTOP-48ASLS3",
              "keywords": [
                "Audit Success"
              ],
              "channel": "Security",
              "provider_guid": "{54849625-5478-4994-A5BA-3E3B0328C30D}",
              "record_id": 77433,
              "activity_id": "{5C6CA50B-4378-0003-9BA5-6C5C7843DC01}",
              "event_data": {
                "SubjectUserSid": "S-1-5-18",
                "PrivilegeList": """SeAssignPrimaryTokenPrivilege
			SeTcbPrivilege
			SeSecurityPrivilege
			SeTakeOwnershipPrivilege
			SeLoadDriverPrivilege
			SeBackupPrivilege
			SeRestorePrivilege
			SeDebugPrivilege
			SeAuditPrivilege
			SeSystemEnvironmentPrivilege
			SeImpersonatePrivilege
			SeDelegateSessionUserImpersonatePrivilege""",
                "SubjectUserName": "SYSTEM",
                "SubjectDomainName": "NT AUTHORITY",
                "SubjectLogonId": "0x3e7"
              }
            },
            "event": {
              "action": "Special Logon",
              "created": "2025-10-22T17:22:06.653Z",
              "kind": "event",
              "code": "4672",
              "outcome": "success",
              "provider": "Microsoft-Windows-Security-Auditing"
            },
            "agent": {
              "name": "DESKTOP-48ASLS3",
              "version": "9.1.2",
              "id": "b9ca19fd-2ebb-4d9b-8451-77ab948619b0",
              "type": "winlogbeat",
              "ephemeral_id": "ce18a4b4-9459-4943-bda8-1823b9bbb362"
            },
            "log": {
              "level": "information"
            },
            "@version": "1",
            "host": {
              "hostname": "DESKTOP-48ASLS3",
              "ip": [
                "fe80::7885:d3a2:905b:4597",
                "192.168.89.133"
              ],
              "name": "desktop-48asls3",
              "id": "681a4ddb-9712-4c88-b038-3cfc4aa5a83b",
              "mac": [
                "00-0C-29-DE-2F-B8"
              ],
              "architecture": "x86_64",
              "os": {
                "platform": "windows",
                "build": "19045.6456",
                "family": "windows",
                "version": "10.0",
                "name": "Windows 10 Education",
                "type": "windows",
                "kernel": "10.0.19041.6456 (WinBuild.160101.0800)"
              }
            },
            "@timestamp": "2025-10-22T17:22:00.480Z",
            "ecs": {
              "version": "8.0.0"
            }
          },
          "sort": [
            "2025-10-22T17:22:00.480Z",
            507
          ]
        },
        {
          "_index": "winlogbeat-9.1.2",
          "_id": "f07xDJoBUQc08OI1YwLZ",
          "_score": null,
          "_ignored": [
            "event.original.keyword",
            "message.keyword"
          ],
          "_source": {
            "tags": [
              "beats_input_codec_plain_applied"
            ],
            "winlog": {
              "event_id": "4688",
              "process": {
                "thread": {
                  "id": 32
                },
                "pid": 4
              },
              "opcode": "Info",
              "task": "Process Creation",
              "provider_name": "Microsoft-Windows-Security-Auditing",
              "computer_name": "DESKTOP-48ASLS3",
              "provider_guid": "{54849625-5478-4994-A5BA-3E3B0328C30D}",
              "channel": "Security",
              "version": 2,
              "record_id": 77431,
              "keywords": [
                "Audit Success"
              ],
              "event_data": {
                "SubjectLogonId": "0x3e7",
                "TokenElevationType": "TokenElevationTypeDefault (1)",
                "ParentProcessName": """C:\Windows\System32\services.exe""",
                "SubjectDomainName": "WORKGROUP",
                "NewProcessName": """C:\Windows\System32\svchost.exe""",
                "TargetLogonId": "0x3e5",
                "TargetUserSid": "S-1-5-19",
                "TargetUserName": "LOCAL SERVICE",
                "ProcessId": "0x268",
                "SubjectUserSid": "S-1-5-18",
                "SubjectUserName": "DESKTOP-48ASLS3$",
                "MandatoryLabel": "S-1-16-16384",
                "NewProcessId": "0x610",
                "TargetDomainName": "NT AUTHORITY"
              }
            },
            "event": {
              "created": "2025-10-22T17:22:06.653Z",
              "provider": "Microsoft-Windows-Security-Auditing",
              "kind": "event",
              "code": "4688",
              "outcome": "success",
              "action": "Process Creation"
            },
            "agent": {
              "version": "9.1.2",
              "name": "DESKTOP-48ASLS3",
              "id": "b9ca19fd-2ebb-4d9b-8451-77ab948619b0",
              "ephemeral_id": "ce18a4b4-9459-4943-bda8-1823b9bbb362",
              "type": "winlogbeat"
            },
            "log": {
              "level": "information"
            },
            "@version": "1",
            "host": {
              "hostname": "DESKTOP-48ASLS3",
              "ip": [
                "fe80::7885:d3a2:905b:4597",
                "192.168.89.133"
              ],
              "name": "desktop-48asls3",
              "id": "681a4ddb-9712-4c88-b038-3cfc4aa5a83b",
              "architecture": "x86_64",
              "mac": [
                "00-0C-29-DE-2F-B8"
              ],
              "os": {
                "platform": "windows",
                "build": "19045.6456",
                "family": "windows",
                "version": "10.0",
                "name": "Windows 10 Education",
                "type": "windows",
                "kernel": "10.0.19041.6456 (WinBuild.160101.0800)"
              }
            },
            "@timestamp": "2025-10-22T17:22:00.480Z",
            "ecs": {
              "version": "8.0.0"
            }
          },
          "sort": [
            "2025-10-22T17:22:00.480Z",
            506
          ]
        },
        {
          "_index": "winlogbeat-9.1.2",
          "_id": "FE7xDJoBUQc08OI1YwLS",
          "_score": null,
          "_ignored": [
            "event.original.keyword",
            "message.keyword"
          ],
          "_source": {
            "tags": [
              "beats_input_codec_plain_applied"
            ],
            "winlog": {
              "event_id": "4624",
              "process": {
                "thread": {
                  "id": 752
                },
                "pid": 640
              },
              "opcode": "Info",
              "task": "Logon",
              "provider_name": "Microsoft-Windows-Security-Auditing",
              "computer_name": "DESKTOP-48ASLS3",
              "keywords": [
                "Audit Success"
              ],
              "provider_guid": "{54849625-5478-4994-A5BA-3E3B0328C30D}",
              "record_id": 77432,
              "activity_id": "{5C6CA50B-4378-0003-9BA5-6C5C7843DC01}",
              "version": 2,
              "channel": "Security",
              "event_data": {
                "RestrictedAdminMode": "-",
                "LogonType": "5",
                "TargetOutboundUserName": "-",
                "TransmittedServices": "-",
                "TargetLogonId": "0x3e7",
                "VirtualAccount": "No",
                "KeyLength": "0",
                "WorkstationName": "-",
                "TargetLinkedLogonId": "0x0",
                "TargetUserSid": "S-1-5-18",
                "IpAddress": "-",
                "TargetUserName": "SYSTEM",
                "LmPackageName": "-",
                "IpPort": "-",
                "LogonProcessName": "Advapi  ",
                "SubjectUserName": "DESKTOP-48ASLS3$",
                "TargetDomainName": "NT AUTHORITY",
                "ElevatedToken": "Yes",
                "SubjectLogonId": "0x3e7",
                "SubjectDomainName": "WORKGROUP",
                "ProcessName": """C:\Windows\System32\services.exe""",
                "LogonGuid": "{00000000-0000-0000-0000-000000000000}",
                "TargetOutboundDomainName": "-",
                "SubjectUserSid": "S-1-5-18",
                "ProcessId": "0x268",
                "ImpersonationLevel": "Impersonation",
                "AuthenticationPackageName": "Negotiate"
              }
            },
            "event": {
              "action": "Logon",
              "created": "2025-10-22T17:22:06.653Z",
              "kind": "event",
              "code": "4624",
              "outcome": "success",
              "provider": "Microsoft-Windows-Security-Auditing"
            },
            "log": {
              "level": "information"
            },
            "agent": {
              "version": "9.1.2",
              "name": "DESKTOP-48ASLS3",
              "id": "b9ca19fd-2ebb-4d9b-8451-77ab948619b0",
              "type": "winlogbeat",
              "ephemeral_id": "ce18a4b4-9459-4943-bda8-1823b9bbb362"
            },
            "@version": "1",
            "host": {
              "hostname": "DESKTOP-48ASLS3",
              "ip": [
                "fe80::7885:d3a2:905b:4597",
                "192.168.89.133"
              ],
              "name": "desktop-48asls3",
              "id": "681a4ddb-9712-4c88-b038-3cfc4aa5a83b",
              "mac": [
                "00-0C-29-DE-2F-B8"
              ],
              "architecture": "x86_64",
              "os": {
                "build": "19045.6456",
                "platform": "windows",
                "family": "windows",
                "name": "Windows 10 Education",
                "version": "10.0",
                "type": "windows",
                "kernel": "10.0.19041.6456 (WinBuild.160101.0800)"
              }
            },
            "@timestamp": "2025-10-22T17:22:00.480Z",
            "ecs": {
              "version": "8.0.0"
            }
          },
          "sort": [
            "2025-10-22T17:22:00.480Z",
            503
          ]
        },
        {
          "_index": "winlogbeat-9.1.2",
          "_id": "fk7xDJoBUQc08OI1YwLZ",
          "_score": null,
          "_ignored": [
            "event.original.keyword",
            "message.keyword"
          ],
          "_source": {
            "tags": [
              "beats_input_codec_plain_applied"
            ],
            "winlog": {
              "event_id": "4688",
              "process": {
                "thread": {
                  "id": 32
                },
                "pid": 4
              },
              "opcode": "Info",
              "task": "Process Creation",
              "provider_name": "Microsoft-Windows-Security-Auditing",
              "computer_name": "DESKTOP-48ASLS3",
              "provider_guid": "{54849625-5478-4994-A5BA-3E3B0328C30D}",
              "channel": "Security",
              "record_id": 77430,
              "version": 2,
              "keywords": [
                "Audit Success"
              ],
              "event_data": {
                "SubjectLogonId": "0x3e7",
                "TokenElevationType": "TokenElevationTypeDefault (1)",
                "SubjectDomainName": "WORKGROUP",
                "TargetLogonId": "0x0",
                "NewProcessName": "MemCompression",
                "TargetUserSid": "S-1-0-0",
                "TargetUserName": "-",
                "ProcessId": "0x4",
                "SubjectUserSid": "S-1-5-18",
                "SubjectUserName": "DESKTOP-48ASLS3$",
                "MandatoryLabel": "S-1-16-16384",
                "NewProcessId": "0x5fc",
                "TargetDomainName": "-"
              }
            },
            "event": {
              "created": "2025-10-22T17:22:06.653Z",
              "action": "Process Creation",
              "kind": "event",
              "code": "4688",
              "outcome": "success",
              "provider": "Microsoft-Windows-Security-Auditing"
            },
            "log": {
              "level": "information"
            },
            "agent": {
              "name": "DESKTOP-48ASLS3",
              "version": "9.1.2",
              "id": "b9ca19fd-2ebb-4d9b-8451-77ab948619b0",
              "type": "winlogbeat",
              "ephemeral_id": "ce18a4b4-9459-4943-bda8-1823b9bbb362"
            },
            "@version": "1",
            "host": {
              "hostname": "DESKTOP-48ASLS3",
              "ip": [
                "fe80::7885:d3a2:905b:4597",
                "192.168.89.133"
              ],
              "name": "desktop-48asls3",
              "mac": [
                "00-0C-29-DE-2F-B8"
              ],
              "architecture": "x86_64",
              "id": "681a4ddb-9712-4c88-b038-3cfc4aa5a83b",
              "os": {
                "build": "19045.6456",
                "platform": "windows",
                "family": "windows",
                "version": "10.0",
                "name": "Windows 10 Education",
                "type": "windows",
                "kernel": "10.0.19041.6456 (WinBuild.160101.0800)"
              }
            },
            "@timestamp": "2025-10-22T17:22:00.479Z",
            "ecs": {
              "version": "8.0.0"
            }
          },
          "sort": [
            "2025-10-22T17:22:00.479Z",
            505
          ]
        },
        {
          "_index": "winlogbeat-9.1.2",
          "_id": "E07xDJoBUQc08OI1YwLS",
          "_score": null,
          "_ignored": [
            "event.original.keyword",
            "message.keyword"
          ],
          "_source": {
            "tags": [
              "beats_input_codec_plain_applied"
            ],
            "winlog": {
              "event_id": "4688",
              "process": {
                "thread": {
                  "id": 32
                },
                "pid": 4
              },
              "opcode": "Info",
              "task": "Process Creation",
              "provider_name": "Microsoft-Windows-Security-Auditing",
              "computer_name": "DESKTOP-48ASLS3",
              "keywords": [
                "Audit Success"
              ],
              "channel": "Security",
              "version": 2,
              "record_id": 77429,
              "provider_guid": "{54849625-5478-4994-A5BA-3E3B0328C30D}",
              "event_data": {
                "TargetDomainName": "NT AUTHORITY",
                "TokenElevationType": "TokenElevationTypeDefault (1)",
                "ParentProcessName": """C:\Windows\System32\services.exe""",
                "SubjectDomainName": "WORKGROUP",
                "NewProcessName": """C:\Windows\System32\svchost.exe""",
                "TargetLogonId": "0x3e5",
                "TargetUserSid": "S-1-5-19",
                "TargetUserName": "LOCAL SERVICE",
                "ProcessId": "0x268",
                "SubjectUserSid": "S-1-5-18",
                "MandatoryLabel": "S-1-16-16384",
                "SubjectUserName": "DESKTOP-48ASLS3$",
                "SubjectLogonId": "0x3e7",
                "NewProcessId": "0x5c0"
              }
            },
            "event": {
              "created": "2025-10-22T17:22:06.653Z",
              "provider": "Microsoft-Windows-Security-Auditing",
              "kind": "event",
              "code": "4688",
              "outcome": "success",
              "action": "Process Creation"
            },
            "agent": {
              "name": "DESKTOP-48ASLS3",
              "version": "9.1.2",
              "id": "b9ca19fd-2ebb-4d9b-8451-77ab948619b0",
              "ephemeral_id": "ce18a4b4-9459-4943-bda8-1823b9bbb362",
              "type": "winlogbeat"
            },
            "log": {
              "level": "information"
            },
            "@version": "1",
            "host": {
              "hostname": "DESKTOP-48ASLS3",
              "ip": [
                "fe80::7885:d3a2:905b:4597",
                "192.168.89.133"
              ],
              "name": "desktop-48asls3",
              "mac": [
                "00-0C-29-DE-2F-B8"
              ],
              "architecture": "x86_64",
              "id": "681a4ddb-9712-4c88-b038-3cfc4aa5a83b",
              "os": {
                "build": "19045.6456",
                "platform": "windows",
                "family": "windows",
                "version": "10.0",
                "name": "Windows 10 Education",
                "type": "windows",
                "kernel": "10.0.19041.6456 (WinBuild.160101.0800)"
              }
            },
            "@timestamp": "2025-10-22T17:22:00.464Z",
            "ecs": {
              "version": "8.0.0"
            }
          },
          "sort": [
            "2025-10-22T17:22:00.464Z",
            502
          ]
        },
        {
          "_index": "winlogbeat-9.1.2",
          "_id": "fU7xDJoBUQc08OI1YwLZ",
          "_score": null,
          "_ignored": [
            "event.original.keyword",
            "message.keyword"
          ],
          "_source": {
            "tags": [
              "beats_input_codec_plain_applied"
            ],
            "winlog": {
              "event_id": "4688",
              "process": {
                "thread": {
                  "id": 424
                },
                "pid": 4
              },
              "opcode": "Info",
              "task": "Process Creation",
              "provider_name": "Microsoft-Windows-Security-Auditing",
              "computer_name": "DESKTOP-48ASLS3",
              "provider_guid": "{54849625-5478-4994-A5BA-3E3B0328C30D}",
              "channel": "Security",
              "record_id": 77428,
              "version": 2,
              "keywords": [
                "Audit Success"
              ],
              "event_data": {
                "NewProcessId": "0x560",
                "TokenElevationType": "TokenElevationTypeDefault (1)",
                "ParentProcessName": """C:\Windows\System32\services.exe""",
                "SubjectDomainName": "WORKGROUP",
                "NewProcessName": """C:\Windows\System32\svchost.exe""",
                "TargetLogonId": "0x3e5",
                "TargetUserSid": "S-1-0-0",
                "TargetUserName": "LOCAL SERVICE",
                "ProcessId": "0x268",
                "SubjectUserSid": "S-1-5-18",
                "MandatoryLabel": "S-1-16-16384",
                "SubjectUserName": "DESKTOP-48ASLS3$",
                "TargetDomainName": "NT AUTHORITY",
                "SubjectLogonId": "0x3e7"
              }
            },
            "event": {
              "created": "2025-10-22T17:22:06.653Z",
              "provider": "Microsoft-Windows-Security-Auditing",
              "kind": "event",
              "code": "4688",
              "outcome": "success",
              "action": "Process Creation"
            },
            "agent": {
              "version": "9.1.2",
              "name": "DESKTOP-48ASLS3",
              "id": "b9ca19fd-2ebb-4d9b-8451-77ab948619b0",
              "ephemeral_id": "ce18a4b4-9459-4943-bda8-1823b9bbb362",
              "type": "winlogbeat"
            },
            "log": {
              "level": "information"
            },
            "@version": "1",
            "host": {
              "hostname": "DESKTOP-48ASLS3",
              "ip": [
                "fe80::7885:d3a2:905b:4597",
                "192.168.89.133"
              ],
              "name": "desktop-48asls3",
              "id": "681a4ddb-9712-4c88-b038-3cfc4aa5a83b",
              "mac": [
                "00-0C-29-DE-2F-B8"
              ],
              "architecture": "x86_64",
              "os": {
                "platform": "windows",
                "build": "19045.6456",
                "family": "windows",
                "version": "10.0",
                "name": "Windows 10 Education",
                "type": "windows",
                "kernel": "10.0.19041.6456 (WinBuild.160101.0800)"
              }
            },
            "@timestamp": "2025-10-22T17:22:00.442Z",
            "ecs": {
              "version": "8.0.0"
            }
          },
          "sort": [
            "2025-10-22T17:22:00.442Z",
            504
          ]
        },
        {
          "_index": "winlogbeat-9.1.2",
          "_id": "Ek7xDJoBUQc08OI1YwLS",
          "_score": null,
          "_ignored": [
            "event.original.keyword",
            "message.keyword"
          ],
          "_source": {
            "tags": [
              "beats_input_codec_plain_applied"
            ],
            "winlog": {
              "event_id": "4688",
              "process": {
                "thread": {
                  "id": 424
                },
                "pid": 4
              },
              "opcode": "Info",
              "task": "Process Creation",
              "provider_name": "Microsoft-Windows-Security-Auditing",
              "computer_name": "DESKTOP-48ASLS3",
              "keywords": [
                "Audit Success"
              ],
              "channel": "Security",
              "record_id": 77427,
              "provider_guid": "{54849625-5478-4994-A5BA-3E3B0328C30D}",
              "version": 2,
              "event_data": {
                "TargetDomainName": "NT AUTHORITY",
                "TokenElevationType": "TokenElevationTypeDefault (1)",
                "ParentProcessName": """C:\Windows\System32\services.exe""",
                "SubjectDomainName": "WORKGROUP",
                "TargetLogonId": "0x3e5",
                "NewProcessName": """C:\Windows\System32\svchost.exe""",
                "TargetUserSid": "S-1-0-0",
                "TargetUserName": "LOCAL SERVICE",
                "ProcessId": "0x268",
                "SubjectUserSid": "S-1-5-18",
                "SubjectUserName": "DESKTOP-48ASLS3$",
                "MandatoryLabel": "S-1-16-16384",
                "SubjectLogonId": "0x3e7",
                "NewProcessId": "0x548"
              }
            },
            "event": {
              "action": "Process Creation",
              "created": "2025-10-22T17:22:06.653Z",
              "kind": "event",
              "code": "4688",
              "outcome": "success",
              "provider": "Microsoft-Windows-Security-Auditing"
            },
            "log": {
              "level": "information"
            },
            "agent": {
              "name": "DESKTOP-48ASLS3",
              "version": "9.1.2",
              "id": "b9ca19fd-2ebb-4d9b-8451-77ab948619b0",
              "type": "winlogbeat",
              "ephemeral_id": "ce18a4b4-9459-4943-bda8-1823b9bbb362"
            },
            "@version": "1",
            "host": {
              "hostname": "DESKTOP-48ASLS3",
              "ip": [
                "fe80::7885:d3a2:905b:4597",
                "192.168.89.133"
              ],
              "name": "desktop-48asls3",
              "id": "681a4ddb-9712-4c88-b038-3cfc4aa5a83b",
              "mac": [
                "00-0C-29-DE-2F-B8"
              ],
              "architecture": "x86_64",
              "os": {
                "build": "19045.6456",
                "platform": "windows",
                "family": "windows",
                "version": "10.0",
                "name": "Windows 10 Education",
                "type": "windows",
                "kernel": "10.0.19041.6456 (WinBuild.160101.0800)"
              }
            },
            "@timestamp": "2025-10-22T17:22:00.438Z",
            "ecs": {
              "version": "8.0.0"
            }
          },
          "sort": [
            "2025-10-22T17:22:00.438Z",
            501
          ]
        },
        {
          "_index": "winlogbeat-9.1.2",
          "_id": "fE7xDJoBUQc08OI1YwLZ",
          "_score": null,
          "_ignored": [
            "event.original.keyword",
            "message.keyword"
          ],
          "_source": {
            "tags": [
              "beats_input_codec_plain_applied"
            ],
            "winlog": {
              "event_id": "4688",
              "process": {
                "thread": {
                  "id": 424
                },
                "pid": 4
              },
              "opcode": "Info",
              "task": "Process Creation",
              "provider_name": "Microsoft-Windows-Security-Auditing",
              "computer_name": "DESKTOP-48ASLS3",
              "provider_guid": "{54849625-5478-4994-A5BA-3E3B0328C30D}",
              "keywords": [
                "Audit Success"
              ],
              "record_id": 77425,
              "version": 2,
              "channel": "Security",
              "event_data": {
                "SubjectLogonId": "0x3e7",
                "TokenElevationType": "TokenElevationTypeDefault (1)",
                "ParentProcessName": """C:\Windows\System32\services.exe""",
                "SubjectDomainName": "WORKGROUP",
                "TargetLogonId": "0x0",
                "NewProcessName": """C:\Windows\System32\svchost.exe""",
                "TargetUserSid": "S-1-0-0",
                "TargetUserName": "-",
                "SubjectUserSid": "S-1-5-18",
                "ProcessId": "0x268",
                "MandatoryLabel": "S-1-16-16384",
                "SubjectUserName": "DESKTOP-48ASLS3$",
                "TargetDomainName": "-",
                "NewProcessId": "0x538"
              }
            },
            "event": {
              "created": "2025-10-22T17:22:06.653Z",
              "action": "Process Creation",
              "kind": "event",
              "code": "4688",
              "outcome": "success",
              "provider": "Microsoft-Windows-Security-Auditing"
            },
            "agent": {
              "name": "DESKTOP-48ASLS3",
              "version": "9.1.2",
              "id": "b9ca19fd-2ebb-4d9b-8451-77ab948619b0",
              "type": "winlogbeat",
              "ephemeral_id": "ce18a4b4-9459-4943-bda8-1823b9bbb362"
            },
            "log": {
              "level": "information"
            },
            "@version": "1",
            "host": {
              "hostname": "DESKTOP-48ASLS3",
              "ip": [
                "fe80::7885:d3a2:905b:4597",
                "192.168.89.133"
              ],
              "name": "desktop-48asls3",
              "id": "681a4ddb-9712-4c88-b038-3cfc4aa5a83b",
              "mac": [
                "00-0C-29-DE-2F-B8"
              ],
              "architecture": "x86_64",
              "os": {
                "build": "19045.6456",
                "platform": "windows",
                "family": "windows",
                "version": "10.0",
                "name": "Windows 10 Education",
                "type": "windows",
                "kernel": "10.0.19041.6456 (WinBuild.160101.0800)"
              }
            },
            "@timestamp": "2025-10-22T17:22:00.437Z",
            "ecs": {
              "version": "8.0.0"
            }
          },
          "sort": [
            "2025-10-22T17:22:00.437Z",
            605
          ]
        },
        {
          "_index": "winlogbeat-9.1.2",
          "_id": "EU7xDJoBUQc08OI1YwLS",
          "_score": null,
          "_ignored": [
            "event.original.keyword",
            "message.keyword"
          ],
          "_source": {
            "tags": [
              "beats_input_codec_plain_applied"
            ],
            "winlog": {
              "event_id": "4688",
              "process": {
                "thread": {
                  "id": 424
                },
                "pid": 4
              },
              "opcode": "Info",
              "task": "Process Creation",
              "provider_name": "Microsoft-Windows-Security-Auditing",
              "computer_name": "DESKTOP-48ASLS3",
              "keywords": [
                "Audit Success"
              ],
              "channel": "Security",
              "provider_guid": "{54849625-5478-4994-A5BA-3E3B0328C30D}",
              "version": 2,
              "record_id": 77426,
              "event_data": {
                "TargetDomainName": "-",
                "TokenElevationType": "TokenElevationTypeDefault (1)",
                "ParentProcessName": """C:\Windows\System32\services.exe""",
                "SubjectDomainName": "WORKGROUP",
                "TargetLogonId": "0x0",
                "NewProcessName": """C:\Windows\System32\svchost.exe""",
                "TargetUserSid": "S-1-0-0",
                "TargetUserName": "-",
                "SubjectUserSid": "S-1-5-18",
                "ProcessId": "0x268",
                "MandatoryLabel": "S-1-16-16384",
                "SubjectUserName": "DESKTOP-48ASLS3$",
                "NewProcessId": "0x540",
                "SubjectLogonId": "0x3e7"
              }
            },
            "event": {
              "created": "2025-10-22T17:22:06.653Z",
              "provider": "Microsoft-Windows-Security-Auditing",
              "kind": "event",
              "code": "4688",
              "outcome": "success",
              "action": "Process Creation"
            },
            "agent": {
              "name": "DESKTOP-48ASLS3",
              "version": "9.1.2",
              "id": "b9ca19fd-2ebb-4d9b-8451-77ab948619b0",
              "ephemeral_id": "ce18a4b4-9459-4943-bda8-1823b9bbb362",
              "type": "winlogbeat"
            },
            "log": {
              "level": "information"
            },
            "@version": "1",
            "host": {
              "hostname": "DESKTOP-48ASLS3",
              "ip": [
                "fe80::7885:d3a2:905b:4597",
                "192.168.89.133"
              ],
              "name": "desktop-48asls3",
              "id": "681a4ddb-9712-4c88-b038-3cfc4aa5a83b",
              "mac": [
                "00-0C-29-DE-2F-B8"
              ],
              "architecture": "x86_64",
              "os": {
                "build": "19045.6456",
                "platform": "windows",
                "family": "windows",
                "name": "Windows 10 Education",
                "version": "10.0",
                "type": "windows",
                "kernel": "10.0.19041.6456 (WinBuild.160101.0800)"
              }
            },
            "@timestamp": "2025-10-22T17:22:00.437Z",
            "ecs": {
              "version": "8.0.0"
            }
          },
          "sort": [
            "2025-10-22T17:22:00.437Z",
            500
          ]
        },
        {
          "_index": "winlogbeat-9.1.2",
          "_id": "EE7xDJoBUQc08OI1YwLS",
          "_score": null,
          "_ignored": [
            "event.original.keyword",
            "message.keyword"
          ],
          "_source": {
            "tags": [
              "beats_input_codec_plain_applied"
            ],
            "winlog": {
              "event_id": "4688",
              "process": {
                "thread": {
                  "id": 424
                },
                "pid": 4
              },
              "opcode": "Info",
              "task": "Process Creation",
              "provider_name": "Microsoft-Windows-Security-Auditing",
              "computer_name": "DESKTOP-48ASLS3",
              "keywords": [
                "Audit Success"
              ],
              "channel": "Security",
              "version": 2,
              "record_id": 77424,
              "provider_guid": "{54849625-5478-4994-A5BA-3E3B0328C30D}",
              "event_data": {
                "SubjectLogonId": "0x3e7",
                "TokenElevationType": "TokenElevationTypeDefault (1)",
                "ParentProcessName": """C:\Windows\System32\services.exe""",
                "SubjectDomainName": "WORKGROUP",
                "NewProcessName": """C:\Windows\System32\svchost.exe""",
                "TargetLogonId": "0x0",
                "TargetUserSid": "S-1-0-0",
                "TargetUserName": "-",
                "SubjectUserSid": "S-1-5-18",
                "ProcessId": "0x268",
                "SubjectUserName": "DESKTOP-48ASLS3$",
                "MandatoryLabel": "S-1-16-16384",
                "TargetDomainName": "-",
                "NewProcessId": "0x530"
              }
            },
            "event": {
              "created": "2025-10-22T17:22:06.653Z",
              "provider": "Microsoft-Windows-Security-Auditing",
              "kind": "event",
              "code": "4688",
              "outcome": "success",
              "action": "Process Creation"
            },
            "log": {
              "level": "information"
            },
            "agent": {
              "version": "9.1.2",
              "name": "DESKTOP-48ASLS3",
              "id": "b9ca19fd-2ebb-4d9b-8451-77ab948619b0",
              "type": "winlogbeat",
              "ephemeral_id": "ce18a4b4-9459-4943-bda8-1823b9bbb362"
            },
            "@version": "1",
            "host": {
              "hostname": "DESKTOP-48ASLS3",
              "ip": [
                "fe80::7885:d3a2:905b:4597",
                "192.168.89.133"
              ],
              "name": "desktop-48asls3",
              "id": "681a4ddb-9712-4c88-b038-3cfc4aa5a83b",
              "mac": [
                "00-0C-29-DE-2F-B8"
              ],
              "architecture": "x86_64",
              "os": {
                "build": "19045.6456",
                "platform": "windows",
                "family": "windows",
                "version": "10.0",
                "name": "Windows 10 Education",
                "type": "windows",
                "kernel": "10.0.19041.6456 (WinBuild.160101.0800)"
              }
            },
            "@timestamp": "2025-10-22T17:22:00.435Z",
            "ecs": {
              "version": "8.0.0"
            }
          },
          "sort": [
            "2025-10-22T17:22:00.435Z",
            499
          ]
        },
        {
          "_index": "winlogbeat-9.1.2",
          "_id": "2k7xDJoBUQc08OI1YwHS",
          "_score": null,
          "_source": {
            "tags": [
              "beats_input_codec_plain_applied"
            ],
            "log": {
              "level": "information"
            },
            "event": {
              "action": "None",
              "created": "2025-10-22T17:22:06.650Z",
              "kind": "event",
              "code": "6",
              "provider": "Microsoft-Windows-FilterManager"
            },
            "agent": {
              "name": "DESKTOP-48ASLS3",
              "version": "9.1.2",
              "id": "b9ca19fd-2ebb-4d9b-8451-77ab948619b0",
              "type": "winlogbeat",
              "ephemeral_id": "ce18a4b4-9459-4943-bda8-1823b9bbb362"
            },
            "winlog": {
              "user": {
                "name": "SYSTEM",
                "domain": "NT AUTHORITY",
                "type": "User",
                "identifier": "S-1-5-18"
              },
              "event_id": "6",
              "process": {
                "thread": {
                  "id": 424
                },
                "pid": 4
              },
              "opcode": "Info",
              "task": "None",
              "provider_name": "Microsoft-Windows-FilterManager",
              "computer_name": "DESKTOP-48ASLS3",
              "provider_guid": "{F3C5E28E-63F6-49C7-A204-E48A1BC4B09D}",
              "channel": "System",
              "record_id": 7575,
              "event_data": {
                "DeviceTime": "2091-04-16 06:55:03 +0000 UTC",
                "FinalStatus": "0x0",
                "DeviceName": "bindflt",
                "DeviceVersionMinor": "0",
                "DeviceNameLength": "7",
                "DeviceVersionMajor": "10"
              }
            },
            "@version": "1",
            "host": {
              "hostname": "DESKTOP-48ASLS3",
              "ip": [
                "fe80::7885:d3a2:905b:4597",
                "192.168.89.133"
              ],
              "name": "desktop-48asls3",
              "id": "681a4ddb-9712-4c88-b038-3cfc4aa5a83b",
              "architecture": "x86_64",
              "mac": [
                "00-0C-29-DE-2F-B8"
              ],
              "os": {
                "build": "19045.6456",
                "platform": "windows",
                "family": "windows",
                "version": "10.0",
                "name": "Windows 10 Education",
                "type": "windows",
                "kernel": "10.0.19041.6456 (WinBuild.160101.0800)"
              }
            },
            "@timestamp": "2025-10-22T17:22:00.426Z",
            "ecs": {
              "version": "8.0.0"
            }
          },
          "sort": [
            "2025-10-22T17:22:00.426Z",
            436
          ]
        },
        {
          "_index": "winlogbeat-9.1.2",
          "_id": "2U7xDJoBUQc08OI1YwHS",
          "_score": null,
          "_source": {
            "tags": [
              "beats_input_codec_plain_applied"
            ],
            "log": {
              "level": "information"
            },
            "event": {
              "action": "None",
              "created": "2025-10-22T17:22:06.650Z",
              "kind": "event",
              "code": "6",
              "provider": "Microsoft-Windows-FilterManager"
            },
            "agent": {
              "name": "DESKTOP-48ASLS3",
              "version": "9.1.2",
              "id": "b9ca19fd-2ebb-4d9b-8451-77ab948619b0",
              "type": "winlogbeat",
              "ephemeral_id": "ce18a4b4-9459-4943-bda8-1823b9bbb362"
            },
            "winlog": {
              "user": {
                "name": "SYSTEM",
                "domain": "NT AUTHORITY",
                "type": "User",
                "identifier": "S-1-5-18"
              },
              "event_id": "6",
              "process": {
                "thread": {
                  "id": 424
                },
                "pid": 4
              },
              "opcode": "Info",
              "task": "None",
              "provider_name": "Microsoft-Windows-FilterManager",
              "computer_name": "DESKTOP-48ASLS3",
              "provider_guid": "{F3C5E28E-63F6-49C7-A204-E48A1BC4B09D}",
              "channel": "System",
              "record_id": 7574,
              "event_data": {
                "DeviceTime": "2038-12-03 16:18:20 +0000 UTC",
                "FinalStatus": "0x0",
                "DeviceName": "storqosflt",
                "DeviceVersionMinor": "0",
                "DeviceNameLength": "10",
                "DeviceVersionMajor": "10"
              }
            },
            "@version": "1",
            "host": {
              "hostname": "DESKTOP-48ASLS3",
              "ip": [
                "fe80::7885:d3a2:905b:4597",
                "192.168.89.133"
              ],
              "name": "desktop-48asls3",
              "mac": [
                "00-0C-29-DE-2F-B8"
              ],
              "architecture": "x86_64",
              "id": "681a4ddb-9712-4c88-b038-3cfc4aa5a83b",
              "os": {
                "build": "19045.6456",
                "platform": "windows",
                "family": "windows",
                "name": "Windows 10 Education",
                "version": "10.0",
                "type": "windows",
                "kernel": "10.0.19041.6456 (WinBuild.160101.0800)"
              }
            },
            "@timestamp": "2025-10-22T17:22:00.420Z",
            "ecs": {
              "version": "8.0.0"
            }
          },
          "sort": [
            "2025-10-22T17:22:00.420Z",
            435
          ]
        },
