{
  "is_partial": false,
  "is_running": false,
  "start_time_in_millis": 1761159009474,
  "expiration_time_in_millis": 1761159069474,
  "completion_time_in_millis": 1761159009487,
  "response": {
    "took": 13,
    "timed_out": false,
    "_shards": {
      "total": 1,
      "successful": 1,
      "skipped": 0,
      "failed": 0
    },
    "hits": {
      "max_score": null,
      "hits": [
        {
          "_index": "winlogbeat-9.1.2",
          "_id": "9E7yDJoBUQc08OI1cQNI",
          "_score": null,
          "_source": {
            "tags": [
              "beats_input_codec_plain_applied"
            ],
            "log": {
              "level": "information"
            },
            "event": {
              "action": "None",
              "created": "2025-10-22T17:23:24.751Z",
              "kind": "event",
              "code": "108",
              "provider": "VMTools"
            },
            "winlog": {
              "provider_name": "VMTools",
              "computer_name": "DESKTOP-48ASLS3",
              "keywords": [
                "Classic"
              ],
              "channel": "Application",
              "record_id": 6620,
              "event_id": "108",
              "opcode": "Info",
              "task": "None"
            },
            "agent": {
              "version": "9.1.2",
              "name": "DESKTOP-48ASLS3",
              "id": "b9ca19fd-2ebb-4d9b-8451-77ab948619b0",
              "ephemeral_id": "ce18a4b4-9459-4943-bda8-1823b9bbb362",
              "type": "winlogbeat"
            },
            "@version": "1",
            "host": {
              "hostname": "DESKTOP-48ASLS3",
              "ip": [
                "fe80::7885:d3a2:905b:4597",
                "192.168.89.133"
              ],
              "name": "desktop-48asls3",
              "id": "681a4ddb-9712-4c88-b038-3cfc4aa5a83b",
              "mac": [
                "00-0C-29-DE-2F-B8"
              ],
              "architecture": "x86_64",
              "os": {
                "platform": "windows",
                "build": "19045.6456",
                "family": "windows",
                "version": "10.0",
                "name": "Windows 10 Education",
                "type": "windows",
                "kernel": "10.0.19041.6456 (WinBuild.160101.0800)"
              }
            },
            "@timestamp": "2025-10-22T17:23:24.545Z",
            "ecs": {
              "version": "8.0.0"
            }
          },
          "sort": [
            "2025-10-22T17:23:24.545Z",
            181
          ]
        },
        {
          "_index": "winlogbeat-9.1.2",
          "_id": "8k7yDJoBUQc08OI1cQNI",
          "_score": null,
          "_source": {
            "tags": [
              "beats_input_codec_plain_applied"
            ],
            "log": {
              "level": "information"
            },
            "event": {
              "action": "None",
              "created": "2025-10-22T17:23:24.751Z",
              "kind": "event",
              "code": "272",
              "provider": "VMUpgradeHelper"
            },
            "winlog": {
              "provider_name": "VMUpgradeHelper",
              "computer_name": "DESKTOP-48ASLS3",
              "keywords": [
                "Classic"
              ],
              "channel": "Application",
              "record_id": 6619,
              "event_id": "272",
              "opcode": "Info",
              "task": "None"
            },
            "agent": {
              "version": "9.1.2",
              "name": "DESKTOP-48ASLS3",
              "id": "b9ca19fd-2ebb-4d9b-8451-77ab948619b0",
              "type": "winlogbeat",
              "ephemeral_id": "ce18a4b4-9459-4943-bda8-1823b9bbb362"
            },
            "@version": "1",
            "host": {
              "hostname": "DESKTOP-48ASLS3",
              "ip": [
                "fe80::7885:d3a2:905b:4597",
                "192.168.89.133"
              ],
              "name": "desktop-48asls3",
              "id": "681a4ddb-9712-4c88-b038-3cfc4aa5a83b",
              "architecture": "x86_64",
              "mac": [
                "00-0C-29-DE-2F-B8"
              ],
              "os": {
                "build": "19045.6456",
                "platform": "windows",
                "family": "windows",
                "name": "Windows 10 Education",
                "version": "10.0",
                "type": "windows",
                "kernel": "10.0.19041.6456 (WinBuild.160101.0800)"
              }
            },
            "@timestamp": "2025-10-22T17:23:24.545Z",
            "ecs": {
              "version": "8.0.0"
            }
          },
          "sort": [
            "2025-10-22T17:23:24.545Z",
            179
          ]
        },
        {
          "_index": "winlogbeat-9.1.2",
          "_id": "4E7yDJoBUQc08OI1cQNH",
          "_score": null,
          "_source": {
            "tags": [
              "beats_input_codec_plain_applied"
            ],
            "winlog": {
              "provider_name": "VMUpgradeHelper",
              "computer_name": "DESKTOP-48ASLS3",
              "keywords": [
                "Classic"
              ],
              "channel": "Application",
              "record_id": 6618,
              "event_id": "260",
              "opcode": "Info",
              "task": "None"
            },
            "event": {
              "created": "2025-10-22T17:23:24.751Z",
              "action": "None",
              "kind": "event",
              "code": "260",
              "provider": "VMUpgradeHelper"
            },
            "agent": {
              "name": "DESKTOP-48ASLS3",
              "version": "9.1.2",
              "id": "b9ca19fd-2ebb-4d9b-8451-77ab948619b0",
              "ephemeral_id": "ce18a4b4-9459-4943-bda8-1823b9bbb362",
              "type": "winlogbeat"
            },
            "log": {
              "level": "information"
            },
            "@version": "1",
            "host": {
              "hostname": "DESKTOP-48ASLS3",
              "ip": [
                "fe80::7885:d3a2:905b:4597",
                "192.168.89.133"
              ],
              "name": "desktop-48asls3",
              "id": "681a4ddb-9712-4c88-b038-3cfc4aa5a83b",
              "mac": [
                "00-0C-29-DE-2F-B8"
              ],
              "architecture": "x86_64",
              "os": {
                "build": "19045.6456",
                "platform": "windows",
                "family": "windows",
                "version": "10.0",
                "name": "Windows 10 Education",
                "type": "windows",
                "kernel": "10.0.19041.6456 (WinBuild.160101.0800)"
              }
            },
            "@timestamp": "2025-10-22T17:23:24.545Z",
            "ecs": {
              "version": "8.0.0"
            }
          },
          "sort": [
            "2025-10-22T17:23:24.545Z",
            177
          ]
        },
        {
          "_index": "winlogbeat-9.1.2",
          "_id": "3U7yDJoBUQc08OI1cQNH",
          "_score": null,
          "_source": {
            "tags": [
              "beats_input_codec_plain_applied"
            ],
            "winlog": {
              "provider_name": "Microsoft-Windows-Winlogon",
              "computer_name": "DESKTOP-48ASLS3",
              "event_id": "6000",
              "channel": "Application",
              "record_id": 6617,
              "provider_guid": "{DBE9B383-7CF3-4331-91CC-A3CB16A3B538}",
              "keywords": [
                "Classic"
              ],
              "opcode": "Info",
              "event_data": {
                "Binary": "D906000057006900",
                "param1": "SessionEnv"
              },
              "task": "None"
            },
            "event": {
              "created": "2025-10-22T17:23:24.751Z",
              "provider": "Microsoft-Windows-Winlogon",
              "kind": "event",
              "code": "6000",
              "action": "None"
            },
            "agent": {
              "name": "DESKTOP-48ASLS3",
              "version": "9.1.2",
              "id": "b9ca19fd-2ebb-4d9b-8451-77ab948619b0",
              "type": "winlogbeat",
              "ephemeral_id": "ce18a4b4-9459-4943-bda8-1823b9bbb362"
            },
            "log": {
              "level": "information"
            },
            "@version": "1",
            "host": {
              "hostname": "DESKTOP-48ASLS3",
              "ip": [
                "fe80::7885:d3a2:905b:4597",
                "192.168.89.133"
              ],
              "name": "desktop-48asls3",
              "mac": [
                "00-0C-29-DE-2F-B8"
              ],
              "architecture": "x86_64",
              "id": "681a4ddb-9712-4c88-b038-3cfc4aa5a83b",
              "os": {
                "platform": "windows",
                "build": "19045.6456",
                "family": "windows",
                "version": "10.0",
                "name": "Windows 10 Education",
                "type": "windows",
                "kernel": "10.0.19041.6456 (WinBuild.160101.0800)"
              }
            },
            "@timestamp": "2025-10-22T17:23:24.480Z",
            "ecs": {
              "version": "8.0.0"
            }
          },
          "sort": [
            "2025-10-22T17:23:24.480Z",
            174
          ]
        },
        {
          "_index": "winlogbeat-9.1.2",
          "_id": "8U7yDJoBUQc08OI1cQNI",
          "_score": null,
          "_source": {
            "tags": [
              "beats_input_codec_plain_applied"
            ],
            "winlog": {
              "provider_name": "Microsoft-Windows-Winlogon",
              "computer_name": "DESKTOP-48ASLS3",
              "keywords": [
                "Classic"
              ],
              "channel": "Application",
              "provider_guid": "{DBE9B383-7CF3-4331-91CC-A3CB16A3B538}",
              "record_id": 6616,
              "event_id": "6000",
              "opcode": "Info",
              "event_data": {
                "Binary": "D90600006F007700",
                "param1": "WSearch"
              },
              "task": "None"
            },
            "event": {
              "action": "None",
              "created": "2025-10-22T17:23:24.751Z",
              "kind": "event",
              "code": "6000",
              "provider": "Microsoft-Windows-Winlogon"
            },
            "agent": {
              "name": "DESKTOP-48ASLS3",
              "version": "9.1.2",
              "id": "b9ca19fd-2ebb-4d9b-8451-77ab948619b0",
              "type": "winlogbeat",
              "ephemeral_id": "ce18a4b4-9459-4943-bda8-1823b9bbb362"
            },
            "log": {
              "level": "information"
            },
            "@version": "1",
            "host": {
              "hostname": "DESKTOP-48ASLS3",
              "ip": [
                "fe80::7885:d3a2:905b:4597",
                "192.168.89.133"
              ],
              "name": "desktop-48asls3",
              "id": "681a4ddb-9712-4c88-b038-3cfc4aa5a83b",
              "architecture": "x86_64",
              "mac": [
                "00-0C-29-DE-2F-B8"
              ],
              "os": {
                "build": "19045.6456",
                "platform": "windows",
                "family": "windows",
                "version": "10.0",
                "name": "Windows 10 Education",
                "type": "windows",
                "kernel": "10.0.19041.6456 (WinBuild.160101.0800)"
              }
            },
            "@timestamp": "2025-10-22T17:23:24.449Z",
            "ecs": {
              "version": "8.0.0"
            }
          },
          "sort": [
            "2025-10-22T17:23:24.449Z",
            178
          ]
        },
        {
          "_index": "winlogbeat-9.1.2",
          "_id": "-07yDJoBUQc08OI1cQNI",
          "_score": null,
          "_ignored": [
            "event.original.keyword",
            "message.keyword"
          ],
          "_source": {
            "tags": [
              "beats_input_codec_plain_applied"
            ],
            "winlog": {
              "event_id": "4689",
              "process": {
                "thread": {
                  "id": 3692
                },
                "pid": 4
              },
              "opcode": "Info",
              "task": "Process Termination",
              "provider_name": "Microsoft-Windows-Security-Auditing",
              "computer_name": "DESKTOP-48ASLS3",
              "provider_guid": "{54849625-5478-4994-A5BA-3E3B0328C30D}",
              "keywords": [
                "Audit Success"
              ],
              "channel": "Security",
              "record_id": 77766,
              "event_data": {
                "SubjectUserSid": "S-1-5-21-2565546577-2149564376-132263907-1000",
                "ProcessId": "0x1550",
                "SubjectDomainName": "DESKTOP-48ASLS3",
                "Status": "0x0",
                "ProcessName": """C:\Windows\System32\svchost.exe""",
                "SubjectUserName": "konoha",
                "SubjectLogonId": "0x28f38"
              }
            },
            "event": {
              "action": "Process Termination",
              "created": "2025-10-22T17:23:24.751Z",
              "kind": "event",
              "code": "4689",
              "outcome": "success",
              "provider": "Microsoft-Windows-Security-Auditing"
            },
            "log": {
              "level": "information"
            },
            "agent": {
              "version": "9.1.2",
              "name": "DESKTOP-48ASLS3",
              "id": "b9ca19fd-2ebb-4d9b-8451-77ab948619b0",
              "ephemeral_id": "ce18a4b4-9459-4943-bda8-1823b9bbb362",
              "type": "winlogbeat"
            },
            "@version": "1",
            "host": {
              "hostname": "DESKTOP-48ASLS3",
              "ip": [
                "fe80::7885:d3a2:905b:4597",
                "192.168.89.133"
              ],
              "name": "desktop-48asls3",
              "mac": [
                "00-0C-29-DE-2F-B8"
              ],
              "architecture": "x86_64",
              "id": "681a4ddb-9712-4c88-b038-3cfc4aa5a83b",
              "os": {
                "build": "19045.6456",
                "platform": "windows",
                "family": "windows",
                "version": "10.0",
                "name": "Windows 10 Education",
                "type": "windows",
                "kernel": "10.0.19041.6456 (WinBuild.160101.0800)"
              }
            },
            "@timestamp": "2025-10-22T17:23:24.446Z",
            "ecs": {
              "version": "8.0.0"
            }
          },
          "sort": [
            "2025-10-22T17:23:24.446Z",
            188
          ]
        },
        {
          "_index": "winlogbeat-9.1.2",
          "_id": "-k7yDJoBUQc08OI1cQNI",
          "_score": null,
          "_ignored": [
            "event.original.keyword",
            "message.keyword"
          ],
          "_source": {
            "tags": [
              "beats_input_codec_plain_applied"
            ],
            "log": {
              "level": "information"
            },
            "event": {
              "created": "2025-10-22T17:23:24.751Z",
              "provider": "Microsoft-Windows-Security-Auditing",
              "kind": "event",
              "code": "4689",
              "outcome": "success",
              "action": "Process Termination"
            },
            "agent": {
              "version": "9.1.2",
              "name": "DESKTOP-48ASLS3",
              "id": "b9ca19fd-2ebb-4d9b-8451-77ab948619b0",
              "ephemeral_id": "ce18a4b4-9459-4943-bda8-1823b9bbb362",
              "type": "winlogbeat"
            },
            "winlog": {
              "event_id": "4689",
              "process": {
                "thread": {
                  "id": 3692
                },
                "pid": 4
              },
              "opcode": "Info",
              "task": "Process Termination",
              "provider_name": "Microsoft-Windows-Security-Auditing",
              "computer_name": "DESKTOP-48ASLS3",
              "keywords": [
                "Audit Success"
              ],
              "provider_guid": "{54849625-5478-4994-A5BA-3E3B0328C30D}",
              "record_id": 77765,
              "channel": "Security",
              "event_data": {
                "ProcessId": "0x19b8",
                "SubjectUserSid": "S-1-5-21-2565546577-2149564376-132263907-1000",
                "SubjectDomainName": "DESKTOP-48ASLS3",
                "Status": "0x0",
                "ProcessName": """C:\Windows\System32\svchost.exe""",
                "SubjectUserName": "konoha",
                "SubjectLogonId": "0x28f38"
              }
            },
            "@version": "1",
            "host": {
              "hostname": "DESKTOP-48ASLS3",
              "ip": [
                "fe80::7885:d3a2:905b:4597",
                "192.168.89.133"
              ],
              "name": "desktop-48asls3",
              "id": "681a4ddb-9712-4c88-b038-3cfc4aa5a83b",
              "architecture": "x86_64",
              "mac": [
                "00-0C-29-DE-2F-B8"
              ],
              "os": {
                "platform": "windows",
                "build": "19045.6456",
                "family": "windows",
                "version": "10.0",
                "name": "Windows 10 Education",
                "type": "windows",
                "kernel": "10.0.19041.6456 (WinBuild.160101.0800)"
              }
            },
            "@timestamp": "2025-10-22T17:23:24.441Z",
            "ecs": {
              "version": "8.0.0"
            }
          },
          "sort": [
            "2025-10-22T17:23:24.441Z",
            187
          ]
        },
        {
          "_index": "winlogbeat-9.1.2",
          "_id": "-U7yDJoBUQc08OI1cQNI",
          "_score": null,
          "_ignored": [
            "event.original.keyword",
            "message.keyword"
          ],
          "_source": {
            "tags": [
              "beats_input_codec_plain_applied"
            ],
            "winlog": {
              "event_id": "4647",
              "process": {
                "thread": {
                  "id": 720
                },
                "pid": 640
              },
              "opcode": "Info",
              "task": "Logoff",
              "provider_name": "Microsoft-Windows-Security-Auditing",
              "computer_name": "DESKTOP-48ASLS3",
              "provider_guid": "{54849625-5478-4994-A5BA-3E3B0328C30D}",
              "keywords": [
                "Audit Success"
              ],
              "record_id": 77764,
              "activity_id": "{5C6CA50B-4378-0003-9BA5-6C5C7843DC01}",
              "channel": "Security",
              "event_data": {
                "TargetUserName": "konoha",
                "TargetLogonId": "0x28f38",
                "TargetDomainName": "DESKTOP-48ASLS3",
                "TargetUserSid": "S-1-5-21-2565546577-2149564376-132263907-1000"
              }
            },
            "event": {
              "action": "Logoff",
              "created": "2025-10-22T17:23:24.751Z",
              "kind": "event",
              "code": "4647",
              "outcome": "success",
              "provider": "Microsoft-Windows-Security-Auditing"
            },
            "agent": {
              "version": "9.1.2",
              "name": "DESKTOP-48ASLS3",
              "id": "b9ca19fd-2ebb-4d9b-8451-77ab948619b0",
              "ephemeral_id": "ce18a4b4-9459-4943-bda8-1823b9bbb362",
              "type": "winlogbeat"
            },
            "log": {
              "level": "information"
            },
            "@version": "1",
            "host": {
              "hostname": "DESKTOP-48ASLS3",
              "ip": [
                "fe80::7885:d3a2:905b:4597",
                "192.168.89.133"
              ],
              "name": "desktop-48asls3",
              "mac": [
                "00-0C-29-DE-2F-B8"
              ],
              "architecture": "x86_64",
              "id": "681a4ddb-9712-4c88-b038-3cfc4aa5a83b",
              "os": {
                "build": "19045.6456",
                "platform": "windows",
                "family": "windows",
                "version": "10.0",
                "name": "Windows 10 Education",
                "type": "windows",
                "kernel": "10.0.19041.6456 (WinBuild.160101.0800)"
              }
            },
            "@timestamp": "2025-10-22T17:23:24.427Z",
            "ecs": {
              "version": "8.0.0"
            }
          },
          "sort": [
            "2025-10-22T17:23:24.427Z",
            186
          ]
        },
        {
          "_index": "winlogbeat-9.1.2",
          "_id": "-E7yDJoBUQc08OI1cQNI",
          "_score": null,
          "_ignored": [
            "event.original.keyword",
            "message.keyword"
          ],
          "_source": {
            "tags": [
              "beats_input_codec_plain_applied"
            ],
            "winlog": {
              "event_id": "4689",
              "process": {
                "thread": {
                  "id": 8268
                },
                "pid": 4
              },
              "opcode": "Info",
              "task": "Process Termination",
              "provider_name": "Microsoft-Windows-Security-Auditing",
              "computer_name": "DESKTOP-48ASLS3",
              "keywords": [
                "Audit Success"
              ],
              "channel": "Security",
              "record_id": 77763,
              "provider_guid": "{54849625-5478-4994-A5BA-3E3B0328C30D}",
              "event_data": {
                "ProcessId": "0xd9c",
                "SubjectUserSid": "S-1-5-21-2565546577-2149564376-132263907-1000",
                "SubjectDomainName": "DESKTOP-48ASLS3",
                "Status": "0x40010004",
                "ProcessName": """C:\Windows\System32\RuntimeBroker.exe""",
                "SubjectUserName": "konoha",
                "SubjectLogonId": "0x28f38"
              }
            },
            "event": {
              "action": "Process Termination",
              "created": "2025-10-22T17:23:24.751Z",
              "kind": "event",
              "code": "4689",
              "outcome": "success",
              "provider": "Microsoft-Windows-Security-Auditing"
            },
            "agent": {
              "name": "DESKTOP-48ASLS3",
              "version": "9.1.2",
              "id": "b9ca19fd-2ebb-4d9b-8451-77ab948619b0",
              "type": "winlogbeat",
              "ephemeral_id": "ce18a4b4-9459-4943-bda8-1823b9bbb362"
            },
            "log": {
              "level": "information"
            },
            "@version": "1",
            "host": {
              "hostname": "DESKTOP-48ASLS3",
              "ip": [
                "fe80::7885:d3a2:905b:4597",
                "192.168.89.133"
              ],
              "name": "desktop-48asls3",
              "mac": [
                "00-0C-29-DE-2F-B8"
              ],
              "architecture": "x86_64",
              "id": "681a4ddb-9712-4c88-b038-3cfc4aa5a83b",
              "os": {
                "build": "19045.6456",
                "platform": "windows",
                "family": "windows",
                "version": "10.0",
                "name": "Windows 10 Education",
                "type": "windows",
                "kernel": "10.0.19041.6456 (WinBuild.160101.0800)"
              }
            },
            "@timestamp": "2025-10-22T17:23:24.423Z",
            "ecs": {
              "version": "8.0.0"
            }
          },
          "sort": [
            "2025-10-22T17:23:24.423Z",
            185
          ]
        },
        {
          "_index": "winlogbeat-9.1.2",
          "_id": "907yDJoBUQc08OI1cQNI",
          "_score": null,
          "_ignored": [
            "event.original.keyword",
            "message.keyword"
          ],
          "_source": {
            "tags": [
              "beats_input_codec_plain_applied"
            ],
            "log": {
              "level": "information"
            },
            "event": {
              "action": "Process Termination",
              "created": "2025-10-22T17:23:24.751Z",
              "kind": "event",
              "code": "4689",
              "outcome": "success",
              "provider": "Microsoft-Windows-Security-Auditing"
            },
            "agent": {
              "name": "DESKTOP-48ASLS3",
              "version": "9.1.2",
              "id": "b9ca19fd-2ebb-4d9b-8451-77ab948619b0",
              "type": "winlogbeat",
              "ephemeral_id": "ce18a4b4-9459-4943-bda8-1823b9bbb362"
            },
            "winlog": {
              "event_id": "4689",
              "process": {
                "thread": {
                  "id": 8268
                },
                "pid": 4
              },
              "opcode": "Info",
              "task": "Process Termination",
              "provider_name": "Microsoft-Windows-Security-Auditing",
              "computer_name": "DESKTOP-48ASLS3",
              "provider_guid": "{54849625-5478-4994-A5BA-3E3B0328C30D}",
              "keywords": [
                "Audit Success"
              ],
              "channel": "Security",
              "record_id": 77762,
              "event_data": {
                "ProcessId": "0x1ba4",
                "SubjectUserSid": "S-1-5-21-2565546577-2149564376-132263907-1000",
                "SubjectDomainName": "DESKTOP-48ASLS3",
                "Status": "0x40010004",
                "ProcessName": """C:\Windows\System32\RuntimeBroker.exe""",
                "SubjectUserName": "konoha",
                "SubjectLogonId": "0x28f38"
              }
            },
            "@version": "1",
            "host": {
              "hostname": "DESKTOP-48ASLS3",
              "ip": [
                "fe80::7885:d3a2:905b:4597",
                "192.168.89.133"
              ],
              "name": "desktop-48asls3",
              "mac": [
                "00-0C-29-DE-2F-B8"
              ],
              "architecture": "x86_64",
              "id": "681a4ddb-9712-4c88-b038-3cfc4aa5a83b",
              "os": {
                "build": "19045.6456",
                "platform": "windows",
                "family": "windows",
                "version": "10.0",
                "name": "Windows 10 Education",
                "type": "windows",
                "kernel": "10.0.19041.6456 (WinBuild.160101.0800)"
              }
            },
            "@timestamp": "2025-10-22T17:23:24.421Z",
            "ecs": {
              "version": "8.0.0"
            }
          },
          "sort": [
            "2025-10-22T17:23:24.421Z",
            184
          ]
        },
        {
          "_index": "winlogbeat-9.1.2",
          "_id": "9k7yDJoBUQc08OI1cQNI",
          "_score": null,
          "_ignored": [
            "event.original.keyword",
            "message.keyword"
          ],
          "_source": {
            "tags": [
              "beats_input_codec_plain_applied"
            ],
            "winlog": {
              "event_id": "4689",
              "process": {
                "thread": {
                  "id": 8268
                },
                "pid": 4
              },
              "opcode": "Info",
              "task": "Process Termination",
              "provider_name": "Microsoft-Windows-Security-Auditing",
              "computer_name": "DESKTOP-48ASLS3",
              "keywords": [
                "Audit Success"
              ],
              "provider_guid": "{54849625-5478-4994-A5BA-3E3B0328C30D}",
              "record_id": 77761,
              "channel": "Security",
              "event_data": {
                "SubjectUserSid": "S-1-5-21-2565546577-2149564376-132263907-1000",
                "ProcessId": "0x1058",
                "SubjectDomainName": "DESKTOP-48ASLS3",
                "Status": "0x40010004",
                "ProcessName": """C:\Windows\System32\RuntimeBroker.exe""",
                "SubjectUserName": "konoha",
                "SubjectLogonId": "0x28f38"
              }
            },
            "event": {
              "action": "Process Termination",
              "created": "2025-10-22T17:23:24.751Z",
              "kind": "event",
              "code": "4689",
              "outcome": "success",
              "provider": "Microsoft-Windows-Security-Auditing"
            },
            "log": {
              "level": "information"
            },
            "agent": {
              "version": "9.1.2",
              "name": "DESKTOP-48ASLS3",
              "id": "b9ca19fd-2ebb-4d9b-8451-77ab948619b0",
              "ephemeral_id": "ce18a4b4-9459-4943-bda8-1823b9bbb362",
              "type": "winlogbeat"
            },
            "@version": "1",
            "host": {
              "hostname": "DESKTOP-48ASLS3",
              "ip": [
                "fe80::7885:d3a2:905b:4597",
                "192.168.89.133"
              ],
              "name": "desktop-48asls3",
              "mac": [
                "00-0C-29-DE-2F-B8"
              ],
              "architecture": "x86_64",
              "id": "681a4ddb-9712-4c88-b038-3cfc4aa5a83b",
              "os": {
                "platform": "windows",
                "build": "19045.6456",
                "family": "windows",
                "version": "10.0",
                "name": "Windows 10 Education",
                "type": "windows",
                "kernel": "10.0.19041.6456 (WinBuild.160101.0800)"
              }
            },
            "@timestamp": "2025-10-22T17:23:24.421Z",
            "ecs": {
              "version": "8.0.0"
            }
          },
          "sort": [
            "2025-10-22T17:23:24.421Z",
            183
          ]
        },
        {
          "_index": "winlogbeat-9.1.2",
          "_id": "9U7yDJoBUQc08OI1cQNI",
          "_score": null,
          "_ignored": [
            "event.original.keyword",
            "message.keyword"
          ],
          "_source": {
            "tags": [
              "beats_input_codec_plain_applied"
            ],
            "winlog": {
              "event_id": "4689",
              "process": {
                "thread": {
                  "id": 8268
                },
                "pid": 4
              },
              "opcode": "Info",
              "task": "Process Termination",
              "provider_name": "Microsoft-Windows-Security-Auditing",
              "computer_name": "DESKTOP-48ASLS3",
              "provider_guid": "{54849625-5478-4994-A5BA-3E3B0328C30D}",
              "channel": "Security",
              "record_id": 77760,
              "keywords": [
                "Audit Success"
              ],
              "event_data": {
                "ProcessId": "0x1d4",
                "SubjectUserSid": "S-1-5-21-2565546577-2149564376-132263907-1000",
                "SubjectDomainName": "DESKTOP-48ASLS3",
                "Status": "0x40010004",
                "ProcessName": """C:\Windows\System32\RuntimeBroker.exe""",
                "SubjectUserName": "konoha",
                "SubjectLogonId": "0x28f38"
              }
            },
            "event": {
              "created": "2025-10-22T17:23:24.751Z",
              "provider": "Microsoft-Windows-Security-Auditing",
              "kind": "event",
              "code": "4689",
              "outcome": "success",
              "action": "Process Termination"
            },
            "agent": {
              "version": "9.1.2",
              "name": "DESKTOP-48ASLS3",
              "id": "b9ca19fd-2ebb-4d9b-8451-77ab948619b0",
              "ephemeral_id": "ce18a4b4-9459-4943-bda8-1823b9bbb362",
              "type": "winlogbeat"
            },
            "log": {
              "level": "information"
            },
            "@version": "1",
            "host": {
              "hostname": "DESKTOP-48ASLS3",
              "ip": [
                "fe80::7885:d3a2:905b:4597",
                "192.168.89.133"
              ],
              "name": "desktop-48asls3",
              "mac": [
                "00-0C-29-DE-2F-B8"
              ],
              "architecture": "x86_64",
              "id": "681a4ddb-9712-4c88-b038-3cfc4aa5a83b",
              "os": {
                "platform": "windows",
                "build": "19045.6456",
                "family": "windows",
                "version": "10.0",
                "name": "Windows 10 Education",
                "type": "windows",
                "kernel": "10.0.19041.6456 (WinBuild.160101.0800)"
              }
            },
            "@timestamp": "2025-10-22T17:23:24.420Z",
            "ecs": {
              "version": "8.0.0"
            }
          },
          "sort": [
            "2025-10-22T17:23:24.420Z",
            182
          ]
        },
        {
          "_index": "winlogbeat-9.1.2",
          "_id": "807yDJoBUQc08OI1cQNI",
          "_score": null,
          "_ignored": [
            "event.original.keyword",
            "message.keyword"
          ],
          "_source": {
            "tags": [
              "beats_input_codec_plain_applied"
            ],
            "log": {
              "level": "information"
            },
            "event": {
              "action": "Process Termination",
              "created": "2025-10-22T17:23:24.751Z",
              "kind": "event",
              "code": "4689",
              "outcome": "success",
              "provider": "Microsoft-Windows-Security-Auditing"
            },
            "winlog": {
              "event_id": "4689",
              "process": {
                "thread": {
                  "id": 296
                },
                "pid": 4
              },
              "opcode": "Info",
              "task": "Process Termination",
              "provider_name": "Microsoft-Windows-Security-Auditing",
              "computer_name": "DESKTOP-48ASLS3",
              "keywords": [
                "Audit Success"
              ],
              "channel": "Security",
              "record_id": 77759,
              "provider_guid": "{54849625-5478-4994-A5BA-3E3B0328C30D}",
              "event_data": {
                "SubjectUserSid": "S-1-5-21-2565546577-2149564376-132263907-1000",
                "ProcessId": "0x1658",
                "SubjectDomainName": "DESKTOP-48ASLS3",
                "Status": "0x40010004",
                "ProcessName": """C:\Windows\System32\taskhostw.exe""",
                "SubjectUserName": "konoha",
                "SubjectLogonId": "0x28f38"
              }
            },
            "agent": {
              "version": "9.1.2",
              "name": "DESKTOP-48ASLS3",
              "id": "b9ca19fd-2ebb-4d9b-8451-77ab948619b0",
              "type": "winlogbeat",
              "ephemeral_id": "ce18a4b4-9459-4943-bda8-1823b9bbb362"
            },
            "@version": "1",
            "host": {
              "hostname": "DESKTOP-48ASLS3",
              "ip": [
                "fe80::7885:d3a2:905b:4597",
                "192.168.89.133"
              ],
              "name": "desktop-48asls3",
              "id": "681a4ddb-9712-4c88-b038-3cfc4aa5a83b",
              "architecture": "x86_64",
              "mac": [
                "00-0C-29-DE-2F-B8"
              ],
              "os": {
                "platform": "windows",
                "build": "19045.6456",
                "family": "windows",
                "version": "10.0",
                "name": "Windows 10 Education",
                "type": "windows",
                "kernel": "10.0.19041.6456 (WinBuild.160101.0800)"
              }
            },
            "@timestamp": "2025-10-22T17:23:24.413Z",
            "ecs": {
              "version": "8.0.0"
            }
          },
          "sort": [
            "2025-10-22T17:23:24.413Z",
            180
          ]
        },
        {
          "_index": "winlogbeat-9.1.2",
          "_id": "307yDJoBUQc08OI1cQNH",
          "_score": null,
          "_ignored": [
            "event.original.keyword",
            "message.keyword"
          ],
          "_source": {
            "tags": [
              "beats_input_codec_plain_applied"
            ],
            "winlog": {
              "event_id": "4689",
              "process": {
                "thread": {
                  "id": 3692
                },
                "pid": 4
              },
              "opcode": "Info",
              "task": "Process Termination",
              "provider_name": "Microsoft-Windows-Security-Auditing",
              "computer_name": "DESKTOP-48ASLS3",
              "keywords": [
                "Audit Success"
              ],
              "channel": "Security",
              "record_id": 77758,
              "provider_guid": "{54849625-5478-4994-A5BA-3E3B0328C30D}",
              "event_data": {
                "ProcessId": "0x1c98",
                "SubjectUserSid": "S-1-5-21-2565546577-2149564376-132263907-1000",
                "SubjectDomainName": "DESKTOP-48ASLS3",
                "Status": "0x40010004",
                "ProcessName": """C:\Windows\System32\ctfmon.exe""",
                "SubjectUserName": "konoha",
                "SubjectLogonId": "0x28f38"
              }
            },
            "event": {
              "action": "Process Termination",
              "created": "2025-10-22T17:23:24.751Z",
              "kind": "event",
              "code": "4689",
              "outcome": "success",
              "provider": "Microsoft-Windows-Security-Auditing"
            },
            "agent": {
              "name": "DESKTOP-48ASLS3",
              "version": "9.1.2",
              "id": "b9ca19fd-2ebb-4d9b-8451-77ab948619b0",
              "ephemeral_id": "ce18a4b4-9459-4943-bda8-1823b9bbb362",
              "type": "winlogbeat"
            },
            "log": {
              "level": "information"
            },
            "@version": "1",
            "host": {
              "hostname": "DESKTOP-48ASLS3",
              "ip": [
                "fe80::7885:d3a2:905b:4597",
                "192.168.89.133"
              ],
              "name": "desktop-48asls3",
              "id": "681a4ddb-9712-4c88-b038-3cfc4aa5a83b",
              "architecture": "x86_64",
              "mac": [
                "00-0C-29-DE-2F-B8"
              ],
              "os": {
                "build": "19045.6456",
                "platform": "windows",
                "family": "windows",
                "version": "10.0",
                "name": "Windows 10 Education",
                "type": "windows",
                "kernel": "10.0.19041.6456 (WinBuild.160101.0800)"
              }
            },
            "@timestamp": "2025-10-22T17:23:24.353Z",
            "ecs": {
              "version": "8.0.0"
            }
          },
          "sort": [
            "2025-10-22T17:23:24.353Z",
            176
          ]
        },
        {
          "_index": "winlogbeat-9.1.2",
          "_id": "3k7yDJoBUQc08OI1cQNH",
          "_score": null,
          "_ignored": [
            "event.original.keyword",
            "message.keyword"
          ],
          "_source": {
            "tags": [
              "beats_input_codec_plain_applied"
            ],
            "log": {
              "level": "information"
            },
            "event": {
              "action": "Process Termination",
              "created": "2025-10-22T17:23:24.751Z",
              "kind": "event",
              "code": "4689",
              "outcome": "success",
              "provider": "Microsoft-Windows-Security-Auditing"
            },
            "agent": {
              "name": "DESKTOP-48ASLS3",
              "version": "9.1.2",
              "id": "b9ca19fd-2ebb-4d9b-8451-77ab948619b0",
              "type": "winlogbeat",
              "ephemeral_id": "ce18a4b4-9459-4943-bda8-1823b9bbb362"
            },
            "winlog": {
              "event_id": "4689",
              "process": {
                "thread": {
                  "id": 3692
                },
                "pid": 4
              },
              "opcode": "Info",
              "task": "Process Termination",
              "provider_name": "Microsoft-Windows-Security-Auditing",
              "computer_name": "DESKTOP-48ASLS3",
              "keywords": [
                "Audit Success"
              ],
              "provider_guid": "{54849625-5478-4994-A5BA-3E3B0328C30D}",
              "record_id": 77757,
              "channel": "Security",
              "event_data": {
                "ProcessId": "0x1534",
                "SubjectUserSid": "S-1-5-21-2565546577-2149564376-132263907-1000",
                "SubjectDomainName": "DESKTOP-48ASLS3",
                "Status": "0x40010004",
                "ProcessName": """C:\Windows\System32\sihost.exe""",
                "SubjectUserName": "konoha",
                "SubjectLogonId": "0x28f38"
              }
            },
            "@version": "1",
            "host": {
              "hostname": "DESKTOP-48ASLS3",
              "ip": [
                "fe80::7885:d3a2:905b:4597",
                "192.168.89.133"
              ],
              "name": "desktop-48asls3",
              "id": "681a4ddb-9712-4c88-b038-3cfc4aa5a83b",
              "architecture": "x86_64",
              "mac": [
                "00-0C-29-DE-2F-B8"
              ],
              "os": {
                "build": "19045.6456",
                "platform": "windows",
                "family": "windows",
                "name": "Windows 10 Education",
                "version": "10.0",
                "type": "windows",
                "kernel": "10.0.19041.6456 (WinBuild.160101.0800)"
              }
            },
            "@timestamp": "2025-10-22T17:23:24.353Z",
            "ecs": {
              "version": "8.0.0"
            }
          },
          "sort": [
            "2025-10-22T17:23:24.353Z",
            175
          ]
        },
        {
          "_index": "winlogbeat-9.1.2",
          "_id": "3E7yDJoBUQc08OI1cQNH",
          "_score": null,
          "_ignored": [
            "event.original.keyword",
            "message.keyword"
          ],
          "_source": {
            "tags": [
              "beats_input_codec_plain_applied"
            ],
            "log": {
              "level": "information"
            },
            "event": {
              "action": "Process Termination",
              "created": "2025-10-22T17:23:24.751Z",
              "kind": "event",
              "code": "4689",
              "outcome": "success",
              "provider": "Microsoft-Windows-Security-Auditing"
            },
            "agent": {
              "version": "9.1.2",
              "name": "DESKTOP-48ASLS3",
              "id": "b9ca19fd-2ebb-4d9b-8451-77ab948619b0",
              "type": "winlogbeat",
              "ephemeral_id": "ce18a4b4-9459-4943-bda8-1823b9bbb362"
            },
            "winlog": {
              "event_id": "4689",
              "process": {
                "thread": {
                  "id": 128
                },
                "pid": 4
              },
              "opcode": "Info",
              "task": "Process Termination",
              "provider_name": "Microsoft-Windows-Security-Auditing",
              "computer_name": "DESKTOP-48ASLS3",
              "keywords": [
                "Audit Success"
              ],
              "provider_guid": "{54849625-5478-4994-A5BA-3E3B0328C30D}",
              "record_id": 77756,
              "channel": "Security",
              "event_data": {
                "SubjectUserSid": "S-1-5-21-2565546577-2149564376-132263907-1000",
                "ProcessId": "0x1e64",
                "SubjectDomainName": "DESKTOP-48ASLS3",
                "Status": "0x40010004",
                "ProcessName": """C:\Windows\System32\RuntimeBroker.exe""",
                "SubjectUserName": "konoha",
                "SubjectLogonId": "0x28f38"
              }
            },
            "@version": "1",
            "host": {
              "hostname": "DESKTOP-48ASLS3",
              "ip": [
                "fe80::7885:d3a2:905b:4597",
                "192.168.89.133"
              ],
              "name": "desktop-48asls3",
              "mac": [
                "00-0C-29-DE-2F-B8"
              ],
              "architecture": "x86_64",
              "id": "681a4ddb-9712-4c88-b038-3cfc4aa5a83b",
              "os": {
                "build": "19045.6456",
                "platform": "windows",
                "family": "windows",
                "version": "10.0",
                "name": "Windows 10 Education",
                "type": "windows",
                "kernel": "10.0.19041.6456 (WinBuild.160101.0800)"
              }
            },
            "@timestamp": "2025-10-22T17:23:24.352Z",
            "ecs": {
              "version": "8.0.0"
            }
          },
          "sort": [
            "2025-10-22T17:23:24.352Z",
            173
          ]
        },
        {
          "_index": "winlogbeat-9.1.2",
          "_id": "207yDJoBUQc08OI1cQNH",
          "_score": null,
          "_ignored": [
            "event.original.keyword",
            "message.keyword"
          ],
          "_source": {
            "tags": [
              "beats_input_codec_plain_applied"
            ],
            "winlog": {
              "event_id": "4689",
              "process": {
                "thread": {
                  "id": 296
                },
                "pid": 4
              },
              "opcode": "Info",
              "task": "Process Termination",
              "provider_name": "Microsoft-Windows-Security-Auditing",
              "computer_name": "DESKTOP-48ASLS3",
              "keywords": [
                "Audit Success"
              ],
              "channel": "Security",
              "record_id": 77755,
              "provider_guid": "{54849625-5478-4994-A5BA-3E3B0328C30D}",
              "event_data": {
                "ProcessId": "0x1790",
                "SubjectUserSid": "S-1-5-21-2565546577-2149564376-132263907-1000",
                "SubjectDomainName": "DESKTOP-48ASLS3",
                "Status": "0x40010004",
                "ProcessName": """C:\Windows\explorer.exe""",
                "SubjectUserName": "konoha",
                "SubjectLogonId": "0x28f38"
              }
            },
            "event": {
              "created": "2025-10-22T17:23:24.751Z",
              "provider": "Microsoft-Windows-Security-Auditing",
              "kind": "event",
              "code": "4689",
              "outcome": "success",
              "action": "Process Termination"
            },
            "agent": {
              "version": "9.1.2",
              "name": "DESKTOP-48ASLS3",
              "id": "b9ca19fd-2ebb-4d9b-8451-77ab948619b0",
              "ephemeral_id": "ce18a4b4-9459-4943-bda8-1823b9bbb362",
              "type": "winlogbeat"
            },
            "log": {
              "level": "information"
            },
            "@version": "1",
            "host": {
              "hostname": "DESKTOP-48ASLS3",
              "ip": [
                "fe80::7885:d3a2:905b:4597",
                "192.168.89.133"
              ],
              "name": "desktop-48asls3",
              "id": "681a4ddb-9712-4c88-b038-3cfc4aa5a83b",
              "mac": [
                "00-0C-29-DE-2F-B8"
              ],
              "architecture": "x86_64",
              "os": {
                "platform": "windows",
                "build": "19045.6456",
                "family": "windows",
                "version": "10.0",
                "name": "Windows 10 Education",
                "type": "windows",
                "kernel": "10.0.19041.6456 (WinBuild.160101.0800)"
              }
            },
            "@timestamp": "2025-10-22T17:23:24.336Z",
            "ecs": {
              "version": "8.0.0"
            }
          },
          "sort": [
            "2025-10-22T17:23:24.336Z",
            172
          ]
        },
