        {
          "_index": "winlogbeat-9.1.2",
          "_id": "2k7yDJoBUQc08OI1cQNH",
          "_score": null,
          "_ignored": [
            "event.original.keyword",
            "message.keyword"
          ],
          "_source": {
            "tags": [
              "beats_input_codec_plain_applied"
            ],
            "winlog": {
              "event_id": "4689",
              "process": {
                "thread": {
                  "id": 3692
                },
                "pid": 4
              },
              "opcode": "Info",
              "task": "Process Termination",
              "provider_name": "Microsoft-Windows-Security-Auditing",
              "computer_name": "DESKTOP-48ASLS3",
              "keywords": [
                "Audit Success"
              ],
              "channel": "Security",
              "record_id": 77754,
              "provider_guid": "{54849625-5478-4994-A5BA-3E3B0328C30D}",
              "event_data": {
                "ProcessId": "0x4d0",
                "SubjectUserSid": "S-1-5-21-2565546577-2149564376-132263907-1000",
                "SubjectDomainName": "DESKTOP-48ASLS3",
                "Status": "0x1",
                "ProcessName": """C:\Windows\SystemApps\MicrosoftWindows.Client.CBS_cw5n1h2txyewy\TextInputHost.exe""",
                "SubjectUserName": "konoha",
                "SubjectLogonId": "0x28f38"
              }
            },
            "event": {
              "action": "Process Termination",
              "created": "2025-10-22T17:23:24.751Z",
              "kind": "event",
              "code": "4689",
              "outcome": "success",
              "provider": "Microsoft-Windows-Security-Auditing"
            },
            "agent": {
              "name": "DESKTOP-48ASLS3",
              "version": "9.1.2",
              "id": "b9ca19fd-2ebb-4d9b-8451-77ab948619b0",
              "type": "winlogbeat",
              "ephemeral_id": "ce18a4b4-9459-4943-bda8-1823b9bbb362"
            },
            "log": {
              "level": "information"
            },
            "@version": "1",
            "host": {
              "hostname": "DESKTOP-48ASLS3",
              "ip": [
                "fe80::7885:d3a2:905b:4597",
                "192.168.89.133"
              ],
              "name": "desktop-48asls3",
              "mac": [
                "00-0C-29-DE-2F-B8"
              ],
              "architecture": "x86_64",
              "id": "681a4ddb-9712-4c88-b038-3cfc4aa5a83b",
              "os": {
                "build": "19045.6456",
                "platform": "windows",
                "family": "windows",
                "version": "10.0",
                "name": "Windows 10 Education",
                "type": "windows",
                "kernel": "10.0.19041.6456 (WinBuild.160101.0800)"
              }
            },
            "@timestamp": "2025-10-22T17:23:24.129Z",
            "ecs": {
              "version": "8.0.0"
            }
          },
          "sort": [
            "2025-10-22T17:23:24.129Z",
            171
          ]
        },
        {
          "_index": "winlogbeat-9.1.2",
          "_id": "2U7yDJoBUQc08OI1cQNH",
          "_score": null,
          "_ignored": [
            "event.original.keyword",
            "message.keyword"
          ],
          "_source": {
            "tags": [
              "beats_input_codec_plain_applied"
            ],
            "winlog": {
              "event_id": "4689",
              "process": {
                "thread": {
                  "id": 3692
                },
                "pid": 4
              },
              "opcode": "Info",
              "task": "Process Termination",
              "provider_name": "Microsoft-Windows-Security-Auditing",
              "computer_name": "DESKTOP-48ASLS3",
              "provider_guid": "{54849625-5478-4994-A5BA-3E3B0328C30D}",
              "keywords": [
                "Audit Success"
              ],
              "record_id": 77753,
              "channel": "Security",
              "event_data": {
                "ProcessId": "0x194c",
                "SubjectUserSid": "S-1-5-21-2565546577-2149564376-132263907-1000",
                "SubjectDomainName": "DESKTOP-48ASLS3",
                "Status": "0x1",
                "ProcessName": """C:\Windows\SystemApps\Microsoft.Windows.Search_cw5n1h2txyewy\SearchApp.exe""",
                "SubjectUserName": "konoha",
                "SubjectLogonId": "0x28f38"
              }
            },
            "event": {
              "created": "2025-10-22T17:23:24.751Z",
              "action": "Process Termination",
              "kind": "event",
              "code": "4689",
              "outcome": "success",
              "provider": "Microsoft-Windows-Security-Auditing"
            },
            "log": {
              "level": "information"
            },
            "agent": {
              "name": "DESKTOP-48ASLS3",
              "version": "9.1.2",
              "id": "b9ca19fd-2ebb-4d9b-8451-77ab948619b0",
              "ephemeral_id": "ce18a4b4-9459-4943-bda8-1823b9bbb362",
              "type": "winlogbeat"
            },
            "@version": "1",
            "host": {
              "hostname": "DESKTOP-48ASLS3",
              "ip": [
                "fe80::7885:d3a2:905b:4597",
                "192.168.89.133"
              ],
              "name": "desktop-48asls3",
              "mac": [
                "00-0C-29-DE-2F-B8"
              ],
              "architecture": "x86_64",
              "id": "681a4ddb-9712-4c88-b038-3cfc4aa5a83b",
              "os": {
                "build": "19045.6456",
                "platform": "windows",
                "family": "windows",
                "version": "10.0",
                "name": "Windows 10 Education",
                "type": "windows",
                "kernel": "10.0.19041.6456 (WinBuild.160101.0800)"
              }
            },
            "@timestamp": "2025-10-22T17:23:23.873Z",
            "ecs": {
              "version": "8.0.0"
            }
          },
          "sort": [
            "2025-10-22T17:23:23.873Z",
            219
          ]
        },
        {
          "_index": "winlogbeat-9.1.2",
          "_id": "8E7yDJoBUQc08OI1cQNI",
          "_score": null,
          "_ignored": [
            "event.original.keyword",
            "message.keyword"
          ],
          "_source": {
            "tags": [
              "beats_input_codec_plain_applied"
            ],
            "log": {
              "level": "information"
            },
            "event": {
              "action": "Process Termination",
              "created": "2025-10-22T17:23:24.751Z",
              "kind": "event",
              "code": "4689",
              "outcome": "success",
              "provider": "Microsoft-Windows-Security-Auditing"
            },
            "agent": {
              "name": "DESKTOP-48ASLS3",
              "version": "9.1.2",
              "id": "b9ca19fd-2ebb-4d9b-8451-77ab948619b0",
              "type": "winlogbeat",
              "ephemeral_id": "ce18a4b4-9459-4943-bda8-1823b9bbb362"
            },
            "winlog": {
              "event_id": "4689",
              "process": {
                "thread": {
                  "id": 8272
                },
                "pid": 4
              },
              "opcode": "Info",
              "task": "Process Termination",
              "provider_name": "Microsoft-Windows-Security-Auditing",
              "computer_name": "DESKTOP-48ASLS3",
              "keywords": [
                "Audit Success"
              ],
              "channel": "Security",
              "record_id": 77752,
              "provider_guid": "{54849625-5478-4994-A5BA-3E3B0328C30D}",
              "event_data": {
                "ProcessId": "0x1b28",
                "SubjectUserSid": "S-1-5-21-2565546577-2149564376-132263907-1000",
                "SubjectDomainName": "DESKTOP-48ASLS3",
                "Status": "0x1",
                "ProcessName": """C:\Windows\SystemApps\Microsoft.Windows.StartMenuExperienceHost_cw5n1h2txyewy\StartMenuExperienceHost.exe""",
                "SubjectUserName": "konoha",
                "SubjectLogonId": "0x28f38"
              }
            },
            "@version": "1",
            "host": {
              "hostname": "DESKTOP-48ASLS3",
              "ip": [
                "fe80::7885:d3a2:905b:4597",
                "192.168.89.133"
              ],
              "name": "desktop-48asls3",
              "id": "681a4ddb-9712-4c88-b038-3cfc4aa5a83b",
              "mac": [
                "00-0C-29-DE-2F-B8"
              ],
              "architecture": "x86_64",
              "os": {
                "platform": "windows",
                "build": "19045.6456",
                "family": "windows",
                "version": "10.0",
                "name": "Windows 10 Education",
                "type": "windows",
                "kernel": "10.0.19041.6456 (WinBuild.160101.0800)"
              }
            },
            "@timestamp": "2025-10-22T17:23:23.851Z",
            "ecs": {
              "version": "8.0.0"
            }
          },
          "sort": [
            "2025-10-22T17:23:23.851Z",
            225
          ]
        },
        {
          "_index": "winlogbeat-9.1.2",
          "_id": "2E7yDJoBUQc08OI1cQNH",
          "_score": null,
          "_ignored": [
            "event.original.keyword",
            "message.keyword"
          ],
          "_source": {
            "tags": [
              "beats_input_codec_plain_applied"
            ],
            "winlog": {
              "event_id": "4689",
              "process": {
                "thread": {
                  "id": 8272
                },
                "pid": 4
              },
              "opcode": "Info",
              "task": "Process Termination",
              "provider_name": "Microsoft-Windows-Security-Auditing",
              "computer_name": "DESKTOP-48ASLS3",
              "provider_guid": "{54849625-5478-4994-A5BA-3E3B0328C30D}",
              "channel": "Security",
              "record_id": 77751,
              "keywords": [
                "Audit Success"
              ],
              "event_data": {
                "ProcessId": "0x2f8",
                "SubjectUserSid": "S-1-5-21-2565546577-2149564376-132263907-1000",
                "SubjectDomainName": "DESKTOP-48ASLS3",
                "Status": "0x1",
                "ProcessName": """C:\Windows\SystemApps\ShellExperienceHost_cw5n1h2txyewy\ShellExperienceHost.exe""",
                "SubjectUserName": "konoha",
                "SubjectLogonId": "0x28f38"
              }
            },
            "event": {
              "action": "Process Termination",
              "created": "2025-10-22T17:23:24.751Z",
              "kind": "event",
              "code": "4689",
              "outcome": "success",
              "provider": "Microsoft-Windows-Security-Auditing"
            },
            "log": {
              "level": "information"
            },
            "agent": {
              "version": "9.1.2",
              "name": "DESKTOP-48ASLS3",
              "id": "b9ca19fd-2ebb-4d9b-8451-77ab948619b0",
              "type": "winlogbeat",
              "ephemeral_id": "ce18a4b4-9459-4943-bda8-1823b9bbb362"
            },
            "@version": "1",
            "host": {
              "hostname": "DESKTOP-48ASLS3",
              "ip": [
                "fe80::7885:d3a2:905b:4597",
                "192.168.89.133"
              ],
              "name": "desktop-48asls3",
              "mac": [
                "00-0C-29-DE-2F-B8"
              ],
              "architecture": "x86_64",
              "id": "681a4ddb-9712-4c88-b038-3cfc4aa5a83b",
              "os": {
                "build": "19045.6456",
                "platform": "windows",
                "family": "windows",
                "name": "Windows 10 Education",
                "version": "10.0",
                "type": "windows",
                "kernel": "10.0.19041.6456 (WinBuild.160101.0800)"
              }
            },
            "@timestamp": "2025-10-22T17:23:23.844Z",
            "ecs": {
              "version": "8.0.0"
            }
          },
          "sort": [
            "2025-10-22T17:23:23.844Z",
            218
          ]
        },
        {
          "_index": "winlogbeat-9.1.2",
          "_id": "707yDJoBUQc08OI1cQNI",
          "_score": null,
          "_ignored": [
            "event.original.keyword",
            "message.keyword"
          ],
          "_source": {
            "tags": [
              "beats_input_codec_plain_applied"
            ],
            "winlog": {
              "event_id": "4689",
              "process": {
                "thread": {
                  "id": 8272
                },
                "pid": 4
              },
              "opcode": "Info",
              "task": "Process Termination",
              "provider_name": "Microsoft-Windows-Security-Auditing",
              "computer_name": "DESKTOP-48ASLS3",
              "keywords": [
                "Audit Success"
              ],
              "channel": "Security",
              "provider_guid": "{54849625-5478-4994-A5BA-3E3B0328C30D}",
              "record_id": 77750,
              "event_data": {
                "ProcessId": "0x1de0",
                "SubjectUserSid": "S-1-5-21-2565546577-2149564376-132263907-1000",
                "SubjectDomainName": "DESKTOP-48ASLS3",
                "Status": "0x1",
                "ProcessName": """C:\Windows\System32\backgroundTaskHost.exe""",
                "SubjectUserName": "konoha",
                "SubjectLogonId": "0x28f38"
              }
            },
            "event": {
              "action": "Process Termination",
              "created": "2025-10-22T17:23:24.751Z",
              "kind": "event",
              "code": "4689",
              "outcome": "success",
              "provider": "Microsoft-Windows-Security-Auditing"
            },
            "agent": {
              "version": "9.1.2",
              "name": "DESKTOP-48ASLS3",
              "id": "b9ca19fd-2ebb-4d9b-8451-77ab948619b0",
              "type": "winlogbeat",
              "ephemeral_id": "ce18a4b4-9459-4943-bda8-1823b9bbb362"
            },
            "log": {
              "level": "information"
            },
            "@version": "1",
            "host": {
              "hostname": "DESKTOP-48ASLS3",
              "ip": [
                "fe80::7885:d3a2:905b:4597",
                "192.168.89.133"
              ],
              "name": "desktop-48asls3",
              "id": "681a4ddb-9712-4c88-b038-3cfc4aa5a83b",
              "mac": [
                "00-0C-29-DE-2F-B8"
              ],
              "architecture": "x86_64",
              "os": {
                "build": "19045.6456",
                "platform": "windows",
                "family": "windows",
                "name": "Windows 10 Education",
                "version": "10.0",
                "type": "windows",
                "kernel": "10.0.19041.6456 (WinBuild.160101.0800)"
              }
            },
            "@timestamp": "2025-10-22T17:23:23.810Z",
            "ecs": {
              "version": "8.0.0"
            }
          },
          "sort": [
            "2025-10-22T17:23:23.810Z",
            224
          ]
        },
        {
          "_index": "winlogbeat-9.1.2",
          "_id": "107yDJoBUQc08OI1cQNH",
          "_score": null,
          "_ignored": [
            "event.original.keyword",
            "message.keyword"
          ],
          "_source": {
            "tags": [
              "beats_input_codec_plain_applied"
            ],
            "log": {
              "level": "information"
            },
            "event": {
              "created": "2025-10-22T17:23:24.751Z",
              "provider": "Microsoft-Windows-Security-Auditing",
              "kind": "event",
              "code": "4689",
              "outcome": "success",
              "action": "Process Termination"
            },
            "winlog": {
              "event_id": "4689",
              "process": {
                "thread": {
                  "id": 8272
                },
                "pid": 4
              },
              "opcode": "Info",
              "task": "Process Termination",
              "provider_name": "Microsoft-Windows-Security-Auditing",
              "computer_name": "DESKTOP-48ASLS3",
              "keywords": [
                "Audit Success"
              ],
              "channel": "Security",
              "record_id": 77749,
              "provider_guid": "{54849625-5478-4994-A5BA-3E3B0328C30D}",
              "event_data": {
                "ProcessId": "0x1dbc",
                "SubjectUserSid": "S-1-5-21-2565546577-2149564376-132263907-1000",
                "SubjectDomainName": "DESKTOP-48ASLS3",
                "Status": "0x1",
                "ProcessName": """C:\Windows\System32\backgroundTaskHost.exe""",
                "SubjectUserName": "konoha",
                "SubjectLogonId": "0x28f38"
              }
            },
            "agent": {
              "name": "DESKTOP-48ASLS3",
              "version": "9.1.2",
              "id": "b9ca19fd-2ebb-4d9b-8451-77ab948619b0",
              "ephemeral_id": "ce18a4b4-9459-4943-bda8-1823b9bbb362",
              "type": "winlogbeat"
            },
            "@version": "1",
            "host": {
              "hostname": "DESKTOP-48ASLS3",
              "ip": [
                "fe80::7885:d3a2:905b:4597",
                "192.168.89.133"
              ],
              "name": "desktop-48asls3",
              "id": "681a4ddb-9712-4c88-b038-3cfc4aa5a83b",
              "mac": [
                "00-0C-29-DE-2F-B8"
              ],
              "architecture": "x86_64",
              "os": {
                "build": "19045.6456",
                "platform": "windows",
                "family": "windows",
                "version": "10.0",
                "name": "Windows 10 Education",
                "type": "windows",
                "kernel": "10.0.19041.6456 (WinBuild.160101.0800)"
              }
            },
            "@timestamp": "2025-10-22T17:23:23.808Z",
            "ecs": {
              "version": "8.0.0"
            }
          },
          "sort": [
            "2025-10-22T17:23:23.808Z",
            165
          ]
        },
        {
          "_index": "winlogbeat-9.1.2",
          "_id": "1k7yDJoBUQc08OI1cQNH",
          "_score": null,
          "_ignored": [
            "event.original.keyword",
            "message.keyword"
          ],
          "_source": {
            "tags": [
              "beats_input_codec_plain_applied"
            ],
            "winlog": {
              "event_id": "4689",
              "process": {
                "thread": {
                  "id": 3692
                },
                "pid": 4
              },
              "opcode": "Info",
              "task": "Process Termination",
              "provider_name": "Microsoft-Windows-Security-Auditing",
              "computer_name": "DESKTOP-48ASLS3",
              "keywords": [
                "Audit Success"
              ],
              "channel": "Security",
              "record_id": 77748,
              "provider_guid": "{54849625-5478-4994-A5BA-3E3B0328C30D}",
              "event_data": {
                "ProcessId": "0x23fc",
                "SubjectUserSid": "S-1-5-21-2565546577-2149564376-132263907-1000",
                "SubjectDomainName": "DESKTOP-48ASLS3",
                "Status": "0x1",
                "ProcessName": """C:\Windows\System32\backgroundTaskHost.exe""",
                "SubjectUserName": "konoha",
                "SubjectLogonId": "0x28f38"
              }
            },
            "event": {
              "created": "2025-10-22T17:23:24.751Z",
              "provider": "Microsoft-Windows-Security-Auditing",
              "kind": "event",
              "code": "4689",
              "outcome": "success",
              "action": "Process Termination"
            },
            "agent": {
              "name": "DESKTOP-48ASLS3",
              "version": "9.1.2",
              "id": "b9ca19fd-2ebb-4d9b-8451-77ab948619b0",
              "type": "winlogbeat",
              "ephemeral_id": "ce18a4b4-9459-4943-bda8-1823b9bbb362"
            },
            "log": {
              "level": "information"
            },
            "@version": "1",
            "host": {
              "hostname": "DESKTOP-48ASLS3",
              "ip": [
                "fe80::7885:d3a2:905b:4597",
                "192.168.89.133"
              ],
              "name": "desktop-48asls3",
              "mac": [
                "00-0C-29-DE-2F-B8"
              ],
              "architecture": "x86_64",
              "id": "681a4ddb-9712-4c88-b038-3cfc4aa5a83b",
              "os": {
                "build": "19045.6456",
                "platform": "windows",
                "family": "windows",
                "version": "10.0",
                "name": "Windows 10 Education",
                "type": "windows",
                "kernel": "10.0.19041.6456 (WinBuild.160101.0800)"
              }
            },
            "@timestamp": "2025-10-22T17:23:23.804Z",
            "ecs": {
              "version": "8.0.0"
            }
          },
          "sort": [
            "2025-10-22T17:23:23.804Z",
            164
          ]
        },
        {
          "_index": "winlogbeat-9.1.2",
          "_id": "1U7yDJoBUQc08OI1cQNH",
          "_score": null,
          "_ignored": [
            "event.original.keyword",
            "message.keyword"
          ],
          "_source": {
            "tags": [
              "beats_input_codec_plain_applied"
            ],
            "winlog": {
              "event_id": "4689",
              "process": {
                "thread": {
                  "id": 3692
                },
                "pid": 4
              },
              "opcode": "Info",
              "task": "Process Termination",
              "provider_name": "Microsoft-Windows-Security-Auditing",
              "computer_name": "DESKTOP-48ASLS3",
              "keywords": [
                "Audit Success"
              ],
              "channel": "Security",
              "provider_guid": "{54849625-5478-4994-A5BA-3E3B0328C30D}",
              "record_id": 77747,
              "event_data": {
                "ProcessId": "0x2100",
                "SubjectUserSid": "S-1-5-21-2565546577-2149564376-132263907-1000",
                "SubjectDomainName": "DESKTOP-48ASLS3",
                "Status": "0x1",
                "ProcessName": """C:\Windows\System32\backgroundTaskHost.exe""",
                "SubjectUserName": "konoha",
                "SubjectLogonId": "0x28f38"
              }
            },
            "event": {
              "action": "Process Termination",
              "created": "2025-10-22T17:23:24.751Z",
              "kind": "event",
              "code": "4689",
              "outcome": "success",
              "provider": "Microsoft-Windows-Security-Auditing"
            },
            "agent": {
              "version": "9.1.2",
              "name": "DESKTOP-48ASLS3",
              "id": "b9ca19fd-2ebb-4d9b-8451-77ab948619b0",
              "type": "winlogbeat",
              "ephemeral_id": "ce18a4b4-9459-4943-bda8-1823b9bbb362"
            },
            "log": {
              "level": "information"
            },
            "@version": "1",
            "host": {
              "hostname": "DESKTOP-48ASLS3",
              "ip": [
                "fe80::7885:d3a2:905b:4597",
                "192.168.89.133"
              ],
              "name": "desktop-48asls3",
              "id": "681a4ddb-9712-4c88-b038-3cfc4aa5a83b",
              "architecture": "x86_64",
              "mac": [
                "00-0C-29-DE-2F-B8"
              ],
              "os": {
                "platform": "windows",
                "build": "19045.6456",
                "family": "windows",
                "version": "10.0",
                "name": "Windows 10 Education",
                "type": "windows",
                "kernel": "10.0.19041.6456 (WinBuild.160101.0800)"
              }
            },
            "@timestamp": "2025-10-22T17:23:23.803Z",
            "ecs": {
              "version": "8.0.0"
            }
          },
          "sort": [
            "2025-10-22T17:23:23.803Z",
            216
          ]
        },
        {
          "_index": "winlogbeat-9.1.2",
          "_id": "1E7yDJoBUQc08OI1cQNH",
          "_score": null,
          "_ignored": [
            "event.original.keyword",
            "message.keyword"
          ],
          "_source": {
            "tags": [
              "beats_input_codec_plain_applied"
            ],
            "winlog": {
              "event_id": "4689",
              "process": {
                "thread": {
                  "id": 3692
                },
                "pid": 4
              },
              "opcode": "Info",
              "task": "Process Termination",
              "provider_name": "Microsoft-Windows-Security-Auditing",
              "computer_name": "DESKTOP-48ASLS3",
              "keywords": [
                "Audit Success"
              ],
              "channel": "Security",
              "record_id": 77746,
              "provider_guid": "{54849625-5478-4994-A5BA-3E3B0328C30D}",
              "event_data": {
                "ProcessId": "0x1288",
                "SubjectUserSid": "S-1-5-21-2565546577-2149564376-132263907-1000",
                "SubjectDomainName": "DESKTOP-48ASLS3",
                "Status": "0x1",
                "ProcessName": """C:\Windows\System32\backgroundTaskHost.exe""",
                "SubjectUserName": "konoha",
                "SubjectLogonId": "0x28f38"
              }
            },
            "event": {
              "created": "2025-10-22T17:23:24.751Z",
              "provider": "Microsoft-Windows-Security-Auditing",
              "kind": "event",
              "code": "4689",
              "outcome": "success",
              "action": "Process Termination"
            },
            "agent": {
              "version": "9.1.2",
              "name": "DESKTOP-48ASLS3",
              "id": "b9ca19fd-2ebb-4d9b-8451-77ab948619b0",
              "type": "winlogbeat",
              "ephemeral_id": "ce18a4b4-9459-4943-bda8-1823b9bbb362"
            },
            "log": {
              "level": "information"
            },
            "@version": "1",
            "host": {
              "hostname": "DESKTOP-48ASLS3",
              "ip": [
                "fe80::7885:d3a2:905b:4597",
                "192.168.89.133"
              ],
              "name": "desktop-48asls3",
              "mac": [
                "00-0C-29-DE-2F-B8"
              ],
              "architecture": "x86_64",
              "id": "681a4ddb-9712-4c88-b038-3cfc4aa5a83b",
              "os": {
                "build": "19045.6456",
                "platform": "windows",
                "family": "windows",
                "version": "10.0",
                "name": "Windows 10 Education",
                "type": "windows",
                "kernel": "10.0.19041.6456 (WinBuild.160101.0800)"
              }
            },
            "@timestamp": "2025-10-22T17:23:23.802Z",
            "ecs": {
              "version": "8.0.0"
            }
          },
          "sort": [
            "2025-10-22T17:23:23.802Z",
            162
          ]
        },
        {
          "_index": "winlogbeat-9.1.2",
          "_id": "7k7yDJoBUQc08OI1cQNI",
          "_score": null,
          "_ignored": [
            "event.original.keyword",
            "message.keyword"
          ],
          "_source": {
            "tags": [
              "beats_input_codec_plain_applied"
            ],
            "log": {
              "level": "information"
            },
            "event": {
              "action": "Process Termination",
              "created": "2025-10-22T17:23:24.751Z",
              "kind": "event",
              "code": "4689",
              "outcome": "success",
              "provider": "Microsoft-Windows-Security-Auditing"
            },
            "agent": {
              "version": "9.1.2",
              "name": "DESKTOP-48ASLS3",
              "id": "b9ca19fd-2ebb-4d9b-8451-77ab948619b0",
              "type": "winlogbeat",
              "ephemeral_id": "ce18a4b4-9459-4943-bda8-1823b9bbb362"
            },
            "winlog": {
              "event_id": "4689",
              "process": {
                "thread": {
                  "id": 3188
                },
                "pid": 4
              },
              "opcode": "Info",
              "task": "Process Termination",
              "provider_name": "Microsoft-Windows-Security-Auditing",
              "computer_name": "DESKTOP-48ASLS3",
              "keywords": [
                "Audit Success"
              ],
              "channel": "Security",
              "record_id": 77745,
              "provider_guid": "{54849625-5478-4994-A5BA-3E3B0328C30D}",
              "event_data": {
                "SubjectUserSid": "S-1-5-21-2565546577-2149564376-132263907-1000",
                "ProcessId": "0x10e8",
                "SubjectDomainName": "DESKTOP-48ASLS3",
                "Status": "0x1",
                "ProcessName": """C:\Windows\System32\backgroundTaskHost.exe""",
                "SubjectUserName": "konoha",
                "SubjectLogonId": "0x28f38"
              }
            },
            "@version": "1",
            "host": {
              "hostname": "DESKTOP-48ASLS3",
              "ip": [
                "fe80::7885:d3a2:905b:4597",
                "192.168.89.133"
              ],
              "name": "desktop-48asls3",
              "id": "681a4ddb-9712-4c88-b038-3cfc4aa5a83b",
              "mac": [
                "00-0C-29-DE-2F-B8"
              ],
              "architecture": "x86_64",
              "os": {
                "build": "19045.6456",
                "platform": "windows",
                "family": "windows",
                "version": "10.0",
                "name": "Windows 10 Education",
                "type": "windows",
                "kernel": "10.0.19041.6456 (WinBuild.160101.0800)"
              }
            },
            "@timestamp": "2025-10-22T17:23:23.801Z",
            "ecs": {
              "version": "8.0.0"
            }
          },
          "sort": [
            "2025-10-22T17:23:23.801Z",
            223
          ]
        },
        {
          "_index": "winlogbeat-9.1.2",
          "_id": "007yDJoBUQc08OI1cQNH",
          "_score": null,
          "_ignored": [
            "event.original.keyword",
            "message.keyword"
          ],
          "_source": {
            "tags": [
              "beats_input_codec_plain_applied"
            ],
            "winlog": {
              "event_id": "4689",
              "process": {
                "thread": {
                  "id": 3188
                },
                "pid": 4
              },
              "opcode": "Info",
              "task": "Process Termination",
              "provider_name": "Microsoft-Windows-Security-Auditing",
              "computer_name": "DESKTOP-48ASLS3",
              "keywords": [
                "Audit Success"
              ],
              "provider_guid": "{54849625-5478-4994-A5BA-3E3B0328C30D}",
              "record_id": 77744,
              "channel": "Security",
              "event_data": {
                "ProcessId": "0x1cac",
                "SubjectUserSid": "S-1-5-21-2565546577-2149564376-132263907-1000",
                "SubjectDomainName": "DESKTOP-48ASLS3",
                "Status": "0x40010004",
                "ProcessName": """C:\Program Files\Common Files\microsoft shared\ink\TabTip.exe""",
                "SubjectUserName": "konoha",
                "SubjectLogonId": "0x28f38"
              }
            },
            "event": {
              "action": "Process Termination",
              "created": "2025-10-22T17:23:24.751Z",
              "kind": "event",
              "code": "4689",
              "outcome": "success",
              "provider": "Microsoft-Windows-Security-Auditing"
            },
            "agent": {
              "name": "DESKTOP-48ASLS3",
              "version": "9.1.2",
              "id": "b9ca19fd-2ebb-4d9b-8451-77ab948619b0",
              "ephemeral_id": "ce18a4b4-9459-4943-bda8-1823b9bbb362",
              "type": "winlogbeat"
            },
            "log": {
              "level": "information"
            },
            "@version": "1",
            "host": {
              "hostname": "DESKTOP-48ASLS3",
              "ip": [
                "fe80::7885:d3a2:905b:4597",
                "192.168.89.133"
              ],
              "name": "desktop-48asls3",
              "id": "681a4ddb-9712-4c88-b038-3cfc4aa5a83b",
              "mac": [
                "00-0C-29-DE-2F-B8"
              ],
              "architecture": "x86_64",
              "os": {
                "platform": "windows",
                "build": "19045.6456",
                "family": "windows",
                "version": "10.0",
                "name": "Windows 10 Education",
                "type": "windows",
                "kernel": "10.0.19041.6456 (WinBuild.160101.0800)"
              }
            },
            "@timestamp": "2025-10-22T17:23:23.758Z",
            "ecs": {
              "version": "8.0.0"
            }
          },
          "sort": [
            "2025-10-22T17:23:23.758Z",
            161
          ]
        },
        {
          "_index": "winlogbeat-9.1.2",
          "_id": "7U7yDJoBUQc08OI1cQNI",
          "_score": null,
          "_ignored": [
            "event.original.keyword",
            "message.keyword"
          ],
          "_source": {
            "tags": [
              "beats_input_codec_plain_applied"
            ],
            "winlog": {
              "event_id": "4689",
              "process": {
                "thread": {
                  "id": 3188
                },
                "pid": 4
              },
              "opcode": "Info",
              "task": "Process Termination",
              "provider_name": "Microsoft-Windows-Security-Auditing",
              "computer_name": "DESKTOP-48ASLS3",
              "provider_guid": "{54849625-5478-4994-A5BA-3E3B0328C30D}",
              "channel": "Security",
              "record_id": 77743,
              "keywords": [
                "Audit Success"
              ],
              "event_data": {
                "SubjectUserSid": "S-1-5-21-2565546577-2149564376-132263907-1000",
                "ProcessId": "0x1628",
                "SubjectDomainName": "DESKTOP-48ASLS3",
                "Status": "0x40010004",
                "ProcessName": """C:\Windows\System32\taskhostw.exe""",
                "SubjectUserName": "konoha",
                "SubjectLogonId": "0x28f38"
              }
            },
            "event": {
              "action": "Process Termination",
              "created": "2025-10-22T17:23:24.751Z",
              "kind": "event",
              "code": "4689",
              "outcome": "success",
              "provider": "Microsoft-Windows-Security-Auditing"
            },
            "agent": {
              "version": "9.1.2",
              "name": "DESKTOP-48ASLS3",
              "id": "b9ca19fd-2ebb-4d9b-8451-77ab948619b0",
              "ephemeral_id": "ce18a4b4-9459-4943-bda8-1823b9bbb362",
              "type": "winlogbeat"
            },
            "log": {
              "level": "information"
            },
            "@version": "1",
            "host": {
              "hostname": "DESKTOP-48ASLS3",
              "ip": [
                "fe80::7885:d3a2:905b:4597",
                "192.168.89.133"
              ],
              "name": "desktop-48asls3",
              "mac": [
                "00-0C-29-DE-2F-B8"
              ],
              "architecture": "x86_64",
              "id": "681a4ddb-9712-4c88-b038-3cfc4aa5a83b",
              "os": {
                "platform": "windows",
                "build": "19045.6456",
                "family": "windows",
                "version": "10.0",
                "name": "Windows 10 Education",
                "type": "windows",
                "kernel": "10.0.19041.6456 (WinBuild.160101.0800)"
              }
            },
            "@timestamp": "2025-10-22T17:23:23.752Z",
            "ecs": {
              "version": "8.0.0"
            }
          },
          "sort": [
            "2025-10-22T17:23:23.752Z",
            222
          ]
        },
        {
          "_index": "winlogbeat-9.1.2",
          "_id": "0k7yDJoBUQc08OI1cQNH",
          "_score": null,
          "_ignored": [
            "event.original.keyword",
            "message.keyword"
          ],
          "_source": {
            "tags": [
              "beats_input_codec_plain_applied"
            ],
            "winlog": {
              "event_id": "4689",
              "process": {
                "thread": {
                  "id": 3692
                },
                "pid": 4
              },
              "opcode": "Info",
              "task": "Process Termination",
              "provider_name": "Microsoft-Windows-Security-Auditing",
              "computer_name": "DESKTOP-48ASLS3",
              "keywords": [
                "Audit Success"
              ],
              "channel": "Security",
              "record_id": 77742,
              "provider_guid": "{54849625-5478-4994-A5BA-3E3B0328C30D}",
              "event_data": {
                "ProcessId": "0x1a90",
                "SubjectUserSid": "S-1-5-21-2565546577-2149564376-132263907-1000",
                "SubjectDomainName": "DESKTOP-48ASLS3",
                "Status": "0x40010004",
                "ProcessName": """C:\Users\konoha\AppData\Local\Microsoft\OneDrive\OneDrive.exe""",
                "SubjectUserName": "konoha",
                "SubjectLogonId": "0x28f38"
              }
            },
            "event": {
              "action": "Process Termination",
              "created": "2025-10-22T17:23:24.751Z",
              "kind": "event",
              "code": "4689",
              "outcome": "success",
              "provider": "Microsoft-Windows-Security-Auditing"
            },
            "log": {
              "level": "information"
            },
            "agent": {
              "name": "DESKTOP-48ASLS3",
              "version": "9.1.2",
              "id": "b9ca19fd-2ebb-4d9b-8451-77ab948619b0",
              "ephemeral_id": "ce18a4b4-9459-4943-bda8-1823b9bbb362",
              "type": "winlogbeat"
            },
            "@version": "1",
            "host": {
              "hostname": "DESKTOP-48ASLS3",
              "ip": [
                "fe80::7885:d3a2:905b:4597",
                "192.168.89.133"
              ],
              "name": "desktop-48asls3",
              "id": "681a4ddb-9712-4c88-b038-3cfc4aa5a83b",
              "mac": [
                "00-0C-29-DE-2F-B8"
              ],
              "architecture": "x86_64",
              "os": {
                "build": "19045.6456",
                "platform": "windows",
                "family": "windows",
                "version": "10.0",
                "name": "Windows 10 Education",
                "type": "windows",
                "kernel": "10.0.19041.6456 (WinBuild.160101.0800)"
              }
            },
            "@timestamp": "2025-10-22T17:23:23.738Z",
            "ecs": {
              "version": "8.0.0"
            }
          },
          "sort": [
            "2025-10-22T17:23:23.738Z",
            160
          ]
        },
        {
          "_index": "winlogbeat-9.1.2",
          "_id": "7E7yDJoBUQc08OI1cQNI",
          "_score": null,
          "_ignored": [
            "event.original.keyword",
            "message.keyword"
          ],
          "_source": {
            "tags": [
              "beats_input_codec_plain_applied"
            ],
            "winlog": {
              "event_id": "4689",
              "process": {
                "thread": {
                  "id": 3188
                },
                "pid": 4
              },
              "opcode": "Info",
              "task": "Process Termination",
              "provider_name": "Microsoft-Windows-Security-Auditing",
              "computer_name": "DESKTOP-48ASLS3",
              "keywords": [
                "Audit Success"
              ],
              "provider_guid": "{54849625-5478-4994-A5BA-3E3B0328C30D}",
              "channel": "Security",
              "record_id": 77741,
              "event_data": {
                "ProcessId": "0x1180",
                "SubjectUserSid": "S-1-5-21-2565546577-2149564376-132263907-1000",
                "SubjectDomainName": "DESKTOP-48ASLS3",
                "Status": "0x40010004",
                "ProcessName": """C:\Windows\System32\dllhost.exe""",
                "SubjectUserName": "konoha",
                "SubjectLogonId": "0x28f38"
              }
            },
            "event": {
              "created": "2025-10-22T17:23:24.751Z",
              "action": "Process Termination",
              "kind": "event",
              "code": "4689",
              "outcome": "success",
              "provider": "Microsoft-Windows-Security-Auditing"
            },
            "agent": {
              "name": "DESKTOP-48ASLS3",
              "version": "9.1.2",
              "id": "b9ca19fd-2ebb-4d9b-8451-77ab948619b0",
              "type": "winlogbeat",
              "ephemeral_id": "ce18a4b4-9459-4943-bda8-1823b9bbb362"
            },
            "log": {
              "level": "information"
            },
            "@version": "1",
            "host": {
              "hostname": "DESKTOP-48ASLS3",
              "ip": [
                "fe80::7885:d3a2:905b:4597",
                "192.168.89.133"
              ],
              "name": "desktop-48asls3",
              "id": "681a4ddb-9712-4c88-b038-3cfc4aa5a83b",
              "mac": [
                "00-0C-29-DE-2F-B8"
              ],
              "architecture": "x86_64",
              "os": {
                "build": "19045.6456",
                "platform": "windows",
                "family": "windows",
                "version": "10.0",
                "name": "Windows 10 Education",
                "type": "windows",
                "kernel": "10.0.19041.6456 (WinBuild.160101.0800)"
              }
            },
            "@timestamp": "2025-10-22T17:23:23.581Z",
            "ecs": {
              "version": "8.0.0"
            }
          },
          "sort": [
            "2025-10-22T17:23:23.581Z",
            221
          ]
        },
        {
          "_index": "winlogbeat-9.1.2",
          "_id": "607yDJoBUQc08OI1cQNH",
          "_score": null,
          "_ignored": [
            "event.original.keyword",
            "message.keyword"
          ],
          "_source": {
            "tags": [
              "beats_input_codec_plain_applied"
            ],
            "log": {
              "level": "information"
            },
            "event": {
              "action": "Process Termination",
              "created": "2025-10-22T17:23:24.751Z",
              "kind": "event",
              "code": "4689",
              "outcome": "success",
              "provider": "Microsoft-Windows-Security-Auditing"
            },
            "agent": {
              "name": "DESKTOP-48ASLS3",
              "version": "9.1.2",
              "id": "b9ca19fd-2ebb-4d9b-8451-77ab948619b0",
              "ephemeral_id": "ce18a4b4-9459-4943-bda8-1823b9bbb362",
              "type": "winlogbeat"
            },
            "winlog": {
              "event_id": "4689",
              "process": {
                "thread": {
                  "id": 3692
                },
                "pid": 4
              },
              "opcode": "Info",
              "task": "Process Termination",
              "provider_name": "Microsoft-Windows-Security-Auditing",
              "computer_name": "DESKTOP-48ASLS3",
              "provider_guid": "{54849625-5478-4994-A5BA-3E3B0328C30D}",
              "channel": "Security",
              "keywords": [
                "Audit Success"
              ],
              "record_id": 77740,
              "event_data": {
                "ProcessId": "0x1fe0",
                "SubjectUserSid": "S-1-5-21-2565546577-2149564376-132263907-1000",
                "SubjectDomainName": "DESKTOP-48ASLS3",
                "Status": "0x0",
                "ProcessName": """C:\Program Files\VMware\VMware Tools\vmtoolsd.exe""",
                "SubjectUserName": "konoha",
                "SubjectLogonId": "0x28f38"
              }
            },
            "@version": "1",
            "host": {
              "hostname": "DESKTOP-48ASLS3",
              "ip": [
                "fe80::7885:d3a2:905b:4597",
                "192.168.89.133"
              ],
              "name": "desktop-48asls3",
              "mac": [
                "00-0C-29-DE-2F-B8"
              ],
              "architecture": "x86_64",
              "id": "681a4ddb-9712-4c88-b038-3cfc4aa5a83b",
              "os": {
                "build": "19045.6456",
                "platform": "windows",
                "family": "windows",
                "version": "10.0",
                "name": "Windows 10 Education",
                "type": "windows",
                "kernel": "10.0.19041.6456 (WinBuild.160101.0800)"
              }
            },
            "@timestamp": "2025-10-22T17:23:23.566Z",
            "ecs": {
              "version": "8.0.0"
            }
          },
          "sort": [
            "2025-10-22T17:23:23.566Z",
            220
          ]
        },
