        {
          "_index": "winlogbeat-9.1.2",
          "_id": "U07xDJoBUQc08OI1ZAOf",
          "_score": null,
          "_ignored": [
            "event.original.keyword",
            "message.keyword"
          ],
          "_source": {
            "tags": [
              "beats_input_codec_plain_applied"
            ],
            "winlog": {
              "event_id": "4688",
              "process": {
                "thread": {
                  "id": 5916
                },
                "pid": 4
              },
              "opcode": "Info",
              "task": "Process Creation",
              "provider_name": "Microsoft-Windows-Security-Auditing",
              "computer_name": "DESKTOP-48ASLS3",
              "provider_guid": "{54849625-5478-4994-A5BA-3E3B0328C30D}",
              "channel": "Security",
              "version": 2,
              "record_id": 77654,
              "keywords": [
                "Audit Success"
              ],
              "event_data": {
                "TargetDomainName": "-",
                "TokenElevationType": "TokenElevationTypeDefault (1)",
                "ParentProcessName": """C:\Windows\System32\wevtutil.exe""",
                "SubjectDomainName": "WORKGROUP",
                "NewProcessName": """C:\Windows\System32\conhost.exe""",
                "TargetLogonId": "0x0",
                "TargetUserSid": "S-1-0-0",
                "TargetUserName": "-",
                "ProcessId": "0x1f54",
                "SubjectUserSid": "S-1-5-18",
                "SubjectUserName": "DESKTOP-48ASLS3$",
                "MandatoryLabel": "S-1-16-16384",
                "NewProcessId": "0x1f5c",
                "SubjectLogonId": "0x3e7"
              }
            },
            "event": {
              "created": "2025-10-22T17:22:07.666Z",
              "action": "Process Creation",
              "kind": "event",
              "code": "4688",
              "outcome": "success",
              "provider": "Microsoft-Windows-Security-Auditing"
            },
            "agent": {
              "version": "9.1.2",
              "name": "DESKTOP-48ASLS3",
              "id": "b9ca19fd-2ebb-4d9b-8451-77ab948619b0",
              "ephemeral_id": "ce18a4b4-9459-4943-bda8-1823b9bbb362",
              "type": "winlogbeat"
            },
            "log": {
              "level": "information"
            },
            "@version": "1",
            "host": {
              "hostname": "DESKTOP-48ASLS3",
              "ip": [
                "fe80::7885:d3a2:905b:4597",
                "192.168.89.133"
              ],
              "name": "desktop-48asls3",
              "id": "681a4ddb-9712-4c88-b038-3cfc4aa5a83b",
              "architecture": "x86_64",
              "mac": [
                "00-0C-29-DE-2F-B8"
              ],
              "os": {
                "build": "19045.6456",
                "platform": "windows",
                "family": "windows",
                "version": "10.0",
                "name": "Windows 10 Education",
                "type": "windows",
                "kernel": "10.0.19041.6456 (WinBuild.160101.0800)"
              }
            },
            "@timestamp": "2025-10-22T17:22:06.563Z",
            "ecs": {
              "version": "8.0.0"
            }
          },
          "sort": [
            "2025-10-22T17:22:06.563Z",
            58
          ]
        },
        {
          "_index": "winlogbeat-9.1.2",
          "_id": "Uk7xDJoBUQc08OI1ZAOf",
          "_score": null,
          "_ignored": [
            "event.original.keyword",
            "message.keyword"
          ],
          "_source": {
            "tags": [
              "beats_input_codec_plain_applied"
            ],
            "log": {
              "level": "information"
            },
            "event": {
              "created": "2025-10-22T17:22:07.666Z",
              "provider": "Microsoft-Windows-Security-Auditing",
              "kind": "event",
              "code": "4688",
              "outcome": "success",
              "action": "Process Creation"
            },
            "agent": {
              "name": "DESKTOP-48ASLS3",
              "version": "9.1.2",
              "id": "b9ca19fd-2ebb-4d9b-8451-77ab948619b0",
              "type": "winlogbeat",
              "ephemeral_id": "ce18a4b4-9459-4943-bda8-1823b9bbb362"
            },
            "winlog": {
              "event_id": "4688",
              "process": {
                "thread": {
                  "id": 5916
                },
                "pid": 4
              },
              "opcode": "Info",
              "task": "Process Creation",
              "provider_name": "Microsoft-Windows-Security-Auditing",
              "computer_name": "DESKTOP-48ASLS3",
              "keywords": [
                "Audit Success"
              ],
              "channel": "Security",
              "record_id": 77653,
              "version": 2,
              "provider_guid": "{54849625-5478-4994-A5BA-3E3B0328C30D}",
              "event_data": {
                "NewProcessId": "0x1f54",
                "TokenElevationType": "TokenElevationTypeDefault (1)",
                "ParentProcessName": """C:\ProgramData\Microsoft\Windows Defender\Platform\4.18.25090.3009-0\MsMpEng.exe""",
                "SubjectDomainName": "WORKGROUP",
                "TargetLogonId": "0x0",
                "NewProcessName": """C:\Windows\System32\wevtutil.exe""",
                "TargetUserSid": "S-1-0-0",
                "TargetUserName": "-",
                "SubjectUserSid": "S-1-5-18",
                "ProcessId": "0xd8c",
                "SubjectUserName": "DESKTOP-48ASLS3$",
                "MandatoryLabel": "S-1-16-16384",
                "TargetDomainName": "-",
                "SubjectLogonId": "0x3e7"
              }
            },
            "@version": "1",
            "host": {
              "hostname": "DESKTOP-48ASLS3",
              "ip": [
                "fe80::7885:d3a2:905b:4597",
                "192.168.89.133"
              ],
              "name": "desktop-48asls3",
              "id": "681a4ddb-9712-4c88-b038-3cfc4aa5a83b",
              "architecture": "x86_64",
              "mac": [
                "00-0C-29-DE-2F-B8"
              ],
              "os": {
                "build": "19045.6456",
                "platform": "windows",
                "family": "windows",
                "version": "10.0",
                "name": "Windows 10 Education",
                "type": "windows",
                "kernel": "10.0.19041.6456 (WinBuild.160101.0800)"
              }
            },
            "@timestamp": "2025-10-22T17:22:06.561Z",
            "ecs": {
              "version": "8.0.0"
            }
          },
          "sort": [
            "2025-10-22T17:22:06.561Z",
            57
          ]
        },
        {
          "_index": "winlogbeat-9.1.2",
          "_id": "UU7xDJoBUQc08OI1ZAOf",
          "_score": null,
          "_source": {
            "tags": [
              "beats_input_codec_plain_applied"
            ],
            "winlog": {
              "event_id": "4689",
              "process": {
                "thread": {
                  "id": 5916
                },
                "pid": 4
              },
              "opcode": "Info",
              "task": "Process Termination",
              "provider_name": "Microsoft-Windows-Security-Auditing",
              "computer_name": "DESKTOP-48ASLS3",
              "keywords": [
                "Audit Success"
              ],
              "channel": "Security",
              "record_id": 77652,
              "provider_guid": "{54849625-5478-4994-A5BA-3E3B0328C30D}",
              "event_data": {
                "SubjectUserSid": "S-1-5-18",
                "ProcessId": "0x1f08",
                "SubjectDomainName": "WORKGROUP",
                "Status": "0x0",
                "ProcessName": """C:\Windows\System32\conhost.exe""",
                "SubjectUserName": "DESKTOP-48ASLS3$",
                "SubjectLogonId": "0x3e7"
              }
            },
            "event": {
              "created": "2025-10-22T17:22:07.666Z",
              "action": "Process Termination",
              "kind": "event",
              "code": "4689",
              "outcome": "success",
              "provider": "Microsoft-Windows-Security-Auditing"
            },
            "log": {
              "level": "information"
            },
            "agent": {
              "name": "DESKTOP-48ASLS3",
              "version": "9.1.2",
              "id": "b9ca19fd-2ebb-4d9b-8451-77ab948619b0",
              "type": "winlogbeat",
              "ephemeral_id": "ce18a4b4-9459-4943-bda8-1823b9bbb362"
            },
            "@version": "1",
            "host": {
              "hostname": "DESKTOP-48ASLS3",
              "ip": [
                "fe80::7885:d3a2:905b:4597",
                "192.168.89.133"
              ],
              "name": "desktop-48asls3",
              "id": "681a4ddb-9712-4c88-b038-3cfc4aa5a83b",
              "architecture": "x86_64",
              "mac": [
                "00-0C-29-DE-2F-B8"
              ],
              "os": {
                "platform": "windows",
                "build": "19045.6456",
                "family": "windows",
                "version": "10.0",
                "name": "Windows 10 Education",
                "type": "windows",
                "kernel": "10.0.19041.6456 (WinBuild.160101.0800)"
              }
            },
            "@timestamp": "2025-10-22T17:22:06.559Z",
            "ecs": {
              "version": "8.0.0"
            }
          },
          "sort": [
            "2025-10-22T17:22:06.559Z",
            56
          ]
        },
        {
          "_index": "winlogbeat-9.1.2",
          "_id": "UE7xDJoBUQc08OI1ZAOf",
          "_score": null,
          "_source": {
            "tags": [
              "beats_input_codec_plain_applied"
            ],
            "winlog": {
              "event_id": "4689",
              "process": {
                "thread": {
                  "id": 5916
                },
                "pid": 4
              },
              "opcode": "Info",
              "task": "Process Termination",
              "provider_name": "Microsoft-Windows-Security-Auditing",
              "computer_name": "DESKTOP-48ASLS3",
              "keywords": [
                "Audit Success"
              ],
              "channel": "Security",
              "record_id": 77651,
              "provider_guid": "{54849625-5478-4994-A5BA-3E3B0328C30D}",
              "event_data": {
                "SubjectUserSid": "S-1-5-18",
                "ProcessId": "0x1f00",
                "SubjectDomainName": "WORKGROUP",
                "Status": "0x0",
                "ProcessName": """C:\Windows\System32\wevtutil.exe""",
                "SubjectUserName": "DESKTOP-48ASLS3$",
                "SubjectLogonId": "0x3e7"
              }
            },
            "event": {
              "action": "Process Termination",
              "created": "2025-10-22T17:22:07.666Z",
              "kind": "event",
              "code": "4689",
              "outcome": "success",
              "provider": "Microsoft-Windows-Security-Auditing"
            },
            "agent": {
              "name": "DESKTOP-48ASLS3",
              "version": "9.1.2",
              "id": "b9ca19fd-2ebb-4d9b-8451-77ab948619b0",
              "type": "winlogbeat",
              "ephemeral_id": "ce18a4b4-9459-4943-bda8-1823b9bbb362"
            },
            "log": {
              "level": "information"
            },
            "@version": "1",
            "host": {
              "hostname": "DESKTOP-48ASLS3",
              "ip": [
                "fe80::7885:d3a2:905b:4597",
                "192.168.89.133"
              ],
              "name": "desktop-48asls3",
              "id": "681a4ddb-9712-4c88-b038-3cfc4aa5a83b",
              "mac": [
                "00-0C-29-DE-2F-B8"
              ],
              "architecture": "x86_64",
              "os": {
                "build": "19045.6456",
                "platform": "windows",
                "family": "windows",
                "version": "10.0",
                "name": "Windows 10 Education",
                "type": "windows",
                "kernel": "10.0.19041.6456 (WinBuild.160101.0800)"
              }
            },
            "@timestamp": "2025-10-22T17:22:06.557Z",
            "ecs": {
              "version": "8.0.0"
            }
          },
          "sort": [
            "2025-10-22T17:22:06.557Z",
            55
          ]
        },
        {
          "_index": "winlogbeat-9.1.2",
          "_id": "T07xDJoBUQc08OI1ZAOf",
          "_score": null,
          "_ignored": [
            "event.original.keyword",
            "message.keyword"
          ],
          "_source": {
            "tags": [
              "beats_input_codec_plain_applied"
            ],
            "log": {
              "level": "information"
            },
            "event": {
              "action": "Process Creation",
              "created": "2025-10-22T17:22:07.666Z",
              "kind": "event",
              "code": "4688",
              "outcome": "success",
              "provider": "Microsoft-Windows-Security-Auditing"
            },
            "winlog": {
              "event_id": "4688",
              "process": {
                "thread": {
                  "id": 6540
                },
                "pid": 4
              },
              "opcode": "Info",
              "task": "Process Creation",
              "provider_name": "Microsoft-Windows-Security-Auditing",
              "computer_name": "DESKTOP-48ASLS3",
              "provider_guid": "{54849625-5478-4994-A5BA-3E3B0328C30D}",
              "keywords": [
                "Audit Success"
              ],
              "record_id": 77650,
              "channel": "Security",
              "version": 2,
              "event_data": {
                "TargetDomainName": "-",
                "TokenElevationType": "TokenElevationTypeDefault (1)",
                "ParentProcessName": """C:\Windows\System32\wevtutil.exe""",
                "SubjectDomainName": "WORKGROUP",
                "TargetLogonId": "0x0",
                "NewProcessName": """C:\Windows\System32\conhost.exe""",
                "TargetUserSid": "S-1-0-0",
                "TargetUserName": "-",
                "ProcessId": "0x1f00",
                "SubjectUserSid": "S-1-5-18",
                "SubjectUserName": "DESKTOP-48ASLS3$",
                "MandatoryLabel": "S-1-16-16384",
                "NewProcessId": "0x1f08",
                "SubjectLogonId": "0x3e7"
              }
            },
            "agent": {
              "name": "DESKTOP-48ASLS3",
              "version": "9.1.2",
              "id": "b9ca19fd-2ebb-4d9b-8451-77ab948619b0",
              "type": "winlogbeat",
              "ephemeral_id": "ce18a4b4-9459-4943-bda8-1823b9bbb362"
            },
            "@version": "1",
            "host": {
              "hostname": "DESKTOP-48ASLS3",
              "ip": [
                "fe80::7885:d3a2:905b:4597",
                "192.168.89.133"
              ],
              "name": "desktop-48asls3",
              "mac": [
                "00-0C-29-DE-2F-B8"
              ],
              "architecture": "x86_64",
              "id": "681a4ddb-9712-4c88-b038-3cfc4aa5a83b",
              "os": {
                "build": "19045.6456",
                "platform": "windows",
                "family": "windows",
                "version": "10.0",
                "name": "Windows 10 Education",
                "type": "windows",
                "kernel": "10.0.19041.6456 (WinBuild.160101.0800)"
              }
            },
            "@timestamp": "2025-10-22T17:22:06.515Z",
            "ecs": {
              "version": "8.0.0"
            }
          },
          "sort": [
            "2025-10-22T17:22:06.515Z",
            54
          ]
        },
        {
          "_index": "winlogbeat-9.1.2",
          "_id": "Tk7xDJoBUQc08OI1ZAOf",
          "_score": null,
          "_ignored": [
            "event.original.keyword",
            "message.keyword"
          ],
          "_source": {
            "tags": [
              "beats_input_codec_plain_applied"
            ],
            "log": {
              "level": "information"
            },
            "event": {
              "created": "2025-10-22T17:22:07.666Z",
              "action": "Process Creation",
              "kind": "event",
              "code": "4688",
              "outcome": "success",
              "provider": "Microsoft-Windows-Security-Auditing"
            },
            "agent": {
              "name": "DESKTOP-48ASLS3",
              "version": "9.1.2",
              "id": "b9ca19fd-2ebb-4d9b-8451-77ab948619b0",
              "type": "winlogbeat",
              "ephemeral_id": "ce18a4b4-9459-4943-bda8-1823b9bbb362"
            },
            "winlog": {
              "event_id": "4688",
              "process": {
                "thread": {
                  "id": 5916
                },
                "pid": 4
              },
              "opcode": "Info",
              "task": "Process Creation",
              "provider_name": "Microsoft-Windows-Security-Auditing",
              "computer_name": "DESKTOP-48ASLS3",
              "keywords": [
                "Audit Success"
              ],
              "channel": "Security",
              "version": 2,
              "provider_guid": "{54849625-5478-4994-A5BA-3E3B0328C30D}",
              "record_id": 77649,
              "event_data": {
                "TargetDomainName": "-",
                "TokenElevationType": "TokenElevationTypeDefault (1)",
                "ParentProcessName": """C:\ProgramData\Microsoft\Windows Defender\Platform\4.18.25090.3009-0\MsMpEng.exe""",
                "SubjectDomainName": "WORKGROUP",
                "NewProcessName": """C:\Windows\System32\wevtutil.exe""",
                "TargetLogonId": "0x0",
                "TargetUserSid": "S-1-0-0",
                "TargetUserName": "-",
                "ProcessId": "0xd8c",
                "SubjectUserSid": "S-1-5-18",
                "SubjectUserName": "DESKTOP-48ASLS3$",
                "MandatoryLabel": "S-1-16-16384",
                "NewProcessId": "0x1f00",
                "SubjectLogonId": "0x3e7"
              }
            },
            "@version": "1",
            "host": {
              "hostname": "DESKTOP-48ASLS3",
              "ip": [
                "fe80::7885:d3a2:905b:4597",
                "192.168.89.133"
              ],
              "name": "desktop-48asls3",
              "id": "681a4ddb-9712-4c88-b038-3cfc4aa5a83b",
              "mac": [
                "00-0C-29-DE-2F-B8"
              ],
              "architecture": "x86_64",
              "os": {
                "build": "19045.6456",
                "platform": "windows",
                "family": "windows",
                "name": "Windows 10 Education",
                "version": "10.0",
                "type": "windows",
                "kernel": "10.0.19041.6456 (WinBuild.160101.0800)"
              }
            },
            "@timestamp": "2025-10-22T17:22:06.513Z",
            "ecs": {
              "version": "8.0.0"
            }
          },
          "sort": [
            "2025-10-22T17:22:06.513Z",
            53
          ]
        },
        {
          "_index": "winlogbeat-9.1.2",
          "_id": "TU7xDJoBUQc08OI1ZAOf",
          "_score": null,
          "_source": {
            "tags": [
              "beats_input_codec_plain_applied"
            ],
            "winlog": {
              "event_id": "4689",
              "process": {
                "thread": {
                  "id": 6540
                },
                "pid": 4
              },
              "opcode": "Info",
              "task": "Process Termination",
              "provider_name": "Microsoft-Windows-Security-Auditing",
              "computer_name": "DESKTOP-48ASLS3",
              "keywords": [
                "Audit Success"
              ],
              "channel": "Security",
              "provider_guid": "{54849625-5478-4994-A5BA-3E3B0328C30D}",
              "record_id": 77648,
              "event_data": {
                "ProcessId": "0x1ec4",
                "SubjectUserSid": "S-1-5-18",
                "SubjectDomainName": "WORKGROUP",
                "Status": "0x0",
                "ProcessName": """C:\Windows\System32\conhost.exe""",
                "SubjectUserName": "DESKTOP-48ASLS3$",
                "SubjectLogonId": "0x3e7"
              }
            },
            "event": {
              "action": "Process Termination",
              "created": "2025-10-22T17:22:07.666Z",
              "kind": "event",
              "code": "4689",
              "outcome": "success",
              "provider": "Microsoft-Windows-Security-Auditing"
            },
            "agent": {
              "version": "9.1.2",
              "name": "DESKTOP-48ASLS3",
              "id": "b9ca19fd-2ebb-4d9b-8451-77ab948619b0",
              "type": "winlogbeat",
              "ephemeral_id": "ce18a4b4-9459-4943-bda8-1823b9bbb362"
            },
            "log": {
              "level": "information"
            },
            "@version": "1",
            "host": {
              "hostname": "DESKTOP-48ASLS3",
              "ip": [
                "fe80::7885:d3a2:905b:4597",
                "192.168.89.133"
              ],
              "name": "desktop-48asls3",
              "mac": [
                "00-0C-29-DE-2F-B8"
              ],
              "architecture": "x86_64",
              "id": "681a4ddb-9712-4c88-b038-3cfc4aa5a83b",
              "os": {
                "platform": "windows",
                "build": "19045.6456",
                "family": "windows",
                "version": "10.0",
                "name": "Windows 10 Education",
                "type": "windows",
                "kernel": "10.0.19041.6456 (WinBuild.160101.0800)"
              }
            },
            "@timestamp": "2025-10-22T17:22:06.511Z",
            "ecs": {
              "version": "8.0.0"
            }
          },
          "sort": [
            "2025-10-22T17:22:06.511Z",
            52
          ]
        },
        {
          "_index": "winlogbeat-9.1.2",
          "_id": "TE7xDJoBUQc08OI1ZAOf",
          "_score": null,
          "_source": {
            "tags": [
              "beats_input_codec_plain_applied"
            ],
            "log": {
              "level": "information"
            },
            "event": {
              "action": "Process Termination",
              "created": "2025-10-22T17:22:07.666Z",
              "kind": "event",
              "code": "4689",
              "outcome": "success",
              "provider": "Microsoft-Windows-Security-Auditing"
            },
            "agent": {
              "version": "9.1.2",
              "name": "DESKTOP-48ASLS3",
              "id": "b9ca19fd-2ebb-4d9b-8451-77ab948619b0",
              "ephemeral_id": "ce18a4b4-9459-4943-bda8-1823b9bbb362",
              "type": "winlogbeat"
            },
            "winlog": {
              "event_id": "4689",
              "process": {
                "thread": {
                  "id": 6540
                },
                "pid": 4
              },
              "opcode": "Info",
              "task": "Process Termination",
              "provider_name": "Microsoft-Windows-Security-Auditing",
              "computer_name": "DESKTOP-48ASLS3",
              "keywords": [
                "Audit Success"
              ],
              "provider_guid": "{54849625-5478-4994-A5BA-3E3B0328C30D}",
              "record_id": 77647,
              "channel": "Security",
              "event_data": {
                "SubjectUserSid": "S-1-5-18",
                "ProcessId": "0x1ebc",
                "SubjectDomainName": "WORKGROUP",
                "Status": "0x0",
                "ProcessName": """C:\Windows\System32\wevtutil.exe""",
                "SubjectUserName": "DESKTOP-48ASLS3$",
                "SubjectLogonId": "0x3e7"
              }
            },
            "@version": "1",
            "host": {
              "hostname": "DESKTOP-48ASLS3",
              "ip": [
                "fe80::7885:d3a2:905b:4597",
                "192.168.89.133"
              ],
              "name": "desktop-48asls3",
              "id": "681a4ddb-9712-4c88-b038-3cfc4aa5a83b",
              "mac": [
                "00-0C-29-DE-2F-B8"
              ],
              "architecture": "x86_64",
              "os": {
                "build": "19045.6456",
                "platform": "windows",
                "family": "windows",
                "version": "10.0",
                "name": "Windows 10 Education",
                "type": "windows",
                "kernel": "10.0.19041.6456 (WinBuild.160101.0800)"
              }
            },
            "@timestamp": "2025-10-22T17:22:06.511Z",
            "ecs": {
              "version": "8.0.0"
            }
          },
          "sort": [
            "2025-10-22T17:22:06.511Z",
            51
          ]
        },
        {
          "_index": "winlogbeat-9.1.2",
          "_id": "S07xDJoBUQc08OI1ZAOf",
          "_score": null,
          "_ignored": [
            "event.original.keyword",
            "message.keyword"
          ],
          "_source": {
            "tags": [
              "beats_input_codec_plain_applied"
            ],
            "log": {
              "level": "information"
            },
            "event": {
              "action": "Process Creation",
              "created": "2025-10-22T17:22:07.666Z",
              "kind": "event",
              "code": "4688",
              "outcome": "success",
              "provider": "Microsoft-Windows-Security-Auditing"
            },
            "agent": {
              "name": "DESKTOP-48ASLS3",
              "version": "9.1.2",
              "id": "b9ca19fd-2ebb-4d9b-8451-77ab948619b0",
              "type": "winlogbeat",
              "ephemeral_id": "ce18a4b4-9459-4943-bda8-1823b9bbb362"
            },
            "winlog": {
              "event_id": "4688",
              "process": {
                "thread": {
                  "id": 6540
                },
                "pid": 4
              },
              "opcode": "Info",
              "task": "Process Creation",
              "provider_name": "Microsoft-Windows-Security-Auditing",
              "computer_name": "DESKTOP-48ASLS3",
              "keywords": [
                "Audit Success"
              ],
              "channel": "Security",
              "version": 2,
              "record_id": 77646,
              "provider_guid": "{54849625-5478-4994-A5BA-3E3B0328C30D}",
              "event_data": {
                "NewProcessId": "0x1ec4",
                "TokenElevationType": "TokenElevationTypeDefault (1)",
                "ParentProcessName": """C:\Windows\System32\wevtutil.exe""",
                "SubjectDomainName": "WORKGROUP",
                "TargetLogonId": "0x0",
                "NewProcessName": """C:\Windows\System32\conhost.exe""",
                "TargetUserSid": "S-1-0-0",
                "TargetUserName": "-",
                "ProcessId": "0x1ebc",
                "SubjectUserSid": "S-1-5-18",
                "SubjectUserName": "DESKTOP-48ASLS3$",
                "MandatoryLabel": "S-1-16-16384",
                "SubjectLogonId": "0x3e7",
                "TargetDomainName": "-"
              }
            },
            "@version": "1",
            "host": {
              "hostname": "DESKTOP-48ASLS3",
              "ip": [
                "fe80::7885:d3a2:905b:4597",
                "192.168.89.133"
              ],
              "name": "desktop-48asls3",
              "id": "681a4ddb-9712-4c88-b038-3cfc4aa5a83b",
              "mac": [
                "00-0C-29-DE-2F-B8"
              ],
              "architecture": "x86_64",
              "os": {
                "build": "19045.6456",
                "platform": "windows",
                "family": "windows",
                "name": "Windows 10 Education",
                "version": "10.0",
                "type": "windows",
                "kernel": "10.0.19041.6456 (WinBuild.160101.0800)"
              }
            },
            "@timestamp": "2025-10-22T17:22:06.446Z",
            "ecs": {
              "version": "8.0.0"
            }
          },
          "sort": [
            "2025-10-22T17:22:06.446Z",
            50
          ]
        },
        {
          "_index": "winlogbeat-9.1.2",
          "_id": "Sk7xDJoBUQc08OI1ZAOf",
          "_score": null,
          "_ignored": [
            "event.original.keyword",
            "message.keyword"
          ],
          "_source": {
            "tags": [
              "beats_input_codec_plain_applied"
            ],
            "winlog": {
              "event_id": "4688",
              "process": {
                "thread": {
                  "id": 6540
                },
                "pid": 4
              },
              "opcode": "Info",
              "task": "Process Creation",
              "provider_name": "Microsoft-Windows-Security-Auditing",
              "computer_name": "DESKTOP-48ASLS3",
              "provider_guid": "{54849625-5478-4994-A5BA-3E3B0328C30D}",
              "channel": "Security",
              "keywords": [
                "Audit Success"
              ],
              "record_id": 77645,
              "version": 2,
              "event_data": {
                "NewProcessId": "0x1ebc",
                "TokenElevationType": "TokenElevationTypeDefault (1)",
                "ParentProcessName": """C:\ProgramData\Microsoft\Windows Defender\Platform\4.18.25090.3009-0\MsMpEng.exe""",
                "SubjectDomainName": "WORKGROUP",
                "NewProcessName": """C:\Windows\System32\wevtutil.exe""",
                "TargetLogonId": "0x0",
                "TargetUserSid": "S-1-0-0",
                "TargetUserName": "-",
                "SubjectUserSid": "S-1-5-18",
                "ProcessId": "0xd8c",
                "MandatoryLabel": "S-1-16-16384",
                "SubjectUserName": "DESKTOP-48ASLS3$",
                "TargetDomainName": "-",
                "SubjectLogonId": "0x3e7"
              }
            },
            "event": {
              "action": "Process Creation",
              "created": "2025-10-22T17:22:07.666Z",
              "kind": "event",
              "code": "4688",
              "outcome": "success",
              "provider": "Microsoft-Windows-Security-Auditing"
            },
            "log": {
              "level": "information"
            },
            "agent": {
              "name": "DESKTOP-48ASLS3",
              "version": "9.1.2",
              "id": "b9ca19fd-2ebb-4d9b-8451-77ab948619b0",
              "ephemeral_id": "ce18a4b4-9459-4943-bda8-1823b9bbb362",
              "type": "winlogbeat"
            },
            "@version": "1",
            "host": {
              "hostname": "DESKTOP-48ASLS3",
              "ip": [
                "fe80::7885:d3a2:905b:4597",
                "192.168.89.133"
              ],
              "name": "desktop-48asls3",
              "id": "681a4ddb-9712-4c88-b038-3cfc4aa5a83b",
              "architecture": "x86_64",
              "mac": [
                "00-0C-29-DE-2F-B8"
              ],
              "os": {
                "build": "19045.6456",
                "platform": "windows",
                "family": "windows",
                "version": "10.0",
                "name": "Windows 10 Education",
                "type": "windows",
                "kernel": "10.0.19041.6456 (WinBuild.160101.0800)"
              }
            },
            "@timestamp": "2025-10-22T17:22:06.444Z",
            "ecs": {
              "version": "8.0.0"
            }
          },
          "sort": [
            "2025-10-22T17:22:06.444Z",
            49
          ]
        },
        {
          "_index": "winlogbeat-9.1.2",
          "_id": "SU7xDJoBUQc08OI1ZAOf",
          "_score": null,
          "_source": {
            "tags": [
              "beats_input_codec_plain_applied"
            ],
            "winlog": {
              "event_id": "4689",
              "process": {
                "thread": {
                  "id": 128
                },
                "pid": 4
              },
              "opcode": "Info",
              "task": "Process Termination",
              "provider_name": "Microsoft-Windows-Security-Auditing",
              "computer_name": "DESKTOP-48ASLS3",
              "keywords": [
                "Audit Success"
              ],
              "provider_guid": "{54849625-5478-4994-A5BA-3E3B0328C30D}",
              "record_id": 77644,
              "channel": "Security",
              "event_data": {
                "ProcessId": "0x1e84",
                "SubjectUserSid": "S-1-5-18",
                "SubjectDomainName": "WORKGROUP",
                "Status": "0x0",
                "ProcessName": """C:\Windows\System32\conhost.exe""",
                "SubjectUserName": "DESKTOP-48ASLS3$",
                "SubjectLogonId": "0x3e7"
              }
            },
            "event": {
              "action": "Process Termination",
              "created": "2025-10-22T17:22:07.666Z",
              "kind": "event",
              "code": "4689",
              "outcome": "success",
              "provider": "Microsoft-Windows-Security-Auditing"
            },
            "log": {
              "level": "information"
            },
            "agent": {
              "version": "9.1.2",
              "name": "DESKTOP-48ASLS3",
              "id": "b9ca19fd-2ebb-4d9b-8451-77ab948619b0",
              "ephemeral_id": "ce18a4b4-9459-4943-bda8-1823b9bbb362",
              "type": "winlogbeat"
            },
            "@version": "1",
            "host": {
              "hostname": "DESKTOP-48ASLS3",
              "ip": [
                "fe80::7885:d3a2:905b:4597",
                "192.168.89.133"
              ],
              "name": "desktop-48asls3",
              "id": "681a4ddb-9712-4c88-b038-3cfc4aa5a83b",
              "mac": [
                "00-0C-29-DE-2F-B8"
              ],
              "architecture": "x86_64",
              "os": {
                "platform": "windows",
                "build": "19045.6456",
                "family": "windows",
                "version": "10.0",
                "name": "Windows 10 Education",
                "type": "windows",
                "kernel": "10.0.19041.6456 (WinBuild.160101.0800)"
              }
            },
            "@timestamp": "2025-10-22T17:22:06.443Z",
            "ecs": {
              "version": "8.0.0"
            }
          },
          "sort": [
            "2025-10-22T17:22:06.443Z",
            48
          ]
        },
        {
          "_index": "winlogbeat-9.1.2",
          "_id": "SE7xDJoBUQc08OI1ZAOf",
          "_score": null,
          "_source": {
            "tags": [
              "beats_input_codec_plain_applied"
            ],
            "log": {
              "level": "information"
            },
            "event": {
              "action": "Process Termination",
              "created": "2025-10-22T17:22:07.666Z",
              "kind": "event",
              "code": "4689",
              "outcome": "success",
              "provider": "Microsoft-Windows-Security-Auditing"
            },
            "agent": {
              "name": "DESKTOP-48ASLS3",
              "version": "9.1.2",
              "id": "b9ca19fd-2ebb-4d9b-8451-77ab948619b0",
              "type": "winlogbeat",
              "ephemeral_id": "ce18a4b4-9459-4943-bda8-1823b9bbb362"
            },
            "winlog": {
              "event_id": "4689",
              "process": {
                "thread": {
                  "id": 128
                },
                "pid": 4
              },
              "opcode": "Info",
              "task": "Process Termination",
              "provider_name": "Microsoft-Windows-Security-Auditing",
              "computer_name": "DESKTOP-48ASLS3",
              "provider_guid": "{54849625-5478-4994-A5BA-3E3B0328C30D}",
              "channel": "Security",
              "record_id": 77643,
              "keywords": [
                "Audit Success"
              ],
              "event_data": {
                "SubjectUserSid": "S-1-5-18",
                "ProcessId": "0x1e7c",
                "SubjectDomainName": "WORKGROUP",
                "Status": "0x0",
                "ProcessName": """C:\Windows\System32\wevtutil.exe""",
                "SubjectUserName": "DESKTOP-48ASLS3$",
                "SubjectLogonId": "0x3e7"
              }
            },
            "@version": "1",
            "host": {
              "hostname": "DESKTOP-48ASLS3",
              "ip": [
                "fe80::7885:d3a2:905b:4597",
                "192.168.89.133"
              ],
              "name": "desktop-48asls3",
              "id": "681a4ddb-9712-4c88-b038-3cfc4aa5a83b",
              "architecture": "x86_64",
              "mac": [
                "00-0C-29-DE-2F-B8"
              ],
              "os": {
                "build": "19045.6456",
                "platform": "windows",
                "family": "windows",
                "version": "10.0",
                "name": "Windows 10 Education",
                "type": "windows",
                "kernel": "10.0.19041.6456 (WinBuild.160101.0800)"
              }
            },
            "@timestamp": "2025-10-22T17:22:06.442Z",
            "ecs": {
              "version": "8.0.0"
            }
          },
          "sort": [
            "2025-10-22T17:22:06.442Z",
            47
          ]
        },
        {
          "_index": "winlogbeat-9.1.2",
          "_id": "R07xDJoBUQc08OI1ZAOf",
          "_score": null,
          "_ignored": [
            "event.original.keyword",
            "message.keyword"
          ],
          "_source": {
            "tags": [
              "beats_input_codec_plain_applied"
            ],
            "log": {
              "level": "information"
            },
            "event": {
              "created": "2025-10-22T17:22:07.666Z",
              "provider": "Microsoft-Windows-Security-Auditing",
              "kind": "event",
              "code": "4688",
              "outcome": "success",
              "action": "Process Creation"
            },
            "agent": {
              "version": "9.1.2",
              "name": "DESKTOP-48ASLS3",
              "id": "b9ca19fd-2ebb-4d9b-8451-77ab948619b0",
              "type": "winlogbeat",
              "ephemeral_id": "ce18a4b4-9459-4943-bda8-1823b9bbb362"
            },
            "winlog": {
              "event_id": "4688",
              "process": {
                "thread": {
                  "id": 5916
                },
                "pid": 4
              },
              "opcode": "Info",
              "task": "Process Creation",
              "provider_name": "Microsoft-Windows-Security-Auditing",
              "computer_name": "DESKTOP-48ASLS3",
              "keywords": [
                "Audit Success"
              ],
              "channel": "Security",
              "record_id": 77642,
              "version": 2,
              "provider_guid": "{54849625-5478-4994-A5BA-3E3B0328C30D}",
              "event_data": {
                "TargetDomainName": "-",
                "TokenElevationType": "TokenElevationTypeDefault (1)",
                "ParentProcessName": """C:\Windows\System32\wevtutil.exe""",
                "SubjectDomainName": "WORKGROUP",
                "NewProcessName": """C:\Windows\System32\conhost.exe""",
                "TargetLogonId": "0x0",
                "TargetUserSid": "S-1-0-0",
                "TargetUserName": "-",
                "ProcessId": "0x1e7c",
                "SubjectUserSid": "S-1-5-18",
                "MandatoryLabel": "S-1-16-16384",
                "SubjectUserName": "DESKTOP-48ASLS3$",
                "NewProcessId": "0x1e84",
                "SubjectLogonId": "0x3e7"
              }
            },
            "@version": "1",
            "host": {
              "hostname": "DESKTOP-48ASLS3",
              "ip": [
                "fe80::7885:d3a2:905b:4597",
                "192.168.89.133"
              ],
              "name": "desktop-48asls3",
              "mac": [
                "00-0C-29-DE-2F-B8"
              ],
              "architecture": "x86_64",
              "id": "681a4ddb-9712-4c88-b038-3cfc4aa5a83b",
              "os": {
                "build": "19045.6456",
                "platform": "windows",
                "family": "windows",
                "version": "10.0",
                "name": "Windows 10 Education",
                "type": "windows",
                "kernel": "10.0.19041.6456 (WinBuild.160101.0800)"
              }
            },
            "@timestamp": "2025-10-22T17:22:06.398Z",
            "ecs": {
              "version": "8.0.0"
            }
          },
          "sort": [
            "2025-10-22T17:22:06.398Z",
            46
          ]
        },
        {
          "_index": "winlogbeat-9.1.2",
          "_id": "Rk7xDJoBUQc08OI1ZAOf",
          "_score": null,
          "_ignored": [
            "event.original.keyword",
            "message.keyword"
          ],
          "_source": {
            "tags": [
              "beats_input_codec_plain_applied"
            ],
            "log": {
              "level": "information"
            },
            "event": {
              "created": "2025-10-22T17:22:07.666Z",
              "provider": "Microsoft-Windows-Security-Auditing",
              "kind": "event",
              "code": "4688",
              "outcome": "success",
              "action": "Process Creation"
            },
            "agent": {
              "version": "9.1.2",
              "name": "DESKTOP-48ASLS3",
              "id": "b9ca19fd-2ebb-4d9b-8451-77ab948619b0",
              "ephemeral_id": "ce18a4b4-9459-4943-bda8-1823b9bbb362",
              "type": "winlogbeat"
            },
            "winlog": {
              "event_id": "4688",
              "process": {
                "thread": {
                  "id": 6540
                },
                "pid": 4
              },
              "opcode": "Info",
              "task": "Process Creation",
              "provider_name": "Microsoft-Windows-Security-Auditing",
              "computer_name": "DESKTOP-48ASLS3",
              "keywords": [
                "Audit Success"
              ],
              "channel": "Security",
              "version": 2,
              "record_id": 77641,
              "provider_guid": "{54849625-5478-4994-A5BA-3E3B0328C30D}",
              "event_data": {
                "NewProcessId": "0x1e7c",
                "TokenElevationType": "TokenElevationTypeDefault (1)",
                "ParentProcessName": """C:\ProgramData\Microsoft\Windows Defender\Platform\4.18.25090.3009-0\MsMpEng.exe""",
                "SubjectDomainName": "WORKGROUP",
                "NewProcessName": """C:\Windows\System32\wevtutil.exe""",
                "TargetLogonId": "0x0",
                "TargetUserSid": "S-1-0-0",
                "TargetUserName": "-",
                "SubjectUserSid": "S-1-5-18",
                "ProcessId": "0xd8c",
                "MandatoryLabel": "S-1-16-16384",
                "SubjectUserName": "DESKTOP-48ASLS3$",
                "TargetDomainName": "-",
                "SubjectLogonId": "0x3e7"
              }
            },
            "@version": "1",
            "host": {
              "hostname": "DESKTOP-48ASLS3",
              "ip": [
                "fe80::7885:d3a2:905b:4597",
                "192.168.89.133"
              ],
              "name": "desktop-48asls3",
              "id": "681a4ddb-9712-4c88-b038-3cfc4aa5a83b",
              "architecture": "x86_64",
              "mac": [
                "00-0C-29-DE-2F-B8"
              ],
              "os": {
                "build": "19045.6456",
                "platform": "windows",
                "family": "windows",
                "version": "10.0",
                "name": "Windows 10 Education",
                "type": "windows",
                "kernel": "10.0.19041.6456 (WinBuild.160101.0800)"
              }
            },
            "@timestamp": "2025-10-22T17:22:06.396Z",
            "ecs": {
              "version": "8.0.0"
            }
          },
          "sort": [
            "2025-10-22T17:22:06.396Z",
            45
          ]
        },
        {
          "_index": "winlogbeat-9.1.2",
          "_id": "RU7xDJoBUQc08OI1ZAOf",
          "_score": null,
          "_source": {
            "tags": [
              "beats_input_codec_plain_applied"
            ],
            "log": {
              "level": "information"
            },
            "event": {
              "created": "2025-10-22T17:22:07.666Z",
              "provider": "Microsoft-Windows-Security-Auditing",
              "kind": "event",
              "code": "4689",
              "outcome": "success",
              "action": "Process Termination"
            },
            "winlog": {
              "event_id": "4689",
              "process": {
                "thread": {
                  "id": 5916
                },
                "pid": 4
              },
              "opcode": "Info",
              "task": "Process Termination",
              "provider_name": "Microsoft-Windows-Security-Auditing",
              "computer_name": "DESKTOP-48ASLS3",
              "keywords": [
                "Audit Success"
              ],
              "channel": "Security",
              "record_id": 77640,
              "provider_guid": "{54849625-5478-4994-A5BA-3E3B0328C30D}",
              "event_data": {
                "ProcessId": "0x1e40",
                "SubjectUserSid": "S-1-5-18",
                "SubjectDomainName": "WORKGROUP",
                "Status": "0x0",
                "ProcessName": """C:\Windows\System32\conhost.exe""",
                "SubjectUserName": "DESKTOP-48ASLS3$",
                "SubjectLogonId": "0x3e7"
              }
            },
            "agent": {
              "name": "DESKTOP-48ASLS3",
              "version": "9.1.2",
              "id": "b9ca19fd-2ebb-4d9b-8451-77ab948619b0",
              "ephemeral_id": "ce18a4b4-9459-4943-bda8-1823b9bbb362",
              "type": "winlogbeat"
            },
            "@version": "1",
            "host": {
              "hostname": "DESKTOP-48ASLS3",
              "ip": [
                "fe80::7885:d3a2:905b:4597",
                "192.168.89.133"
              ],
              "name": "desktop-48asls3",
              "mac": [
                "00-0C-29-DE-2F-B8"
              ],
              "architecture": "x86_64",
              "id": "681a4ddb-9712-4c88-b038-3cfc4aa5a83b",
              "os": {
                "build": "19045.6456",
                "platform": "windows",
                "family": "windows",
                "version": "10.0",
                "name": "Windows 10 Education",
                "type": "windows",
                "kernel": "10.0.19041.6456 (WinBuild.160101.0800)"
              }
            },
            "@timestamp": "2025-10-22T17:22:06.395Z",
            "ecs": {
              "version": "8.0.0"
            }
          },
          "sort": [
            "2025-10-22T17:22:06.395Z",
            44
          ]
        },
