        {
          "_index": "winlogbeat-9.1.2",
          "_id": "d07xDJoBUQc08OI1YwLZ",
          "_score": null,
          "_ignored": [
            "event.original.keyword",
            "message.keyword"
          ],
          "_source": {
            "tags": [
              "beats_input_codec_plain_applied"
            ],
            "winlog": {
              "event_id": "4688",
              "process": {
                "thread": {
                  "id": 296
                },
                "pid": 4
              },
              "opcode": "Info",
              "task": "Process Creation",
              "provider_name": "Microsoft-Windows-Security-Auditing",
              "computer_name": "DESKTOP-48ASLS3",
              "provider_guid": "{54849625-5478-4994-A5BA-3E3B0328C30D}",
              "keywords": [
                "Audit Success"
              ],
              "version": 2,
              "channel": "Security",
              "record_id": 77415,
              "event_data": {
                "SubjectLogonId": "0x3e7",
                "TokenElevationType": "TokenElevationTypeDefault (1)",
                "ParentProcessName": """C:\Windows\System32\services.exe""",
                "SubjectDomainName": "WORKGROUP",
                "TargetLogonId": "0x0",
                "NewProcessName": """C:\Windows\System32\svchost.exe""",
                "TargetUserSid": "S-1-0-0",
                "TargetUserName": "-",
                "SubjectUserSid": "S-1-5-18",
                "ProcessId": "0x268",
                "MandatoryLabel": "S-1-16-16384",
                "SubjectUserName": "DESKTOP-48ASLS3$",
                "TargetDomainName": "-",
                "NewProcessId": "0x460"
              }
            },
            "event": {
              "action": "Process Creation",
              "created": "2025-10-22T17:22:06.652Z",
              "kind": "event",
              "code": "4688",
              "outcome": "success",
              "provider": "Microsoft-Windows-Security-Auditing"
            },
            "log": {
              "level": "information"
            },
            "agent": {
              "name": "DESKTOP-48ASLS3",
              "version": "9.1.2",
              "id": "b9ca19fd-2ebb-4d9b-8451-77ab948619b0",
              "type": "winlogbeat",
              "ephemeral_id": "ce18a4b4-9459-4943-bda8-1823b9bbb362"
            },
            "@version": "1",
            "host": {
              "hostname": "DESKTOP-48ASLS3",
              "ip": [
                "fe80::7885:d3a2:905b:4597",
                "192.168.89.133"
              ],
              "name": "desktop-48asls3",
              "id": "681a4ddb-9712-4c88-b038-3cfc4aa5a83b",
              "architecture": "x86_64",
              "mac": [
                "00-0C-29-DE-2F-B8"
              ],
              "os": {
                "platform": "windows",
                "build": "19045.6456",
                "family": "windows",
                "version": "10.0",
                "name": "Windows 10 Education",
                "type": "windows",
                "kernel": "10.0.19041.6456 (WinBuild.160101.0800)"
              }
            },
            "@timestamp": "2025-10-22T17:22:00.375Z",
            "ecs": {
              "version": "8.0.0"
            }
          },
          "sort": [
            "2025-10-22T17:22:00.375Z",
            600
          ]
        },
        {
          "_index": "winlogbeat-9.1.2",
          "_id": "DE7xDJoBUQc08OI1YwLS",
          "_score": null,
          "_ignored": [
            "event.original.keyword",
            "message.keyword"
          ],
          "_source": {
            "tags": [
              "beats_input_codec_plain_applied"
            ],
            "log": {
              "level": "information"
            },
            "event": {
              "created": "2025-10-22T17:22:06.653Z",
              "action": "Process Creation",
              "kind": "event",
              "code": "4688",
              "outcome": "success",
              "provider": "Microsoft-Windows-Security-Auditing"
            },
            "agent": {
              "name": "DESKTOP-48ASLS3",
              "version": "9.1.2",
              "id": "b9ca19fd-2ebb-4d9b-8451-77ab948619b0",
              "type": "winlogbeat",
              "ephemeral_id": "ce18a4b4-9459-4943-bda8-1823b9bbb362"
            },
            "winlog": {
              "event_id": "4688",
              "process": {
                "thread": {
                  "id": 296
                },
                "pid": 4
              },
              "opcode": "Info",
              "task": "Process Creation",
              "provider_name": "Microsoft-Windows-Security-Auditing",
              "computer_name": "DESKTOP-48ASLS3",
              "provider_guid": "{54849625-5478-4994-A5BA-3E3B0328C30D}",
              "channel": "Security",
              "keywords": [
                "Audit Success"
              ],
              "version": 2,
              "record_id": 77416,
              "event_data": {
                "TargetDomainName": "NT AUTHORITY",
                "TokenElevationType": "TokenElevationTypeDefault (1)",
                "ParentProcessName": """C:\Windows\System32\services.exe""",
                "SubjectDomainName": "WORKGROUP",
                "TargetLogonId": "0x3e5",
                "NewProcessName": """C:\Windows\System32\svchost.exe""",
                "TargetUserSid": "S-1-0-0",
                "TargetUserName": "LOCAL SERVICE",
                "ProcessId": "0x268",
                "SubjectUserSid": "S-1-5-18",
                "MandatoryLabel": "S-1-16-16384",
                "SubjectUserName": "DESKTOP-48ASLS3$",
                "SubjectLogonId": "0x3e7",
                "NewProcessId": "0x468"
              }
            },
            "@version": "1",
            "host": {
              "hostname": "DESKTOP-48ASLS3",
              "ip": [
                "fe80::7885:d3a2:905b:4597",
                "192.168.89.133"
              ],
              "name": "desktop-48asls3",
              "mac": [
                "00-0C-29-DE-2F-B8"
              ],
              "architecture": "x86_64",
              "id": "681a4ddb-9712-4c88-b038-3cfc4aa5a83b",
              "os": {
                "build": "19045.6456",
                "platform": "windows",
                "family": "windows",
                "version": "10.0",
                "name": "Windows 10 Education",
                "type": "windows",
                "kernel": "10.0.19041.6456 (WinBuild.160101.0800)"
              }
            },
            "@timestamp": "2025-10-22T17:22:00.375Z",
            "ecs": {
              "version": "8.0.0"
            }
          },
          "sort": [
            "2025-10-22T17:22:00.375Z",
            495
          ]
        },
        {
          "_index": "winlogbeat-9.1.2",
          "_id": "dk7xDJoBUQc08OI1YwLZ",
          "_score": null,
          "_ignored": [
            "event.original.keyword",
            "message.keyword"
          ],
          "_source": {
            "tags": [
              "beats_input_codec_plain_applied"
            ],
            "log": {
              "level": "information"
            },
            "event": {
              "action": "Logon",
              "created": "2025-10-22T17:22:06.652Z",
              "kind": "event",
              "code": "4624",
              "outcome": "success",
              "provider": "Microsoft-Windows-Security-Auditing"
            },
            "agent": {
              "version": "9.1.2",
              "name": "DESKTOP-48ASLS3",
              "id": "b9ca19fd-2ebb-4d9b-8451-77ab948619b0",
              "type": "winlogbeat",
              "ephemeral_id": "ce18a4b4-9459-4943-bda8-1823b9bbb362"
            },
            "winlog": {
              "event_id": "4624",
              "process": {
                "thread": {
                  "id": 752
                },
                "pid": 640
              },
              "opcode": "Info",
              "task": "Logon",
              "provider_name": "Microsoft-Windows-Security-Auditing",
              "computer_name": "DESKTOP-48ASLS3",
              "provider_guid": "{54849625-5478-4994-A5BA-3E3B0328C30D}",
              "channel": "Security",
              "record_id": 77413,
              "activity_id": "{5C6CA50B-4378-0003-9BA5-6C5C7843DC01}",
              "keywords": [
                "Audit Success"
              ],
              "version": 2,
              "event_data": {
                "LogonType": "5",
                "RestrictedAdminMode": "-",
                "VirtualAccount": "No",
                "TargetOutboundUserName": "-",
                "TransmittedServices": "-",
                "WorkstationName": "-",
                "KeyLength": "0",
                "TargetLogonId": "0x3e7",
                "TargetLinkedLogonId": "0x0",
                "TargetUserSid": "S-1-5-18",
                "IpAddress": "-",
                "TargetUserName": "SYSTEM",
                "IpPort": "-",
                "LmPackageName": "-",
                "LogonProcessName": "Advapi  ",
                "SubjectUserName": "DESKTOP-48ASLS3$",
                "TargetDomainName": "NT AUTHORITY",
                "ElevatedToken": "Yes",
                "SubjectLogonId": "0x3e7",
                "SubjectDomainName": "WORKGROUP",
                "ProcessName": """C:\Windows\System32\services.exe""",
                "LogonGuid": "{00000000-0000-0000-0000-000000000000}",
                "TargetOutboundDomainName": "-",
                "SubjectUserSid": "S-1-5-18",
                "ProcessId": "0x268",
                "ImpersonationLevel": "Impersonation",
                "AuthenticationPackageName": "Negotiate"
              }
            },
            "@version": "1",
            "host": {
              "hostname": "DESKTOP-48ASLS3",
              "ip": [
                "fe80::7885:d3a2:905b:4597",
                "192.168.89.133"
              ],
              "name": "desktop-48asls3",
              "id": "681a4ddb-9712-4c88-b038-3cfc4aa5a83b",
              "architecture": "x86_64",
              "mac": [
                "00-0C-29-DE-2F-B8"
              ],
              "os": {
                "build": "19045.6456",
                "platform": "windows",
                "family": "windows",
                "name": "Windows 10 Education",
                "version": "10.0",
                "type": "windows",
                "kernel": "10.0.19041.6456 (WinBuild.160101.0800)"
              }
            },
            "@timestamp": "2025-10-22T17:22:00.374Z",
            "ecs": {
              "version": "8.0.0"
            }
          },
          "sort": [
            "2025-10-22T17:22:00.374Z",
            599
          ]
        },
        {
          "_index": "winlogbeat-9.1.2",
          "_id": "C07xDJoBUQc08OI1YwLS",
          "_score": null,
          "_ignored": [
            "event.original.keyword",
            "message.keyword",
            "winlog.event_data.PrivilegeList.keyword"
          ],
          "_source": {
            "tags": [
              "beats_input_codec_plain_applied"
            ],
            "winlog": {
              "event_id": "4672",
              "process": {
                "thread": {
                  "id": 752
                },
                "pid": 640
              },
              "opcode": "Info",
              "task": "Special Logon",
              "provider_name": "Microsoft-Windows-Security-Auditing",
              "computer_name": "DESKTOP-48ASLS3",
              "keywords": [
                "Audit Success"
              ],
              "channel": "Security",
              "provider_guid": "{54849625-5478-4994-A5BA-3E3B0328C30D}",
              "record_id": 77414,
              "activity_id": "{5C6CA50B-4378-0003-9BA5-6C5C7843DC01}",
              "event_data": {
                "SubjectUserSid": "S-1-5-18",
                "PrivilegeList": """SeAssignPrimaryTokenPrivilege
			SeTcbPrivilege
			SeSecurityPrivilege
			SeTakeOwnershipPrivilege
			SeLoadDriverPrivilege
			SeBackupPrivilege
			SeRestorePrivilege
			SeDebugPrivilege
			SeAuditPrivilege
			SeSystemEnvironmentPrivilege
			SeImpersonatePrivilege
			SeDelegateSessionUserImpersonatePrivilege""",
                "SubjectUserName": "SYSTEM",
                "SubjectDomainName": "NT AUTHORITY",
                "SubjectLogonId": "0x3e7"
              }
            },
            "event": {
              "created": "2025-10-22T17:22:06.652Z",
              "provider": "Microsoft-Windows-Security-Auditing",
              "kind": "event",
              "code": "4672",
              "outcome": "success",
              "action": "Special Logon"
            },
            "agent": {
              "version": "9.1.2",
              "name": "DESKTOP-48ASLS3",
              "id": "b9ca19fd-2ebb-4d9b-8451-77ab948619b0",
              "type": "winlogbeat",
              "ephemeral_id": "ce18a4b4-9459-4943-bda8-1823b9bbb362"
            },
            "log": {
              "level": "information"
            },
            "@version": "1",
            "host": {
              "hostname": "DESKTOP-48ASLS3",
              "ip": [
                "fe80::7885:d3a2:905b:4597",
                "192.168.89.133"
              ],
              "name": "desktop-48asls3",
              "id": "681a4ddb-9712-4c88-b038-3cfc4aa5a83b",
              "mac": [
                "00-0C-29-DE-2F-B8"
              ],
              "architecture": "x86_64",
              "os": {
                "build": "19045.6456",
                "platform": "windows",
                "family": "windows",
                "version": "10.0",
                "name": "Windows 10 Education",
                "type": "windows",
                "kernel": "10.0.19041.6456 (WinBuild.160101.0800)"
              }
            },
            "@timestamp": "2025-10-22T17:22:00.374Z",
            "ecs": {
              "version": "8.0.0"
            }
          },
          "sort": [
            "2025-10-22T17:22:00.374Z",
            494
          ]
        },
        {
          "_index": "winlogbeat-9.1.2",
          "_id": "dU7xDJoBUQc08OI1YwLZ",
          "_score": null,
          "_ignored": [
            "event.original.keyword",
            "message.keyword"
          ],
          "_source": {
            "tags": [
              "beats_input_codec_plain_applied"
            ],
            "winlog": {
              "event_id": "4688",
              "process": {
                "thread": {
                  "id": 296
                },
                "pid": 4
              },
              "opcode": "Info",
              "task": "Process Creation",
              "provider_name": "Microsoft-Windows-Security-Auditing",
              "computer_name": "DESKTOP-48ASLS3",
              "keywords": [
                "Audit Success"
              ],
              "provider_guid": "{54849625-5478-4994-A5BA-3E3B0328C30D}",
              "record_id": 77411,
              "version": 2,
              "channel": "Security",
              "event_data": {
                "NewProcessId": "0x44c",
                "TokenElevationType": "TokenElevationTypeDefault (1)",
                "ParentProcessName": """C:\Windows\System32\winlogon.exe""",
                "SubjectDomainName": "WORKGROUP",
                "TargetLogonId": "0x0",
                "NewProcessName": """C:\Windows\System32\LogonUI.exe""",
                "TargetUserSid": "S-1-0-0",
                "TargetUserName": "-",
                "ProcessId": "0x2b4",
                "SubjectUserSid": "S-1-5-18",
                "MandatoryLabel": "S-1-16-16384",
                "SubjectUserName": "DESKTOP-48ASLS3$",
                "TargetDomainName": "-",
                "SubjectLogonId": "0x3e7"
              }
            },
            "event": {
              "created": "2025-10-22T17:22:06.652Z",
              "provider": "Microsoft-Windows-Security-Auditing",
              "kind": "event",
              "code": "4688",
              "outcome": "success",
              "action": "Process Creation"
            },
            "agent": {
              "name": "DESKTOP-48ASLS3",
              "version": "9.1.2",
              "id": "b9ca19fd-2ebb-4d9b-8451-77ab948619b0",
              "type": "winlogbeat",
              "ephemeral_id": "ce18a4b4-9459-4943-bda8-1823b9bbb362"
            },
            "log": {
              "level": "information"
            },
            "@version": "1",
            "host": {
              "hostname": "DESKTOP-48ASLS3",
              "ip": [
                "fe80::7885:d3a2:905b:4597",
                "192.168.89.133"
              ],
              "name": "desktop-48asls3",
              "id": "681a4ddb-9712-4c88-b038-3cfc4aa5a83b",
              "architecture": "x86_64",
              "mac": [
                "00-0C-29-DE-2F-B8"
              ],
              "os": {
                "build": "19045.6456",
                "platform": "windows",
                "family": "windows",
                "version": "10.0",
                "name": "Windows 10 Education",
                "type": "windows",
                "kernel": "10.0.19041.6456 (WinBuild.160101.0800)"
              }
            },
            "@timestamp": "2025-10-22T17:22:00.368Z",
            "ecs": {
              "version": "8.0.0"
            }
          },
          "sort": [
            "2025-10-22T17:22:00.368Z",
            598
          ]
        },
        {
          "_index": "winlogbeat-9.1.2",
          "_id": "Ck7xDJoBUQc08OI1YwLS",
          "_score": null,
          "_ignored": [
            "event.original.keyword",
            "message.keyword"
          ],
          "_source": {
            "tags": [
              "beats_input_codec_plain_applied"
            ],
            "log": {
              "level": "information"
            },
            "event": {
              "created": "2025-10-22T17:22:06.652Z",
              "action": "Process Creation",
              "kind": "event",
              "code": "4688",
              "outcome": "success",
              "provider": "Microsoft-Windows-Security-Auditing"
            },
            "agent": {
              "name": "DESKTOP-48ASLS3",
              "version": "9.1.2",
              "id": "b9ca19fd-2ebb-4d9b-8451-77ab948619b0",
              "type": "winlogbeat",
              "ephemeral_id": "ce18a4b4-9459-4943-bda8-1823b9bbb362"
            },
            "winlog": {
              "event_id": "4688",
              "process": {
                "thread": {
                  "id": 296
                },
                "pid": 4
              },
              "opcode": "Info",
              "task": "Process Creation",
              "provider_name": "Microsoft-Windows-Security-Auditing",
              "computer_name": "DESKTOP-48ASLS3",
              "keywords": [
                "Audit Success"
              ],
              "channel": "Security",
              "version": 2,
              "record_id": 77412,
              "provider_guid": "{54849625-5478-4994-A5BA-3E3B0328C30D}",
              "event_data": {
                "NewProcessId": "0x454",
                "TokenElevationType": "TokenElevationTypeLimited (3)",
                "ParentProcessName": """C:\Windows\System32\winlogon.exe""",
                "SubjectDomainName": "WORKGROUP",
                "TargetLogonId": "0x1351e",
                "NewProcessName": """C:\Windows\System32\dwm.exe""",
                "TargetUserSid": "S-1-5-90-0-1",
                "TargetUserName": "DWM-1",
                "ProcessId": "0x2b4",
                "SubjectUserSid": "S-1-5-18",
                "MandatoryLabel": "S-1-16-16384",
                "SubjectUserName": "DESKTOP-48ASLS3$",
                "TargetDomainName": "Window Manager",
                "SubjectLogonId": "0x3e7"
              }
            },
            "@version": "1",
            "host": {
              "hostname": "DESKTOP-48ASLS3",
              "ip": [
                "fe80::7885:d3a2:905b:4597",
                "192.168.89.133"
              ],
              "name": "desktop-48asls3",
              "id": "681a4ddb-9712-4c88-b038-3cfc4aa5a83b",
              "mac": [
                "00-0C-29-DE-2F-B8"
              ],
              "architecture": "x86_64",
              "os": {
                "platform": "windows",
                "build": "19045.6456",
                "family": "windows",
                "version": "10.0",
                "name": "Windows 10 Education",
                "type": "windows",
                "kernel": "10.0.19041.6456 (WinBuild.160101.0800)"
              }
            },
            "@timestamp": "2025-10-22T17:22:00.368Z",
            "ecs": {
              "version": "8.0.0"
            }
          },
          "sort": [
            "2025-10-22T17:22:00.368Z",
            493
          ]
        },
        {
          "_index": "winlogbeat-9.1.2",
          "_id": "dE7xDJoBUQc08OI1YwLZ",
          "_score": null,
          "_source": {
            "tags": [
              "beats_input_codec_plain_applied"
            ],
            "winlog": {
              "event_id": "4672",
              "process": {
                "thread": {
                  "id": 812
                },
                "pid": 640
              },
              "opcode": "Info",
              "task": "Special Logon",
              "provider_name": "Microsoft-Windows-Security-Auditing",
              "computer_name": "DESKTOP-48ASLS3",
              "keywords": [
                "Audit Success"
              ],
              "provider_guid": "{54849625-5478-4994-A5BA-3E3B0328C30D}",
              "channel": "Security",
              "activity_id": "{5C6CA50B-4378-0003-9BA5-6C5C7843DC01}",
              "record_id": 77409,
              "event_data": {
                "SubjectUserSid": "S-1-5-90-0-1",
                "PrivilegeList": """SeAssignPrimaryTokenPrivilege
			SeAuditPrivilege
			SeImpersonatePrivilege""",
                "SubjectUserName": "DWM-1",
                "SubjectDomainName": "Window Manager",
                "SubjectLogonId": "0x134e7"
              }
            },
            "event": {
              "created": "2025-10-22T17:22:06.652Z",
              "provider": "Microsoft-Windows-Security-Auditing",
              "kind": "event",
              "code": "4672",
              "outcome": "success",
              "action": "Special Logon"
            },
            "agent": {
              "name": "DESKTOP-48ASLS3",
              "version": "9.1.2",
              "id": "b9ca19fd-2ebb-4d9b-8451-77ab948619b0",
              "ephemeral_id": "ce18a4b4-9459-4943-bda8-1823b9bbb362",
              "type": "winlogbeat"
            },
            "log": {
              "level": "information"
            },
            "@version": "1",
            "host": {
              "hostname": "DESKTOP-48ASLS3",
              "ip": [
                "fe80::7885:d3a2:905b:4597",
                "192.168.89.133"
              ],
              "name": "desktop-48asls3",
              "mac": [
                "00-0C-29-DE-2F-B8"
              ],
              "architecture": "x86_64",
              "id": "681a4ddb-9712-4c88-b038-3cfc4aa5a83b",
              "os": {
                "build": "19045.6456",
                "platform": "windows",
                "family": "windows",
                "name": "Windows 10 Education",
                "version": "10.0",
                "type": "windows",
                "kernel": "10.0.19041.6456 (WinBuild.160101.0800)"
              }
            },
            "@timestamp": "2025-10-22T17:22:00.367Z",
            "ecs": {
              "version": "8.0.0"
            }
          },
          "sort": [
            "2025-10-22T17:22:00.367Z",
            597
          ]
        },
        {
          "_index": "winlogbeat-9.1.2",
          "_id": "c07xDJoBUQc08OI1YwLZ",
          "_score": null,
          "_ignored": [
            "event.original.keyword",
            "message.keyword"
          ],
          "_source": {
            "tags": [
              "beats_input_codec_plain_applied"
            ],
            "log": {
              "level": "information"
            },
            "event": {
              "action": "Logon",
              "created": "2025-10-22T17:22:06.652Z",
              "kind": "event",
              "code": "4624",
              "outcome": "success",
              "provider": "Microsoft-Windows-Security-Auditing"
            },
            "agent": {
              "name": "DESKTOP-48ASLS3",
              "version": "9.1.2",
              "id": "b9ca19fd-2ebb-4d9b-8451-77ab948619b0",
              "type": "winlogbeat",
              "ephemeral_id": "ce18a4b4-9459-4943-bda8-1823b9bbb362"
            },
            "winlog": {
              "event_id": "4624",
              "process": {
                "thread": {
                  "id": 812
                },
                "pid": 640
              },
              "opcode": "Info",
              "task": "Logon",
              "provider_name": "Microsoft-Windows-Security-Auditing",
              "computer_name": "DESKTOP-48ASLS3",
              "provider_guid": "{54849625-5478-4994-A5BA-3E3B0328C30D}",
              "keywords": [
                "Audit Success"
              ],
              "record_id": 77407,
              "activity_id": "{5C6CA50B-4378-0003-9BA5-6C5C7843DC01}",
              "version": 2,
              "channel": "Security",
              "event_data": {
                "RestrictedAdminMode": "-",
                "LogonType": "2",
                "TargetOutboundUserName": "-",
                "TransmittedServices": "-",
                "TargetLogonId": "0x134e7",
                "WorkstationName": "-",
                "KeyLength": "0",
                "VirtualAccount": "Yes",
                "TargetLinkedLogonId": "0x1351e",
                "TargetUserSid": "S-1-5-90-0-1",
                "IpAddress": "-",
                "IpPort": "-",
                "TargetUserName": "DWM-1",
                "LmPackageName": "-",
                "LogonProcessName": "Advapi  ",
                "SubjectUserName": "DESKTOP-48ASLS3$",
                "TargetDomainName": "Window Manager",
                "SubjectLogonId": "0x3e7",
                "ElevatedToken": "Yes",
                "SubjectDomainName": "WORKGROUP",
                "ProcessName": """C:\Windows\System32\winlogon.exe""",
                "LogonGuid": "{00000000-0000-0000-0000-000000000000}",
                "TargetOutboundDomainName": "-",
                "ProcessId": "0x2b4",
                "SubjectUserSid": "S-1-5-18",
                "ImpersonationLevel": "Impersonation",
                "AuthenticationPackageName": "Negotiate"
              }
            },
            "@version": "1",
            "host": {
              "hostname": "DESKTOP-48ASLS3",
              "ip": [
                "fe80::7885:d3a2:905b:4597",
                "192.168.89.133"
              ],
              "name": "desktop-48asls3",
              "id": "681a4ddb-9712-4c88-b038-3cfc4aa5a83b",
              "architecture": "x86_64",
              "mac": [
                "00-0C-29-DE-2F-B8"
              ],
              "os": {
                "platform": "windows",
                "build": "19045.6456",
                "family": "windows",
                "version": "10.0",
                "name": "Windows 10 Education",
                "type": "windows",
                "kernel": "10.0.19041.6456 (WinBuild.160101.0800)"
              }
            },
            "@timestamp": "2025-10-22T17:22:00.367Z",
            "ecs": {
              "version": "8.0.0"
            }
          },
          "sort": [
            "2025-10-22T17:22:00.367Z",
            596
          ]
        },
        {
          "_index": "winlogbeat-9.1.2",
          "_id": "CU7xDJoBUQc08OI1YwLS",
          "_score": null,
          "_source": {
            "tags": [
              "beats_input_codec_plain_applied"
            ],
            "winlog": {
              "event_id": "4672",
              "process": {
                "thread": {
                  "id": 812
                },
                "pid": 640
              },
              "opcode": "Info",
              "task": "Special Logon",
              "provider_name": "Microsoft-Windows-Security-Auditing",
              "computer_name": "DESKTOP-48ASLS3",
              "provider_guid": "{54849625-5478-4994-A5BA-3E3B0328C30D}",
              "keywords": [
                "Audit Success"
              ],
              "channel": "Security",
              "activity_id": "{5C6CA50B-4378-0003-9BA5-6C5C7843DC01}",
              "record_id": 77410,
              "event_data": {
                "SubjectUserSid": "S-1-5-90-0-1",
                "PrivilegeList": """SeAssignPrimaryTokenPrivilege
			SeAuditPrivilege""",
                "SubjectUserName": "DWM-1",
                "SubjectDomainName": "Window Manager",
                "SubjectLogonId": "0x1351e"
              }
            },
            "event": {
              "created": "2025-10-22T17:22:06.652Z",
              "action": "Special Logon",
              "kind": "event",
              "code": "4672",
              "outcome": "success",
              "provider": "Microsoft-Windows-Security-Auditing"
            },
            "agent": {
              "name": "DESKTOP-48ASLS3",
              "version": "9.1.2",
              "id": "b9ca19fd-2ebb-4d9b-8451-77ab948619b0",
              "type": "winlogbeat",
              "ephemeral_id": "ce18a4b4-9459-4943-bda8-1823b9bbb362"
            },
            "log": {
              "level": "information"
            },
            "@version": "1",
            "host": {
              "hostname": "DESKTOP-48ASLS3",
              "ip": [
                "fe80::7885:d3a2:905b:4597",
                "192.168.89.133"
              ],
              "name": "desktop-48asls3",
              "id": "681a4ddb-9712-4c88-b038-3cfc4aa5a83b",
              "mac": [
                "00-0C-29-DE-2F-B8"
              ],
              "architecture": "x86_64",
              "os": {
                "build": "19045.6456",
                "platform": "windows",
                "family": "windows",
                "name": "Windows 10 Education",
                "version": "10.0",
                "type": "windows",
                "kernel": "10.0.19041.6456 (WinBuild.160101.0800)"
              }
            },
            "@timestamp": "2025-10-22T17:22:00.367Z",
            "ecs": {
              "version": "8.0.0"
            }
          },
          "sort": [
            "2025-10-22T17:22:00.367Z",
            492
          ]
        },
        {
          "_index": "winlogbeat-9.1.2",
          "_id": "CE7xDJoBUQc08OI1YwLS",
          "_score": null,
          "_ignored": [
            "event.original.keyword",
            "message.keyword"
          ],
          "_source": {
            "tags": [
              "beats_input_codec_plain_applied"
            ],
            "winlog": {
              "event_id": "4624",
              "process": {
                "thread": {
                  "id": 812
                },
                "pid": 640
              },
              "opcode": "Info",
              "task": "Logon",
              "provider_name": "Microsoft-Windows-Security-Auditing",
              "computer_name": "DESKTOP-48ASLS3",
              "keywords": [
                "Audit Success"
              ],
              "provider_guid": "{54849625-5478-4994-A5BA-3E3B0328C30D}",
              "record_id": 77408,
              "version": 2,
              "activity_id": "{5C6CA50B-4378-0003-9BA5-6C5C7843DC01}",
              "channel": "Security",
              "event_data": {
                "RestrictedAdminMode": "-",
                "LogonType": "2",
                "TargetOutboundUserName": "-",
                "VirtualAccount": "Yes",
                "TransmittedServices": "-",
                "WorkstationName": "-",
                "KeyLength": "0",
                "TargetLogonId": "0x1351e",
                "TargetLinkedLogonId": "0x134e7",
                "TargetUserSid": "S-1-5-90-0-1",
                "IpAddress": "-",
                "IpPort": "-",
                "TargetUserName": "DWM-1",
                "LmPackageName": "-",
                "LogonProcessName": "Advapi  ",
                "SubjectUserName": "DESKTOP-48ASLS3$",
                "SubjectLogonId": "0x3e7",
                "TargetDomainName": "Window Manager",
                "ElevatedToken": "No",
                "SubjectDomainName": "WORKGROUP",
                "ProcessName": """C:\Windows\System32\winlogon.exe""",
                "LogonGuid": "{00000000-0000-0000-0000-000000000000}",
                "TargetOutboundDomainName": "-",
                "SubjectUserSid": "S-1-5-18",
                "ProcessId": "0x2b4",
                "ImpersonationLevel": "Impersonation",
                "AuthenticationPackageName": "Negotiate"
              }
            },
            "event": {
              "created": "2025-10-22T17:22:06.652Z",
              "provider": "Microsoft-Windows-Security-Auditing",
              "kind": "event",
              "code": "4624",
              "outcome": "success",
              "action": "Logon"
            },
            "agent": {
              "name": "DESKTOP-48ASLS3",
              "version": "9.1.2",
              "id": "b9ca19fd-2ebb-4d9b-8451-77ab948619b0",
              "type": "winlogbeat",
              "ephemeral_id": "ce18a4b4-9459-4943-bda8-1823b9bbb362"
            },
            "log": {
              "level": "information"
            },
            "@version": "1",
            "host": {
              "hostname": "DESKTOP-48ASLS3",
              "ip": [
                "fe80::7885:d3a2:905b:4597",
                "192.168.89.133"
              ],
              "name": "desktop-48asls3",
              "id": "681a4ddb-9712-4c88-b038-3cfc4aa5a83b",
              "architecture": "x86_64",
              "mac": [
                "00-0C-29-DE-2F-B8"
              ],
              "os": {
                "build": "19045.6456",
                "platform": "windows",
                "family": "windows",
                "version": "10.0",
                "name": "Windows 10 Education",
                "type": "windows",
                "kernel": "10.0.19041.6456 (WinBuild.160101.0800)"
              }
            },
            "@timestamp": "2025-10-22T17:22:00.367Z",
            "ecs": {
              "version": "8.0.0"
            }
          },
          "sort": [
            "2025-10-22T17:22:00.367Z",
            491
          ]
        },
        {
          "_index": "winlogbeat-9.1.2",
          "_id": "B07xDJoBUQc08OI1YwLS",
          "_score": null,
          "_ignored": [
            "event.original.keyword",
            "message.keyword"
          ],
          "_source": {
            "tags": [
              "beats_input_codec_plain_applied"
            ],
            "winlog": {
              "event_id": "4648",
              "process": {
                "thread": {
                  "id": 812
                },
                "pid": 640
              },
              "opcode": "Info",
              "task": "Logon",
              "provider_name": "Microsoft-Windows-Security-Auditing",
              "computer_name": "DESKTOP-48ASLS3",
              "keywords": [
                "Audit Success"
              ],
              "channel": "Security",
              "record_id": 77406,
              "activity_id": "{5C6CA50B-4378-0003-9BA5-6C5C7843DC01}",
              "provider_guid": "{54849625-5478-4994-A5BA-3E3B0328C30D}",
              "event_data": {
                "TargetLogonGuid": "{00000000-0000-0000-0000-000000000000}",
                "TargetDomainName": "Window Manager",
                "SubjectDomainName": "WORKGROUP",
                "ProcessName": """C:\Windows\System32\winlogon.exe""",
                "LogonGuid": "{00000000-0000-0000-0000-000000000000}",
                "IpAddress": "-",
                "IpPort": "-",
                "ProcessId": "0x2b4",
                "SubjectUserSid": "S-1-5-18",
                "TargetUserName": "DWM-1",
                "TargetInfo": "localhost",
                "SubjectUserName": "DESKTOP-48ASLS3$",
                "SubjectLogonId": "0x3e7",
                "TargetServerName": "localhost"
              }
            },
            "event": {
              "created": "2025-10-22T17:22:06.652Z",
              "action": "Logon",
              "kind": "event",
              "code": "4648",
              "outcome": "success",
              "provider": "Microsoft-Windows-Security-Auditing"
            },
            "agent": {
              "name": "DESKTOP-48ASLS3",
              "version": "9.1.2",
              "id": "b9ca19fd-2ebb-4d9b-8451-77ab948619b0",
              "type": "winlogbeat",
              "ephemeral_id": "ce18a4b4-9459-4943-bda8-1823b9bbb362"
            },
            "log": {
              "level": "information"
            },
            "@version": "1",
            "host": {
              "hostname": "DESKTOP-48ASLS3",
              "ip": [
                "fe80::7885:d3a2:905b:4597",
                "192.168.89.133"
              ],
              "name": "desktop-48asls3",
              "mac": [
                "00-0C-29-DE-2F-B8"
              ],
              "architecture": "x86_64",
              "id": "681a4ddb-9712-4c88-b038-3cfc4aa5a83b",
              "os": {
                "build": "19045.6456",
                "platform": "windows",
                "family": "windows",
                "version": "10.0",
                "name": "Windows 10 Education",
                "type": "windows",
                "kernel": "10.0.19041.6456 (WinBuild.160101.0800)"
              }
            },
            "@timestamp": "2025-10-22T17:22:00.367Z",
            "ecs": {
              "version": "8.0.0"
            }
          },
          "sort": [
            "2025-10-22T17:22:00.367Z",
            490
          ]
        },
        {
          "_index": "winlogbeat-9.1.2",
          "_id": "Bk7xDJoBUQc08OI1YwLS",
          "_score": null,
          "_ignored": [
            "event.original.keyword",
            "message.keyword"
          ],
          "_source": {
            "tags": [
              "beats_input_codec_plain_applied"
            ],
            "log": {
              "level": "information"
            },
            "event": {
              "action": "Process Creation",
              "created": "2025-10-22T17:22:06.652Z",
              "kind": "event",
              "code": "4688",
              "outcome": "success",
              "provider": "Microsoft-Windows-Security-Auditing"
            },
            "agent": {
              "name": "DESKTOP-48ASLS3",
              "version": "9.1.2",
              "id": "b9ca19fd-2ebb-4d9b-8451-77ab948619b0",
              "type": "winlogbeat",
              "ephemeral_id": "ce18a4b4-9459-4943-bda8-1823b9bbb362"
            },
            "winlog": {
              "event_id": "4688",
              "process": {
                "thread": {
                  "id": 296
                },
                "pid": 4
              },
              "opcode": "Info",
              "task": "Process Creation",
              "provider_name": "Microsoft-Windows-Security-Auditing",
              "computer_name": "DESKTOP-48ASLS3",
              "provider_guid": "{54849625-5478-4994-A5BA-3E3B0328C30D}",
              "keywords": [
                "Audit Success"
              ],
              "version": 2,
              "record_id": 77405,
              "channel": "Security",
              "event_data": {
                "NewProcessId": "0x344",
                "TokenElevationType": "TokenElevationTypeDefault (1)",
                "ParentProcessName": """C:\Windows\System32\services.exe""",
                "SubjectDomainName": "WORKGROUP",
                "NewProcessName": """C:\Windows\System32\svchost.exe""",
                "TargetLogonId": "0x3e5",
                "TargetUserSid": "S-1-0-0",
                "TargetUserName": "LOCAL SERVICE",
                "SubjectUserSid": "S-1-5-18",
                "ProcessId": "0x268",
                "SubjectUserName": "DESKTOP-48ASLS3$",
                "MandatoryLabel": "S-1-16-16384",
                "TargetDomainName": "NT AUTHORITY",
                "SubjectLogonId": "0x3e7"
              }
            },
            "@version": "1",
            "host": {
              "hostname": "DESKTOP-48ASLS3",
              "ip": [
                "fe80::7885:d3a2:905b:4597",
                "192.168.89.133"
              ],
              "name": "desktop-48asls3",
              "id": "681a4ddb-9712-4c88-b038-3cfc4aa5a83b",
              "architecture": "x86_64",
              "mac": [
                "00-0C-29-DE-2F-B8"
              ],
              "os": {
                "build": "19045.6456",
                "platform": "windows",
                "family": "windows",
                "name": "Windows 10 Education",
                "version": "10.0",
                "type": "windows",
                "kernel": "10.0.19041.6456 (WinBuild.160101.0800)"
              }
            },
            "@timestamp": "2025-10-22T17:22:00.340Z",
            "ecs": {
              "version": "8.0.0"
            }
          },
          "sort": [
            "2025-10-22T17:22:00.340Z",
            489
          ]
        },
        {
          "_index": "winlogbeat-9.1.2",
          "_id": "BU7xDJoBUQc08OI1YwLS",
          "_score": null,
          "_ignored": [
            "event.original.keyword",
            "message.keyword"
          ],
          "_source": {
            "tags": [
              "beats_input_codec_plain_applied"
            ],
            "log": {
              "level": "information"
            },
            "event": {
              "action": "Process Creation",
              "created": "2025-10-22T17:22:06.652Z",
              "kind": "event",
              "code": "4688",
              "outcome": "success",
              "provider": "Microsoft-Windows-Security-Auditing"
            },
            "agent": {
              "name": "DESKTOP-48ASLS3",
              "version": "9.1.2",
              "id": "b9ca19fd-2ebb-4d9b-8451-77ab948619b0",
              "type": "winlogbeat",
              "ephemeral_id": "ce18a4b4-9459-4943-bda8-1823b9bbb362"
            },
            "winlog": {
              "event_id": "4688",
              "process": {
                "thread": {
                  "id": 296
                },
                "pid": 4
              },
              "opcode": "Info",
              "task": "Process Creation",
              "provider_name": "Microsoft-Windows-Security-Auditing",
              "computer_name": "DESKTOP-48ASLS3",
              "provider_guid": "{54849625-5478-4994-A5BA-3E3B0328C30D}",
              "keywords": [
                "Audit Success"
              ],
              "version": 2,
              "channel": "Security",
              "record_id": 77404,
              "event_data": {
                "NewProcessId": "0x3c0",
                "TokenElevationType": "TokenElevationTypeDefault (1)",
                "ParentProcessName": """C:\Windows\System32\services.exe""",
                "SubjectDomainName": "WORKGROUP",
                "NewProcessName": """C:\Windows\System32\svchost.exe""",
                "TargetLogonId": "0x0",
                "TargetUserSid": "S-1-0-0",
                "TargetUserName": "-",
                "ProcessId": "0x268",
                "SubjectUserSid": "S-1-5-18",
                "MandatoryLabel": "S-1-16-16384",
                "SubjectUserName": "DESKTOP-48ASLS3$",
                "SubjectLogonId": "0x3e7",
                "TargetDomainName": "-"
              }
            },
            "@version": "1",
            "host": {
              "hostname": "DESKTOP-48ASLS3",
              "ip": [
                "fe80::7885:d3a2:905b:4597",
                "192.168.89.133"
              ],
              "name": "desktop-48asls3",
              "id": "681a4ddb-9712-4c88-b038-3cfc4aa5a83b",
              "architecture": "x86_64",
              "mac": [
                "00-0C-29-DE-2F-B8"
              ],
              "os": {
                "build": "19045.6456",
                "platform": "windows",
                "family": "windows",
                "version": "10.0",
                "name": "Windows 10 Education",
                "type": "windows",
                "kernel": "10.0.19041.6456 (WinBuild.160101.0800)"
              }
            },
            "@timestamp": "2025-10-22T17:22:00.340Z",
            "ecs": {
              "version": "8.0.0"
            }
          },
          "sort": [
            "2025-10-22T17:22:00.340Z",
            488
          ]
        },
