        {
          "_index": "winlogbeat-9.1.2",
          "_id": "3E7xDJoBUQc08OI1ZAIt",
          "_score": null,
          "_ignored": [
            "event.original.keyword",
            "message.keyword"
          ],
          "_source": {
            "tags": [
              "beats_input_codec_plain_applied"
            ],
            "winlog": {
              "event_id": "4688",
              "process": {
                "thread": {
                  "id": 3700
                },
                "pid": 4
              },
              "opcode": "Info",
              "task": "Process Creation",
              "provider_name": "Microsoft-Windows-Security-Auditing",
              "computer_name": "DESKTOP-48ASLS3",
              "provider_guid": "{54849625-5478-4994-A5BA-3E3B0328C30D}",
              "channel": "Security",
              "keywords": [
                "Audit Success"
              ],
              "version": 2,
              "record_id": 77535,
              "event_data": {
                "TargetDomainName": "NT AUTHORITY",
                "TokenElevationType": "TokenElevationTypeDefault (1)",
                "ParentProcessName": """C:\Windows\System32\svchost.exe""",
                "SubjectDomainName": "WORKGROUP",
                "NewProcessName": """C:\Windows\System32\dasHost.exe""",
                "TargetLogonId": "0x3e5",
                "TargetUserSid": "S-1-5-19",
                "TargetUserName": "LOCAL SERVICE",
                "ProcessId": "0x106c",
                "SubjectUserSid": "S-1-5-18",
                "MandatoryLabel": "S-1-16-16384",
                "SubjectUserName": "DESKTOP-48ASLS3$",
                "NewProcessId": "0x118c",
                "SubjectLogonId": "0x3e7"
              }
            },
            "event": {
              "created": "2025-10-22T17:22:06.656Z",
              "action": "Process Creation",
              "kind": "event",
              "code": "4688",
              "outcome": "success",
              "provider": "Microsoft-Windows-Security-Auditing"
            },
            "agent": {
              "name": "DESKTOP-48ASLS3",
              "version": "9.1.2",
              "id": "b9ca19fd-2ebb-4d9b-8451-77ab948619b0",
              "type": "winlogbeat",
              "ephemeral_id": "ce18a4b4-9459-4943-bda8-1823b9bbb362"
            },
            "log": {
              "level": "information"
            },
            "@version": "1",
            "host": {
              "hostname": "DESKTOP-48ASLS3",
              "ip": [
                "fe80::7885:d3a2:905b:4597",
                "192.168.89.133"
              ],
              "name": "desktop-48asls3",
              "id": "681a4ddb-9712-4c88-b038-3cfc4aa5a83b",
              "architecture": "x86_64",
              "mac": [
                "00-0C-29-DE-2F-B8"
              ],
              "os": {
                "platform": "windows",
                "build": "19045.6456",
                "family": "windows",
                "version": "10.0",
                "name": "Windows 10 Education",
                "type": "windows",
                "kernel": "10.0.19041.6456 (WinBuild.160101.0800)"
              }
            },
            "@timestamp": "2025-10-22T17:22:01.945Z",
            "ecs": {
              "version": "8.0.0"
            }
          },
          "sort": [
            "2025-10-22T17:22:01.945Z",
            291
          ]
        },
        {
          "_index": "winlogbeat-9.1.2",
          "_id": "207xDJoBUQc08OI1ZAIt",
          "_score": null,
          "_ignored": [
            "event.original.keyword",
            "message.keyword"
          ],
          "_source": {
            "tags": [
              "beats_input_codec_plain_applied"
            ],
            "log": {
              "level": "information"
            },
            "event": {
              "created": "2025-10-22T17:22:06.656Z",
              "provider": "Microsoft-Windows-Security-Auditing",
              "kind": "event",
              "code": "4688",
              "outcome": "success",
              "action": "Process Creation"
            },
            "winlog": {
              "event_id": "4688",
              "process": {
                "thread": {
                  "id": 3700
                },
                "pid": 4
              },
              "opcode": "Info",
              "task": "Process Creation",
              "provider_name": "Microsoft-Windows-Security-Auditing",
              "computer_name": "DESKTOP-48ASLS3",
              "provider_guid": "{54849625-5478-4994-A5BA-3E3B0328C30D}",
              "channel": "Security",
              "record_id": 77534,
              "version": 2,
              "keywords": [
                "Audit Success"
              ],
              "event_data": {
                "TargetDomainName": "-",
                "TokenElevationType": "TokenElevationTypeDefault (1)",
                "ParentProcessName": """C:\Windows\System32\cmd.exe""",
                "SubjectDomainName": "WORKGROUP",
                "NewProcessName": """C:\Windows\System32\conhost.exe""",
                "TargetLogonId": "0x0",
                "TargetUserSid": "S-1-0-0",
                "TargetUserName": "-",
                "SubjectUserSid": "S-1-5-18",
                "ProcessId": "0x1130",
                "MandatoryLabel": "S-1-16-16384",
                "SubjectUserName": "DESKTOP-48ASLS3$",
                "NewProcessId": "0x1158",
                "SubjectLogonId": "0x3e7"
              }
            },
            "agent": {
              "name": "DESKTOP-48ASLS3",
              "version": "9.1.2",
              "id": "b9ca19fd-2ebb-4d9b-8451-77ab948619b0",
              "type": "winlogbeat",
              "ephemeral_id": "ce18a4b4-9459-4943-bda8-1823b9bbb362"
            },
            "@version": "1",
            "host": {
              "hostname": "DESKTOP-48ASLS3",
              "ip": [
                "fe80::7885:d3a2:905b:4597",
                "192.168.89.133"
              ],
              "name": "desktop-48asls3",
              "id": "681a4ddb-9712-4c88-b038-3cfc4aa5a83b",
              "mac": [
                "00-0C-29-DE-2F-B8"
              ],
              "architecture": "x86_64",
              "os": {
                "platform": "windows",
                "build": "19045.6456",
                "family": "windows",
                "version": "10.0",
                "name": "Windows 10 Education",
                "type": "windows",
                "kernel": "10.0.19041.6456 (WinBuild.160101.0800)"
              }
            },
            "@timestamp": "2025-10-22T17:22:01.865Z",
            "ecs": {
              "version": "8.0.0"
            }
          },
          "sort": [
            "2025-10-22T17:22:01.865Z",
            290
          ]
        },
        {
          "_index": "winlogbeat-9.1.2",
          "_id": "2k7xDJoBUQc08OI1ZAIt",
          "_score": null,
          "_ignored": [
            "event.original.keyword",
            "message.keyword"
          ],
          "_source": {
            "tags": [
              "beats_input_codec_plain_applied"
            ],
            "winlog": {
              "event_id": "4688",
              "process": {
                "thread": {
                  "id": 3700
                },
                "pid": 4
              },
              "opcode": "Info",
              "task": "Process Creation",
              "provider_name": "Microsoft-Windows-Security-Auditing",
              "computer_name": "DESKTOP-48ASLS3",
              "provider_guid": "{54849625-5478-4994-A5BA-3E3B0328C30D}",
              "keywords": [
                "Audit Success"
              ],
              "version": 2,
              "channel": "Security",
              "record_id": 77533,
              "event_data": {
                "TargetDomainName": "-",
                "TokenElevationType": "TokenElevationTypeDefault (1)",
                "ParentProcessName": """C:\Program Files\VMware\VMware Tools\vmtoolsd.exe""",
                "SubjectDomainName": "WORKGROUP",
                "NewProcessName": """C:\Windows\System32\cmd.exe""",
                "TargetLogonId": "0x0",
                "TargetUserSid": "S-1-0-0",
                "TargetUserName": "-",
                "SubjectUserSid": "S-1-5-18",
                "ProcessId": "0xd70",
                "MandatoryLabel": "S-1-16-16384",
                "SubjectUserName": "DESKTOP-48ASLS3$",
                "SubjectLogonId": "0x3e7",
                "NewProcessId": "0x1130"
              }
            },
            "event": {
              "created": "2025-10-22T17:22:06.656Z",
              "provider": "Microsoft-Windows-Security-Auditing",
              "kind": "event",
              "code": "4688",
              "outcome": "success",
              "action": "Process Creation"
            },
            "agent": {
              "version": "9.1.2",
              "name": "DESKTOP-48ASLS3",
              "id": "b9ca19fd-2ebb-4d9b-8451-77ab948619b0",
              "type": "winlogbeat",
              "ephemeral_id": "ce18a4b4-9459-4943-bda8-1823b9bbb362"
            },
            "log": {
              "level": "information"
            },
            "@version": "1",
            "host": {
              "hostname": "DESKTOP-48ASLS3",
              "ip": [
                "fe80::7885:d3a2:905b:4597",
                "192.168.89.133"
              ],
              "name": "desktop-48asls3",
              "id": "681a4ddb-9712-4c88-b038-3cfc4aa5a83b",
              "mac": [
                "00-0C-29-DE-2F-B8"
              ],
              "architecture": "x86_64",
              "os": {
                "build": "19045.6456",
                "platform": "windows",
                "family": "windows",
                "version": "10.0",
                "name": "Windows 10 Education",
                "type": "windows",
                "kernel": "10.0.19041.6456 (WinBuild.160101.0800)"
              }
            },
            "@timestamp": "2025-10-22T17:22:01.846Z",
            "ecs": {
              "version": "8.0.0"
            }
          },
          "sort": [
            "2025-10-22T17:22:01.846Z",
            289
          ]
        },
        {
          "_index": "winlogbeat-9.1.2",
          "_id": "2U7xDJoBUQc08OI1ZAIt",
          "_score": null,
          "_ignored": [
            "event.original.keyword",
            "message.keyword"
          ],
          "_source": {
            "tags": [
              "beats_input_codec_plain_applied"
            ],
            "winlog": {
              "event_id": "4688",
              "process": {
                "thread": {
                  "id": 3684
                },
                "pid": 4
              },
              "opcode": "Info",
              "task": "Process Creation",
              "provider_name": "Microsoft-Windows-Security-Auditing",
              "computer_name": "DESKTOP-48ASLS3",
              "keywords": [
                "Audit Success"
              ],
              "provider_guid": "{54849625-5478-4994-A5BA-3E3B0328C30D}",
              "record_id": 77532,
              "channel": "Security",
              "version": 2,
              "event_data": {
                "TargetDomainName": "-",
                "TokenElevationType": "TokenElevationTypeDefault (1)",
                "ParentProcessName": """C:\Windows\System32\services.exe""",
                "SubjectDomainName": "WORKGROUP",
                "NewProcessName": """C:\Windows\System32\dllhost.exe""",
                "TargetLogonId": "0x0",
                "TargetUserSid": "S-1-0-0",
                "TargetUserName": "-",
                "ProcessId": "0x268",
                "SubjectUserSid": "S-1-5-18",
                "SubjectUserName": "DESKTOP-48ASLS3$",
                "MandatoryLabel": "S-1-16-16384",
                "SubjectLogonId": "0x3e7",
                "NewProcessId": "0x10fc"
              }
            },
            "event": {
              "created": "2025-10-22T17:22:06.655Z",
              "action": "Process Creation",
              "kind": "event",
              "code": "4688",
              "outcome": "success",
              "provider": "Microsoft-Windows-Security-Auditing"
            },
            "log": {
              "level": "information"
            },
            "agent": {
              "version": "9.1.2",
              "name": "DESKTOP-48ASLS3",
              "id": "b9ca19fd-2ebb-4d9b-8451-77ab948619b0",
              "ephemeral_id": "ce18a4b4-9459-4943-bda8-1823b9bbb362",
              "type": "winlogbeat"
            },
            "@version": "1",
            "host": {
              "hostname": "DESKTOP-48ASLS3",
              "ip": [
                "fe80::7885:d3a2:905b:4597",
                "192.168.89.133"
              ],
              "name": "desktop-48asls3",
              "id": "681a4ddb-9712-4c88-b038-3cfc4aa5a83b",
              "architecture": "x86_64",
              "mac": [
                "00-0C-29-DE-2F-B8"
              ],
              "os": {
                "build": "19045.6456",
                "platform": "windows",
                "family": "windows",
                "name": "Windows 10 Education",
                "version": "10.0",
                "type": "windows",
                "kernel": "10.0.19041.6456 (WinBuild.160101.0800)"
              }
            },
            "@timestamp": "2025-10-22T17:22:01.806Z",
            "ecs": {
              "version": "8.0.0"
            }
          },
          "sort": [
            "2025-10-22T17:22:01.806Z",
            288
          ]
        },
        {
          "_index": "winlogbeat-9.1.2",
          "_id": "2E7xDJoBUQc08OI1ZAIt",
          "_score": null,
          "_ignored": [
            "event.original.keyword",
            "message.keyword"
          ],
          "_source": {
            "tags": [
              "beats_input_codec_plain_applied"
            ],
            "log": {
              "level": "information"
            },
            "event": {
              "action": "Process Creation",
              "created": "2025-10-22T17:22:06.655Z",
              "kind": "event",
              "code": "4688",
              "outcome": "success",
              "provider": "Microsoft-Windows-Security-Auditing"
            },
            "agent": {
              "name": "DESKTOP-48ASLS3",
              "version": "9.1.2",
              "id": "b9ca19fd-2ebb-4d9b-8451-77ab948619b0",
              "ephemeral_id": "ce18a4b4-9459-4943-bda8-1823b9bbb362",
              "type": "winlogbeat"
            },
            "winlog": {
              "event_id": "4688",
              "process": {
                "thread": {
                  "id": 3696
                },
                "pid": 4
              },
              "opcode": "Info",
              "task": "Process Creation",
              "provider_name": "Microsoft-Windows-Security-Auditing",
              "computer_name": "DESKTOP-48ASLS3",
              "keywords": [
                "Audit Success"
              ],
              "channel": "Security",
              "provider_guid": "{54849625-5478-4994-A5BA-3E3B0328C30D}",
              "record_id": 77531,
              "version": 2,
              "event_data": {
                "SubjectLogonId": "0x3e7",
                "TokenElevationType": "TokenElevationTypeDefault (1)",
                "ParentProcessName": """C:\Program Files (x86)\Google\GoogleUpdater\142.0.7416.0\updater.exe""",
                "SubjectDomainName": "WORKGROUP",
                "TargetLogonId": "0x0",
                "NewProcessName": """C:\Program Files (x86)\Google\GoogleUpdater\142.0.7416.0\updater.exe""",
                "TargetUserSid": "S-1-0-0",
                "TargetUserName": "-",
                "ProcessId": "0x1054",
                "SubjectUserSid": "S-1-5-18",
                "MandatoryLabel": "S-1-16-16384",
                "SubjectUserName": "DESKTOP-48ASLS3$",
                "TargetDomainName": "-",
                "NewProcessId": "0x1084"
              }
            },
            "@version": "1",
            "host": {
              "hostname": "DESKTOP-48ASLS3",
              "ip": [
                "fe80::7885:d3a2:905b:4597",
                "192.168.89.133"
              ],
              "name": "desktop-48asls3",
              "id": "681a4ddb-9712-4c88-b038-3cfc4aa5a83b",
              "architecture": "x86_64",
              "mac": [
                "00-0C-29-DE-2F-B8"
              ],
              "os": {
                "build": "19045.6456",
                "platform": "windows",
                "family": "windows",
                "name": "Windows 10 Education",
                "version": "10.0",
                "type": "windows",
                "kernel": "10.0.19041.6456 (WinBuild.160101.0800)"
              }
            },
            "@timestamp": "2025-10-22T17:22:01.758Z",
            "ecs": {
              "version": "8.0.0"
            }
          },
          "sort": [
            "2025-10-22T17:22:01.758Z",
            287
          ]
        },
        {
          "_index": "winlogbeat-9.1.2",
          "_id": "107xDJoBUQc08OI1ZAIt",
          "_score": null,
          "_ignored": [
            "event.original.keyword",
            "message.keyword"
          ],
          "_source": {
            "tags": [
              "beats_input_codec_plain_applied"
            ],
            "winlog": {
              "event_id": "4688",
              "process": {
                "thread": {
                  "id": 3696
                },
                "pid": 4
              },
              "opcode": "Info",
              "task": "Process Creation",
              "provider_name": "Microsoft-Windows-Security-Auditing",
              "computer_name": "DESKTOP-48ASLS3",
              "provider_guid": "{54849625-5478-4994-A5BA-3E3B0328C30D}",
              "channel": "Security",
              "version": 2,
              "record_id": 77530,
              "keywords": [
                "Audit Success"
              ],
              "event_data": {
                "TargetDomainName": "-",
                "TokenElevationType": "TokenElevationTypeDefault (1)",
                "ParentProcessName": """C:\Windows\System32\services.exe""",
                "SubjectDomainName": "WORKGROUP",
                "NewProcessName": """C:\Windows\System32\svchost.exe""",
                "TargetLogonId": "0x0",
                "TargetUserSid": "S-1-0-0",
                "TargetUserName": "-",
                "ProcessId": "0x268",
                "SubjectUserSid": "S-1-5-18",
                "SubjectUserName": "DESKTOP-48ASLS3$",
                "MandatoryLabel": "S-1-16-16384",
                "NewProcessId": "0x106c",
                "SubjectLogonId": "0x3e7"
              }
            },
            "event": {
              "created": "2025-10-22T17:22:06.655Z",
              "action": "Process Creation",
              "kind": "event",
              "code": "4688",
              "outcome": "success",
              "provider": "Microsoft-Windows-Security-Auditing"
            },
            "agent": {
              "name": "DESKTOP-48ASLS3",
              "version": "9.1.2",
              "id": "b9ca19fd-2ebb-4d9b-8451-77ab948619b0",
              "ephemeral_id": "ce18a4b4-9459-4943-bda8-1823b9bbb362",
              "type": "winlogbeat"
            },
            "log": {
              "level": "information"
            },
            "@version": "1",
            "host": {
              "hostname": "DESKTOP-48ASLS3",
              "ip": [
                "fe80::7885:d3a2:905b:4597",
                "192.168.89.133"
              ],
              "name": "desktop-48asls3",
              "id": "681a4ddb-9712-4c88-b038-3cfc4aa5a83b",
              "mac": [
                "00-0C-29-DE-2F-B8"
              ],
              "architecture": "x86_64",
              "os": {
                "platform": "windows",
                "build": "19045.6456",
                "family": "windows",
                "version": "10.0",
                "name": "Windows 10 Education",
                "type": "windows",
                "kernel": "10.0.19041.6456 (WinBuild.160101.0800)"
              }
            },
            "@timestamp": "2025-10-22T17:22:01.739Z",
            "ecs": {
              "version": "8.0.0"
            }
          },
          "sort": [
            "2025-10-22T17:22:01.739Z",
            286
          ]
        },
        {
          "_index": "winlogbeat-9.1.2",
          "_id": "1k7xDJoBUQc08OI1ZAIt",
          "_score": null,
          "_ignored": [
            "event.original.keyword",
            "message.keyword",
            "winlog.event_data.PrivilegeList.keyword"
          ],
          "_source": {
            "tags": [
              "beats_input_codec_plain_applied"
            ],
            "winlog": {
              "event_id": "4672",
              "process": {
                "thread": {
                  "id": 812
                },
                "pid": 640
              },
              "opcode": "Info",
              "task": "Special Logon",
              "provider_name": "Microsoft-Windows-Security-Auditing",
              "computer_name": "DESKTOP-48ASLS3",
              "provider_guid": "{54849625-5478-4994-A5BA-3E3B0328C30D}",
              "keywords": [
                "Audit Success"
              ],
              "record_id": 77529,
              "channel": "Security",
              "activity_id": "{5C6CA50B-4378-0003-9BA5-6C5C7843DC01}",
              "event_data": {
                "SubjectUserSid": "S-1-5-18",
                "PrivilegeList": """SeAssignPrimaryTokenPrivilege
			SeTcbPrivilege
			SeSecurityPrivilege
			SeTakeOwnershipPrivilege
			SeLoadDriverPrivilege
			SeBackupPrivilege
			SeRestorePrivilege
			SeDebugPrivilege
			SeAuditPrivilege
			SeSystemEnvironmentPrivilege
			SeImpersonatePrivilege
			SeDelegateSessionUserImpersonatePrivilege""",
                "SubjectUserName": "SYSTEM",
                "SubjectDomainName": "NT AUTHORITY",
                "SubjectLogonId": "0x3e7"
              }
            },
            "event": {
              "action": "Special Logon",
              "created": "2025-10-22T17:22:06.655Z",
              "kind": "event",
              "code": "4672",
              "outcome": "success",
              "provider": "Microsoft-Windows-Security-Auditing"
            },
            "agent": {
              "name": "DESKTOP-48ASLS3",
              "version": "9.1.2",
              "id": "b9ca19fd-2ebb-4d9b-8451-77ab948619b0",
              "ephemeral_id": "ce18a4b4-9459-4943-bda8-1823b9bbb362",
              "type": "winlogbeat"
            },
            "log": {
              "level": "information"
            },
            "@version": "1",
            "host": {
              "hostname": "DESKTOP-48ASLS3",
              "ip": [
                "fe80::7885:d3a2:905b:4597",
                "192.168.89.133"
              ],
              "name": "desktop-48asls3",
              "id": "681a4ddb-9712-4c88-b038-3cfc4aa5a83b",
              "architecture": "x86_64",
              "mac": [
                "00-0C-29-DE-2F-B8"
              ],
              "os": {
                "platform": "windows",
                "build": "19045.6456",
                "family": "windows",
                "version": "10.0",
                "name": "Windows 10 Education",
                "type": "windows",
                "kernel": "10.0.19041.6456 (WinBuild.160101.0800)"
              }
            },
            "@timestamp": "2025-10-22T17:22:01.736Z",
            "ecs": {
              "version": "8.0.0"
            }
          },
          "sort": [
            "2025-10-22T17:22:01.736Z",
            285
          ]
        },
        {
          "_index": "winlogbeat-9.1.2",
          "_id": "1U7xDJoBUQc08OI1ZAIt",
          "_score": null,
          "_ignored": [
            "event.original.keyword",
            "message.keyword"
          ],
          "_source": {
            "tags": [
              "beats_input_codec_plain_applied"
            ],
            "winlog": {
              "event_id": "4624",
              "process": {
                "thread": {
                  "id": 812
                },
                "pid": 640
              },
              "opcode": "Info",
              "task": "Logon",
              "provider_name": "Microsoft-Windows-Security-Auditing",
              "computer_name": "DESKTOP-48ASLS3",
              "provider_guid": "{54849625-5478-4994-A5BA-3E3B0328C30D}",
              "keywords": [
                "Audit Success"
              ],
              "version": 2,
              "activity_id": "{5C6CA50B-4378-0003-9BA5-6C5C7843DC01}",
              "channel": "Security",
              "record_id": 77528,
              "event_data": {
                "RestrictedAdminMode": "-",
                "LogonType": "5",
                "TargetOutboundUserName": "-",
                "VirtualAccount": "No",
                "TargetLogonId": "0x3e7",
                "WorkstationName": "-",
                "KeyLength": "0",
                "TransmittedServices": "-",
                "TargetLinkedLogonId": "0x0",
                "LmPackageName": "-",
                "IpAddress": "-",
                "TargetUserSid": "S-1-5-18",
                "IpPort": "-",
                "TargetUserName": "SYSTEM",
                "LogonProcessName": "Advapi  ",
                "SubjectUserName": "DESKTOP-48ASLS3$",
                "SubjectLogonId": "0x3e7",
                "ElevatedToken": "Yes",
                "TargetDomainName": "NT AUTHORITY",
                "SubjectDomainName": "WORKGROUP",
                "ProcessName": """C:\Windows\System32\services.exe""",
                "LogonGuid": "{00000000-0000-0000-0000-000000000000}",
                "TargetOutboundDomainName": "-",
                "SubjectUserSid": "S-1-5-18",
                "ProcessId": "0x268",
                "ImpersonationLevel": "Impersonation",
                "AuthenticationPackageName": "Negotiate"
              }
            },
            "event": {
              "created": "2025-10-22T17:22:06.655Z",
              "action": "Logon",
              "kind": "event",
              "code": "4624",
              "outcome": "success",
              "provider": "Microsoft-Windows-Security-Auditing"
            },
            "agent": {
              "name": "DESKTOP-48ASLS3",
              "version": "9.1.2",
              "id": "b9ca19fd-2ebb-4d9b-8451-77ab948619b0",
              "type": "winlogbeat",
              "ephemeral_id": "ce18a4b4-9459-4943-bda8-1823b9bbb362"
            },
            "log": {
              "level": "information"
            },
            "@version": "1",
            "host": {
              "hostname": "DESKTOP-48ASLS3",
              "ip": [
                "fe80::7885:d3a2:905b:4597",
                "192.168.89.133"
              ],
              "name": "desktop-48asls3",
              "id": "681a4ddb-9712-4c88-b038-3cfc4aa5a83b",
              "architecture": "x86_64",
              "mac": [
                "00-0C-29-DE-2F-B8"
              ],
              "os": {
                "build": "19045.6456",
                "platform": "windows",
                "family": "windows",
                "version": "10.0",
                "name": "Windows 10 Education",
                "type": "windows",
                "kernel": "10.0.19041.6456 (WinBuild.160101.0800)"
              }
            },
            "@timestamp": "2025-10-22T17:22:01.736Z",
            "ecs": {
              "version": "8.0.0"
            }
          },
          "sort": [
            "2025-10-22T17:22:01.736Z",
            284
          ]
        },
        {
          "_index": "winlogbeat-9.1.2",
          "_id": "1E7xDJoBUQc08OI1ZAIs",
          "_score": null,
          "_ignored": [
            "event.original.keyword",
            "message.keyword"
          ],
          "_source": {
            "tags": [
              "beats_input_codec_plain_applied"
            ],
            "winlog": {
              "event_id": "4688",
              "process": {
                "thread": {
                  "id": 3696
                },
                "pid": 4
              },
              "opcode": "Info",
              "task": "Process Creation",
              "provider_name": "Microsoft-Windows-Security-Auditing",
              "computer_name": "DESKTOP-48ASLS3",
              "keywords": [
                "Audit Success"
              ],
              "channel": "Security",
              "record_id": 77527,
              "version": 2,
              "provider_guid": "{54849625-5478-4994-A5BA-3E3B0328C30D}",
              "event_data": {
                "NewProcessId": "0x1054",
                "TokenElevationType": "TokenElevationTypeDefault (1)",
                "ParentProcessName": """C:\Windows\System32\services.exe""",
                "SubjectDomainName": "WORKGROUP",
                "NewProcessName": """C:\Program Files (x86)\Google\GoogleUpdater\142.0.7416.0\updater.exe""",
                "TargetLogonId": "0x0",
                "TargetUserSid": "S-1-0-0",
                "TargetUserName": "-",
                "SubjectUserSid": "S-1-5-18",
                "ProcessId": "0x268",
                "MandatoryLabel": "S-1-16-16384",
                "SubjectUserName": "DESKTOP-48ASLS3$",
                "SubjectLogonId": "0x3e7",
                "TargetDomainName": "-"
              }
            },
            "event": {
              "action": "Process Creation",
              "created": "2025-10-22T17:22:06.655Z",
              "kind": "event",
              "code": "4688",
              "outcome": "success",
              "provider": "Microsoft-Windows-Security-Auditing"
            },
            "agent": {
              "version": "9.1.2",
              "name": "DESKTOP-48ASLS3",
              "id": "b9ca19fd-2ebb-4d9b-8451-77ab948619b0",
              "ephemeral_id": "ce18a4b4-9459-4943-bda8-1823b9bbb362",
              "type": "winlogbeat"
            },
            "log": {
              "level": "information"
            },
            "@version": "1",
            "host": {
              "hostname": "DESKTOP-48ASLS3",
              "ip": [
                "fe80::7885:d3a2:905b:4597",
                "192.168.89.133"
              ],
              "name": "desktop-48asls3",
              "id": "681a4ddb-9712-4c88-b038-3cfc4aa5a83b",
              "architecture": "x86_64",
              "mac": [
                "00-0C-29-DE-2F-B8"
              ],
              "os": {
                "build": "19045.6456",
                "platform": "windows",
                "family": "windows",
                "name": "Windows 10 Education",
                "version": "10.0",
                "type": "windows",
                "kernel": "10.0.19041.6456 (WinBuild.160101.0800)"
              }
            },
            "@timestamp": "2025-10-22T17:22:01.726Z",
            "ecs": {
              "version": "8.0.0"
            }
          },
          "sort": [
            "2025-10-22T17:22:01.726Z",
            283
          ]
        },
        {
          "_index": "winlogbeat-9.1.2",
          "_id": "p07xDJoBUQc08OI1YwHR",
          "_score": null,
          "_source": {
            "tags": [
              "beats_input_codec_plain_applied"
            ],
            "winlog": {
              "provider_name": "Microsoft-Windows-Winlogon",
              "computer_name": "DESKTOP-48ASLS3",
              "event_id": "6003",
              "channel": "Application",
              "keywords": [
                "Classic"
              ],
              "provider_guid": "{DBE9B383-7CF3-4331-91CC-A3CB16A3B538}",
              "record_id": 6596,
              "opcode": "Info",
              "task": "None",
              "event_data": {
                "Binary": "D906000001000000",
                "param1": "SessionEnv"
              }
            },
            "event": {
              "created": "2025-10-22T17:22:06.649Z",
              "action": "None",
              "kind": "event",
              "code": "6003",
              "provider": "Microsoft-Windows-Winlogon"
            },
            "log": {
              "level": "information"
            },
            "agent": {
              "version": "9.1.2",
              "name": "DESKTOP-48ASLS3",
              "id": "b9ca19fd-2ebb-4d9b-8451-77ab948619b0",
              "type": "winlogbeat",
              "ephemeral_id": "ce18a4b4-9459-4943-bda8-1823b9bbb362"
            },
            "@version": "1",
            "host": {
              "hostname": "DESKTOP-48ASLS3",
              "ip": [
                "fe80::7885:d3a2:905b:4597",
                "192.168.89.133"
              ],
              "name": "desktop-48asls3",
              "id": "681a4ddb-9712-4c88-b038-3cfc4aa5a83b",
              "architecture": "x86_64",
              "mac": [
                "00-0C-29-DE-2F-B8"
              ],
              "os": {
                "platform": "windows",
                "build": "19045.6456",
                "family": "windows",
                "version": "10.0",
                "name": "Windows 10 Education",
                "type": "windows",
                "kernel": "10.0.19041.6456 (WinBuild.160101.0800)"
              }
            },
            "@timestamp": "2025-10-22T17:22:01.712Z",
            "ecs": {
              "version": "8.0.0"
            }
          },
          "sort": [
            "2025-10-22T17:22:01.712Z",
            371
          ]
        },
        {
          "_index": "winlogbeat-9.1.2",
          "_id": "3k7xDJoBUQc08OI1YwHS",
          "_score": null,
          "_source": {
            "tags": [
              "beats_input_codec_plain_applied"
            ],
            "winlog": {
              "user": {
                "name": "SYSTEM",
                "domain": "NT AUTHORITY",
                "type": "User",
                "identifier": "S-1-5-18"
              },
              "event_id": "7001",
              "process": {
                "thread": {
                  "id": 1088
                },
                "pid": 692
              },
              "opcode": "Info",
              "task": "WinSqmUserLogin",
              "provider_name": "Microsoft-Windows-Winlogon",
              "computer_name": "DESKTOP-48ASLS3",
              "provider_guid": "{DBE9B383-7CF3-4331-91CC-A3CB16A3B538}",
              "channel": "System",
              "keywords": [
                "ms:Telemetry"
              ],
              "record_id": 7579,
              "event_data": {
                "TSId": "1",
                "UserSid": "S-1-5-21-2565546577-2149564376-132263907-1000"
              }
            },
            "event": {
              "action": "WinSqmUserLogin",
              "created": "2025-10-22T17:22:06.650Z",
              "kind": "event",
              "code": "7001",
              "provider": "Microsoft-Windows-Winlogon"
            },
            "agent": {
              "version": "9.1.2",
              "name": "DESKTOP-48ASLS3",
              "id": "b9ca19fd-2ebb-4d9b-8451-77ab948619b0",
              "ephemeral_id": "ce18a4b4-9459-4943-bda8-1823b9bbb362",
              "type": "winlogbeat"
            },
            "log": {
              "level": "information"
            },
            "@version": "1",
            "host": {
              "hostname": "DESKTOP-48ASLS3",
              "ip": [
                "fe80::7885:d3a2:905b:4597",
                "192.168.89.133"
              ],
              "name": "desktop-48asls3",
              "id": "681a4ddb-9712-4c88-b038-3cfc4aa5a83b",
              "architecture": "x86_64",
              "mac": [
                "00-0C-29-DE-2F-B8"
              ],
              "os": {
                "build": "19045.6456",
                "platform": "windows",
                "family": "windows",
                "version": "10.0",
                "name": "Windows 10 Education",
                "type": "windows",
                "kernel": "10.0.19041.6456 (WinBuild.160101.0800)"
              }
            },
            "@timestamp": "2025-10-22T17:22:01.700Z",
            "ecs": {
              "version": "8.0.0"
            }
          },
          "sort": [
            "2025-10-22T17:22:01.700Z",
            440
          ]
        },
        {
          "_index": "winlogbeat-9.1.2",
          "_id": "007xDJoBUQc08OI1ZAIs",
          "_score": null,
          "_ignored": [
            "event.original.keyword",
            "message.keyword"
          ],
          "_source": {
            "tags": [
              "beats_input_codec_plain_applied"
            ],
            "winlog": {
              "event_id": "4688",
              "process": {
                "thread": {
                  "id": 3688
                },
                "pid": 4
              },
              "opcode": "Info",
              "task": "Process Creation",
              "provider_name": "Microsoft-Windows-Security-Auditing",
              "computer_name": "DESKTOP-48ASLS3",
              "keywords": [
                "Audit Success"
              ],
              "channel": "Security",
              "record_id": 77526,
              "provider_guid": "{54849625-5478-4994-A5BA-3E3B0328C30D}",
              "version": 2,
              "event_data": {
                "SubjectLogonId": "0x3e7",
                "TokenElevationType": "TokenElevationTypeDefault (1)",
                "ParentProcessName": """C:\Windows\System32\services.exe""",
                "SubjectDomainName": "WORKGROUP",
                "NewProcessName": """C:\Windows\System32\svchost.exe""",
                "TargetLogonId": "0x0",
                "TargetUserSid": "S-1-0-0",
                "TargetUserName": "-",
                "SubjectUserSid": "S-1-5-18",
                "ProcessId": "0x268",
                "MandatoryLabel": "S-1-16-16384",
                "SubjectUserName": "DESKTOP-48ASLS3$",
                "NewProcessId": "0x1010",
                "TargetDomainName": "-"
              }
            },
            "event": {
              "created": "2025-10-22T17:22:06.655Z",
              "action": "Process Creation",
              "kind": "event",
              "code": "4688",
              "outcome": "success",
              "provider": "Microsoft-Windows-Security-Auditing"
            },
            "agent": {
              "name": "DESKTOP-48ASLS3",
              "version": "9.1.2",
              "id": "b9ca19fd-2ebb-4d9b-8451-77ab948619b0",
              "type": "winlogbeat",
              "ephemeral_id": "ce18a4b4-9459-4943-bda8-1823b9bbb362"
            },
            "log": {
              "level": "information"
            },
            "@version": "1",
            "host": {
              "hostname": "DESKTOP-48ASLS3",
              "ip": [
                "fe80::7885:d3a2:905b:4597",
                "192.168.89.133"
              ],
              "name": "desktop-48asls3",
              "mac": [
                "00-0C-29-DE-2F-B8"
              ],
              "architecture": "x86_64",
              "id": "681a4ddb-9712-4c88-b038-3cfc4aa5a83b",
              "os": {
                "platform": "windows",
                "build": "19045.6456",
                "family": "windows",
                "version": "10.0",
                "name": "Windows 10 Education",
                "type": "windows",
                "kernel": "10.0.19041.6456 (WinBuild.160101.0800)"
              }
            },
            "@timestamp": "2025-10-22T17:22:01.697Z",
            "ecs": {
              "version": "8.0.0"
            }
          },
          "sort": [
            "2025-10-22T17:22:01.697Z",
            282
          ]
        },
        {
          "_index": "winlogbeat-9.1.2",
          "_id": "0k7xDJoBUQc08OI1ZAIs",
          "_score": null,
          "_ignored": [
            "event.original.keyword",
            "message.keyword",
            "winlog.event_data.PrivilegeList.keyword"
          ],
          "_source": {
            "tags": [
              "beats_input_codec_plain_applied"
            ],
            "winlog": {
              "event_id": "4672",
              "process": {
                "thread": {
                  "id": 812
                },
                "pid": 640
              },
              "opcode": "Info",
              "task": "Special Logon",
              "provider_name": "Microsoft-Windows-Security-Auditing",
              "computer_name": "DESKTOP-48ASLS3",
              "keywords": [
                "Audit Success"
              ],
              "provider_guid": "{54849625-5478-4994-A5BA-3E3B0328C30D}",
              "channel": "Security",
              "record_id": 77525,
              "activity_id": "{5C6CA50B-4378-0003-9BA5-6C5C7843DC01}",
              "event_data": {
                "SubjectUserSid": "S-1-5-18",
                "PrivilegeList": """SeAssignPrimaryTokenPrivilege
			SeTcbPrivilege
			SeSecurityPrivilege
			SeTakeOwnershipPrivilege
			SeLoadDriverPrivilege
			SeBackupPrivilege
			SeRestorePrivilege
			SeDebugPrivilege
			SeAuditPrivilege
			SeSystemEnvironmentPrivilege
			SeImpersonatePrivilege
			SeDelegateSessionUserImpersonatePrivilege""",
                "SubjectUserName": "SYSTEM",
                "SubjectDomainName": "NT AUTHORITY",
                "SubjectLogonId": "0x3e7"
              }
            },
            "event": {
              "action": "Special Logon",
              "created": "2025-10-22T17:22:06.655Z",
              "kind": "event",
              "code": "4672",
              "outcome": "success",
              "provider": "Microsoft-Windows-Security-Auditing"
            },
            "log": {
              "level": "information"
            },
            "agent": {
              "version": "9.1.2",
              "name": "DESKTOP-48ASLS3",
              "id": "b9ca19fd-2ebb-4d9b-8451-77ab948619b0",
              "ephemeral_id": "ce18a4b4-9459-4943-bda8-1823b9bbb362",
              "type": "winlogbeat"
            },
            "@version": "1",
            "host": {
              "hostname": "DESKTOP-48ASLS3",
              "ip": [
                "fe80::7885:d3a2:905b:4597",
                "192.168.89.133"
              ],
              "name": "desktop-48asls3",
              "id": "681a4ddb-9712-4c88-b038-3cfc4aa5a83b",
              "mac": [
                "00-0C-29-DE-2F-B8"
              ],
              "architecture": "x86_64",
              "os": {
                "build": "19045.6456",
                "platform": "windows",
                "family": "windows",
                "name": "Windows 10 Education",
                "version": "10.0",
                "type": "windows",
                "kernel": "10.0.19041.6456 (WinBuild.160101.0800)"
              }
            },
            "@timestamp": "2025-10-22T17:22:01.695Z",
            "ecs": {
              "version": "8.0.0"
            }
          },
          "sort": [
            "2025-10-22T17:22:01.695Z",
            281
          ]
        },
        {
          "_index": "winlogbeat-9.1.2",
          "_id": "0U7xDJoBUQc08OI1ZAIs",
          "_score": null,
          "_ignored": [
            "event.original.keyword",
            "message.keyword"
          ],
          "_source": {
            "tags": [
              "beats_input_codec_plain_applied"
            ],
            "winlog": {
              "event_id": "4624",
              "process": {
                "thread": {
                  "id": 812
                },
                "pid": 640
              },
              "opcode": "Info",
              "task": "Logon",
              "provider_name": "Microsoft-Windows-Security-Auditing",
              "computer_name": "DESKTOP-48ASLS3",
              "provider_guid": "{54849625-5478-4994-A5BA-3E3B0328C30D}",
              "channel": "Security",
              "version": 2,
              "activity_id": "{5C6CA50B-4378-0003-9BA5-6C5C7843DC01}",
              "keywords": [
                "Audit Success"
              ],
              "record_id": 77524,
              "event_data": {
                "LogonType": "5",
                "RestrictedAdminMode": "-",
                "TargetOutboundUserName": "-",
                "TransmittedServices": "-",
                "TargetLogonId": "0x3e7",
                "WorkstationName": "-",
                "KeyLength": "0",
                "VirtualAccount": "No",
                "TargetLinkedLogonId": "0x0",
                "TargetUserSid": "S-1-5-18",
                "IpAddress": "-",
                "TargetUserName": "SYSTEM",
                "LmPackageName": "-",
                "IpPort": "-",
                "LogonProcessName": "Advapi  ",
                "SubjectUserName": "DESKTOP-48ASLS3$",
                "TargetDomainName": "NT AUTHORITY",
                "ElevatedToken": "Yes",
                "SubjectLogonId": "0x3e7",
                "SubjectDomainName": "WORKGROUP",
                "ProcessName": """C:\Windows\System32\services.exe""",
                "LogonGuid": "{00000000-0000-0000-0000-000000000000}",
                "TargetOutboundDomainName": "-",
                "ProcessId": "0x268",
                "SubjectUserSid": "S-1-5-18",
                "ImpersonationLevel": "Impersonation",
                "AuthenticationPackageName": "Negotiate"
              }
            },
            "event": {
              "created": "2025-10-22T17:22:06.655Z",
              "action": "Logon",
              "kind": "event",
              "code": "4624",
              "outcome": "success",
              "provider": "Microsoft-Windows-Security-Auditing"
            },
            "agent": {
              "version": "9.1.2",
              "name": "DESKTOP-48ASLS3",
              "id": "b9ca19fd-2ebb-4d9b-8451-77ab948619b0",
              "type": "winlogbeat",
              "ephemeral_id": "ce18a4b4-9459-4943-bda8-1823b9bbb362"
            },
            "log": {
              "level": "information"
            },
            "@version": "1",
            "host": {
              "hostname": "DESKTOP-48ASLS3",
              "ip": [
                "fe80::7885:d3a2:905b:4597",
                "192.168.89.133"
              ],
              "name": "desktop-48asls3",
              "mac": [
                "00-0C-29-DE-2F-B8"
              ],
              "architecture": "x86_64",
              "id": "681a4ddb-9712-4c88-b038-3cfc4aa5a83b",
              "os": {
                "build": "19045.6456",
                "platform": "windows",
                "family": "windows",
                "version": "10.0",
                "name": "Windows 10 Education",
                "type": "windows",
                "kernel": "10.0.19041.6456 (WinBuild.160101.0800)"
              }
            },
            "@timestamp": "2025-10-22T17:22:01.695Z",
            "ecs": {
              "version": "8.0.0"
            }
          },
          "sort": [
            "2025-10-22T17:22:01.695Z",
            280
          ]
        },
